{"uuid":"d7db124e-89ee-48d9-8f92-19e3e4b6b222","historyId":"6db9ee61e9124ca25a522fd809318b6d","fullName":"com.hanapos.cashandcarrytest.Hana_T02_AddProductWithDiscount_FT.Validate_Hana_T02_Add_Product_With_Discount_Test","labels":[{"name":"package","value":"com.hanapos.cashandcarrytest.Hana_T02_AddProductWithDiscount_FT"},{"name":"testClass","value":"com.hanapos.cashandcarrytest.Hana_T02_AddProductWithDiscount_FT"},{"name":"testMethod","value":"Validate_Hana_T02_Add_Product_With_Discount_Test"},{"name":"parentSuite","value":"Default suite"},{"name":"suite","value":"Default test"},{"name":"subSuite","value":"com.hanapos.cashandcarrytest.Hana_T02_AddProductWithDiscount_FT"},{"name":"host","value":"DESKTOP-JEHOL2V"},{"name":"thread","value":"11336@DESKTOP-JEHOL2V.main(1)"},{"name":"framework","value":"testng"},{"name":"language","value":"java"},{"name":"epic","value":"Cash and Carry Module"},{"name":"feature","value":"Cash and Carry Add Product with Discount functionality"},{"name":"owner","value":"Balaji N"},{"name":"severity","value":"critical"}],"links":[],"name":"Validate_Hana_T02_Add_Product_With_Discount_Test","status":"failed","statusDetails":{"known":false,"muted":false,"flaky":false,"message":"The following asserts failed:\n\tError in Hana_T02_AddProductWithDiscount_Test_CashAndCarryTest : org.openqa.selenium.NoSuchElementException: Unable to find element with locator By.xpath: //select[@id='ddlEmployee']\nFor documentation on this error, please visit: https://www.selenium.dev/documentation/webdriver/troubleshooting/errors#no-such-element-exception\nBuild info: version: '4.22.0', revision: 'c5f3146703*'\nSystem info: os.name: 'Windows 11', os.arch: 'amd64', os.version: '10.0', java.version: '21.0.2'\nDriver info: driver.version: RemoteWebDriver","trace":"java.lang.AssertionError: The following asserts failed:\n\tError in Hana_T02_AddProductWithDiscount_Test_CashAndCarryTest : org.openqa.selenium.NoSuchElementException: Unable to find element with locator By.xpath: //select[@id='ddlEmployee']\nFor documentation on this error, please visit: https://www.selenium.dev/documentation/webdriver/troubleshooting/errors#no-such-element-exception\nBuild info: version: '4.22.0', revision: 'c5f3146703*'\nSystem info: os.name: 'Windows 11', os.arch: 'amd64', os.version: '10.0', java.version: '21.0.2'\nDriver info: driver.version: RemoteWebDriver\r\n\tat org.testng.asserts.SoftAssert.assertAll(SoftAssert.java:46)\r\n\tat org.testng.asserts.SoftAssert.assertAll(SoftAssert.java:30)\r\n\tat com.hanapos.cashandcarrytest.Hana_T02_AddProductWithDiscount_FT.Validate_Hana_T02_Add_Product_With_Discount_Test(Hana_T02_AddProductWithDiscount_FT.java:253)\r\n\tat java.base/jdk.internal.reflect.DirectMethodHandleAccessor.invoke(DirectMethodHandleAccessor.java:103)\r\n\tat java.base/java.lang.reflect.Method.invoke(Method.java:580)\r\n\tat org.testng.internal.invokers.MethodInvocationHelper.invokeMethod(MethodInvocationHelper.java:141)\r\n\tat org.testng.internal.invokers.TestInvoker.invokeMethod(TestInvoker.java:686)\r\n\tat org.testng.internal.invokers.TestInvoker.invokeTestMethod(TestInvoker.java:230)\r\n\tat org.testng.internal.invokers.MethodRunner.runInSequence(MethodRunner.java:63)\r\n\tat org.testng.internal.invokers.TestInvoker$MethodInvocationAgent.invoke(TestInvoker.java:992)\r\n\tat org.testng.internal.invokers.TestInvoker.invokeTestMethods(TestInvoker.java:203)\r\n\tat org.testng.internal.invokers.TestMethodWorker.invokeTestMethods(TestMethodWorker.java:154)\r\n\tat org.testng.internal.invokers.TestMethodWorker.run(TestMethodWorker.java:134)\r\n\tat java.base/java.util.ArrayList.forEach(ArrayList.java:1596)\r\n\tat org.testng.TestRunner.privateRun(TestRunner.java:739)\r\n\tat org.testng.TestRunner.run(TestRunner.java:614)\r\n\tat org.testng.SuiteRunner.runTest(SuiteRunner.java:421)\r\n\tat org.testng.SuiteRunner.runSequentially(SuiteRunner.java:413)\r\n\tat org.testng.SuiteRunner.privateRun(SuiteRunner.java:373)\r\n\tat org.testng.SuiteRunner.run(SuiteRunner.java:312)\r\n\tat org.testng.SuiteRunnerWorker.runSuite(SuiteRunnerWorker.java:52)\r\n\tat org.testng.SuiteRunnerWorker.run(SuiteRunnerWorker.java:95)\r\n\tat org.testng.TestNG.runSuitesSequentially(TestNG.java:1274)\r\n\tat org.testng.TestNG.runSuitesLocally(TestNG.java:1208)\r\n\tat org.testng.TestNG.runSuites(TestNG.java:1112)\r\n\tat org.testng.TestNG.run(TestNG.java:1079)\r\n\tat org.testng.remote.AbstractRemoteTestNG.run(AbstractRemoteTestNG.java:115)\r\n\tat org.testng.remote.RemoteTestNG.initAndRun(RemoteTestNG.java:293)\r\n\tat org.testng.remote.RemoteTestNG.main(RemoteTestNG.java:91)\r\n"},"stage":"finished","description":"This test method is to Validate Add Product With Discount Test","steps":[{"name":"User on the hana pos login page","status":"passed","stage":"finished","steps":[],"attachments":[],"parameters":[],"start":1723523224408,"stop":1723523224409},{"name":"User entered the username as nanda_2","status":"passed","stage":"finished","steps":[],"attachments":[],"parameters":[],"start":1723523224622,"stop":1723523224622},{"name":"User entered the password as 123","status":"passed","stage":"finished","steps":[],"attachments":[],"parameters":[],"start":1723523224804,"stop":1723523224804},{"name":"User clicked on Login button","status":"passed","stage":"finished","steps":[],"attachments":[],"parameters":[],"start":1723523254420,"stop":1723523254420},{"name":"User selected the shop name on dashboard page as SISTERCHICKS FLOWERS AND MORE LLC","status":"passed","stage":"finished","steps":[],"attachments":[],"parameters":[],"start":1723523254908,"stop":1723523254908},{"name":"User hover the mouse on New order and click on Cash and Carry..","status":"passed","stage":"finished","steps":[],"attachments":[],"parameters":[],"start":1723523265591,"stop":1723523265591},{"name":"User verify the Cash and Carry page is displayed..","status":"passed","stage":"finished","steps":[],"attachments":[],"parameters":[],"start":1723523265706,"stop":1723523265706}],"attachments":[],"parameters":[{"name":"arg7","value":"10"},{"name":"arg6","value":"Red-p"},{"name":"arg9","value":"2"},{"name":"arg8","value":"Red rose boutque covered with pink cover"},{"name":"arg3","value":"50"},{"name":"arg2","value":"3"},{"name":"arg5","value":"10.00"},{"name":"arg4","value":"10"},{"name":"arg13","value":"Birthday"},{"name":"arg14","value":"Friend"},{"name":"arg1","value":"premium"},{"name":"arg0","value":"rrd"},{"name":"arg10","value":"100"},{"name":"arg11","value":"abish"},{"name":"arg12","value":"Tax Exemption"}],"start":1723523224290,"stop":1723523266638}