<html>
<head>
<title>TestNG:  Phone Order Functionality Test</title>
<link href="../testng.css" rel="stylesheet" type="text/css" />
<link href="../my-testng.css" rel="stylesheet" type="text/css" />

<style type="text/css">
.log { display: none;} 
.stack-trace { display: none;} 
</style>
<script type="text/javascript">
<!--
function flip(e) {
  current = e.style.display;
  if (current == 'block') {
    e.style.display = 'none';
    return 0;
  }
  else {
    e.style.display = 'block';
    return 1;
  }
}

function toggleBox(szDivId, elem, msg1, msg2)
{
  var res = -1;  if (document.getElementById) {
    res = flip(document.getElementById(szDivId));
  }
  else if (document.all) {
    // this is the way old msie versions work
    res = flip(document.all[szDivId]);
  }
  if(elem) {
    if(res == 0) elem.innerHTML = msg1; else elem.innerHTML = msg2;
  }

}

function toggleAllBoxes() {
  if (document.getElementsByTagName) {
    d = document.getElementsByTagName('div');
    for (i = 0; i < d.length; i++) {
      if (d[i].className == 'log') {
        flip(d[i]);
      }
    }
  }
}

// -->
</script>

</head>
<body>
<h2 align='center'>Phone Order Functionality Test</h2><table border='1' align="center">
<tr>
<td>Tests passed/Failed/Skipped:</td><td>26/10/0</td>
</tr><tr>
<td>Started on:</td><td>Mon Jul 29 14:14:47 IST 2024</td>
</tr>
<tr><td>Total time:</td><td>1301 seconds (1301613 ms)</td>
</tr><tr>
<td>Included groups:</td><td>Regression </td>
</tr><tr>
<td>Excluded groups:</td><td></td>
</tr>
</table><p/>
<small><i>(Hover the method name to see the test class name)</i></small><p/>
<table width='100%' border='1' class='invocation-failed'>
<tr><td colspan='4' align='center'><b>FAILED TESTS</b></td></tr>
<tr><td><b>Test method</b></td>
<td><b>Attribute(s)</b></td>
<td width="30%"><b>Exception</b></td>
<td width="10%"><b>Time (seconds)</b></td>
<td><b>Instance</b></td>
</tr>
<tr>
<td title='com.hanapos.OrderEntry_Alais_PhoneOrderTest.Hana_T090_Pickup_CustomerSection_AddressLookup_FT.Validate_Hana_T090_Pickup_CustomerSection_AddressLookup_Test()'><b>Validate_Hana_T090_Pickup_CustomerSection_AddressLookup_Test</b><br>Test class: com.hanapos.OrderEntry_Alais_PhoneOrderTest.Hana_T090_Pickup_CustomerSection_AddressLookup_FT</td>
<td><div><pre>java.lang.AssertionError: The following asserts failed:
	Test Step - 12 - address 1 is not displayed on phone order page expected [Broome St] but found [Broome],
	Test Step - 12 - city is not displayed on phone order page expected [New York] but found [],
	Test Step - 12 - state is not displayed on phone order page expected [NY] but found [],
	Test Step - 12 - address 1 is not displayed on phone order page expected [10 S Main St] but found [10 S Main St Driggs],
	Test Step - 12 - Zipcode is not displayed on phone order page expected [83422] but found [],
	Test Step - 12 - city is not displayed on phone order page expected [Driggs] but found [Calvert],
	Test Step - 12 - state is not displayed on phone order page expected [ID] but found [MD]
	at com.hanapos.OrderEntry_Alais_PhoneOrderTest.Hana_T090_Pickup_CustomerSection_AddressLookup_FT.Validate_Hana_T090_Pickup_CustomerSection_AddressLookup_Test(Hana_T090_Pickup_CustomerSection_AddressLookup_FT.java:109)
	at java.base/java.util.concurrent.Executors$RunnableAdapter.call(Executors.java:572)
	at java.base/java.util.concurrent.FutureTask.run(FutureTask.java:317)
	at java.base/java.util.concurrent.ThreadPoolExecutor.runWorker(ThreadPoolExecutor.java:1144)
	at java.base/java.util.concurrent.ThreadPoolExecutor$Worker.run(ThreadPoolExecutor.java:642)
	at java.base/java.lang.Thread.run(Thread.java:1583)
... Removed 13 stack frames</pre></div><a href='#' onClick='toggleBox("stack-trace1441962018", this, "Click to show all stack frames", "Click to hide stack frames")'>Click to show all stack frames</a>
<div class='stack-trace' id='stack-trace1441962018'><pre>java.lang.AssertionError: The following asserts failed:
	Test Step - 12 - address 1 is not displayed on phone order page expected [Broome St] but found [Broome],
	Test Step - 12 - city is not displayed on phone order page expected [New York] but found [],
	Test Step - 12 - state is not displayed on phone order page expected [NY] but found [],
	Test Step - 12 - address 1 is not displayed on phone order page expected [10 S Main St] but found [10 S Main St Driggs],
	Test Step - 12 - Zipcode is not displayed on phone order page expected [83422] but found [],
	Test Step - 12 - city is not displayed on phone order page expected [Driggs] but found [Calvert],
	Test Step - 12 - state is not displayed on phone order page expected [ID] but found [MD]
	at org.testng.asserts.SoftAssert.assertAll(SoftAssert.java:46)
	at org.testng.asserts.SoftAssert.assertAll(SoftAssert.java:30)
	at com.hanapos.OrderEntry_Alais_PhoneOrderTest.Hana_T090_Pickup_CustomerSection_AddressLookup_FT.Validate_Hana_T090_Pickup_CustomerSection_AddressLookup_Test(Hana_T090_Pickup_CustomerSection_AddressLookup_FT.java:109)
	at java.base/jdk.internal.reflect.DirectMethodHandleAccessor.invoke(DirectMethodHandleAccessor.java:103)
	at java.base/java.lang.reflect.Method.invoke(Method.java:580)
	at org.testng.internal.invokers.MethodInvocationHelper.invokeMethod(MethodInvocationHelper.java:141)
	at org.testng.internal.invokers.TestInvoker.invokeMethod(TestInvoker.java:686)
	at org.testng.internal.invokers.TestInvoker.invokeTestMethod(TestInvoker.java:230)
	at org.testng.internal.invokers.MethodRunner.runInSequence(MethodRunner.java:63)
	at org.testng.internal.invokers.TestInvoker$MethodInvocationAgent.invoke(TestInvoker.java:992)
	at org.testng.internal.invokers.TestInvoker.invokeTestMethods(TestInvoker.java:203)
	at org.testng.internal.invokers.TestMethodWorker.invokeTestMethods(TestMethodWorker.java:154)
	at org.testng.internal.invokers.TestMethodWorker.run(TestMethodWorker.java:134)
	at java.base/java.util.concurrent.Executors$RunnableAdapter.call(Executors.java:572)
	at java.base/java.util.concurrent.FutureTask.run(FutureTask.java:317)
	at org.testng.internal.thread.graph.TestNGFutureTask.run(TestNGFutureTask.java:22)
	at java.base/java.util.concurrent.ThreadPoolExecutor.runWorker(ThreadPoolExecutor.java:1144)
	at java.base/java.util.concurrent.ThreadPoolExecutor$Worker.run(ThreadPoolExecutor.java:642)
	at java.base/java.lang.Thread.run(Thread.java:1583)
</pre></div></td>
<td>51</td>
<td>com.hanapos.OrderEntry_Alais_PhoneOrderTest.Hana_T090_Pickup_CustomerSection_AddressLookup_FT@19e7a160</td></tr>
<tr>
<td title='com.hanapos.OrderEntry_Alais_PhoneOrderTest.Hana_T104_Pickup_CustomerSection_Edit_Customer_CustomerDetails_UnPaidInvoice_FT.Validate_Hana_T104_Pickup_CustomerSection_Edit_Customer_CustomerDetails_UnPaidInvoice_Test()'><b>Validate_Hana_T104_Pickup_CustomerSection_Edit_Customer_CustomerDetails_UnPaidInvoice_Test</b><br>Test class: com.hanapos.OrderEntry_Alais_PhoneOrderTest.Hana_T104_Pickup_CustomerSection_Edit_Customer_CustomerDetails_UnPaidInvoice_FT</td>
<td><div><pre>java.lang.AssertionError: The following asserts failed:
	Test Step - 20 - Success toast message text is not displayed on unpaid invoice tab in confirmation section at customer details popup on phone order page expected [Email Sent Successfully.] but found [Receipt Print Completed Successfully],
	Test Step - 21 - Unpaid invoice table is not displayed on unpaid invoice tab in customer details popup on phone order page expected [true] but found [false]
	at com.hanapos.OrderEntry_Alais_PhoneOrderTest.Hana_T104_Pickup_CustomerSection_Edit_Customer_CustomerDetails_UnPaidInvoice_FT.Validate_Hana_T104_Pickup_CustomerSection_Edit_Customer_CustomerDetails_UnPaidInvoice_Test(Hana_T104_Pickup_CustomerSection_Edit_Customer_CustomerDetails_UnPaidInvoice_FT.java:160)
	at java.base/java.util.concurrent.Executors$RunnableAdapter.call(Executors.java:572)
	at java.base/java.util.concurrent.FutureTask.run(FutureTask.java:317)
	at java.base/java.util.concurrent.ThreadPoolExecutor.runWorker(ThreadPoolExecutor.java:1144)
	at java.base/java.util.concurrent.ThreadPoolExecutor$Worker.run(ThreadPoolExecutor.java:642)
	at java.base/java.lang.Thread.run(Thread.java:1583)
... Removed 13 stack frames</pre></div><a href='#' onClick='toggleBox("stack-trace1410949673", this, "Click to show all stack frames", "Click to hide stack frames")'>Click to show all stack frames</a>
<div class='stack-trace' id='stack-trace1410949673'><pre>java.lang.AssertionError: The following asserts failed:
	Test Step - 20 - Success toast message text is not displayed on unpaid invoice tab in confirmation section at customer details popup on phone order page expected [Email Sent Successfully.] but found [Receipt Print Completed Successfully],
	Test Step - 21 - Unpaid invoice table is not displayed on unpaid invoice tab in customer details popup on phone order page expected [true] but found [false]
	at org.testng.asserts.SoftAssert.assertAll(SoftAssert.java:46)
	at org.testng.asserts.SoftAssert.assertAll(SoftAssert.java:30)
	at com.hanapos.OrderEntry_Alais_PhoneOrderTest.Hana_T104_Pickup_CustomerSection_Edit_Customer_CustomerDetails_UnPaidInvoice_FT.Validate_Hana_T104_Pickup_CustomerSection_Edit_Customer_CustomerDetails_UnPaidInvoice_Test(Hana_T104_Pickup_CustomerSection_Edit_Customer_CustomerDetails_UnPaidInvoice_FT.java:160)
	at java.base/jdk.internal.reflect.DirectMethodHandleAccessor.invoke(DirectMethodHandleAccessor.java:103)
	at java.base/java.lang.reflect.Method.invoke(Method.java:580)
	at org.testng.internal.invokers.MethodInvocationHelper.invokeMethod(MethodInvocationHelper.java:141)
	at org.testng.internal.invokers.TestInvoker.invokeMethod(TestInvoker.java:686)
	at org.testng.internal.invokers.TestInvoker.invokeTestMethod(TestInvoker.java:230)
	at org.testng.internal.invokers.MethodRunner.runInSequence(MethodRunner.java:63)
	at org.testng.internal.invokers.TestInvoker$MethodInvocationAgent.invoke(TestInvoker.java:992)
	at org.testng.internal.invokers.TestInvoker.invokeTestMethods(TestInvoker.java:203)
	at org.testng.internal.invokers.TestMethodWorker.invokeTestMethods(TestMethodWorker.java:154)
	at org.testng.internal.invokers.TestMethodWorker.run(TestMethodWorker.java:134)
	at java.base/java.util.concurrent.Executors$RunnableAdapter.call(Executors.java:572)
	at java.base/java.util.concurrent.FutureTask.run(FutureTask.java:317)
	at org.testng.internal.thread.graph.TestNGFutureTask.run(TestNGFutureTask.java:22)
	at java.base/java.util.concurrent.ThreadPoolExecutor.runWorker(ThreadPoolExecutor.java:1144)
	at java.base/java.util.concurrent.ThreadPoolExecutor$Worker.run(ThreadPoolExecutor.java:642)
	at java.base/java.lang.Thread.run(Thread.java:1583)
</pre></div></td>
<td>131</td>
<td>com.hanapos.OrderEntry_Alais_PhoneOrderTest.Hana_T104_Pickup_CustomerSection_Edit_Customer_CustomerDetails_UnPaidInvoice_FT@30bce90b</td></tr>
<tr>
<td title='com.hanapos.OrderEntry_Alais_PhoneOrderTest.Hana_T098_Pickup_CustomerSection_Edit_Customer_CustomerDetails_FT.Validate_Pickup_CustomerSection_Edit_Customer_CustomerDetails_Test()'><b>Validate_Pickup_CustomerSection_Edit_Customer_CustomerDetails_Test</b><br>Test class: com.hanapos.OrderEntry_Alais_PhoneOrderTest.Hana_T098_Pickup_CustomerSection_Edit_Customer_CustomerDetails_FT</td>
<td><div><pre>java.lang.AssertionError: The following asserts failed:
	Test Step - 19 - Item description is not displayed on phone order page product details section expected [Red Rose Deluxe] but found [],
	Test Step - 19 - Item price is not displayed on phone order page product details section expected [309.00] but found [0.00]
	at com.hanapos.OrderEntry_Alais_PhoneOrderTest.Hana_T098_Pickup_CustomerSection_Edit_Customer_CustomerDetails_FT.Validate_Pickup_CustomerSection_Edit_Customer_CustomerDetails_Test(Hana_T098_Pickup_CustomerSection_Edit_Customer_CustomerDetails_FT.java:328)
	at java.base/java.util.concurrent.Executors$RunnableAdapter.call(Executors.java:572)
	at java.base/java.util.concurrent.FutureTask.run(FutureTask.java:317)
	at java.base/java.util.concurrent.ThreadPoolExecutor.runWorker(ThreadPoolExecutor.java:1144)
	at java.base/java.util.concurrent.ThreadPoolExecutor$Worker.run(ThreadPoolExecutor.java:642)
	at java.base/java.lang.Thread.run(Thread.java:1583)
... Removed 13 stack frames</pre></div><a href='#' onClick='toggleBox("stack-trace819161857", this, "Click to show all stack frames", "Click to hide stack frames")'>Click to show all stack frames</a>
<div class='stack-trace' id='stack-trace819161857'><pre>java.lang.AssertionError: The following asserts failed:
	Test Step - 19 - Item description is not displayed on phone order page product details section expected [Red Rose Deluxe] but found [],
	Test Step - 19 - Item price is not displayed on phone order page product details section expected [309.00] but found [0.00]
	at org.testng.asserts.SoftAssert.assertAll(SoftAssert.java:46)
	at org.testng.asserts.SoftAssert.assertAll(SoftAssert.java:30)
	at com.hanapos.OrderEntry_Alais_PhoneOrderTest.Hana_T098_Pickup_CustomerSection_Edit_Customer_CustomerDetails_FT.Validate_Pickup_CustomerSection_Edit_Customer_CustomerDetails_Test(Hana_T098_Pickup_CustomerSection_Edit_Customer_CustomerDetails_FT.java:328)
	at java.base/jdk.internal.reflect.DirectMethodHandleAccessor.invoke(DirectMethodHandleAccessor.java:103)
	at java.base/java.lang.reflect.Method.invoke(Method.java:580)
	at org.testng.internal.invokers.MethodInvocationHelper.invokeMethod(MethodInvocationHelper.java:141)
	at org.testng.internal.invokers.TestInvoker.invokeMethod(TestInvoker.java:686)
	at org.testng.internal.invokers.TestInvoker.invokeTestMethod(TestInvoker.java:230)
	at org.testng.internal.invokers.MethodRunner.runInSequence(MethodRunner.java:63)
	at org.testng.internal.invokers.TestInvoker$MethodInvocationAgent.invoke(TestInvoker.java:992)
	at org.testng.internal.invokers.TestInvoker.invokeTestMethods(TestInvoker.java:203)
	at org.testng.internal.invokers.TestMethodWorker.invokeTestMethods(TestMethodWorker.java:154)
	at org.testng.internal.invokers.TestMethodWorker.run(TestMethodWorker.java:134)
	at java.base/java.util.concurrent.Executors$RunnableAdapter.call(Executors.java:572)
	at java.base/java.util.concurrent.FutureTask.run(FutureTask.java:317)
	at org.testng.internal.thread.graph.TestNGFutureTask.run(TestNGFutureTask.java:22)
	at java.base/java.util.concurrent.ThreadPoolExecutor.runWorker(ThreadPoolExecutor.java:1144)
	at java.base/java.util.concurrent.ThreadPoolExecutor$Worker.run(ThreadPoolExecutor.java:642)
	at java.base/java.lang.Thread.run(Thread.java:1583)
</pre></div></td>
<td>193</td>
<td>com.hanapos.OrderEntry_Alais_PhoneOrderTest.Hana_T098_Pickup_CustomerSection_Edit_Customer_CustomerDetails_FT@1672fe87</td></tr>
<tr>
<td title='com.hanapos.OrderEntry_Alais_PhoneOrderTest.Hana_T105_Pickup_CustomerSection_Edit_Customer_CustomerDetails_UnPaidInvoice_Invoice_Search_Filter_FT.Validate_Hana_T105_Pickup_CustomerSection_Edit_Customer_CustomerDetails_UnPaidInvoice_Invoice_Search_Filter_Test()'><b>Validate_Hana_T105_Pickup_CustomerSection_Edit_Customer_CustomerDetails_UnPaidInvoice_Invoice_Search_Filter_Test</b><br>Test class: com.hanapos.OrderEntry_Alais_PhoneOrderTest.Hana_T105_Pickup_CustomerSection_Edit_Customer_CustomerDetails_UnPaidInvoice_Invoice_Search_Filter_FT</td>
<td><div><pre>java.lang.AssertionError: Test case failed due to exception no such element: Unable to locate element: {&quot;method&quot;:&quot;xpath&quot;,&quot;selector&quot;:&quot;(//td[@class=&apos;hana-cust-grid-row-fullview kendo-hana-invoice-column&apos;])[1]&quot;}
  (Session info: chrome=127.0.6533.72)
For documentation on this error, please visit: https://www.selenium.dev/documentation/webdriver/troubleshooting/errors#no-such-element-exception
Build info: version: &apos;4.22.0&apos;, revision: &apos;c5f3146703*&apos;
System info: os.name: &apos;Windows 11&apos;, os.arch: &apos;amd64&apos;, os.version: &apos;10.0&apos;, java.version: &apos;21.0.2&apos;
Driver info: org.openqa.selenium.chrome.ChromeDriver
Command: [f054101321fdecc86a271c55e059db8c, findElement {value=(//td[@class=&apos;hana-cust-grid-row-fullview kendo-hana-invoice-column&apos;])[1], using=xpath}]
Capabilities {acceptInsecureCerts: false, browserName: chrome, browserVersion: 127.0.6533.72, chrome: {chromedriverVersion: 127.0.6533.72 (9755e24ca85a..., userDataDir: C:\Users\Balaji\AppData\Loc...}, fedcm:accounts: true, goog:chromeOptions: {debuggerAddress: localhost:53216}, networkConnectionEnabled: false, pageLoadStrategy: normal, platformName: windows, proxy: Proxy(), se:cdp: ws://localhost:53216/devtoo..., se:cdpVersion: 127.0.6533.72, setWindowRect: true, strictFileInteractability: false, timeouts: {implicit: 0, pageLoad: 300000, script: 30000}, unhandledPromptBehavior: dismiss and notify, webauthn:extension:credBlob: true, webauthn:extension:largeBlob: true, webauthn:extension:minPinLength: true, webauthn:extension:prf: true, webauthn:virtualAuthenticators: true}
Session ID: f054101321fdecc86a271c55e059db8c
	at com.hanapos.OrderEntry_Alais_PhoneOrderTest.Hana_T105_Pickup_CustomerSection_Edit_Customer_CustomerDetails_UnPaidInvoice_Invoice_Search_Filter_FT.Validate_Hana_T105_Pickup_CustomerSection_Edit_Customer_CustomerDetails_UnPaidInvoice_Invoice_Search_Filter_Test(Hana_T105_Pickup_CustomerSection_Edit_Customer_CustomerDetails_UnPaidInvoice_Invoice_Search_Filter_FT.java:125)
	at java.base/java.util.concurrent.Executors$RunnableAdapter.call(Executors.java:572)
	at java.base/java.util.concurrent.FutureTask.run(FutureTask.java:317)
	at java.base/java.util.concurrent.ThreadPoolExecutor.runWorker(ThreadPoolExecutor.java:1144)
	at java.base/java.util.concurrent.ThreadPoolExecutor$Worker.run(ThreadPoolExecutor.java:642)
	at java.base/java.lang.Thread.run(Thread.java:1583)
... Removed 12 stack frames</pre></div><a href='#' onClick='toggleBox("stack-trace135763810", this, "Click to show all stack frames", "Click to hide stack frames")'>Click to show all stack frames</a>
<div class='stack-trace' id='stack-trace135763810'><pre>java.lang.AssertionError: Test case failed due to exception no such element: Unable to locate element: {&quot;method&quot;:&quot;xpath&quot;,&quot;selector&quot;:&quot;(//td[@class=&apos;hana-cust-grid-row-fullview kendo-hana-invoice-column&apos;])[1]&quot;}
  (Session info: chrome=127.0.6533.72)
For documentation on this error, please visit: https://www.selenium.dev/documentation/webdriver/troubleshooting/errors#no-such-element-exception
Build info: version: &apos;4.22.0&apos;, revision: &apos;c5f3146703*&apos;
System info: os.name: &apos;Windows 11&apos;, os.arch: &apos;amd64&apos;, os.version: &apos;10.0&apos;, java.version: &apos;21.0.2&apos;
Driver info: org.openqa.selenium.chrome.ChromeDriver
Command: [f054101321fdecc86a271c55e059db8c, findElement {value=(//td[@class=&apos;hana-cust-grid-row-fullview kendo-hana-invoice-column&apos;])[1], using=xpath}]
Capabilities {acceptInsecureCerts: false, browserName: chrome, browserVersion: 127.0.6533.72, chrome: {chromedriverVersion: 127.0.6533.72 (9755e24ca85a..., userDataDir: C:\Users\Balaji\AppData\Loc...}, fedcm:accounts: true, goog:chromeOptions: {debuggerAddress: localhost:53216}, networkConnectionEnabled: false, pageLoadStrategy: normal, platformName: windows, proxy: Proxy(), se:cdp: ws://localhost:53216/devtoo..., se:cdpVersion: 127.0.6533.72, setWindowRect: true, strictFileInteractability: false, timeouts: {implicit: 0, pageLoad: 300000, script: 30000}, unhandledPromptBehavior: dismiss and notify, webauthn:extension:credBlob: true, webauthn:extension:largeBlob: true, webauthn:extension:minPinLength: true, webauthn:extension:prf: true, webauthn:virtualAuthenticators: true}
Session ID: f054101321fdecc86a271c55e059db8c
	at org.testng.Assert.fail(Assert.java:111)
	at com.hanapos.OrderEntry_Alais_PhoneOrderTest.Hana_T105_Pickup_CustomerSection_Edit_Customer_CustomerDetails_UnPaidInvoice_Invoice_Search_Filter_FT.Validate_Hana_T105_Pickup_CustomerSection_Edit_Customer_CustomerDetails_UnPaidInvoice_Invoice_Search_Filter_Test(Hana_T105_Pickup_CustomerSection_Edit_Customer_CustomerDetails_UnPaidInvoice_Invoice_Search_Filter_FT.java:125)
	at java.base/jdk.internal.reflect.DirectMethodHandleAccessor.invoke(DirectMethodHandleAccessor.java:103)
	at java.base/java.lang.reflect.Method.invoke(Method.java:580)
	at org.testng.internal.invokers.MethodInvocationHelper.invokeMethod(MethodInvocationHelper.java:141)
	at org.testng.internal.invokers.TestInvoker.invokeMethod(TestInvoker.java:686)
	at org.testng.internal.invokers.TestInvoker.invokeTestMethod(TestInvoker.java:230)
	at org.testng.internal.invokers.MethodRunner.runInSequence(MethodRunner.java:63)
	at org.testng.internal.invokers.TestInvoker$MethodInvocationAgent.invoke(TestInvoker.java:992)
	at org.testng.internal.invokers.TestInvoker.invokeTestMethods(TestInvoker.java:203)
	at org.testng.internal.invokers.TestMethodWorker.invokeTestMethods(TestMethodWorker.java:154)
	at org.testng.internal.invokers.TestMethodWorker.run(TestMethodWorker.java:134)
	at java.base/java.util.concurrent.Executors$RunnableAdapter.call(Executors.java:572)
	at java.base/java.util.concurrent.FutureTask.run(FutureTask.java:317)
	at org.testng.internal.thread.graph.TestNGFutureTask.run(TestNGFutureTask.java:22)
	at java.base/java.util.concurrent.ThreadPoolExecutor.runWorker(ThreadPoolExecutor.java:1144)
	at java.base/java.util.concurrent.ThreadPoolExecutor$Worker.run(ThreadPoolExecutor.java:642)
	at java.base/java.lang.Thread.run(Thread.java:1583)
</pre></div></td>
<td>176</td>
<td>com.hanapos.OrderEntry_Alais_PhoneOrderTest.Hana_T105_Pickup_CustomerSection_Edit_Customer_CustomerDetails_UnPaidInvoice_Invoice_Search_Filter_FT@3e6f3f28</td></tr>
<tr>
<td title='com.hanapos.OrderEntry_Alais_PhoneOrderTest.Hana_T110_Pickup_CustomerSection_Edit_Customer_CustomerDetails_UnPaidInvoice_Tax_Search_Filter_FT.Validate_Hana_T110_Pickup_CustomerSection_Edit_Customer_CustomerDetails_UnPaidInvoice_Tax_Search_Filter_Test()'><b>Validate_Hana_T110_Pickup_CustomerSection_Edit_Customer_CustomerDetails_UnPaidInvoice_Tax_Search_Filter_Test</b><br>Test class: com.hanapos.OrderEntry_Alais_PhoneOrderTest.Hana_T110_Pickup_CustomerSection_Edit_Customer_CustomerDetails_UnPaidInvoice_Tax_Search_Filter_FT</td>
<td><div><pre>java.lang.AssertionError: The following asserts failed:
	Test Step - 10 - Confirmation popup is not displayed on phone order page expected [true] but found [false]
	at com.hanapos.OrderEntry_Alais_PhoneOrderTest.Hana_T110_Pickup_CustomerSection_Edit_Customer_CustomerDetails_UnPaidInvoice_Tax_Search_Filter_FT.Validate_Hana_T110_Pickup_CustomerSection_Edit_Customer_CustomerDetails_UnPaidInvoice_Tax_Search_Filter_Test(Hana_T110_Pickup_CustomerSection_Edit_Customer_CustomerDetails_UnPaidInvoice_Tax_Search_Filter_FT.java:161)
	at java.base/java.util.concurrent.Executors$RunnableAdapter.call(Executors.java:572)
	at java.base/java.util.concurrent.FutureTask.run(FutureTask.java:317)
	at java.base/java.util.concurrent.ThreadPoolExecutor.runWorker(ThreadPoolExecutor.java:1144)
	at java.base/java.util.concurrent.ThreadPoolExecutor$Worker.run(ThreadPoolExecutor.java:642)
	at java.base/java.lang.Thread.run(Thread.java:1583)
... Removed 13 stack frames</pre></div><a href='#' onClick='toggleBox("stack-trace491781463", this, "Click to show all stack frames", "Click to hide stack frames")'>Click to show all stack frames</a>
<div class='stack-trace' id='stack-trace491781463'><pre>java.lang.AssertionError: The following asserts failed:
	Test Step - 10 - Confirmation popup is not displayed on phone order page expected [true] but found [false]
	at org.testng.asserts.SoftAssert.assertAll(SoftAssert.java:46)
	at org.testng.asserts.SoftAssert.assertAll(SoftAssert.java:30)
	at com.hanapos.OrderEntry_Alais_PhoneOrderTest.Hana_T110_Pickup_CustomerSection_Edit_Customer_CustomerDetails_UnPaidInvoice_Tax_Search_Filter_FT.Validate_Hana_T110_Pickup_CustomerSection_Edit_Customer_CustomerDetails_UnPaidInvoice_Tax_Search_Filter_Test(Hana_T110_Pickup_CustomerSection_Edit_Customer_CustomerDetails_UnPaidInvoice_Tax_Search_Filter_FT.java:161)
	at java.base/jdk.internal.reflect.DirectMethodHandleAccessor.invoke(DirectMethodHandleAccessor.java:103)
	at java.base/java.lang.reflect.Method.invoke(Method.java:580)
	at org.testng.internal.invokers.MethodInvocationHelper.invokeMethod(MethodInvocationHelper.java:141)
	at org.testng.internal.invokers.TestInvoker.invokeMethod(TestInvoker.java:686)
	at org.testng.internal.invokers.TestInvoker.invokeTestMethod(TestInvoker.java:230)
	at org.testng.internal.invokers.MethodRunner.runInSequence(MethodRunner.java:63)
	at org.testng.internal.invokers.TestInvoker$MethodInvocationAgent.invoke(TestInvoker.java:992)
	at org.testng.internal.invokers.TestInvoker.invokeTestMethods(TestInvoker.java:203)
	at org.testng.internal.invokers.TestMethodWorker.invokeTestMethods(TestMethodWorker.java:154)
	at org.testng.internal.invokers.TestMethodWorker.run(TestMethodWorker.java:134)
	at java.base/java.util.concurrent.Executors$RunnableAdapter.call(Executors.java:572)
	at java.base/java.util.concurrent.FutureTask.run(FutureTask.java:317)
	at org.testng.internal.thread.graph.TestNGFutureTask.run(TestNGFutureTask.java:22)
	at java.base/java.util.concurrent.ThreadPoolExecutor.runWorker(ThreadPoolExecutor.java:1144)
	at java.base/java.util.concurrent.ThreadPoolExecutor$Worker.run(ThreadPoolExecutor.java:642)
	at java.base/java.lang.Thread.run(Thread.java:1583)
</pre></div></td>
<td>322</td>
<td>com.hanapos.OrderEntry_Alais_PhoneOrderTest.Hana_T110_Pickup_CustomerSection_Edit_Customer_CustomerDetails_UnPaidInvoice_Tax_Search_Filter_FT@5717c37</td></tr>
<tr>
<td title='com.hanapos.OrderEntry_Alais_PhoneOrderTest.Hana_T125_Pickup_CustomerSection_Edit_Customer_CustomerDetails_PaymentDetails_CCNumber_SearchFilter_FT.Validate_Hana_T125_Pickup_CustomerSection_Edit_Customer_CustomerDetails_PaymentDetails_CCNumber_SearchFilter_Functionality_Test()'><b>Validate_Hana_T125_Pickup_CustomerSection_Edit_Customer_CustomerDetails_PaymentDetails_CCNumber_SearchFilter_Functionality_Test</b><br>Test class: com.hanapos.OrderEntry_Alais_PhoneOrderTest.Hana_T125_Pickup_CustomerSection_Edit_Customer_CustomerDetails_PaymentDetails_CCNumber_SearchFilter_FT</td>
<td><div><pre>java.lang.AssertionError: The following asserts failed:
	Test Step - 10 - Entered Credit Card number is not displayed on the payment details tab at customer details popup expected [true] but found [false],
	Test Step - 12 - Entered Credit Card number is not displayed on the payment details tab at customer details popup expected [true] but found [false]
	at com.hanapos.OrderEntry_Alais_PhoneOrderTest.Hana_T125_Pickup_CustomerSection_Edit_Customer_CustomerDetails_PaymentDetails_CCNumber_SearchFilter_FT.Validate_Hana_T125_Pickup_CustomerSection_Edit_Customer_CustomerDetails_PaymentDetails_CCNumber_SearchFilter_Functionality_Test(Hana_T125_Pickup_CustomerSection_Edit_Customer_CustomerDetails_PaymentDetails_CCNumber_SearchFilter_FT.java:114)
	at java.base/java.util.concurrent.Executors$RunnableAdapter.call(Executors.java:572)
	at java.base/java.util.concurrent.FutureTask.run(FutureTask.java:317)
	at java.base/java.util.concurrent.ThreadPoolExecutor.runWorker(ThreadPoolExecutor.java:1144)
	at java.base/java.util.concurrent.ThreadPoolExecutor$Worker.run(ThreadPoolExecutor.java:642)
	at java.base/java.lang.Thread.run(Thread.java:1583)
... Removed 13 stack frames</pre></div><a href='#' onClick='toggleBox("stack-trace907919332", this, "Click to show all stack frames", "Click to hide stack frames")'>Click to show all stack frames</a>
<div class='stack-trace' id='stack-trace907919332'><pre>java.lang.AssertionError: The following asserts failed:
	Test Step - 10 - Entered Credit Card number is not displayed on the payment details tab at customer details popup expected [true] but found [false],
	Test Step - 12 - Entered Credit Card number is not displayed on the payment details tab at customer details popup expected [true] but found [false]
	at org.testng.asserts.SoftAssert.assertAll(SoftAssert.java:46)
	at org.testng.asserts.SoftAssert.assertAll(SoftAssert.java:30)
	at com.hanapos.OrderEntry_Alais_PhoneOrderTest.Hana_T125_Pickup_CustomerSection_Edit_Customer_CustomerDetails_PaymentDetails_CCNumber_SearchFilter_FT.Validate_Hana_T125_Pickup_CustomerSection_Edit_Customer_CustomerDetails_PaymentDetails_CCNumber_SearchFilter_Functionality_Test(Hana_T125_Pickup_CustomerSection_Edit_Customer_CustomerDetails_PaymentDetails_CCNumber_SearchFilter_FT.java:114)
	at java.base/jdk.internal.reflect.DirectMethodHandleAccessor.invoke(DirectMethodHandleAccessor.java:103)
	at java.base/java.lang.reflect.Method.invoke(Method.java:580)
	at org.testng.internal.invokers.MethodInvocationHelper.invokeMethod(MethodInvocationHelper.java:141)
	at org.testng.internal.invokers.TestInvoker.invokeMethod(TestInvoker.java:686)
	at org.testng.internal.invokers.TestInvoker.invokeTestMethod(TestInvoker.java:230)
	at org.testng.internal.invokers.MethodRunner.runInSequence(MethodRunner.java:63)
	at org.testng.internal.invokers.TestInvoker$MethodInvocationAgent.invoke(TestInvoker.java:992)
	at org.testng.internal.invokers.TestInvoker.invokeTestMethods(TestInvoker.java:203)
	at org.testng.internal.invokers.TestMethodWorker.invokeTestMethods(TestMethodWorker.java:154)
	at org.testng.internal.invokers.TestMethodWorker.run(TestMethodWorker.java:134)
	at java.base/java.util.concurrent.Executors$RunnableAdapter.call(Executors.java:572)
	at java.base/java.util.concurrent.FutureTask.run(FutureTask.java:317)
	at org.testng.internal.thread.graph.TestNGFutureTask.run(TestNGFutureTask.java:22)
	at java.base/java.util.concurrent.ThreadPoolExecutor.runWorker(ThreadPoolExecutor.java:1144)
	at java.base/java.util.concurrent.ThreadPoolExecutor$Worker.run(ThreadPoolExecutor.java:642)
	at java.base/java.lang.Thread.run(Thread.java:1583)
</pre></div></td>
<td>120</td>
<td>com.hanapos.OrderEntry_Alais_PhoneOrderTest.Hana_T125_Pickup_CustomerSection_Edit_Customer_CustomerDetails_PaymentDetails_CCNumber_SearchFilter_FT@147a5d08</td></tr>
<tr>
<td title='com.hanapos.OrderEntry_Alais_PhoneOrderTest.Hana_T122_Pickup_CustomerSection_Edit_Customer_CustomerDetails_PaymentDetails_Pay_Date_Search_Filter_FT.Validate_Hana_T122_Pickup_CustomerSection_Edit_Customer_CustomerDetails_PaymentDetails_Pay_Date_Search_Filter_Functionality_Test()'><b>Validate_Hana_T122_Pickup_CustomerSection_Edit_Customer_CustomerDetails_PaymentDetails_Pay_Date_Search_Filter_Functionality_Test</b><br>Test class: com.hanapos.OrderEntry_Alais_PhoneOrderTest.Hana_T122_Pickup_CustomerSection_Edit_Customer_CustomerDetails_PaymentDetails_Pay_Date_Search_Filter_FT</td>
<td><div><pre>java.lang.AssertionError: The following asserts failed:
	null
	at com.hanapos.OrderEntry_Alais_PhoneOrderTest.Hana_T122_Pickup_CustomerSection_Edit_Customer_CustomerDetails_PaymentDetails_Pay_Date_Search_Filter_FT.Validate_Hana_T122_Pickup_CustomerSection_Edit_Customer_CustomerDetails_PaymentDetails_Pay_Date_Search_Filter_Functionality_Test(Hana_T122_Pickup_CustomerSection_Edit_Customer_CustomerDetails_PaymentDetails_Pay_Date_Search_Filter_FT.java:169)
	at java.base/java.util.concurrent.Executors$RunnableAdapter.call(Executors.java:572)
	at java.base/java.util.concurrent.FutureTask.run(FutureTask.java:317)
	at java.base/java.util.concurrent.ThreadPoolExecutor.runWorker(ThreadPoolExecutor.java:1144)
	at java.base/java.util.concurrent.ThreadPoolExecutor$Worker.run(ThreadPoolExecutor.java:642)
	at java.base/java.lang.Thread.run(Thread.java:1583)
... Removed 13 stack frames</pre></div><a href='#' onClick='toggleBox("stack-trace2145364325", this, "Click to show all stack frames", "Click to hide stack frames")'>Click to show all stack frames</a>
<div class='stack-trace' id='stack-trace2145364325'><pre>java.lang.AssertionError: The following asserts failed:
	null
	at org.testng.asserts.SoftAssert.assertAll(SoftAssert.java:46)
	at org.testng.asserts.SoftAssert.assertAll(SoftAssert.java:30)
	at com.hanapos.OrderEntry_Alais_PhoneOrderTest.Hana_T122_Pickup_CustomerSection_Edit_Customer_CustomerDetails_PaymentDetails_Pay_Date_Search_Filter_FT.Validate_Hana_T122_Pickup_CustomerSection_Edit_Customer_CustomerDetails_PaymentDetails_Pay_Date_Search_Filter_Functionality_Test(Hana_T122_Pickup_CustomerSection_Edit_Customer_CustomerDetails_PaymentDetails_Pay_Date_Search_Filter_FT.java:169)
	at java.base/jdk.internal.reflect.DirectMethodHandleAccessor.invoke(DirectMethodHandleAccessor.java:103)
	at java.base/java.lang.reflect.Method.invoke(Method.java:580)
	at org.testng.internal.invokers.MethodInvocationHelper.invokeMethod(MethodInvocationHelper.java:141)
	at org.testng.internal.invokers.TestInvoker.invokeMethod(TestInvoker.java:686)
	at org.testng.internal.invokers.TestInvoker.invokeTestMethod(TestInvoker.java:230)
	at org.testng.internal.invokers.MethodRunner.runInSequence(MethodRunner.java:63)
	at org.testng.internal.invokers.TestInvoker$MethodInvocationAgent.invoke(TestInvoker.java:992)
	at org.testng.internal.invokers.TestInvoker.invokeTestMethods(TestInvoker.java:203)
	at org.testng.internal.invokers.TestMethodWorker.invokeTestMethods(TestMethodWorker.java:154)
	at org.testng.internal.invokers.TestMethodWorker.run(TestMethodWorker.java:134)
	at java.base/java.util.concurrent.Executors$RunnableAdapter.call(Executors.java:572)
	at java.base/java.util.concurrent.FutureTask.run(FutureTask.java:317)
	at org.testng.internal.thread.graph.TestNGFutureTask.run(TestNGFutureTask.java:22)
	at java.base/java.util.concurrent.ThreadPoolExecutor.runWorker(ThreadPoolExecutor.java:1144)
	at java.base/java.util.concurrent.ThreadPoolExecutor$Worker.run(ThreadPoolExecutor.java:642)
	at java.base/java.lang.Thread.run(Thread.java:1583)
</pre></div></td>
<td>57</td>
<td>com.hanapos.OrderEntry_Alais_PhoneOrderTest.Hana_T122_Pickup_CustomerSection_Edit_Customer_CustomerDetails_PaymentDetails_Pay_Date_Search_Filter_FT@5c45d770</td></tr>
<tr>
<td title='com.hanapos.OrderEntry_Alais_PhoneOrderTest.Hana_T082_Pickup_Functionality_with_New_customer_FT.Validate_Hana_T082_Pickup_Functionality_with_New_customer_Test()'><b>Validate_Hana_T082_Pickup_Functionality_with_New_customer_Test</b><br>Test class: com.hanapos.OrderEntry_Alais_PhoneOrderTest.Hana_T082_Pickup_Functionality_with_New_customer_FT</td>
<td><div><pre>java.lang.AssertionError: The following asserts failed:
	Test Step - 9 - Item description is not displayed on phone order page product details section expected [Red Rose Deluxe] but found [],
	Test Step - 9 - Item price is not displayed on phone order page product details section expected [309.00] but found [0.00]
	at com.hanapos.OrderEntry_Alais_PhoneOrderTest.Hana_T082_Pickup_Functionality_with_New_customer_FT.Validate_Hana_T082_Pickup_Functionality_with_New_customer_Test(Hana_T082_Pickup_Functionality_with_New_customer_FT.java:221)
	at java.base/java.util.concurrent.Executors$RunnableAdapter.call(Executors.java:572)
	at java.base/java.util.concurrent.FutureTask.run(FutureTask.java:317)
	at java.base/java.util.concurrent.ThreadPoolExecutor.runWorker(ThreadPoolExecutor.java:1144)
	at java.base/java.util.concurrent.ThreadPoolExecutor$Worker.run(ThreadPoolExecutor.java:642)
	at java.base/java.lang.Thread.run(Thread.java:1583)
... Removed 13 stack frames</pre></div><a href='#' onClick='toggleBox("stack-trace2092669670", this, "Click to show all stack frames", "Click to hide stack frames")'>Click to show all stack frames</a>
<div class='stack-trace' id='stack-trace2092669670'><pre>java.lang.AssertionError: The following asserts failed:
	Test Step - 9 - Item description is not displayed on phone order page product details section expected [Red Rose Deluxe] but found [],
	Test Step - 9 - Item price is not displayed on phone order page product details section expected [309.00] but found [0.00]
	at org.testng.asserts.SoftAssert.assertAll(SoftAssert.java:46)
	at org.testng.asserts.SoftAssert.assertAll(SoftAssert.java:30)
	at com.hanapos.OrderEntry_Alais_PhoneOrderTest.Hana_T082_Pickup_Functionality_with_New_customer_FT.Validate_Hana_T082_Pickup_Functionality_with_New_customer_Test(Hana_T082_Pickup_Functionality_with_New_customer_FT.java:221)
	at java.base/jdk.internal.reflect.DirectMethodHandleAccessor.invoke(DirectMethodHandleAccessor.java:103)
	at java.base/java.lang.reflect.Method.invoke(Method.java:580)
	at org.testng.internal.invokers.MethodInvocationHelper.invokeMethod(MethodInvocationHelper.java:141)
	at org.testng.internal.invokers.TestInvoker.invokeMethod(TestInvoker.java:686)
	at org.testng.internal.invokers.TestInvoker.invokeTestMethod(TestInvoker.java:230)
	at org.testng.internal.invokers.MethodRunner.runInSequence(MethodRunner.java:63)
	at org.testng.internal.invokers.TestInvoker$MethodInvocationAgent.invoke(TestInvoker.java:992)
	at org.testng.internal.invokers.TestInvoker.invokeTestMethods(TestInvoker.java:203)
	at org.testng.internal.invokers.TestMethodWorker.invokeTestMethods(TestMethodWorker.java:154)
	at org.testng.internal.invokers.TestMethodWorker.run(TestMethodWorker.java:134)
	at java.base/java.util.concurrent.Executors$RunnableAdapter.call(Executors.java:572)
	at java.base/java.util.concurrent.FutureTask.run(FutureTask.java:317)
	at org.testng.internal.thread.graph.TestNGFutureTask.run(TestNGFutureTask.java:22)
	at java.base/java.util.concurrent.ThreadPoolExecutor.runWorker(ThreadPoolExecutor.java:1144)
	at java.base/java.util.concurrent.ThreadPoolExecutor$Worker.run(ThreadPoolExecutor.java:642)
	at java.base/java.lang.Thread.run(Thread.java:1583)
</pre></div></td>
<td>140</td>
<td>com.hanapos.OrderEntry_Alais_PhoneOrderTest.Hana_T082_Pickup_Functionality_with_New_customer_FT@2931522b</td></tr>
<tr>
<td title='com.hanapos.OrderEntry_Alais_PhoneOrderTest.Hana_T103_Pickup_CustomerSection_Edit_Customer_CustomerDetails_Preferences_FT.Validate_Hana_T103_Pickup_CustomerSection_Edit_Customer_CustomerDetails_Preferences_FT_Test()'><b>Validate_Hana_T103_Pickup_CustomerSection_Edit_Customer_CustomerDetails_Preferences_FT_Test</b><br>Test class: com.hanapos.OrderEntry_Alais_PhoneOrderTest.Hana_T103_Pickup_CustomerSection_Edit_Customer_CustomerDetails_Preferences_FT</td>
<td><div><pre>java.lang.AssertionError: The following asserts failed:
	*** Test Step - 22 - Unwanted this confirmation alert is displayed ***,
	Test Step - 29 - Delivery fee of phone order page and customer details popup at preference tab updated delivery fee fields are not matched expected [30.00] but found [0.00]
	at com.hanapos.OrderEntry_Alais_PhoneOrderTest.Hana_T103_Pickup_CustomerSection_Edit_Customer_CustomerDetails_Preferences_FT.Validate_Hana_T103_Pickup_CustomerSection_Edit_Customer_CustomerDetails_Preferences_FT_Test(Hana_T103_Pickup_CustomerSection_Edit_Customer_CustomerDetails_Preferences_FT.java:250)
	at java.base/java.util.concurrent.Executors$RunnableAdapter.call(Executors.java:572)
	at java.base/java.util.concurrent.FutureTask.run(FutureTask.java:317)
	at java.base/java.util.concurrent.ThreadPoolExecutor.runWorker(ThreadPoolExecutor.java:1144)
	at java.base/java.util.concurrent.ThreadPoolExecutor$Worker.run(ThreadPoolExecutor.java:642)
	at java.base/java.lang.Thread.run(Thread.java:1583)
... Removed 13 stack frames</pre></div><a href='#' onClick='toggleBox("stack-trace1270103450", this, "Click to show all stack frames", "Click to hide stack frames")'>Click to show all stack frames</a>
<div class='stack-trace' id='stack-trace1270103450'><pre>java.lang.AssertionError: The following asserts failed:
	*** Test Step - 22 - Unwanted this confirmation alert is displayed ***,
	Test Step - 29 - Delivery fee of phone order page and customer details popup at preference tab updated delivery fee fields are not matched expected [30.00] but found [0.00]
	at org.testng.asserts.SoftAssert.assertAll(SoftAssert.java:46)
	at org.testng.asserts.SoftAssert.assertAll(SoftAssert.java:30)
	at com.hanapos.OrderEntry_Alais_PhoneOrderTest.Hana_T103_Pickup_CustomerSection_Edit_Customer_CustomerDetails_Preferences_FT.Validate_Hana_T103_Pickup_CustomerSection_Edit_Customer_CustomerDetails_Preferences_FT_Test(Hana_T103_Pickup_CustomerSection_Edit_Customer_CustomerDetails_Preferences_FT.java:250)
	at java.base/jdk.internal.reflect.DirectMethodHandleAccessor.invoke(DirectMethodHandleAccessor.java:103)
	at java.base/java.lang.reflect.Method.invoke(Method.java:580)
	at org.testng.internal.invokers.MethodInvocationHelper.invokeMethod(MethodInvocationHelper.java:141)
	at org.testng.internal.invokers.TestInvoker.invokeMethod(TestInvoker.java:686)
	at org.testng.internal.invokers.TestInvoker.invokeTestMethod(TestInvoker.java:230)
	at org.testng.internal.invokers.MethodRunner.runInSequence(MethodRunner.java:63)
	at org.testng.internal.invokers.TestInvoker$MethodInvocationAgent.invoke(TestInvoker.java:992)
	at org.testng.internal.invokers.TestInvoker.invokeTestMethods(TestInvoker.java:203)
	at org.testng.internal.invokers.TestMethodWorker.invokeTestMethods(TestMethodWorker.java:154)
	at org.testng.internal.invokers.TestMethodWorker.run(TestMethodWorker.java:134)
	at java.base/java.util.concurrent.Executors$RunnableAdapter.call(Executors.java:572)
	at java.base/java.util.concurrent.FutureTask.run(FutureTask.java:317)
	at org.testng.internal.thread.graph.TestNGFutureTask.run(TestNGFutureTask.java:22)
	at java.base/java.util.concurrent.ThreadPoolExecutor.runWorker(ThreadPoolExecutor.java:1144)
	at java.base/java.util.concurrent.ThreadPoolExecutor$Worker.run(ThreadPoolExecutor.java:642)
	at java.base/java.lang.Thread.run(Thread.java:1583)
</pre></div></td>
<td>177</td>
<td>com.hanapos.OrderEntry_Alais_PhoneOrderTest.Hana_T103_Pickup_CustomerSection_Edit_Customer_CustomerDetails_Preferences_FT@6aa61224</td></tr>
<tr>
<td title='com.hanapos.OrderEntry_Alais_PhoneOrderTest.Hana_T081_Pickup_Functionality_with_Existing_customer_FT.Validate_Hana_T081_Pickup_Functionality_with_Existing_customer()'><b>Validate_Hana_T081_Pickup_Functionality_with_Existing_customer</b><br>Test class: com.hanapos.OrderEntry_Alais_PhoneOrderTest.Hana_T081_Pickup_Functionality_with_Existing_customer_FT</td>
<td><div><pre>java.lang.AssertionError: The following asserts failed:
	Test Step - 9 - Item description is not displayed on phone order page product details section expected [Red Rose Deluxe] but found [],
	Test Step - 9 - Item price is not displayed on phone order page product details section expected [309.00] but found [0.00],
	Test Step - 16 - customer and company name on delivery popup is not matched expected [Hana_Sisterchicks | Abish David] but found [MikeJK Jonesma],
	Test Step - 16 -customer address on delivery popup is not matched expected [3402 Park Blvd] but found [2715 35th Ave],
	Test Step - 16 -customer phone number on delivery popup is not matched expected [956-655-0756 /] but found [956-655-0756]
	at com.hanapos.OrderEntry_Alais_PhoneOrderTest.Hana_T081_Pickup_Functionality_with_Existing_customer_FT.Validate_Hana_T081_Pickup_Functionality_with_Existing_customer(Hana_T081_Pickup_Functionality_with_Existing_customer_FT.java:194)
	at java.base/java.util.concurrent.Executors$RunnableAdapter.call(Executors.java:572)
	at java.base/java.util.concurrent.FutureTask.run(FutureTask.java:317)
	at java.base/java.util.concurrent.ThreadPoolExecutor.runWorker(ThreadPoolExecutor.java:1144)
	at java.base/java.util.concurrent.ThreadPoolExecutor$Worker.run(ThreadPoolExecutor.java:642)
	at java.base/java.lang.Thread.run(Thread.java:1583)
... Removed 13 stack frames</pre></div><a href='#' onClick='toggleBox("stack-trace2000781294", this, "Click to show all stack frames", "Click to hide stack frames")'>Click to show all stack frames</a>
<div class='stack-trace' id='stack-trace2000781294'><pre>java.lang.AssertionError: The following asserts failed:
	Test Step - 9 - Item description is not displayed on phone order page product details section expected [Red Rose Deluxe] but found [],
	Test Step - 9 - Item price is not displayed on phone order page product details section expected [309.00] but found [0.00],
	Test Step - 16 - customer and company name on delivery popup is not matched expected [Hana_Sisterchicks | Abish David] but found [MikeJK Jonesma],
	Test Step - 16 -customer address on delivery popup is not matched expected [3402 Park Blvd] but found [2715 35th Ave],
	Test Step - 16 -customer phone number on delivery popup is not matched expected [956-655-0756 /] but found [956-655-0756]
	at org.testng.asserts.SoftAssert.assertAll(SoftAssert.java:46)
	at org.testng.asserts.SoftAssert.assertAll(SoftAssert.java:30)
	at com.hanapos.OrderEntry_Alais_PhoneOrderTest.Hana_T081_Pickup_Functionality_with_Existing_customer_FT.Validate_Hana_T081_Pickup_Functionality_with_Existing_customer(Hana_T081_Pickup_Functionality_with_Existing_customer_FT.java:194)
	at java.base/jdk.internal.reflect.DirectMethodHandleAccessor.invoke(DirectMethodHandleAccessor.java:103)
	at java.base/java.lang.reflect.Method.invoke(Method.java:580)
	at org.testng.internal.invokers.MethodInvocationHelper.invokeMethod(MethodInvocationHelper.java:141)
	at org.testng.internal.invokers.TestInvoker.invokeMethod(TestInvoker.java:686)
	at org.testng.internal.invokers.TestInvoker.invokeTestMethod(TestInvoker.java:230)
	at org.testng.internal.invokers.MethodRunner.runInSequence(MethodRunner.java:63)
	at org.testng.internal.invokers.TestInvoker$MethodInvocationAgent.invoke(TestInvoker.java:992)
	at org.testng.internal.invokers.TestInvoker.invokeTestMethods(TestInvoker.java:203)
	at org.testng.internal.invokers.TestMethodWorker.invokeTestMethods(TestMethodWorker.java:154)
	at org.testng.internal.invokers.TestMethodWorker.run(TestMethodWorker.java:134)
	at java.base/java.util.concurrent.Executors$RunnableAdapter.call(Executors.java:572)
	at java.base/java.util.concurrent.FutureTask.run(FutureTask.java:317)
	at org.testng.internal.thread.graph.TestNGFutureTask.run(TestNGFutureTask.java:22)
	at java.base/java.util.concurrent.ThreadPoolExecutor.runWorker(ThreadPoolExecutor.java:1144)
	at java.base/java.util.concurrent.ThreadPoolExecutor$Worker.run(ThreadPoolExecutor.java:642)
	at java.base/java.lang.Thread.run(Thread.java:1583)
</pre></div></td>
<td>231</td>
<td>com.hanapos.OrderEntry_Alais_PhoneOrderTest.Hana_T081_Pickup_Functionality_with_Existing_customer_FT@1a72a540</td></tr>
</table><p>
<table width='100%' border='1' class='invocation-passed'>
<tr><td colspan='4' align='center'><b>PASSED TESTS</b></td></tr>
<tr><td><b>Test method</b></td>
<td><b>Attribute(s)</b></td>
<td width="30%"><b>Exception</b></td>
<td width="10%"><b>Time (seconds)</b></td>
<td><b>Instance</b></td>
</tr>
<tr>
<td title='com.hanapos.OrderEntry_Alais_PhoneOrderTest.Hana_T108_Pickup_CustomerSection_Edit_Customer_CustomerDetails_UnPaidInvoice_ProductTotal_Search_Filter_FT.Validate_Hana_T108_Pickup_CustomerSection_Edit_Customer_CustomerDetails_UnPaidInvoice_ProductTotal_Search_Filter_Test()'><b>Validate_Hana_T108_Pickup_CustomerSection_Edit_Customer_CustomerDetails_UnPaidInvoice_ProductTotal_Search_Filter_Test</b><br>Test class: com.hanapos.OrderEntry_Alais_PhoneOrderTest.Hana_T108_Pickup_CustomerSection_Edit_Customer_CustomerDetails_UnPaidInvoice_ProductTotal_Search_Filter_FT</td>
<td></td>
<td>62</td>
<td>com.hanapos.OrderEntry_Alais_PhoneOrderTest.Hana_T108_Pickup_CustomerSection_Edit_Customer_CustomerDetails_UnPaidInvoice_ProductTotal_Search_Filter_FT@7357a011</td></tr>
<tr>
<td title='com.hanapos.OrderEntry_Alais_PhoneOrderTest.Hana_T096_Pickup_CustomerSection_ClearCustomer_FT.Validate_Hana_T096_Pickup_CustomerSection_ClearCustomer_Test()'><b>Validate_Hana_T096_Pickup_CustomerSection_ClearCustomer_Test</b><br>Test class: com.hanapos.OrderEntry_Alais_PhoneOrderTest.Hana_T096_Pickup_CustomerSection_ClearCustomer_FT</td>
<td></td>
<td>47</td>
<td>com.hanapos.OrderEntry_Alais_PhoneOrderTest.Hana_T096_Pickup_CustomerSection_ClearCustomer_FT@c7045b9</td></tr>
<tr>
<td title='com.hanapos.OrderEntry_Alais_PhoneOrderTest.Hana_T113_Pickup_CustomerSection_Edit_Customer_CustomerDetails_UnPaidInvoice_OrderDate_Search_Filter_FT.Validate_Hana_T113_Pickup_CustomerSection_Edit_Customer_CustomerDetails_UnPaidInvoice_OrderDate_Search_Filter_Test()'><b>Validate_Hana_T113_Pickup_CustomerSection_Edit_Customer_CustomerDetails_UnPaidInvoice_OrderDate_Search_Filter_Test</b><br>Test class: com.hanapos.OrderEntry_Alais_PhoneOrderTest.Hana_T113_Pickup_CustomerSection_Edit_Customer_CustomerDetails_UnPaidInvoice_OrderDate_Search_Filter_FT</td>
<td></td>
<td>72</td>
<td>com.hanapos.OrderEntry_Alais_PhoneOrderTest.Hana_T113_Pickup_CustomerSection_Edit_Customer_CustomerDetails_UnPaidInvoice_OrderDate_Search_Filter_FT@4816278d</td></tr>
<tr>
<td title='com.hanapos.OrderEntry_Alais_PhoneOrderTest.Hana_T107_Pickup_CustomerSection_Edit_Customer_CustomerDetails_UnPaidInvoice_BalanceAmt_Search_Filter_FT.Validate_Hana_T107_Pickup_CustomerSection_Edit_Customer_CustomerDetails_UnPaidInvoice_BalanceAmt_Search_Filter_Test()'><b>Validate_Hana_T107_Pickup_CustomerSection_Edit_Customer_CustomerDetails_UnPaidInvoice_BalanceAmt_Search_Filter_Test</b><br>Test class: com.hanapos.OrderEntry_Alais_PhoneOrderTest.Hana_T107_Pickup_CustomerSection_Edit_Customer_CustomerDetails_UnPaidInvoice_BalanceAmt_Search_Filter_FT</td>
<td></td>
<td>63</td>
<td>com.hanapos.OrderEntry_Alais_PhoneOrderTest.Hana_T107_Pickup_CustomerSection_Edit_Customer_CustomerDetails_UnPaidInvoice_BalanceAmt_Search_Filter_FT@2474f125</td></tr>
<tr>
<td title='com.hanapos.OrderEntry_Alais_PhoneOrderTest.Hana_T127_Pickup_CustomerSection_Edit_Customer_CustomerDetails_PaymentDetails_Sorting_FT.Validate_Hana_T127_Pickup_CustomerSection_Edit_Customer_CustomerDetails_PaymentDetails_Sorting_Functionality_Test()'><b>Validate_Hana_T127_Pickup_CustomerSection_Edit_Customer_CustomerDetails_PaymentDetails_Sorting_Functionality_Test</b><br>Test class: com.hanapos.OrderEntry_Alais_PhoneOrderTest.Hana_T127_Pickup_CustomerSection_Edit_Customer_CustomerDetails_PaymentDetails_Sorting_FT</td>
<td></td>
<td>109</td>
<td>com.hanapos.OrderEntry_Alais_PhoneOrderTest.Hana_T127_Pickup_CustomerSection_Edit_Customer_CustomerDetails_PaymentDetails_Sorting_FT@7cbd9d24</td></tr>
<tr>
<td title='com.hanapos.OrderEntry_Alais_PhoneOrderTest.Hana_T115_Pickup_CustomerSection_Edit_Customer_CustomerDetails_UnPaidInvoice_Sorting_FT.Validate_Hana_T115_Pickup_CustomerSection_Edit_Customer_CustomerDetails_UnPaidInvoice_Sorting_Test()'><b>Validate_Hana_T115_Pickup_CustomerSection_Edit_Customer_CustomerDetails_UnPaidInvoice_Sorting_Test</b><br>Test class: com.hanapos.OrderEntry_Alais_PhoneOrderTest.Hana_T115_Pickup_CustomerSection_Edit_Customer_CustomerDetails_UnPaidInvoice_Sorting_FT</td>
<td></td>
<td>114</td>
<td>com.hanapos.OrderEntry_Alais_PhoneOrderTest.Hana_T115_Pickup_CustomerSection_Edit_Customer_CustomerDetails_UnPaidInvoice_Sorting_FT@40317ba2</td></tr>
<tr>
<td title='com.hanapos.OrderEntry_Alais_PhoneOrderTest.Hana_T119_Pickup_CustomerSection_Edit_Customer_CustomerDetails_PaymentDetails_ExportToExcel_FT.Validate_Hana_T119_Pickup_CustomerSection_Edit_Customer_CustomerDetails_PaymentDetails_ExportToExcel_Functionality_Test()'><b>Validate_Hana_T119_Pickup_CustomerSection_Edit_Customer_CustomerDetails_PaymentDetails_ExportToExcel_Functionality_Test</b><br>Test class: com.hanapos.OrderEntry_Alais_PhoneOrderTest.Hana_T119_Pickup_CustomerSection_Edit_Customer_CustomerDetails_PaymentDetails_ExportToExcel_FT</td>
<td></td>
<td>55</td>
<td>com.hanapos.OrderEntry_Alais_PhoneOrderTest.Hana_T119_Pickup_CustomerSection_Edit_Customer_CustomerDetails_PaymentDetails_ExportToExcel_FT@39d9314d</td></tr>
<tr>
<td title='com.hanapos.OrderEntry_Alais_PhoneOrderTest.Hana_T085_Pickup_CustomerSection_SearchExistingCustomer_FT.Validate_Hana_T085_Pickup_CustomerSection_SearchExistingCustomer_Test()'><b>Validate_Hana_T085_Pickup_CustomerSection_SearchExistingCustomer_Test</b><br>Test class: com.hanapos.OrderEntry_Alais_PhoneOrderTest.Hana_T085_Pickup_CustomerSection_SearchExistingCustomer_FT</td>
<td></td>
<td>56</td>
<td>com.hanapos.OrderEntry_Alais_PhoneOrderTest.Hana_T085_Pickup_CustomerSection_SearchExistingCustomer_FT@7674b62c</td></tr>
<tr>
<td title='com.hanapos.OrderEntry_Alais_PhoneOrderTest.Hana_T093_Pickup_CustomerSection_CompanyNameFieldLookup_FT.Validate_Hana_T093_Pickup_CustomerSection_CompanyNameFieldLookup_Test()'><b>Validate_Hana_T093_Pickup_CustomerSection_CompanyNameFieldLookup_Test</b><br>Test class: com.hanapos.OrderEntry_Alais_PhoneOrderTest.Hana_T093_Pickup_CustomerSection_CompanyNameFieldLookup_FT</td>
<td></td>
<td>43</td>
<td>com.hanapos.OrderEntry_Alais_PhoneOrderTest.Hana_T093_Pickup_CustomerSection_CompanyNameFieldLookup_FT@16b2bb0c</td></tr>
<tr>
<td title='com.hanapos.OrderEntry_Alais_PhoneOrderTest.Hana_T109_Pickup_CustomerSection_Edit_Customer_CustomerDetails_UnPaidInvoice_Delivery_Search_Filter_FT.Validate_Hana_T109_Pickup_CustomerSection_Edit_Customer_CustomerDetails_UnPaidInvoice_Delivery_Search_Filter_Test()'><b>Validate_Hana_T109_Pickup_CustomerSection_Edit_Customer_CustomerDetails_UnPaidInvoice_Delivery_Search_Filter_Test</b><br>Test class: com.hanapos.OrderEntry_Alais_PhoneOrderTest.Hana_T109_Pickup_CustomerSection_Edit_Customer_CustomerDetails_UnPaidInvoice_Delivery_Search_Filter_FT</td>
<td></td>
<td>71</td>
<td>com.hanapos.OrderEntry_Alais_PhoneOrderTest.Hana_T109_Pickup_CustomerSection_Edit_Customer_CustomerDetails_UnPaidInvoice_Delivery_Search_Filter_FT@3406472c</td></tr>
<tr>
<td title='com.hanapos.OrderEntry_Alais_PhoneOrderTest.Hana_T123_Pickup_CustomerSection_Edit_Customer_CustomerDetails_PaymentDetails_MOPSearchFilter_FT.Validate_Hana_T123_Pickup_CustomerSection_Edit_Customer_CustomerDetails_PaymentDetails_MOPSearchFilter_FT_Functionality_Test()'><b>Validate_Hana_T123_Pickup_CustomerSection_Edit_Customer_CustomerDetails_PaymentDetails_MOPSearchFilter_FT_Functionality_Test</b><br>Test class: com.hanapos.OrderEntry_Alais_PhoneOrderTest.Hana_T123_Pickup_CustomerSection_Edit_Customer_CustomerDetails_PaymentDetails_MOPSearchFilter_FT</td>
<td></td>
<td>70</td>
<td>com.hanapos.OrderEntry_Alais_PhoneOrderTest.Hana_T123_Pickup_CustomerSection_Edit_Customer_CustomerDetails_PaymentDetails_MOPSearchFilter_FT@2ce6c6ec</td></tr>
<tr>
<td title='com.hanapos.OrderEntry_Alais_PhoneOrderTest.Hana_T106_Pickup_CustomerSection_Edit_Customer_CustomerDetails_UnPaidInvoice_PaidAmount_Search_Filter_FT.Validate_Hana_T106_Pickup_CustomerSection_Edit_Customer_CustomerDetails_UnPaidInvoice_PaidAmount_Search_Filter_Test()'><b>Validate_Hana_T106_Pickup_CustomerSection_Edit_Customer_CustomerDetails_UnPaidInvoice_PaidAmount_Search_Filter_Test</b><br>Test class: com.hanapos.OrderEntry_Alais_PhoneOrderTest.Hana_T106_Pickup_CustomerSection_Edit_Customer_CustomerDetails_UnPaidInvoice_PaidAmount_Search_Filter_FT</td>
<td></td>
<td>131</td>
<td>com.hanapos.OrderEntry_Alais_PhoneOrderTest.Hana_T106_Pickup_CustomerSection_Edit_Customer_CustomerDetails_UnPaidInvoice_PaidAmount_Search_Filter_FT@7e19ebf0</td></tr>
<tr>
<td title='com.hanapos.OrderEntry_Alais_PhoneOrderTest.Hana_T121_Pickup_CustomerSection_Edit_Customer_CustomerDetails_PaymentDetails_PaymentAmountSearchFilter_FT.Validate_Hana_T121_Pickup_CustomerSection_Edit_Customer_CustomerDetails_PaymentDetails_PaymentAmountSearchFilter_Functionality_Test()'><b>Validate_Hana_T121_Pickup_CustomerSection_Edit_Customer_CustomerDetails_PaymentDetails_PaymentAmountSearchFilter_Functionality_Test</b><br>Test class: com.hanapos.OrderEntry_Alais_PhoneOrderTest.Hana_T121_Pickup_CustomerSection_Edit_Customer_CustomerDetails_PaymentDetails_PaymentAmountSearchFilter_FT</td>
<td></td>
<td>63</td>
<td>com.hanapos.OrderEntry_Alais_PhoneOrderTest.Hana_T121_Pickup_CustomerSection_Edit_Customer_CustomerDetails_PaymentDetails_PaymentAmountSearchFilter_FT@5b7a8434</td></tr>
<tr>
<td title='com.hanapos.OrderEntry_Alais_PhoneOrderTest.Hana_T112_Pickup_CustomerSection_Edit_Customer_CustomerDetails_UnPaidInvoice_Total_Search_Filter_FT.Validate_Hana_T112_Pickup_CustomerSection_Edit_Customer_CustomerDetails_UnPaidInvoice_Total_Search_Filter_Test()'><b>Validate_Hana_T112_Pickup_CustomerSection_Edit_Customer_CustomerDetails_UnPaidInvoice_Total_Search_Filter_Test</b><br>Test class: com.hanapos.OrderEntry_Alais_PhoneOrderTest.Hana_T112_Pickup_CustomerSection_Edit_Customer_CustomerDetails_UnPaidInvoice_Total_Search_Filter_FT</td>
<td></td>
<td>126</td>
<td>com.hanapos.OrderEntry_Alais_PhoneOrderTest.Hana_T112_Pickup_CustomerSection_Edit_Customer_CustomerDetails_UnPaidInvoice_Total_Search_Filter_FT@68f4865</td></tr>
<tr>
<td title='com.hanapos.OrderEntry_Alais_PhoneOrderTest.Hana_T118_Pickup_CustomerSection_Edit_Customer_CustomerDetails_UnPaidInvoice_ExportToExcel_FT.Validate_Hana_T118_Pickup_CustomerSection_Edit_Customer_CustomerDetails_UnPaidInvoice_ExportToExcel_Functionality_Test()'><b>Validate_Hana_T118_Pickup_CustomerSection_Edit_Customer_CustomerDetails_UnPaidInvoice_ExportToExcel_Functionality_Test</b><br>Test class: com.hanapos.OrderEntry_Alais_PhoneOrderTest.Hana_T118_Pickup_CustomerSection_Edit_Customer_CustomerDetails_UnPaidInvoice_ExportToExcel_FT</td>
<td></td>
<td>48</td>
<td>com.hanapos.OrderEntry_Alais_PhoneOrderTest.Hana_T118_Pickup_CustomerSection_Edit_Customer_CustomerDetails_UnPaidInvoice_ExportToExcel_FT@727eb8cb</td></tr>
<tr>
<td title='com.hanapos.OrderEntry_Alais_PhoneOrderTest.Hana_T117_Pickup_CustomerSection_Edit_Customer_CustomerDetails_UnPaidInvoice_ColumnReorder_FT.Validate_Hana_T117_Pickup_CustomerSection_Edit_Customer_CustomerDetails_UnPaidInvoice_ColumnReorder_Functionality_Test()'><b>Validate_Hana_T117_Pickup_CustomerSection_Edit_Customer_CustomerDetails_UnPaidInvoice_ColumnReorder_Functionality_Test</b><br>Test class: com.hanapos.OrderEntry_Alais_PhoneOrderTest.Hana_T117_Pickup_CustomerSection_Edit_Customer_CustomerDetails_UnPaidInvoice_ColumnReorder_FT</td>
<td></td>
<td>75</td>
<td>com.hanapos.OrderEntry_Alais_PhoneOrderTest.Hana_T117_Pickup_CustomerSection_Edit_Customer_CustomerDetails_UnPaidInvoice_ColumnReorder_FT@45d2ade3</td></tr>
<tr>
<td title='com.hanapos.OrderEntry_Alais_PhoneOrderTest.Hana_T101_Pickup_CustomerSection_Edit_Customer_CustomerDetails_CreditCard_AddNewCard_FT.Validate_Hana_T101_Pickup_CustomerSection_Edit_Customer_CustomerDetails_CreditCard_AddNewCard_Test()'><b>Validate_Hana_T101_Pickup_CustomerSection_Edit_Customer_CustomerDetails_CreditCard_AddNewCard_Test</b><br>Test class: com.hanapos.OrderEntry_Alais_PhoneOrderTest.Hana_T101_Pickup_CustomerSection_Edit_Customer_CustomerDetails_CreditCard_AddNewCard_FT</td>
<td></td>
<td>65</td>
<td>com.hanapos.OrderEntry_Alais_PhoneOrderTest.Hana_T101_Pickup_CustomerSection_Edit_Customer_CustomerDetails_CreditCard_AddNewCard_FT@f99f5e0</td></tr>
<tr>
<td title='com.hanapos.OrderEntry_Alais_PhoneOrderTest.Hana_T091_Pickup_CustomerSection_FirstNameFieldLookup_FT.Validate_Hana_T091_Pickup_CustomerSection_FirstNameFieldLookup_Test()'><b>Validate_Hana_T091_Pickup_CustomerSection_FirstNameFieldLookup_Test</b><br>Test class: com.hanapos.OrderEntry_Alais_PhoneOrderTest.Hana_T091_Pickup_CustomerSection_FirstNameFieldLookup_FT</td>
<td></td>
<td>37</td>
<td>com.hanapos.OrderEntry_Alais_PhoneOrderTest.Hana_T091_Pickup_CustomerSection_FirstNameFieldLookup_FT@662706a7</td></tr>
<tr>
<td title='com.hanapos.OrderEntry_Alais_PhoneOrderTest.Hana_T114_Pickup_CustomerSection_Edit_Customer_CustomerDetails_UnPaidInvoice_DeliveryDate_Search_Filter_FT.Validate_Hana_T114_Pickup_CustomerSection_Edit_Customer_CustomerDetails_UnPaidInvoice_DeliveryDate_Search_Filter_Test()'><b>Validate_Hana_T114_Pickup_CustomerSection_Edit_Customer_CustomerDetails_UnPaidInvoice_DeliveryDate_Search_Filter_Test</b><br>Test class: com.hanapos.OrderEntry_Alais_PhoneOrderTest.Hana_T114_Pickup_CustomerSection_Edit_Customer_CustomerDetails_UnPaidInvoice_DeliveryDate_Search_Filter_FT</td>
<td></td>
<td>69</td>
<td>com.hanapos.OrderEntry_Alais_PhoneOrderTest.Hana_T114_Pickup_CustomerSection_Edit_Customer_CustomerDetails_UnPaidInvoice_DeliveryDate_Search_Filter_FT@4eaf3684</td></tr>
<tr>
<td title='com.hanapos.OrderEntry_Alais_PhoneOrderTest.Hana_T120_Pickup_CustomerSection_Edit_Customer_CustomerDetails_PaymentDetails_InvoiceSearchFilter_FT.Validate_Hana_T120_Pickup_CustomerSection_Edit_Customer_CustomerDetails_PaymentDetails_InvoiceSearchFilter_FunctionalityTest()'><b>Validate_Hana_T120_Pickup_CustomerSection_Edit_Customer_CustomerDetails_PaymentDetails_InvoiceSearchFilter_FunctionalityTest</b><br>Test class: com.hanapos.OrderEntry_Alais_PhoneOrderTest.Hana_T120_Pickup_CustomerSection_Edit_Customer_CustomerDetails_PaymentDetails_InvoiceSearchFilter_FT</td>
<td></td>
<td>61</td>
<td>com.hanapos.OrderEntry_Alais_PhoneOrderTest.Hana_T120_Pickup_CustomerSection_Edit_Customer_CustomerDetails_PaymentDetails_InvoiceSearchFilter_FT@b978d10</td></tr>
<tr>
<td title='com.hanapos.OrderEntry_Alais_PhoneOrderTest.Hana_T094_Pickup_CustomerSection_PhoneNumberFieldLookup_FT.Validate_Hana_T094_Pickup_CustomerSection_PhoneNumberFieldLookup_Test()'><b>Validate_Hana_T094_Pickup_CustomerSection_PhoneNumberFieldLookup_Test</b><br>Test class: com.hanapos.OrderEntry_Alais_PhoneOrderTest.Hana_T094_Pickup_CustomerSection_PhoneNumberFieldLookup_FT</td>
<td></td>
<td>43</td>
<td>com.hanapos.OrderEntry_Alais_PhoneOrderTest.Hana_T094_Pickup_CustomerSection_PhoneNumberFieldLookup_FT@327af41b</td></tr>
<tr>
<td title='com.hanapos.OrderEntry_Alais_PhoneOrderTest.Hana_T124_Pickup_CustomerSection_Edit_Customer_CustomerDetails_PaymentDetails_CheckNo_SearchFilter_FT.Validate_Hana_T124_Pickup_CustomerSection_Edit_Customer_CustomerDetails_PaymentDetails_CheckNo_SearchFilter_Functionality_Test()'><b>Validate_Hana_T124_Pickup_CustomerSection_Edit_Customer_CustomerDetails_PaymentDetails_CheckNo_SearchFilter_Functionality_Test</b><br>Test class: com.hanapos.OrderEntry_Alais_PhoneOrderTest.Hana_T124_Pickup_CustomerSection_Edit_Customer_CustomerDetails_PaymentDetails_CheckNo_SearchFilter_FT</td>
<td></td>
<td>64</td>
<td>com.hanapos.OrderEntry_Alais_PhoneOrderTest.Hana_T124_Pickup_CustomerSection_Edit_Customer_CustomerDetails_PaymentDetails_CheckNo_SearchFilter_FT@1bae316d</td></tr>
<tr>
<td title='com.hanapos.OrderEntry_Alais_PhoneOrderTest.Hana_T095_Pickup_CustomerSection_AltPhoneNumberFieldLookup_FT.Validate_Hana_T095_Pickup_CustomerSection_AltPhoneNumberFieldLookup_Test()'><b>Validate_Hana_T095_Pickup_CustomerSection_AltPhoneNumberFieldLookup_Test</b><br>Test class: com.hanapos.OrderEntry_Alais_PhoneOrderTest.Hana_T095_Pickup_CustomerSection_AltPhoneNumberFieldLookup_FT</td>
<td></td>
<td>41</td>
<td>com.hanapos.OrderEntry_Alais_PhoneOrderTest.Hana_T095_Pickup_CustomerSection_AltPhoneNumberFieldLookup_FT@6cb6decd</td></tr>
<tr>
<td title='com.hanapos.OrderEntry_Alais_PhoneOrderTest.Hana_T126_Pickup_CustomerSection_Edit_Customer_CustomerDetails_PaymentDetails_Pagination_FT.Validate_Hana_T126_Pickup_CustomerSection_Edit_Customer_CustomerDetails_PaymentDetails_Pagination_Functionality_Test()'><b>Validate_Hana_T126_Pickup_CustomerSection_Edit_Customer_CustomerDetails_PaymentDetails_Pagination_Functionality_Test</b><br>Test class: com.hanapos.OrderEntry_Alais_PhoneOrderTest.Hana_T126_Pickup_CustomerSection_Edit_Customer_CustomerDetails_PaymentDetails_Pagination_FT</td>
<td></td>
<td>66</td>
<td>com.hanapos.OrderEntry_Alais_PhoneOrderTest.Hana_T126_Pickup_CustomerSection_Edit_Customer_CustomerDetails_PaymentDetails_Pagination_FT@6676f6a0</td></tr>
<tr>
<td title='com.hanapos.OrderEntry_Alais_PhoneOrderTest.Hana_T116_Pickup_CustomerSection_Edit_Customer_CustomerDetails_UnPaidInvoice_Pagination_FT.Validate_Hana_T116_Pickup_CustomerSection_Edit_Customer_CustomerDetails_UnPaidInvoice_Pagination_Functionality_Test()'><b>Validate_Hana_T116_Pickup_CustomerSection_Edit_Customer_CustomerDetails_UnPaidInvoice_Pagination_Functionality_Test</b><br>Test class: com.hanapos.OrderEntry_Alais_PhoneOrderTest.Hana_T116_Pickup_CustomerSection_Edit_Customer_CustomerDetails_UnPaidInvoice_Pagination_FT</td>
<td></td>
<td>69</td>
<td>com.hanapos.OrderEntry_Alais_PhoneOrderTest.Hana_T116_Pickup_CustomerSection_Edit_Customer_CustomerDetails_UnPaidInvoice_Pagination_FT@3c01cfa1</td></tr>
<tr>
<td title='com.hanapos.OrderEntry_Alais_PhoneOrderTest.Hana_T092_Pickup_CustomerSection_LastNameFieldLookup_FT.Validate_Hana_T092_Pickup_CustomerSection_LastNameFieldLookup_Test()'><b>Validate_Hana_T092_Pickup_CustomerSection_LastNameFieldLookup_Test</b><br>Test class: com.hanapos.OrderEntry_Alais_PhoneOrderTest.Hana_T092_Pickup_CustomerSection_LastNameFieldLookup_FT</td>
<td></td>
<td>36</td>
<td>com.hanapos.OrderEntry_Alais_PhoneOrderTest.Hana_T092_Pickup_CustomerSection_LastNameFieldLookup_FT@45a4b042</td></tr>
</table><p>
</body>
</html>