<?xml version="1.0" encoding="UTF-8"?>
<!-- Generated by org.testng.reporters.JUnitXMLReporter -->
<testsuite ignored="35" hostname="DESKTOP-JEHOL2V" failures="10" tests="36" name="Phone Order Functionality Test" time="1301.613" errors="0" timestamp="2024-07-29T14:36:29 IST">
  <testcase classname="com.hanapos.OrderEntry_Alais_PhoneOrderTest.Hana_T085_Pickup_CustomerSection_SearchExistingCustomer_FT" name="Validate_Hana_T085_Pickup_CustomerSection_SearchExistingCustomer_Test" time="56.874"/>
  <testcase classname="com.hanapos.OrderEntry_Alais_PhoneOrderTest.Hana_T090_Pickup_CustomerSection_AddressLookup_FT" name="Validate_Hana_T090_Pickup_CustomerSection_AddressLookup_Test" time="51.399">
    <failure type="java.lang.AssertionError" message="The following asserts failed:
	Test Step - 12 - address 1 is not displayed on phone order page expected [Broome St] but found [Broome],
	Test Step - 12 - city is not displayed on phone order page expected [New York] but found [],
	Test Step - 12 - state is not displayed on phone order page expected [NY] but found [],
	Test Step - 12 - address 1 is not displayed on phone order page expected [10 S Main St] but found [10 S Main St Driggs],
	Test Step - 12 - Zipcode is not displayed on phone order page expected [83422] but found [],
	Test Step - 12 - city is not displayed on phone order page expected [Driggs] but found [Calvert],
	Test Step - 12 - state is not displayed on phone order page expected [ID] but found [MD]">
      <![CDATA[java.lang.AssertionError: The following asserts failed:
Test Step - 12 - address 1 is not displayed on phone order page expected [Broome St] but found [Broome],
Test Step - 12 - city is not displayed on phone order page expected [New York] but found [],
Test Step - 12 - state is not displayed on phone order page expected [NY] but found [],
Test Step - 12 - address 1 is not displayed on phone order page expected [10 S Main St] but found [10 S Main St Driggs],
Test Step - 12 - Zipcode is not displayed on phone order page expected [83422] but found [],
Test Step - 12 - city is not displayed on phone order page expected [Driggs] but found [Calvert],
Test Step - 12 - state is not displayed on phone order page expected [ID] but found [MD]
at com.hanapos.OrderEntry_Alais_PhoneOrderTest.Hana_T090_Pickup_CustomerSection_AddressLookup_FT.Validate_Hana_T090_Pickup_CustomerSection_AddressLookup_Test(Hana_T090_Pickup_CustomerSection_AddressLookup_FT.java:109)
at java.base/java.util.concurrent.Executors$RunnableAdapter.call(Executors.java:572)
at java.base/java.util.concurrent.FutureTask.run(FutureTask.java:317)
at java.base/java.util.concurrent.ThreadPoolExecutor.runWorker(ThreadPoolExecutor.java:1144)
at java.base/java.util.concurrent.ThreadPoolExecutor$Worker.run(ThreadPoolExecutor.java:642)
at java.base/java.lang.Thread.run(Thread.java:1583)
... Removed 13 stack frames]]>
    </failure>
  </testcase> <!-- Validate_Hana_T090_Pickup_CustomerSection_AddressLookup_Test -->
  <testcase classname="com.hanapos.OrderEntry_Alais_PhoneOrderTest.Hana_T082_Pickup_Functionality_with_New_customer_FT" name="Validate_Hana_T082_Pickup_Functionality_with_New_customer_Test" time="140.566">
    <failure type="java.lang.AssertionError" message="The following asserts failed:
	Test Step - 9 - Item description is not displayed on phone order page product details section expected [Red Rose Deluxe] but found [],
	Test Step - 9 - Item price is not displayed on phone order page product details section expected [309.00] but found [0.00]">
      <![CDATA[java.lang.AssertionError: The following asserts failed:
Test Step - 9 - Item description is not displayed on phone order page product details section expected [Red Rose Deluxe] but found [],
Test Step - 9 - Item price is not displayed on phone order page product details section expected [309.00] but found [0.00]
at com.hanapos.OrderEntry_Alais_PhoneOrderTest.Hana_T082_Pickup_Functionality_with_New_customer_FT.Validate_Hana_T082_Pickup_Functionality_with_New_customer_Test(Hana_T082_Pickup_Functionality_with_New_customer_FT.java:221)
at java.base/java.util.concurrent.Executors$RunnableAdapter.call(Executors.java:572)
at java.base/java.util.concurrent.FutureTask.run(FutureTask.java:317)
at java.base/java.util.concurrent.ThreadPoolExecutor.runWorker(ThreadPoolExecutor.java:1144)
at java.base/java.util.concurrent.ThreadPoolExecutor$Worker.run(ThreadPoolExecutor.java:642)
at java.base/java.lang.Thread.run(Thread.java:1583)
... Removed 13 stack frames]]>
    </failure>
  </testcase> <!-- Validate_Hana_T082_Pickup_Functionality_with_New_customer_Test -->
  <testcase classname="com.hanapos.OrderEntry_Alais_PhoneOrderTest.Hana_T091_Pickup_CustomerSection_FirstNameFieldLookup_FT" name="Validate_Hana_T091_Pickup_CustomerSection_FirstNameFieldLookup_Test" time="37.089"/>
  <testcase classname="com.hanapos.OrderEntry_Alais_PhoneOrderTest.Hana_T092_Pickup_CustomerSection_LastNameFieldLookup_FT" name="Validate_Hana_T092_Pickup_CustomerSection_LastNameFieldLookup_Test" time="36.94"/>
  <testcase classname="com.hanapos.OrderEntry_Alais_PhoneOrderTest.Hana_T093_Pickup_CustomerSection_CompanyNameFieldLookup_FT" name="Validate_Hana_T093_Pickup_CustomerSection_CompanyNameFieldLookup_Test" time="43.18"/>
  <testcase classname="com.hanapos.OrderEntry_Alais_PhoneOrderTest.Hana_T094_Pickup_CustomerSection_PhoneNumberFieldLookup_FT" name="Validate_Hana_T094_Pickup_CustomerSection_PhoneNumberFieldLookup_Test" time="43.133"/>
  <testcase classname="com.hanapos.OrderEntry_Alais_PhoneOrderTest.Hana_T081_Pickup_Functionality_with_Existing_customer_FT" name="Validate_Hana_T081_Pickup_Functionality_with_Existing_customer" time="231.273">
    <failure type="java.lang.AssertionError" message="The following asserts failed:
	Test Step - 9 - Item description is not displayed on phone order page product details section expected [Red Rose Deluxe] but found [],
	Test Step - 9 - Item price is not displayed on phone order page product details section expected [309.00] but found [0.00],
	Test Step - 16 - customer and company name on delivery popup is not matched expected [Hana_Sisterchicks | Abish David] but found [MikeJK Jonesma],
	Test Step - 16 -customer address on delivery popup is not matched expected [3402 Park Blvd] but found [2715 35th Ave],
	Test Step - 16 -customer phone number on delivery popup is not matched expected [956-655-0756 /] but found [956-655-0756]">
      <![CDATA[java.lang.AssertionError: The following asserts failed:
Test Step - 9 - Item description is not displayed on phone order page product details section expected [Red Rose Deluxe] but found [],
Test Step - 9 - Item price is not displayed on phone order page product details section expected [309.00] but found [0.00],
Test Step - 16 - customer and company name on delivery popup is not matched expected [Hana_Sisterchicks | Abish David] but found [MikeJK Jonesma],
Test Step - 16 -customer address on delivery popup is not matched expected [3402 Park Blvd] but found [2715 35th Ave],
Test Step - 16 -customer phone number on delivery popup is not matched expected [956-655-0756 /] but found [956-655-0756]
at com.hanapos.OrderEntry_Alais_PhoneOrderTest.Hana_T081_Pickup_Functionality_with_Existing_customer_FT.Validate_Hana_T081_Pickup_Functionality_with_Existing_customer(Hana_T081_Pickup_Functionality_with_Existing_customer_FT.java:194)
at java.base/java.util.concurrent.Executors$RunnableAdapter.call(Executors.java:572)
at java.base/java.util.concurrent.FutureTask.run(FutureTask.java:317)
at java.base/java.util.concurrent.ThreadPoolExecutor.runWorker(ThreadPoolExecutor.java:1144)
at java.base/java.util.concurrent.ThreadPoolExecutor$Worker.run(ThreadPoolExecutor.java:642)
at java.base/java.lang.Thread.run(Thread.java:1583)
... Removed 13 stack frames]]>
    </failure>
  </testcase> <!-- Validate_Hana_T081_Pickup_Functionality_with_Existing_customer -->
  <testcase classname="com.hanapos.OrderEntry_Alais_PhoneOrderTest.Hana_T095_Pickup_CustomerSection_AltPhoneNumberFieldLookup_FT" name="Validate_Hana_T095_Pickup_CustomerSection_AltPhoneNumberFieldLookup_Test" time="41.819"/>
  <testcase classname="com.hanapos.OrderEntry_Alais_PhoneOrderTest.Hana_T096_Pickup_CustomerSection_ClearCustomer_FT" name="Validate_Hana_T096_Pickup_CustomerSection_ClearCustomer_Test" time="47.295"/>
  <testcase classname="com.hanapos.OrderEntry_Alais_PhoneOrderTest.Hana_T101_Pickup_CustomerSection_Edit_Customer_CustomerDetails_CreditCard_AddNewCard_FT" name="Validate_Hana_T101_Pickup_CustomerSection_Edit_Customer_CustomerDetails_CreditCard_AddNewCard_Test" time="65.77"/>
  <testcase classname="com.hanapos.OrderEntry_Alais_PhoneOrderTest.Hana_T104_Pickup_CustomerSection_Edit_Customer_CustomerDetails_UnPaidInvoice_FT" name="Validate_Hana_T104_Pickup_CustomerSection_Edit_Customer_CustomerDetails_UnPaidInvoice_Test" time="131.512">
    <failure type="java.lang.AssertionError" message="The following asserts failed:
	Test Step - 20 - Success toast message text is not displayed on unpaid invoice tab in confirmation section at customer details popup on phone order page expected [Email Sent Successfully.] but found [Receipt Print Completed Successfully],
	Test Step - 21 - Unpaid invoice table is not displayed on unpaid invoice tab in customer details popup on phone order page expected [true] but found [false]">
      <![CDATA[java.lang.AssertionError: The following asserts failed:
Test Step - 20 - Success toast message text is not displayed on unpaid invoice tab in confirmation section at customer details popup on phone order page expected [Email Sent Successfully.] but found [Receipt Print Completed Successfully],
Test Step - 21 - Unpaid invoice table is not displayed on unpaid invoice tab in customer details popup on phone order page expected [true] but found [false]
at com.hanapos.OrderEntry_Alais_PhoneOrderTest.Hana_T104_Pickup_CustomerSection_Edit_Customer_CustomerDetails_UnPaidInvoice_FT.Validate_Hana_T104_Pickup_CustomerSection_Edit_Customer_CustomerDetails_UnPaidInvoice_Test(Hana_T104_Pickup_CustomerSection_Edit_Customer_CustomerDetails_UnPaidInvoice_FT.java:160)
at java.base/java.util.concurrent.Executors$RunnableAdapter.call(Executors.java:572)
at java.base/java.util.concurrent.FutureTask.run(FutureTask.java:317)
at java.base/java.util.concurrent.ThreadPoolExecutor.runWorker(ThreadPoolExecutor.java:1144)
at java.base/java.util.concurrent.ThreadPoolExecutor$Worker.run(ThreadPoolExecutor.java:642)
at java.base/java.lang.Thread.run(Thread.java:1583)
... Removed 13 stack frames]]>
    </failure>
  </testcase> <!-- Validate_Hana_T104_Pickup_CustomerSection_Edit_Customer_CustomerDetails_UnPaidInvoice_Test -->
  <testcase classname="com.hanapos.OrderEntry_Alais_PhoneOrderTest.Hana_T103_Pickup_CustomerSection_Edit_Customer_CustomerDetails_Preferences_FT" name="Validate_Hana_T103_Pickup_CustomerSection_Edit_Customer_CustomerDetails_Preferences_FT_Test" time="177.822">
    <failure type="java.lang.AssertionError" message="The following asserts failed:
	*** Test Step - 22 - Unwanted this confirmation alert is displayed ***,
	Test Step - 29 - Delivery fee of phone order page and customer details popup at preference tab updated delivery fee fields are not matched expected [30.00] but found [0.00]">
      <![CDATA[java.lang.AssertionError: The following asserts failed:
*** Test Step - 22 - Unwanted this confirmation alert is displayed ***,
Test Step - 29 - Delivery fee of phone order page and customer details popup at preference tab updated delivery fee fields are not matched expected [30.00] but found [0.00]
at com.hanapos.OrderEntry_Alais_PhoneOrderTest.Hana_T103_Pickup_CustomerSection_Edit_Customer_CustomerDetails_Preferences_FT.Validate_Hana_T103_Pickup_CustomerSection_Edit_Customer_CustomerDetails_Preferences_FT_Test(Hana_T103_Pickup_CustomerSection_Edit_Customer_CustomerDetails_Preferences_FT.java:250)
at java.base/java.util.concurrent.Executors$RunnableAdapter.call(Executors.java:572)
at java.base/java.util.concurrent.FutureTask.run(FutureTask.java:317)
at java.base/java.util.concurrent.ThreadPoolExecutor.runWorker(ThreadPoolExecutor.java:1144)
at java.base/java.util.concurrent.ThreadPoolExecutor$Worker.run(ThreadPoolExecutor.java:642)
at java.base/java.lang.Thread.run(Thread.java:1583)
... Removed 13 stack frames]]>
    </failure>
  </testcase> <!-- Validate_Hana_T103_Pickup_CustomerSection_Edit_Customer_CustomerDetails_Preferences_FT_Test -->
  <testcase classname="com.hanapos.OrderEntry_Alais_PhoneOrderTest.Hana_T105_Pickup_CustomerSection_Edit_Customer_CustomerDetails_UnPaidInvoice_Invoice_Search_Filter_FT" name="Validate_Hana_T105_Pickup_CustomerSection_Edit_Customer_CustomerDetails_UnPaidInvoice_Invoice_Search_Filter_Test" time="176.916">
    <failure type="java.lang.AssertionError" message="Test case failed due to exception no such element: Unable to locate element: {&amp;quot;method&amp;quot;:&amp;quot;xpath&amp;quot;,&amp;quot;selector&amp;quot;:&amp;quot;(//td[@class=&amp;apos;hana-cust-grid-row-fullview kendo-hana-invoice-column&amp;apos;])[1]&amp;quot;}
  (Session info: chrome=127.0.6533.72)
For documentation on this error, please visit: https://www.selenium.dev/documentation/webdriver/troubleshooting/errors#no-such-element-exception
Build info: version: &amp;apos;4.22.0&amp;apos;, revision: &amp;apos;c5f3146703*&amp;apos;
System info: os.name: &amp;apos;Windows 11&amp;apos;, os.arch: &amp;apos;amd64&amp;apos;, os.version: &amp;apos;10.0&amp;apos;, java.version: &amp;apos;21.0.2&amp;apos;
Driver info: org.openqa.selenium.chrome.ChromeDriver
Command: [f054101321fdecc86a271c55e059db8c, findElement {value=(//td[@class=&amp;apos;hana-cust-grid-row-fullview kendo-hana-invoice-column&amp;apos;])[1], using=xpath}]
Capabilities {acceptInsecureCerts: false, browserName: chrome, browserVersion: 127.0.6533.72, chrome: {chromedriverVersion: 127.0.6533.72 (9755e24ca85a..., userDataDir: C:\Users\Balaji\AppData\Loc...}, fedcm:accounts: true, goog:chromeOptions: {debuggerAddress: localhost:53216}, networkConnectionEnabled: false, pageLoadStrategy: normal, platformName: windows, proxy: Proxy(), se:cdp: ws://localhost:53216/devtoo..., se:cdpVersion: 127.0.6533.72, setWindowRect: true, strictFileInteractability: false, timeouts: {implicit: 0, pageLoad: 300000, script: 30000}, unhandledPromptBehavior: dismiss and notify, webauthn:extension:credBlob: true, webauthn:extension:largeBlob: true, webauthn:extension:minPinLength: true, webauthn:extension:prf: true, webauthn:virtualAuthenticators: true}
Session ID: f054101321fdecc86a271c55e059db8c">
      <![CDATA[java.lang.AssertionError: Test case failed due to exception no such element: Unable to locate element: {"method":"xpath","selector":"(//td[@class='hana-cust-grid-row-fullview kendo-hana-invoice-column'])[1]"}
  (Session info: chrome=127.0.6533.72)
For documentation on this error, please visit: https://www.selenium.dev/documentation/webdriver/troubleshooting/errors#no-such-element-exception
Build info: version: '4.22.0', revision: 'c5f3146703*'
System info: os.name: 'Windows 11', os.arch: 'amd64', os.version: '10.0', java.version: '21.0.2'
Driver info: org.openqa.selenium.chrome.ChromeDriver
Command: [f054101321fdecc86a271c55e059db8c, findElement {value=(//td[@class='hana-cust-grid-row-fullview kendo-hana-invoice-column'])[1], using=xpath}]
Capabilities {acceptInsecureCerts: false, browserName: chrome, browserVersion: 127.0.6533.72, chrome: {chromedriverVersion: 127.0.6533.72 (9755e24ca85a..., userDataDir: C:\Users\Balaji\AppData\Loc...}, fedcm:accounts: true, goog:chromeOptions: {debuggerAddress: localhost:53216}, networkConnectionEnabled: false, pageLoadStrategy: normal, platformName: windows, proxy: Proxy(), se:cdp: ws://localhost:53216/devtoo..., se:cdpVersion: 127.0.6533.72, setWindowRect: true, strictFileInteractability: false, timeouts: {implicit: 0, pageLoad: 300000, script: 30000}, unhandledPromptBehavior: dismiss and notify, webauthn:extension:credBlob: true, webauthn:extension:largeBlob: true, webauthn:extension:minPinLength: true, webauthn:extension:prf: true, webauthn:virtualAuthenticators: true}
Session ID: f054101321fdecc86a271c55e059db8c
at com.hanapos.OrderEntry_Alais_PhoneOrderTest.Hana_T105_Pickup_CustomerSection_Edit_Customer_CustomerDetails_UnPaidInvoice_Invoice_Search_Filter_FT.Validate_Hana_T105_Pickup_CustomerSection_Edit_Customer_CustomerDetails_UnPaidInvoice_Invoice_Search_Filter_Test(Hana_T105_Pickup_CustomerSection_Edit_Customer_CustomerDetails_UnPaidInvoice_Invoice_Search_Filter_FT.java:125)
at java.base/java.util.concurrent.Executors$RunnableAdapter.call(Executors.java:572)
at java.base/java.util.concurrent.FutureTask.run(FutureTask.java:317)
at java.base/java.util.concurrent.ThreadPoolExecutor.runWorker(ThreadPoolExecutor.java:1144)
at java.base/java.util.concurrent.ThreadPoolExecutor$Worker.run(ThreadPoolExecutor.java:642)
at java.base/java.lang.Thread.run(Thread.java:1583)
... Removed 12 stack frames]]>
    </failure>
  </testcase> <!-- Validate_Hana_T105_Pickup_CustomerSection_Edit_Customer_CustomerDetails_UnPaidInvoice_Invoice_Search_Filter_Test -->
  <testcase classname="com.hanapos.OrderEntry_Alais_PhoneOrderTest.Hana_T107_Pickup_CustomerSection_Edit_Customer_CustomerDetails_UnPaidInvoice_BalanceAmt_Search_Filter_FT" name="Validate_Hana_T107_Pickup_CustomerSection_Edit_Customer_CustomerDetails_UnPaidInvoice_BalanceAmt_Search_Filter_Test" time="63.51"/>
  <testcase classname="com.hanapos.OrderEntry_Alais_PhoneOrderTest.Hana_T108_Pickup_CustomerSection_Edit_Customer_CustomerDetails_UnPaidInvoice_ProductTotal_Search_Filter_FT" name="Validate_Hana_T108_Pickup_CustomerSection_Edit_Customer_CustomerDetails_UnPaidInvoice_ProductTotal_Search_Filter_Test" time="62.986"/>
  <testcase classname="com.hanapos.OrderEntry_Alais_PhoneOrderTest.Hana_T106_Pickup_CustomerSection_Edit_Customer_CustomerDetails_UnPaidInvoice_PaidAmount_Search_Filter_FT" name="Validate_Hana_T106_Pickup_CustomerSection_Edit_Customer_CustomerDetails_UnPaidInvoice_PaidAmount_Search_Filter_Test" time="131.508"/>
  <testcase classname="com.hanapos.OrderEntry_Alais_PhoneOrderTest.Hana_T109_Pickup_CustomerSection_Edit_Customer_CustomerDetails_UnPaidInvoice_Delivery_Search_Filter_FT" name="Validate_Hana_T109_Pickup_CustomerSection_Edit_Customer_CustomerDetails_UnPaidInvoice_Delivery_Search_Filter_Test" time="71.996"/>
  <testcase classname="com.hanapos.OrderEntry_Alais_PhoneOrderTest.Hana_T113_Pickup_CustomerSection_Edit_Customer_CustomerDetails_UnPaidInvoice_OrderDate_Search_Filter_FT" name="Validate_Hana_T113_Pickup_CustomerSection_Edit_Customer_CustomerDetails_UnPaidInvoice_OrderDate_Search_Filter_Test" time="72.067"/>
  <testcase classname="com.hanapos.OrderEntry_Alais_PhoneOrderTest.Hana_T112_Pickup_CustomerSection_Edit_Customer_CustomerDetails_UnPaidInvoice_Total_Search_Filter_FT" name="Validate_Hana_T112_Pickup_CustomerSection_Edit_Customer_CustomerDetails_UnPaidInvoice_Total_Search_Filter_Test" time="126.428"/>
  <testcase classname="com.hanapos.OrderEntry_Alais_PhoneOrderTest.Hana_T114_Pickup_CustomerSection_Edit_Customer_CustomerDetails_UnPaidInvoice_DeliveryDate_Search_Filter_FT" name="Validate_Hana_T114_Pickup_CustomerSection_Edit_Customer_CustomerDetails_UnPaidInvoice_DeliveryDate_Search_Filter_Test" time="69.612"/>
  <testcase classname="com.hanapos.OrderEntry_Alais_PhoneOrderTest.Hana_T116_Pickup_CustomerSection_Edit_Customer_CustomerDetails_UnPaidInvoice_Pagination_FT" name="Validate_Hana_T116_Pickup_CustomerSection_Edit_Customer_CustomerDetails_UnPaidInvoice_Pagination_Functionality_Test" time="69.501"/>
  <testcase classname="com.hanapos.OrderEntry_Alais_PhoneOrderTest.Hana_T115_Pickup_CustomerSection_Edit_Customer_CustomerDetails_UnPaidInvoice_Sorting_FT" name="Validate_Hana_T115_Pickup_CustomerSection_Edit_Customer_CustomerDetails_UnPaidInvoice_Sorting_Test" time="114.92"/>
  <testcase classname="com.hanapos.OrderEntry_Alais_PhoneOrderTest.Hana_T118_Pickup_CustomerSection_Edit_Customer_CustomerDetails_UnPaidInvoice_ExportToExcel_FT" name="Validate_Hana_T118_Pickup_CustomerSection_Edit_Customer_CustomerDetails_UnPaidInvoice_ExportToExcel_Functionality_Test" time="48.467"/>
  <testcase classname="com.hanapos.OrderEntry_Alais_PhoneOrderTest.Hana_T110_Pickup_CustomerSection_Edit_Customer_CustomerDetails_UnPaidInvoice_Tax_Search_Filter_FT" name="Validate_Hana_T110_Pickup_CustomerSection_Edit_Customer_CustomerDetails_UnPaidInvoice_Tax_Search_Filter_Test" time="322.11">
    <failure type="java.lang.AssertionError" message="The following asserts failed:
	Test Step - 10 - Confirmation popup is not displayed on phone order page expected [true] but found [false]">
      <![CDATA[java.lang.AssertionError: The following asserts failed:
Test Step - 10 - Confirmation popup is not displayed on phone order page expected [true] but found [false]
at com.hanapos.OrderEntry_Alais_PhoneOrderTest.Hana_T110_Pickup_CustomerSection_Edit_Customer_CustomerDetails_UnPaidInvoice_Tax_Search_Filter_FT.Validate_Hana_T110_Pickup_CustomerSection_Edit_Customer_CustomerDetails_UnPaidInvoice_Tax_Search_Filter_Test(Hana_T110_Pickup_CustomerSection_Edit_Customer_CustomerDetails_UnPaidInvoice_Tax_Search_Filter_FT.java:161)
at java.base/java.util.concurrent.Executors$RunnableAdapter.call(Executors.java:572)
at java.base/java.util.concurrent.FutureTask.run(FutureTask.java:317)
at java.base/java.util.concurrent.ThreadPoolExecutor.runWorker(ThreadPoolExecutor.java:1144)
at java.base/java.util.concurrent.ThreadPoolExecutor$Worker.run(ThreadPoolExecutor.java:642)
at java.base/java.lang.Thread.run(Thread.java:1583)
... Removed 13 stack frames]]>
    </failure>
  </testcase> <!-- Validate_Hana_T110_Pickup_CustomerSection_Edit_Customer_CustomerDetails_UnPaidInvoice_Tax_Search_Filter_Test -->
  <testcase classname="com.hanapos.OrderEntry_Alais_PhoneOrderTest.Hana_T117_Pickup_CustomerSection_Edit_Customer_CustomerDetails_UnPaidInvoice_ColumnReorder_FT" name="Validate_Hana_T117_Pickup_CustomerSection_Edit_Customer_CustomerDetails_UnPaidInvoice_ColumnReorder_Functionality_Test" time="75.804"/>
  <testcase classname="com.hanapos.OrderEntry_Alais_PhoneOrderTest.Hana_T119_Pickup_CustomerSection_Edit_Customer_CustomerDetails_PaymentDetails_ExportToExcel_FT" name="Validate_Hana_T119_Pickup_CustomerSection_Edit_Customer_CustomerDetails_PaymentDetails_ExportToExcel_Functionality_Test" time="55.762"/>
  <testcase classname="com.hanapos.OrderEntry_Alais_PhoneOrderTest.Hana_T120_Pickup_CustomerSection_Edit_Customer_CustomerDetails_PaymentDetails_InvoiceSearchFilter_FT" name="Validate_Hana_T120_Pickup_CustomerSection_Edit_Customer_CustomerDetails_PaymentDetails_InvoiceSearchFilter_FunctionalityTest" time="61.878"/>
  <testcase classname="com.hanapos.OrderEntry_Alais_PhoneOrderTest.Hana_T121_Pickup_CustomerSection_Edit_Customer_CustomerDetails_PaymentDetails_PaymentAmountSearchFilter_FT" name="Validate_Hana_T121_Pickup_CustomerSection_Edit_Customer_CustomerDetails_PaymentDetails_PaymentAmountSearchFilter_Functionality_Test" time="63.473"/>
  <testcase classname="com.hanapos.OrderEntry_Alais_PhoneOrderTest.Hana_T122_Pickup_CustomerSection_Edit_Customer_CustomerDetails_PaymentDetails_Pay_Date_Search_Filter_FT" name="Validate_Hana_T122_Pickup_CustomerSection_Edit_Customer_CustomerDetails_PaymentDetails_Pay_Date_Search_Filter_Functionality_Test" time="57.215">
    <failure type="java.lang.AssertionError" message="The following asserts failed:
	null">
      <![CDATA[java.lang.AssertionError: The following asserts failed:
null
at com.hanapos.OrderEntry_Alais_PhoneOrderTest.Hana_T122_Pickup_CustomerSection_Edit_Customer_CustomerDetails_PaymentDetails_Pay_Date_Search_Filter_FT.Validate_Hana_T122_Pickup_CustomerSection_Edit_Customer_CustomerDetails_PaymentDetails_Pay_Date_Search_Filter_Functionality_Test(Hana_T122_Pickup_CustomerSection_Edit_Customer_CustomerDetails_PaymentDetails_Pay_Date_Search_Filter_FT.java:169)
at java.base/java.util.concurrent.Executors$RunnableAdapter.call(Executors.java:572)
at java.base/java.util.concurrent.FutureTask.run(FutureTask.java:317)
at java.base/java.util.concurrent.ThreadPoolExecutor.runWorker(ThreadPoolExecutor.java:1144)
at java.base/java.util.concurrent.ThreadPoolExecutor$Worker.run(ThreadPoolExecutor.java:642)
at java.base/java.lang.Thread.run(Thread.java:1583)
... Removed 13 stack frames]]>
    </failure>
  </testcase> <!-- Validate_Hana_T122_Pickup_CustomerSection_Edit_Customer_CustomerDetails_PaymentDetails_Pay_Date_Search_Filter_Functionality_Test -->
  <testcase classname="com.hanapos.OrderEntry_Alais_PhoneOrderTest.Hana_T123_Pickup_CustomerSection_Edit_Customer_CustomerDetails_PaymentDetails_MOPSearchFilter_FT" name="Validate_Hana_T123_Pickup_CustomerSection_Edit_Customer_CustomerDetails_PaymentDetails_MOPSearchFilter_FT_Functionality_Test" time="70.294"/>
  <testcase classname="com.hanapos.OrderEntry_Alais_PhoneOrderTest.Hana_T124_Pickup_CustomerSection_Edit_Customer_CustomerDetails_PaymentDetails_CheckNo_SearchFilter_FT" name="Validate_Hana_T124_Pickup_CustomerSection_Edit_Customer_CustomerDetails_PaymentDetails_CheckNo_SearchFilter_Functionality_Test" time="64.047"/>
  <testcase classname="com.hanapos.OrderEntry_Alais_PhoneOrderTest.Hana_T126_Pickup_CustomerSection_Edit_Customer_CustomerDetails_PaymentDetails_Pagination_FT" name="Validate_Hana_T126_Pickup_CustomerSection_Edit_Customer_CustomerDetails_PaymentDetails_Pagination_Functionality_Test" time="66.853"/>
  <testcase classname="com.hanapos.OrderEntry_Alais_PhoneOrderTest.Hana_T125_Pickup_CustomerSection_Edit_Customer_CustomerDetails_PaymentDetails_CCNumber_SearchFilter_FT" name="Validate_Hana_T125_Pickup_CustomerSection_Edit_Customer_CustomerDetails_PaymentDetails_CCNumber_SearchFilter_Functionality_Test" time="120.187">
    <failure type="java.lang.AssertionError" message="The following asserts failed:
	Test Step - 10 - Entered Credit Card number is not displayed on the payment details tab at customer details popup expected [true] but found [false],
	Test Step - 12 - Entered Credit Card number is not displayed on the payment details tab at customer details popup expected [true] but found [false]">
      <![CDATA[java.lang.AssertionError: The following asserts failed:
Test Step - 10 - Entered Credit Card number is not displayed on the payment details tab at customer details popup expected [true] but found [false],
Test Step - 12 - Entered Credit Card number is not displayed on the payment details tab at customer details popup expected [true] but found [false]
at com.hanapos.OrderEntry_Alais_PhoneOrderTest.Hana_T125_Pickup_CustomerSection_Edit_Customer_CustomerDetails_PaymentDetails_CCNumber_SearchFilter_FT.Validate_Hana_T125_Pickup_CustomerSection_Edit_Customer_CustomerDetails_PaymentDetails_CCNumber_SearchFilter_Functionality_Test(Hana_T125_Pickup_CustomerSection_Edit_Customer_CustomerDetails_PaymentDetails_CCNumber_SearchFilter_FT.java:114)
at java.base/java.util.concurrent.Executors$RunnableAdapter.call(Executors.java:572)
at java.base/java.util.concurrent.FutureTask.run(FutureTask.java:317)
at java.base/java.util.concurrent.ThreadPoolExecutor.runWorker(ThreadPoolExecutor.java:1144)
at java.base/java.util.concurrent.ThreadPoolExecutor$Worker.run(ThreadPoolExecutor.java:642)
at java.base/java.lang.Thread.run(Thread.java:1583)
... Removed 13 stack frames]]>
    </failure>
  </testcase> <!-- Validate_Hana_T125_Pickup_CustomerSection_Edit_Customer_CustomerDetails_PaymentDetails_CCNumber_SearchFilter_Functionality_Test -->
  <testcase classname="com.hanapos.OrderEntry_Alais_PhoneOrderTest.Hana_T127_Pickup_CustomerSection_Edit_Customer_CustomerDetails_PaymentDetails_Sorting_FT" name="Validate_Hana_T127_Pickup_CustomerSection_Edit_Customer_CustomerDetails_PaymentDetails_Sorting_Functionality_Test" time="109.767"/>
  <testcase classname="com.hanapos.OrderEntry_Alais_PhoneOrderTest.Hana_T098_Pickup_CustomerSection_Edit_Customer_CustomerDetails_FT" name="Validate_Pickup_CustomerSection_Edit_Customer_CustomerDetails_Test" time="193.882">
    <failure type="java.lang.AssertionError" message="The following asserts failed:
	Test Step - 19 - Item description is not displayed on phone order page product details section expected [Red Rose Deluxe] but found [],
	Test Step - 19 - Item price is not displayed on phone order page product details section expected [309.00] but found [0.00]">
      <![CDATA[java.lang.AssertionError: The following asserts failed:
Test Step - 19 - Item description is not displayed on phone order page product details section expected [Red Rose Deluxe] but found [],
Test Step - 19 - Item price is not displayed on phone order page product details section expected [309.00] but found [0.00]
at com.hanapos.OrderEntry_Alais_PhoneOrderTest.Hana_T098_Pickup_CustomerSection_Edit_Customer_CustomerDetails_FT.Validate_Pickup_CustomerSection_Edit_Customer_CustomerDetails_Test(Hana_T098_Pickup_CustomerSection_Edit_Customer_CustomerDetails_FT.java:328)
at java.base/java.util.concurrent.Executors$RunnableAdapter.call(Executors.java:572)
at java.base/java.util.concurrent.FutureTask.run(FutureTask.java:317)
at java.base/java.util.concurrent.ThreadPoolExecutor.runWorker(ThreadPoolExecutor.java:1144)
at java.base/java.util.concurrent.ThreadPoolExecutor$Worker.run(ThreadPoolExecutor.java:642)
at java.base/java.lang.Thread.run(Thread.java:1583)
... Removed 13 stack frames]]>
    </failure>
  </testcase> <!-- Validate_Pickup_CustomerSection_Edit_Customer_CustomerDetails_Test -->
  <testcase classname="com.hanapos.seleniumProjectBase.TestBaseClass" name="@BeforeSuite loadConfig" time="0.0">
    <ignored/>
  </testcase> <!-- @BeforeSuite loadConfig -->
  <testcase classname="com.hanapos.seleniumProjectBase.TestBaseClass" name="@BeforeSuite loadConfig" time="0.0">
    <ignored/>
  </testcase> <!-- @BeforeSuite loadConfig -->
  <testcase classname="com.hanapos.seleniumProjectBase.TestBaseClass" name="@BeforeSuite loadConfig" time="0.0">
    <ignored/>
  </testcase> <!-- @BeforeSuite loadConfig -->
  <testcase classname="com.hanapos.seleniumProjectBase.TestBaseClass" name="@BeforeSuite loadConfig" time="0.0">
    <ignored/>
  </testcase> <!-- @BeforeSuite loadConfig -->
  <testcase classname="com.hanapos.seleniumProjectBase.TestBaseClass" name="@BeforeSuite loadConfig" time="0.0">
    <ignored/>
  </testcase> <!-- @BeforeSuite loadConfig -->
  <testcase classname="com.hanapos.seleniumProjectBase.TestBaseClass" name="@BeforeSuite loadConfig" time="0.0">
    <ignored/>
  </testcase> <!-- @BeforeSuite loadConfig -->
  <testcase classname="com.hanapos.seleniumProjectBase.TestBaseClass" name="@BeforeSuite loadConfig" time="0.0">
    <ignored/>
  </testcase> <!-- @BeforeSuite loadConfig -->
  <testcase classname="com.hanapos.seleniumProjectBase.TestBaseClass" name="@BeforeSuite loadConfig" time="0.0">
    <ignored/>
  </testcase> <!-- @BeforeSuite loadConfig -->
  <testcase classname="com.hanapos.seleniumProjectBase.TestBaseClass" name="@BeforeSuite loadConfig" time="0.0">
    <ignored/>
  </testcase> <!-- @BeforeSuite loadConfig -->
  <testcase classname="com.hanapos.seleniumProjectBase.TestBaseClass" name="@BeforeSuite loadConfig" time="0.0">
    <ignored/>
  </testcase> <!-- @BeforeSuite loadConfig -->
  <testcase classname="com.hanapos.seleniumProjectBase.TestBaseClass" name="@BeforeSuite loadConfig" time="0.0">
    <ignored/>
  </testcase> <!-- @BeforeSuite loadConfig -->
  <testcase classname="com.hanapos.seleniumProjectBase.TestBaseClass" name="@BeforeSuite loadConfig" time="0.0">
    <ignored/>
  </testcase> <!-- @BeforeSuite loadConfig -->
  <testcase classname="com.hanapos.seleniumProjectBase.TestBaseClass" name="@BeforeSuite loadConfig" time="0.0">
    <ignored/>
  </testcase> <!-- @BeforeSuite loadConfig -->
  <testcase classname="com.hanapos.seleniumProjectBase.TestBaseClass" name="@BeforeSuite loadConfig" time="0.0">
    <ignored/>
  </testcase> <!-- @BeforeSuite loadConfig -->
  <testcase classname="com.hanapos.seleniumProjectBase.TestBaseClass" name="@BeforeSuite loadConfig" time="0.0">
    <ignored/>
  </testcase> <!-- @BeforeSuite loadConfig -->
  <testcase classname="com.hanapos.seleniumProjectBase.TestBaseClass" name="@BeforeSuite loadConfig" time="0.0">
    <ignored/>
  </testcase> <!-- @BeforeSuite loadConfig -->
  <testcase classname="com.hanapos.seleniumProjectBase.TestBaseClass" name="@BeforeSuite loadConfig" time="0.0">
    <ignored/>
  </testcase> <!-- @BeforeSuite loadConfig -->
  <testcase classname="com.hanapos.seleniumProjectBase.TestBaseClass" name="@BeforeSuite loadConfig" time="0.0">
    <ignored/>
  </testcase> <!-- @BeforeSuite loadConfig -->
  <testcase classname="com.hanapos.seleniumProjectBase.TestBaseClass" name="@BeforeSuite loadConfig" time="0.0">
    <ignored/>
  </testcase> <!-- @BeforeSuite loadConfig -->
  <testcase classname="com.hanapos.seleniumProjectBase.TestBaseClass" name="@BeforeSuite loadConfig" time="0.0">
    <ignored/>
  </testcase> <!-- @BeforeSuite loadConfig -->
  <testcase classname="com.hanapos.seleniumProjectBase.TestBaseClass" name="@BeforeSuite loadConfig" time="0.0">
    <ignored/>
  </testcase> <!-- @BeforeSuite loadConfig -->
  <testcase classname="com.hanapos.seleniumProjectBase.TestBaseClass" name="@BeforeSuite loadConfig" time="0.0">
    <ignored/>
  </testcase> <!-- @BeforeSuite loadConfig -->
  <testcase classname="com.hanapos.seleniumProjectBase.TestBaseClass" name="@BeforeSuite loadConfig" time="0.0">
    <ignored/>
  </testcase> <!-- @BeforeSuite loadConfig -->
  <testcase classname="com.hanapos.seleniumProjectBase.TestBaseClass" name="@BeforeSuite loadConfig" time="0.0">
    <ignored/>
  </testcase> <!-- @BeforeSuite loadConfig -->
  <testcase classname="com.hanapos.seleniumProjectBase.TestBaseClass" name="@BeforeSuite loadConfig" time="0.0">
    <ignored/>
  </testcase> <!-- @BeforeSuite loadConfig -->
  <testcase classname="com.hanapos.seleniumProjectBase.TestBaseClass" name="@BeforeSuite loadConfig" time="0.0">
    <ignored/>
  </testcase> <!-- @BeforeSuite loadConfig -->
  <testcase classname="com.hanapos.seleniumProjectBase.TestBaseClass" name="@BeforeSuite loadConfig" time="0.0">
    <ignored/>
  </testcase> <!-- @BeforeSuite loadConfig -->
  <testcase classname="com.hanapos.seleniumProjectBase.TestBaseClass" name="@BeforeSuite loadConfig" time="0.0">
    <ignored/>
  </testcase> <!-- @BeforeSuite loadConfig -->
  <testcase classname="com.hanapos.seleniumProjectBase.TestBaseClass" name="@BeforeSuite loadConfig" time="0.0">
    <ignored/>
  </testcase> <!-- @BeforeSuite loadConfig -->
  <testcase classname="com.hanapos.seleniumProjectBase.TestBaseClass" name="@BeforeSuite loadConfig" time="0.0">
    <ignored/>
  </testcase> <!-- @BeforeSuite loadConfig -->
  <testcase classname="com.hanapos.seleniumProjectBase.TestBaseClass" name="@BeforeSuite loadConfig" time="0.0">
    <ignored/>
  </testcase> <!-- @BeforeSuite loadConfig -->
  <testcase classname="com.hanapos.seleniumProjectBase.TestBaseClass" name="@BeforeSuite loadConfig" time="0.0">
    <ignored/>
  </testcase> <!-- @BeforeSuite loadConfig -->
  <testcase classname="com.hanapos.seleniumProjectBase.TestBaseClass" name="@BeforeSuite loadConfig" time="0.0">
    <ignored/>
  </testcase> <!-- @BeforeSuite loadConfig -->
  <testcase classname="com.hanapos.seleniumProjectBase.TestBaseClass" name="@BeforeSuite loadConfig" time="0.0">
    <ignored/>
  </testcase> <!-- @BeforeSuite loadConfig -->
  <testcase classname="com.hanapos.seleniumProjectBase.TestBaseClass" name="@BeforeSuite loadConfig" time="0.0">
    <ignored/>
  </testcase> <!-- @BeforeSuite loadConfig -->
</testsuite> <!-- Phone Order Functionality Test -->
