<?xml version="1.0" encoding="UTF-8"?>
<!-- Generated by org.testng.reporters.JUnitXMLReporter -->
<testsuite ignored="93" hostname="DESKTOP-JEHOL2V" failures="9" tests="18" name="CashAndCarryFunctionalTest" time="3604.39" errors="0" timestamp="2024-08-09T15:11:22 IST">
  <testcase classname="com.hanapos.cashandcarrytest.Hana_T14_Add_Product_FT" name="Validate_Hana_T14_Add_Product_Test" time="59.4"/>
  <testcase classname="com.hanapos.cashandcarrytest.Hana_T15_Edit_Product_FT" name="Validate_Hana_T15_Edit_Product_Test" time="347.723">
    <failure type="java.lang.AssertionError" message="The following asserts failed:
	Test Step:12 - Cash And Carry page is not displayed expected [true] but found [false],
	Test Step:13 - Item code is not matched expected [ballonsYY] but found [],
	Test Step:13 - Item description is not matched expected [Ballons small] but found [],
	Test Step:13 - Item quantity is not matched expected [1] but found [],
	Test Step:13 - Item extended price is not matched expected [$40.00] but found [],
	Test Step:13 - Item price is not matched expected [$40.00] but found [],
	Test Step:13 - Item discount amount is not matched expected [$ 0.00] but found [],
	Test Step:13 - Item discount percentage is not matched expected [0.00] but found []">
      <![CDATA[java.lang.AssertionError: The following asserts failed:
Test Step:12 - Cash And Carry page is not displayed expected [true] but found [false],
Test Step:13 - Item code is not matched expected [ballonsYY] but found [],
Test Step:13 - Item description is not matched expected [Ballons small] but found [],
Test Step:13 - Item quantity is not matched expected [1] but found [],
Test Step:13 - Item extended price is not matched expected [$40.00] but found [],
Test Step:13 - Item price is not matched expected [$40.00] but found [],
Test Step:13 - Item discount amount is not matched expected [$ 0.00] but found [],
Test Step:13 - Item discount percentage is not matched expected [0.00] but found []
at org.testng.asserts.SoftAssert.assertAll(SoftAssert.java:46)
at org.testng.asserts.SoftAssert.assertAll(SoftAssert.java:30)
at com.hanapos.cashandcarrytest.Hana_T15_Edit_Product_FT.Validate_Hana_T15_Edit_Product_Test(Hana_T15_Edit_Product_FT.java:276)
at java.base/jdk.internal.reflect.DirectMethodHandleAccessor.invoke(DirectMethodHandleAccessor.java:103)
at java.base/java.lang.reflect.Method.invoke(Method.java:580)
at org.testng.internal.invokers.MethodInvocationHelper.invokeMethod(MethodInvocationHelper.java:141)
at org.testng.internal.invokers.TestInvoker.invokeMethod(TestInvoker.java:686)
at org.testng.internal.invokers.TestInvoker.invokeTestMethod(TestInvoker.java:230)
at org.testng.internal.invokers.MethodRunner.runInSequence(MethodRunner.java:63)
at org.testng.internal.invokers.TestInvoker$MethodInvocationAgent.invoke(TestInvoker.java:992)
at org.testng.internal.invokers.TestInvoker.invokeTestMethods(TestInvoker.java:203)
at org.testng.internal.invokers.TestMethodWorker.invokeTestMethods(TestMethodWorker.java:154)
at org.testng.internal.invokers.TestMethodWorker.run(TestMethodWorker.java:134)
at java.base/java.util.ArrayList.forEach(ArrayList.java:1596)
at org.testng.TestRunner.privateRun(TestRunner.java:739)
at org.testng.TestRunner.run(TestRunner.java:614)
at org.testng.SuiteRunner.runTest(SuiteRunner.java:421)
at org.testng.SuiteRunner.runSequentially(SuiteRunner.java:413)
at org.testng.SuiteRunner.privateRun(SuiteRunner.java:373)
at org.testng.SuiteRunner.run(SuiteRunner.java:312)
at org.testng.SuiteRunnerWorker.runSuite(SuiteRunnerWorker.java:52)
at org.testng.SuiteRunnerWorker.run(SuiteRunnerWorker.java:95)
at org.testng.TestNG.runSuitesSequentially(TestNG.java:1274)
at org.testng.TestNG.runSuitesLocally(TestNG.java:1208)
at org.testng.TestNG.runSuites(TestNG.java:1112)
at org.testng.TestNG.run(TestNG.java:1079)
at org.testng.remote.AbstractRemoteTestNG.run(AbstractRemoteTestNG.java:115)
at org.testng.remote.RemoteTestNG.initAndRun(RemoteTestNG.java:293)
at org.testng.remote.RemoteTestNG.main(RemoteTestNG.java:91)
]]>
    </failure>
  </testcase> <!-- Validate_Hana_T15_Edit_Product_Test -->
  <testcase classname="com.hanapos.cashandcarrytest.Hana_T16_Delete_Product_FT" name="Validate_Hana_T16_Delete_Product_Test" time="251.695"/>
  <testcase classname="com.hanapos.cashandcarrytest.Hana_T18_OrderConfirmationPopup_FT" name="Validate_Hana_T18_Order_Confirmation_Popup_Test" time="54.772">
    <failure type="java.lang.AssertionError" message="The following asserts failed:
	******Test Failed: SMS Phone number is not autopopulated from customer details****** expected [9566550756] but found []">
      <![CDATA[java.lang.AssertionError: The following asserts failed:
******Test Failed: SMS Phone number is not autopopulated from customer details****** expected [9566550756] but found []
at org.testng.asserts.SoftAssert.assertAll(SoftAssert.java:46)
at org.testng.asserts.SoftAssert.assertAll(SoftAssert.java:30)
at com.hanapos.cashandcarrytest.Hana_T18_OrderConfirmationPopup_FT.Validate_Hana_T18_Order_Confirmation_Popup_Test(Hana_T18_OrderConfirmationPopup_FT.java:179)
at java.base/jdk.internal.reflect.DirectMethodHandleAccessor.invoke(DirectMethodHandleAccessor.java:103)
at java.base/java.lang.reflect.Method.invoke(Method.java:580)
at org.testng.internal.invokers.MethodInvocationHelper.invokeMethod(MethodInvocationHelper.java:141)
at org.testng.internal.invokers.TestInvoker.invokeMethod(TestInvoker.java:686)
at org.testng.internal.invokers.TestInvoker.invokeTestMethod(TestInvoker.java:230)
at org.testng.internal.invokers.MethodRunner.runInSequence(MethodRunner.java:63)
at org.testng.internal.invokers.TestInvoker$MethodInvocationAgent.invoke(TestInvoker.java:992)
at org.testng.internal.invokers.TestInvoker.invokeTestMethods(TestInvoker.java:203)
at org.testng.internal.invokers.TestMethodWorker.invokeTestMethods(TestMethodWorker.java:154)
at org.testng.internal.invokers.TestMethodWorker.run(TestMethodWorker.java:134)
at java.base/java.util.ArrayList.forEach(ArrayList.java:1596)
at org.testng.TestRunner.privateRun(TestRunner.java:739)
at org.testng.TestRunner.run(TestRunner.java:614)
at org.testng.SuiteRunner.runTest(SuiteRunner.java:421)
at org.testng.SuiteRunner.runSequentially(SuiteRunner.java:413)
at org.testng.SuiteRunner.privateRun(SuiteRunner.java:373)
at org.testng.SuiteRunner.run(SuiteRunner.java:312)
at org.testng.SuiteRunnerWorker.runSuite(SuiteRunnerWorker.java:52)
at org.testng.SuiteRunnerWorker.run(SuiteRunnerWorker.java:95)
at org.testng.TestNG.runSuitesSequentially(TestNG.java:1274)
at org.testng.TestNG.runSuitesLocally(TestNG.java:1208)
at org.testng.TestNG.runSuites(TestNG.java:1112)
at org.testng.TestNG.run(TestNG.java:1079)
at org.testng.remote.AbstractRemoteTestNG.run(AbstractRemoteTestNG.java:115)
at org.testng.remote.RemoteTestNG.initAndRun(RemoteTestNG.java:293)
at org.testng.remote.RemoteTestNG.main(RemoteTestNG.java:91)
]]>
    </failure>
  </testcase> <!-- Validate_Hana_T18_Order_Confirmation_Popup_Test -->
  <testcase classname="com.hanapos.cashandcarrytest.Hana_T28_Gift_Card_FT" name="Validate_Hana_T28_GiftCard_Functionality_Test" time="86.388"/>
  <testcase classname="com.hanapos.cashandcarrytest.Hana_T33_Purchase_Product_With_Coupon_FT" name="Validate_Hana_T33_Purchase_Product_With_Coupon_Test" time="61.467">
    <failure type="java.lang.AssertionError" message="no such element: Unable to locate element: {&amp;quot;method&amp;quot;:&amp;quot;xpath&amp;quot;,&amp;quot;selector&amp;quot;:&amp;quot;(//div[@class=&amp;apos;col-md-6 col-sm-5 col-xs-6 BoldText text-right hidetax&amp;apos;])[1]//span&amp;quot;}
  (Session info: chrome=127.0.6533.100)
For documentation on this error, please visit: https://www.selenium.dev/documentation/webdriver/troubleshooting/errors#no-such-element-exception
Build info: version: &amp;apos;4.22.0&amp;apos;, revision: &amp;apos;c5f3146703*&amp;apos;
System info: os.name: &amp;apos;Windows 11&amp;apos;, os.arch: &amp;apos;amd64&amp;apos;, os.version: &amp;apos;10.0&amp;apos;, java.version: &amp;apos;21.0.2&amp;apos;
Driver info: org.openqa.selenium.chrome.ChromeDriver
Command: [a53ba92603c2e4376bebc60f6e60a3d3, findElement {using=xpath, value=(//div[@class=&amp;apos;col-md-6 col-sm-5 col-xs-6 BoldText text-right hidetax&amp;apos;])[1]//span}]
Capabilities {acceptInsecureCerts: false, browserName: chrome, browserVersion: 127.0.6533.100, chrome: {chromedriverVersion: 127.0.6533.99 (f31af5097d90..., userDataDir: C:\Users\Balaji\AppData\Loc...}, fedcm:accounts: true, goog:chromeOptions: {debuggerAddress: localhost:54027}, networkConnectionEnabled: false, pageLoadStrategy: normal, platformName: windows, proxy: Proxy(), se:cdp: ws://localhost:54027/devtoo..., se:cdpVersion: 127.0.6533.100, setWindowRect: true, strictFileInteractability: false, timeouts: {implicit: 0, pageLoad: 300000, script: 30000}, unhandledPromptBehavior: dismiss and notify, webauthn:extension:credBlob: true, webauthn:extension:largeBlob: true, webauthn:extension:minPinLength: true, webauthn:extension:prf: true, webauthn:virtualAuthenticators: true}
Session ID: a53ba92603c2e4376bebc60f6e60a3d3">
      <![CDATA[java.lang.AssertionError: no such element: Unable to locate element: {"method":"xpath","selector":"(//div[@class='col-md-6 col-sm-5 col-xs-6 BoldText text-right hidetax'])[1]//span"}
  (Session info: chrome=127.0.6533.100)
For documentation on this error, please visit: https://www.selenium.dev/documentation/webdriver/troubleshooting/errors#no-such-element-exception
Build info: version: '4.22.0', revision: 'c5f3146703*'
System info: os.name: 'Windows 11', os.arch: 'amd64', os.version: '10.0', java.version: '21.0.2'
Driver info: org.openqa.selenium.chrome.ChromeDriver
Command: [a53ba92603c2e4376bebc60f6e60a3d3, findElement {using=xpath, value=(//div[@class='col-md-6 col-sm-5 col-xs-6 BoldText text-right hidetax'])[1]//span}]
Capabilities {acceptInsecureCerts: false, browserName: chrome, browserVersion: 127.0.6533.100, chrome: {chromedriverVersion: 127.0.6533.99 (f31af5097d90..., userDataDir: C:\Users\Balaji\AppData\Loc...}, fedcm:accounts: true, goog:chromeOptions: {debuggerAddress: localhost:54027}, networkConnectionEnabled: false, pageLoadStrategy: normal, platformName: windows, proxy: Proxy(), se:cdp: ws://localhost:54027/devtoo..., se:cdpVersion: 127.0.6533.100, setWindowRect: true, strictFileInteractability: false, timeouts: {implicit: 0, pageLoad: 300000, script: 30000}, unhandledPromptBehavior: dismiss and notify, webauthn:extension:credBlob: true, webauthn:extension:largeBlob: true, webauthn:extension:minPinLength: true, webauthn:extension:prf: true, webauthn:virtualAuthenticators: true}
Session ID: a53ba92603c2e4376bebc60f6e60a3d3
at org.testng.Assert.fail(Assert.java:111)
at com.hanapos.cashandcarrytest.Hana_T33_Purchase_Product_With_Coupon_FT.Validate_Hana_T33_Purchase_Product_With_Coupon_Test(Hana_T33_Purchase_Product_With_Coupon_FT.java:179)
at java.base/jdk.internal.reflect.DirectMethodHandleAccessor.invoke(DirectMethodHandleAccessor.java:103)
at java.base/java.lang.reflect.Method.invoke(Method.java:580)
at org.testng.internal.invokers.MethodInvocationHelper.invokeMethod(MethodInvocationHelper.java:141)
at org.testng.internal.invokers.TestInvoker.invokeMethod(TestInvoker.java:686)
at org.testng.internal.invokers.TestInvoker.invokeTestMethod(TestInvoker.java:230)
at org.testng.internal.invokers.MethodRunner.runInSequence(MethodRunner.java:63)
at org.testng.internal.invokers.TestInvoker$MethodInvocationAgent.invoke(TestInvoker.java:992)
at org.testng.internal.invokers.TestInvoker.invokeTestMethods(TestInvoker.java:203)
at org.testng.internal.invokers.TestMethodWorker.invokeTestMethods(TestMethodWorker.java:154)
at org.testng.internal.invokers.TestMethodWorker.run(TestMethodWorker.java:134)
at java.base/java.util.ArrayList.forEach(ArrayList.java:1596)
at org.testng.TestRunner.privateRun(TestRunner.java:739)
at org.testng.TestRunner.run(TestRunner.java:614)
at org.testng.SuiteRunner.runTest(SuiteRunner.java:421)
at org.testng.SuiteRunner.runSequentially(SuiteRunner.java:413)
at org.testng.SuiteRunner.privateRun(SuiteRunner.java:373)
at org.testng.SuiteRunner.run(SuiteRunner.java:312)
at org.testng.SuiteRunnerWorker.runSuite(SuiteRunnerWorker.java:52)
at org.testng.SuiteRunnerWorker.run(SuiteRunnerWorker.java:95)
at org.testng.TestNG.runSuitesSequentially(TestNG.java:1274)
at org.testng.TestNG.runSuitesLocally(TestNG.java:1208)
at org.testng.TestNG.runSuites(TestNG.java:1112)
at org.testng.TestNG.run(TestNG.java:1079)
at org.testng.remote.AbstractRemoteTestNG.run(AbstractRemoteTestNG.java:115)
at org.testng.remote.RemoteTestNG.initAndRun(RemoteTestNG.java:293)
at org.testng.remote.RemoteTestNG.main(RemoteTestNG.java:91)
]]>
    </failure>
  </testcase> <!-- Validate_Hana_T33_Purchase_Product_With_Coupon_Test -->
  <testcase classname="com.hanapos.cashandcarrytest.Hana_T37_Add_New_Customer_FT" name="Validate_Hana_T37_Add_New_Customer_Test" time="353.1"/>
  <testcase classname="com.hanapos.cashandcarrytest.Hana_T43_Payments_Split_Payment_FT" name="Validate_Hana_T43_Payments_Split_Payment_Test" time="172.985">
    <failure type="java.lang.AssertionError" message="The following asserts failed:
	***Credit card present toogle button is not displayed***,
	Grand total amount is not calculated correctly expected [344.60] but found [$344.60],
	***Credit card present toogle button is not displayed***">
      <![CDATA[java.lang.AssertionError: The following asserts failed:
***Credit card present toogle button is not displayed***,
Grand total amount is not calculated correctly expected [344.60] but found [$344.60],
***Credit card present toogle button is not displayed***
at org.testng.asserts.SoftAssert.assertAll(SoftAssert.java:46)
at org.testng.asserts.SoftAssert.assertAll(SoftAssert.java:30)
at com.hanapos.cashandcarrytest.Hana_T43_Payments_Split_Payment_FT.Validate_Hana_T43_Payments_Split_Payment_Test(Hana_T43_Payments_Split_Payment_FT.java:438)
at java.base/jdk.internal.reflect.DirectMethodHandleAccessor.invoke(DirectMethodHandleAccessor.java:103)
at java.base/java.lang.reflect.Method.invoke(Method.java:580)
at org.testng.internal.invokers.MethodInvocationHelper.invokeMethod(MethodInvocationHelper.java:141)
at org.testng.internal.invokers.TestInvoker.invokeMethod(TestInvoker.java:686)
at org.testng.internal.invokers.TestInvoker.invokeTestMethod(TestInvoker.java:230)
at org.testng.internal.invokers.MethodRunner.runInSequence(MethodRunner.java:63)
at org.testng.internal.invokers.TestInvoker$MethodInvocationAgent.invoke(TestInvoker.java:992)
at org.testng.internal.invokers.TestInvoker.invokeTestMethods(TestInvoker.java:203)
at org.testng.internal.invokers.TestMethodWorker.invokeTestMethods(TestMethodWorker.java:154)
at org.testng.internal.invokers.TestMethodWorker.run(TestMethodWorker.java:134)
at java.base/java.util.ArrayList.forEach(ArrayList.java:1596)
at org.testng.TestRunner.privateRun(TestRunner.java:739)
at org.testng.TestRunner.run(TestRunner.java:614)
at org.testng.SuiteRunner.runTest(SuiteRunner.java:421)
at org.testng.SuiteRunner.runSequentially(SuiteRunner.java:413)
at org.testng.SuiteRunner.privateRun(SuiteRunner.java:373)
at org.testng.SuiteRunner.run(SuiteRunner.java:312)
at org.testng.SuiteRunnerWorker.runSuite(SuiteRunnerWorker.java:52)
at org.testng.SuiteRunnerWorker.run(SuiteRunnerWorker.java:95)
at org.testng.TestNG.runSuitesSequentially(TestNG.java:1274)
at org.testng.TestNG.runSuitesLocally(TestNG.java:1208)
at org.testng.TestNG.runSuites(TestNG.java:1112)
at org.testng.TestNG.run(TestNG.java:1079)
at org.testng.remote.AbstractRemoteTestNG.run(AbstractRemoteTestNG.java:115)
at org.testng.remote.RemoteTestNG.initAndRun(RemoteTestNG.java:293)
at org.testng.remote.RemoteTestNG.main(RemoteTestNG.java:91)
]]>
    </failure>
  </testcase> <!-- Validate_Hana_T43_Payments_Split_Payment_Test -->
  <testcase classname="com.hanapos.cashandcarrytest.Hana_T51_Payments_Cash_Payment_Section_FT" name="Validate_Hana_T51_Payments_Cash_Payment_Test" time="54.563"/>
  <testcase classname="com.hanapos.cashandcarrytest.Hana_T53_Payments_Check_Payment_Section_FT" name="Validate_Hana_T53_Payments_Check_Payment_Section_Test" time="93.71">
    <failure type="java.lang.AssertionError" message="The following asserts failed:
	Test Step - 16 expected [1844020000000010] but found [],
	Test Step - 16 expected [Bank Of America] but found [],
	Test Step - 16 expected [Hana POS] but found []">
      <![CDATA[java.lang.AssertionError: The following asserts failed:
Test Step - 16 expected [1844020000000010] but found [],
Test Step - 16 expected [Bank Of America] but found [],
Test Step - 16 expected [Hana POS] but found []
at org.testng.asserts.SoftAssert.assertAll(SoftAssert.java:46)
at org.testng.asserts.SoftAssert.assertAll(SoftAssert.java:30)
at com.hanapos.cashandcarrytest.Hana_T53_Payments_Check_Payment_Section_FT.Validate_Hana_T53_Payments_Check_Payment_Section_Test(Hana_T53_Payments_Check_Payment_Section_FT.java:282)
at java.base/jdk.internal.reflect.DirectMethodHandleAccessor.invoke(DirectMethodHandleAccessor.java:103)
at java.base/java.lang.reflect.Method.invoke(Method.java:580)
at org.testng.internal.invokers.MethodInvocationHelper.invokeMethod(MethodInvocationHelper.java:141)
at org.testng.internal.invokers.TestInvoker.invokeMethod(TestInvoker.java:686)
at org.testng.internal.invokers.TestInvoker.invokeTestMethod(TestInvoker.java:230)
at org.testng.internal.invokers.MethodRunner.runInSequence(MethodRunner.java:63)
at org.testng.internal.invokers.TestInvoker$MethodInvocationAgent.invoke(TestInvoker.java:992)
at org.testng.internal.invokers.TestInvoker.invokeTestMethods(TestInvoker.java:203)
at org.testng.internal.invokers.TestMethodWorker.invokeTestMethods(TestMethodWorker.java:154)
at org.testng.internal.invokers.TestMethodWorker.run(TestMethodWorker.java:134)
at java.base/java.util.ArrayList.forEach(ArrayList.java:1596)
at org.testng.TestRunner.privateRun(TestRunner.java:739)
at org.testng.TestRunner.run(TestRunner.java:614)
at org.testng.SuiteRunner.runTest(SuiteRunner.java:421)
at org.testng.SuiteRunner.runSequentially(SuiteRunner.java:413)
at org.testng.SuiteRunner.privateRun(SuiteRunner.java:373)
at org.testng.SuiteRunner.run(SuiteRunner.java:312)
at org.testng.SuiteRunnerWorker.runSuite(SuiteRunnerWorker.java:52)
at org.testng.SuiteRunnerWorker.run(SuiteRunnerWorker.java:95)
at org.testng.TestNG.runSuitesSequentially(TestNG.java:1274)
at org.testng.TestNG.runSuitesLocally(TestNG.java:1208)
at org.testng.TestNG.runSuites(TestNG.java:1112)
at org.testng.TestNG.run(TestNG.java:1079)
at org.testng.remote.AbstractRemoteTestNG.run(AbstractRemoteTestNG.java:115)
at org.testng.remote.RemoteTestNG.initAndRun(RemoteTestNG.java:293)
at org.testng.remote.RemoteTestNG.main(RemoteTestNG.java:91)
]]>
    </failure>
  </testcase> <!-- Validate_Hana_T53_Payments_Check_Payment_Section_Test -->
  <testcase classname="com.hanapos.cashandcarrytest.Hana_T56_Payments_Invoice_Payment_Section_FT" name="Validate_Hana_T56_Payments_Invoice_Payment_Section_Test" time="66.424"/>
  <testcase classname="com.hanapos.cashandcarrytest.Hana_T59_Payments_POH_Payment_Section_FT" name="Validate_Hana_T59_Payments_POH_Payment_Section_Test" time="64.103"/>
  <testcase classname="com.hanapos.cashandcarrytest.Hana_T61_Payments_GiftCard_Payment_Section_FT" name="Validate_Hana_T61_Payments_GiftCard_Payment_Section_Test" time="164.09">
    <failure type="java.lang.AssertionError" message="Expected condition failed: waiting for visibility of [[ChromeDriver: chrome on windows (8b3a82b9069ceb2615d8b3a5383688eb)] -&amp;gt; xpath: (//input[@id=&amp;apos;txtCardNumberForGiftCard&amp;apos;])[1]] (tried for 10 second(s) with 500 milliseconds interval)
Build info: version: &amp;apos;4.22.0&amp;apos;, revision: &amp;apos;c5f3146703*&amp;apos;
System info: os.name: &amp;apos;Windows 11&amp;apos;, os.arch: &amp;apos;amd64&amp;apos;, os.version: &amp;apos;10.0&amp;apos;, java.version: &amp;apos;21.0.2&amp;apos;
Driver info: org.openqa.selenium.chrome.ChromeDriver
Capabilities {acceptInsecureCerts: false, browserName: chrome, browserVersion: 127.0.6533.100, chrome: {chromedriverVersion: 127.0.6533.99 (f31af5097d90..., userDataDir: C:\Users\Balaji\AppData\Loc...}, fedcm:accounts: true, goog:chromeOptions: {debuggerAddress: localhost:55157}, networkConnectionEnabled: false, pageLoadStrategy: normal, platformName: windows, proxy: Proxy(), se:cdp: ws://localhost:55157/devtoo..., se:cdpVersion: 127.0.6533.100, setWindowRect: true, strictFileInteractability: false, timeouts: {implicit: 0, pageLoad: 300000, script: 30000}, unhandledPromptBehavior: dismiss and notify, webauthn:extension:credBlob: true, webauthn:extension:largeBlob: true, webauthn:extension:minPinLength: true, webauthn:extension:prf: true, webauthn:virtualAuthenticators: true}
Session ID: 8b3a82b9069ceb2615d8b3a5383688eb">
      <![CDATA[java.lang.AssertionError: Expected condition failed: waiting for visibility of [[ChromeDriver: chrome on windows (8b3a82b9069ceb2615d8b3a5383688eb)] -> xpath: (//input[@id='txtCardNumberForGiftCard'])[1]] (tried for 10 second(s) with 500 milliseconds interval)
Build info: version: '4.22.0', revision: 'c5f3146703*'
System info: os.name: 'Windows 11', os.arch: 'amd64', os.version: '10.0', java.version: '21.0.2'
Driver info: org.openqa.selenium.chrome.ChromeDriver
Capabilities {acceptInsecureCerts: false, browserName: chrome, browserVersion: 127.0.6533.100, chrome: {chromedriverVersion: 127.0.6533.99 (f31af5097d90..., userDataDir: C:\Users\Balaji\AppData\Loc...}, fedcm:accounts: true, goog:chromeOptions: {debuggerAddress: localhost:55157}, networkConnectionEnabled: false, pageLoadStrategy: normal, platformName: windows, proxy: Proxy(), se:cdp: ws://localhost:55157/devtoo..., se:cdpVersion: 127.0.6533.100, setWindowRect: true, strictFileInteractability: false, timeouts: {implicit: 0, pageLoad: 300000, script: 30000}, unhandledPromptBehavior: dismiss and notify, webauthn:extension:credBlob: true, webauthn:extension:largeBlob: true, webauthn:extension:minPinLength: true, webauthn:extension:prf: true, webauthn:virtualAuthenticators: true}
Session ID: 8b3a82b9069ceb2615d8b3a5383688eb
at org.testng.Assert.fail(Assert.java:111)
at com.hanapos.cashandcarrytest.Hana_T61_Payments_GiftCard_Payment_Section_FT.Validate_Hana_T61_Payments_GiftCard_Payment_Section_Test(Hana_T61_Payments_GiftCard_Payment_Section_FT.java:203)
at java.base/jdk.internal.reflect.DirectMethodHandleAccessor.invoke(DirectMethodHandleAccessor.java:103)
at java.base/java.lang.reflect.Method.invoke(Method.java:580)
at org.testng.internal.invokers.MethodInvocationHelper.invokeMethod(MethodInvocationHelper.java:141)
at org.testng.internal.invokers.TestInvoker.invokeMethod(TestInvoker.java:686)
at org.testng.internal.invokers.TestInvoker.invokeTestMethod(TestInvoker.java:230)
at org.testng.internal.invokers.MethodRunner.runInSequence(MethodRunner.java:63)
at org.testng.internal.invokers.TestInvoker$MethodInvocationAgent.invoke(TestInvoker.java:992)
at org.testng.internal.invokers.TestInvoker.invokeTestMethods(TestInvoker.java:203)
at org.testng.internal.invokers.TestMethodWorker.invokeTestMethods(TestMethodWorker.java:154)
at org.testng.internal.invokers.TestMethodWorker.run(TestMethodWorker.java:134)
at java.base/java.util.ArrayList.forEach(ArrayList.java:1596)
at org.testng.TestRunner.privateRun(TestRunner.java:739)
at org.testng.TestRunner.run(TestRunner.java:614)
at org.testng.SuiteRunner.runTest(SuiteRunner.java:421)
at org.testng.SuiteRunner.runSequentially(SuiteRunner.java:413)
at org.testng.SuiteRunner.privateRun(SuiteRunner.java:373)
at org.testng.SuiteRunner.run(SuiteRunner.java:312)
at org.testng.SuiteRunnerWorker.runSuite(SuiteRunnerWorker.java:52)
at org.testng.SuiteRunnerWorker.run(SuiteRunnerWorker.java:95)
at org.testng.TestNG.runSuitesSequentially(TestNG.java:1274)
at org.testng.TestNG.runSuitesLocally(TestNG.java:1208)
at org.testng.TestNG.runSuites(TestNG.java:1112)
at org.testng.TestNG.run(TestNG.java:1079)
at org.testng.remote.AbstractRemoteTestNG.run(AbstractRemoteTestNG.java:115)
at org.testng.remote.RemoteTestNG.initAndRun(RemoteTestNG.java:293)
at org.testng.remote.RemoteTestNG.main(RemoteTestNG.java:91)
]]>
    </failure>
  </testcase> <!-- Validate_Hana_T61_Payments_GiftCard_Payment_Section_Test -->
  <testcase classname="com.hanapos.cashandcarrytest.Hana_T65_Payment_Add_New_Customer_FT" name="Validate_Hana_T65_Payments_Add_New_Customer_Test" time="1218.963">
    <failure type="java.lang.AssertionError" message="The following asserts failed:
	Test Step - 24 - Order confirmation toast message text is not matched expected [Order payment done successfully] but found [New Customer added successfully],
	Test Step - 24 - New Customer added successfully toast message text is not matched expected [New Customer added successfully] but found [Order payment done successfully],
	City, State &amp;amp; Zipcode on customer table is not matched expected [Coimbatore Tamilnadu 641004] but found [Coimabtore Tamilnadu 641004],
	Customer details pop up is not displayed expected [true] but found [false],
	expected [Test Automation pvt ltd ] but found [],
	Added on first name field are not properly displayed expected [Test] but found [],
	Added on first name field are not properly displayed expected [Automation] but found [],
	Added on phone number field are not properly displayed expected [9192939495] but found [],
	Added on alternative phone number field are not properly displayed expected [9192939896] but found [],
	Added address 1 field is not properly displayed expected [Test Automation Address, India] but found [],
	Added address 2 field is not properly displayed expected [QA Test Automation, Cbe, Tn, India] but found [],
	Added zip code is not displayed expected [641004] but found [],
	Added city field is not displayed expected [Coimbatore] but found [],
	Added state field is not displayed expected [Tamilnadu] but found [],
	Added country field is not displayed expected [India] but found [],
	Added email id field is not displayed expected [hanaposqateam@gmail.com] but found [],
	Added customer type dropdown field is not displayed expected [Corporate] but found [],
	Added credit card field is not displayed expected [100] but found []">
      <![CDATA[java.lang.AssertionError: The following asserts failed:
Test Step - 24 - Order confirmation toast message text is not matched expected [Order payment done successfully] but found [New Customer added successfully],
Test Step - 24 - New Customer added successfully toast message text is not matched expected [New Customer added successfully] but found [Order payment done successfully],
City, State & Zipcode on customer table is not matched expected [Coimbatore Tamilnadu 641004] but found [Coimabtore Tamilnadu 641004],
Customer details pop up is not displayed expected [true] but found [false],
expected [Test Automation pvt ltd ] but found [],
Added on first name field are not properly displayed expected [Test] but found [],
Added on first name field are not properly displayed expected [Automation] but found [],
Added on phone number field are not properly displayed expected [9192939495] but found [],
Added on alternative phone number field are not properly displayed expected [9192939896] but found [],
Added address 1 field is not properly displayed expected [Test Automation Address, India] but found [],
Added address 2 field is not properly displayed expected [QA Test Automation, Cbe, Tn, India] but found [],
Added zip code is not displayed expected [641004] but found [],
Added city field is not displayed expected [Coimbatore] but found [],
Added state field is not displayed expected [Tamilnadu] but found [],
Added country field is not displayed expected [India] but found [],
Added email id field is not displayed expected [hanaposqateam@gmail.com] but found [],
Added customer type dropdown field is not displayed expected [Corporate] but found [],
Added credit card field is not displayed expected [100] but found []
at org.testng.asserts.SoftAssert.assertAll(SoftAssert.java:46)
at org.testng.asserts.SoftAssert.assertAll(SoftAssert.java:30)
at com.hanapos.cashandcarrytest.Hana_T65_Payment_Add_New_Customer_FT.Validate_Hana_T65_Payments_Add_New_Customer_Test(Hana_T65_Payment_Add_New_Customer_FT.java:459)
at java.base/jdk.internal.reflect.DirectMethodHandleAccessor.invoke(DirectMethodHandleAccessor.java:103)
at java.base/java.lang.reflect.Method.invoke(Method.java:580)
at org.testng.internal.invokers.MethodInvocationHelper.invokeMethod(MethodInvocationHelper.java:141)
at org.testng.internal.invokers.TestInvoker.invokeMethod(TestInvoker.java:686)
at org.testng.internal.invokers.TestInvoker.invokeTestMethod(TestInvoker.java:230)
at org.testng.internal.invokers.MethodRunner.runInSequence(MethodRunner.java:63)
at org.testng.internal.invokers.TestInvoker$MethodInvocationAgent.invoke(TestInvoker.java:992)
at org.testng.internal.invokers.TestInvoker.invokeTestMethods(TestInvoker.java:203)
at org.testng.internal.invokers.TestMethodWorker.invokeTestMethods(TestMethodWorker.java:154)
at org.testng.internal.invokers.TestMethodWorker.run(TestMethodWorker.java:134)
at java.base/java.util.ArrayList.forEach(ArrayList.java:1596)
at org.testng.TestRunner.privateRun(TestRunner.java:739)
at org.testng.TestRunner.run(TestRunner.java:614)
at org.testng.SuiteRunner.runTest(SuiteRunner.java:421)
at org.testng.SuiteRunner.runSequentially(SuiteRunner.java:413)
at org.testng.SuiteRunner.privateRun(SuiteRunner.java:373)
at org.testng.SuiteRunner.run(SuiteRunner.java:312)
at org.testng.SuiteRunnerWorker.runSuite(SuiteRunnerWorker.java:52)
at org.testng.SuiteRunnerWorker.run(SuiteRunnerWorker.java:95)
at org.testng.TestNG.runSuitesSequentially(TestNG.java:1274)
at org.testng.TestNG.runSuitesLocally(TestNG.java:1208)
at org.testng.TestNG.runSuites(TestNG.java:1112)
at org.testng.TestNG.run(TestNG.java:1079)
at org.testng.remote.AbstractRemoteTestNG.run(AbstractRemoteTestNG.java:115)
at org.testng.remote.RemoteTestNG.initAndRun(RemoteTestNG.java:293)
at org.testng.remote.RemoteTestNG.main(RemoteTestNG.java:91)
]]>
    </failure>
  </testcase> <!-- Validate_Hana_T65_Payments_Add_New_Customer_Test -->
  <testcase classname="com.hanapos.cashandcarrytest.Hana_T68_Payments_Donation_Payment_Section_FT" name="Validate_Hana_T68_Payments_Donation_Payment_Test" time="79.021"/>
  <testcase classname="com.hanapos.cashandcarrytest.Hana_T69_Add_Product_Without_Customer_FT" name="Validate_Hana_T69_Add_Product_Without_Customer_Test" time="157.295">
    <failure type="java.lang.AssertionError" message="An exception occurred: no such element: Unable to locate element: {&amp;quot;method&amp;quot;:&amp;quot;xpath&amp;quot;,&amp;quot;selector&amp;quot;:&amp;quot;//tr[@id=&amp;apos;Row_1&amp;apos;]&amp;quot;}
  (Session info: chrome=127.0.6533.100)
For documentation on this error, please visit: https://www.selenium.dev/documentation/webdriver/troubleshooting/errors#no-such-element-exception
Build info: version: &amp;apos;4.22.0&amp;apos;, revision: &amp;apos;c5f3146703*&amp;apos;
System info: os.name: &amp;apos;Windows 11&amp;apos;, os.arch: &amp;apos;amd64&amp;apos;, os.version: &amp;apos;10.0&amp;apos;, java.version: &amp;apos;21.0.2&amp;apos;
Driver info: org.openqa.selenium.chrome.ChromeDriver
Command: [499eb086bfcce2d22d563b0be1f401ca, findElement {using=xpath, value=//tr[@id=&amp;apos;Row_1&amp;apos;]}]
Capabilities {acceptInsecureCerts: false, browserName: chrome, browserVersion: 127.0.6533.100, chrome: {chromedriverVersion: 127.0.6533.99 (f31af5097d90..., userDataDir: C:\Users\Balaji\AppData\Loc...}, fedcm:accounts: true, goog:chromeOptions: {debuggerAddress: localhost:56281}, networkConnectionEnabled: false, pageLoadStrategy: normal, platformName: windows, proxy: Proxy(), se:cdp: ws://localhost:56281/devtoo..., se:cdpVersion: 127.0.6533.100, setWindowRect: true, strictFileInteractability: false, timeouts: {implicit: 0, pageLoad: 300000, script: 30000}, unhandledPromptBehavior: dismiss and notify, webauthn:extension:credBlob: true, webauthn:extension:largeBlob: true, webauthn:extension:minPinLength: true, webauthn:extension:prf: true, webauthn:virtualAuthenticators: true}
Session ID: 499eb086bfcce2d22d563b0be1f401ca">
      <![CDATA[java.lang.AssertionError: An exception occurred: no such element: Unable to locate element: {"method":"xpath","selector":"//tr[@id='Row_1']"}
  (Session info: chrome=127.0.6533.100)
For documentation on this error, please visit: https://www.selenium.dev/documentation/webdriver/troubleshooting/errors#no-such-element-exception
Build info: version: '4.22.0', revision: 'c5f3146703*'
System info: os.name: 'Windows 11', os.arch: 'amd64', os.version: '10.0', java.version: '21.0.2'
Driver info: org.openqa.selenium.chrome.ChromeDriver
Command: [499eb086bfcce2d22d563b0be1f401ca, findElement {using=xpath, value=//tr[@id='Row_1']}]
Capabilities {acceptInsecureCerts: false, browserName: chrome, browserVersion: 127.0.6533.100, chrome: {chromedriverVersion: 127.0.6533.99 (f31af5097d90..., userDataDir: C:\Users\Balaji\AppData\Loc...}, fedcm:accounts: true, goog:chromeOptions: {debuggerAddress: localhost:56281}, networkConnectionEnabled: false, pageLoadStrategy: normal, platformName: windows, proxy: Proxy(), se:cdp: ws://localhost:56281/devtoo..., se:cdpVersion: 127.0.6533.100, setWindowRect: true, strictFileInteractability: false, timeouts: {implicit: 0, pageLoad: 300000, script: 30000}, unhandledPromptBehavior: dismiss and notify, webauthn:extension:credBlob: true, webauthn:extension:largeBlob: true, webauthn:extension:minPinLength: true, webauthn:extension:prf: true, webauthn:virtualAuthenticators: true}
Session ID: 499eb086bfcce2d22d563b0be1f401ca
at org.testng.Assert.fail(Assert.java:111)
at com.hanapos.cashandcarrytest.Hana_T69_Add_Product_Without_Customer_FT.Validate_Hana_T69_Add_Product_Without_Customer_Test(Hana_T69_Add_Product_Without_Customer_FT.java:179)
at java.base/jdk.internal.reflect.DirectMethodHandleAccessor.invoke(DirectMethodHandleAccessor.java:103)
at java.base/java.lang.reflect.Method.invoke(Method.java:580)
at org.testng.internal.invokers.MethodInvocationHelper.invokeMethod(MethodInvocationHelper.java:141)
at org.testng.internal.invokers.TestInvoker.invokeMethod(TestInvoker.java:686)
at org.testng.internal.invokers.TestInvoker.invokeTestMethod(TestInvoker.java:230)
at org.testng.internal.invokers.MethodRunner.runInSequence(MethodRunner.java:63)
at org.testng.internal.invokers.TestInvoker$MethodInvocationAgent.invoke(TestInvoker.java:992)
at org.testng.internal.invokers.TestInvoker.invokeTestMethods(TestInvoker.java:203)
at org.testng.internal.invokers.TestMethodWorker.invokeTestMethods(TestMethodWorker.java:154)
at org.testng.internal.invokers.TestMethodWorker.run(TestMethodWorker.java:134)
at java.base/java.util.ArrayList.forEach(ArrayList.java:1596)
at org.testng.TestRunner.privateRun(TestRunner.java:739)
at org.testng.TestRunner.run(TestRunner.java:614)
at org.testng.SuiteRunner.runTest(SuiteRunner.java:421)
at org.testng.SuiteRunner.runSequentially(SuiteRunner.java:413)
at org.testng.SuiteRunner.privateRun(SuiteRunner.java:373)
at org.testng.SuiteRunner.run(SuiteRunner.java:312)
at org.testng.SuiteRunnerWorker.runSuite(SuiteRunnerWorker.java:52)
at org.testng.SuiteRunnerWorker.run(SuiteRunnerWorker.java:95)
at org.testng.TestNG.runSuitesSequentially(TestNG.java:1274)
at org.testng.TestNG.runSuitesLocally(TestNG.java:1208)
at org.testng.TestNG.runSuites(TestNG.java:1112)
at org.testng.TestNG.run(TestNG.java:1079)
at org.testng.remote.AbstractRemoteTestNG.run(AbstractRemoteTestNG.java:115)
at org.testng.remote.RemoteTestNG.initAndRun(RemoteTestNG.java:293)
at org.testng.remote.RemoteTestNG.main(RemoteTestNG.java:91)
]]>
    </failure>
  </testcase> <!-- Validate_Hana_T69_Add_Product_Without_Customer_Test -->
  <testcase classname="com.hanapos.cashandcarrytest.Hana_T79_Add_Product_With_Existing_Customer_FT" name="Validate_Hana_T79_Add_Product_With_Existing_Customer_Test" time="70.075"/>
  <testcase classname="com.hanapos.OrderEntry_Alais_PickUp_PhoneOrderTest.Hana_T081_Pickup_Functionality_with_Existing_customer_FT" name="Validate_Hana_T081_Pickup_Functionality_with_Existing_customer" time="135.069">
    <failure type="java.lang.AssertionError" message="The following asserts failed:
	Test Step - 9 - Item description is not displayed on phone order page product details section expected [Red Rose Deluxe] but found [Red Rose Small],
	Test Step - 9 - Item price is not displayed on phone order page product details section expected [299.00] but found [199.00]">
      <![CDATA[java.lang.AssertionError: The following asserts failed:
Test Step - 9 - Item description is not displayed on phone order page product details section expected [Red Rose Deluxe] but found [Red Rose Small],
Test Step - 9 - Item price is not displayed on phone order page product details section expected [299.00] but found [199.00]
at org.testng.asserts.SoftAssert.assertAll(SoftAssert.java:46)
at org.testng.asserts.SoftAssert.assertAll(SoftAssert.java:30)
at com.hanapos.OrderEntry_Alais_PickUp_PhoneOrderTest.Hana_T081_Pickup_Functionality_with_Existing_customer_FT.Validate_Hana_T081_Pickup_Functionality_with_Existing_customer(Hana_T081_Pickup_Functionality_with_Existing_customer_FT.java:210)
at java.base/jdk.internal.reflect.DirectMethodHandleAccessor.invoke(DirectMethodHandleAccessor.java:103)
at java.base/java.lang.reflect.Method.invoke(Method.java:580)
at org.testng.internal.invokers.MethodInvocationHelper.invokeMethod(MethodInvocationHelper.java:141)
at org.testng.internal.invokers.TestInvoker.invokeMethod(TestInvoker.java:686)
at org.testng.internal.invokers.TestInvoker.invokeTestMethod(TestInvoker.java:230)
at org.testng.internal.invokers.MethodRunner.runInSequence(MethodRunner.java:63)
at org.testng.internal.invokers.TestInvoker$MethodInvocationAgent.invoke(TestInvoker.java:992)
at org.testng.internal.invokers.TestInvoker.invokeTestMethods(TestInvoker.java:203)
at org.testng.internal.invokers.TestMethodWorker.invokeTestMethods(TestMethodWorker.java:154)
at org.testng.internal.invokers.TestMethodWorker.run(TestMethodWorker.java:134)
at java.base/java.util.ArrayList.forEach(ArrayList.java:1596)
at org.testng.TestRunner.privateRun(TestRunner.java:739)
at org.testng.TestRunner.run(TestRunner.java:614)
at org.testng.SuiteRunner.runTest(SuiteRunner.java:421)
at org.testng.SuiteRunner.runSequentially(SuiteRunner.java:413)
at org.testng.SuiteRunner.privateRun(SuiteRunner.java:373)
at org.testng.SuiteRunner.run(SuiteRunner.java:312)
at org.testng.SuiteRunnerWorker.runSuite(SuiteRunnerWorker.java:52)
at org.testng.SuiteRunnerWorker.run(SuiteRunnerWorker.java:95)
at org.testng.TestNG.runSuitesSequentially(TestNG.java:1274)
at org.testng.TestNG.runSuitesLocally(TestNG.java:1208)
at org.testng.TestNG.runSuites(TestNG.java:1112)
at org.testng.TestNG.run(TestNG.java:1079)
at org.testng.remote.AbstractRemoteTestNG.run(AbstractRemoteTestNG.java:115)
at org.testng.remote.RemoteTestNG.initAndRun(RemoteTestNG.java:293)
at org.testng.remote.RemoteTestNG.main(RemoteTestNG.java:91)
]]>
    </failure>
  </testcase> <!-- Validate_Hana_T081_Pickup_Functionality_with_Existing_customer -->
  <testcase classname="com.hanapos.seleniumProjectBase.TestBaseClass" name="@BeforeSuite loadConfig" time="0.0">
    <ignored/>
  </testcase> <!-- @BeforeSuite loadConfig -->
  <testcase classname="com.hanapos.seleniumProjectBase.TestBaseClass" name="@BeforeSuite loadConfig" time="0.0">
    <ignored/>
  </testcase> <!-- @BeforeSuite loadConfig -->
  <testcase classname="com.hanapos.cashandcarrytest.Hana_T12_WalkinsSetting_CashRegistery_Customer_Copy_Without_Customer_Copy_Notes_FT" name="Validate_Hana_T12_WalkinsSetting_CashRegistery_Customer_Copy_without_Customer_Copy_Notes_FT" time="0.0">
    <ignored/>
  </testcase> <!-- Validate_Hana_T12_WalkinsSetting_CashRegistery_Customer_Copy_without_Customer_Copy_Notes_FT -->
  <testcase classname="com.hanapos.seleniumProjectBase.TestBaseClass" name="@BeforeSuite loadConfig" time="0.0">
    <ignored/>
  </testcase> <!-- @BeforeSuite loadConfig -->
  <testcase classname="com.hanapos.cashandcarrytest.Hana_T04_WalkingSettings_UI_Test" name="Validate_Hana_T04_WalkingSetting_UIElement_Test" time="0.0">
    <ignored/>
  </testcase> <!-- Validate_Hana_T04_WalkingSetting_UIElement_Test -->
  <testcase classname="com.hanapos.seleniumProjectBase.TestBaseClass" name="@BeforeSuite loadConfig" time="0.0">
    <ignored/>
  </testcase> <!-- @BeforeSuite loadConfig -->
  <testcase classname="com.hanapos.seleniumProjectBase.TestBaseClass" name="@BeforeSuite loadConfig" time="0.0">
    <ignored/>
  </testcase> <!-- @BeforeSuite loadConfig -->
  <testcase classname="com.hanapos.seleniumProjectBase.TestBaseClass" name="@BeforeSuite loadConfig" time="0.0">
    <ignored/>
  </testcase> <!-- @BeforeSuite loadConfig -->
  <testcase classname="com.hanapos.seleniumProjectBase.TestBaseClass" name="@BeforeSuite loadConfig" time="0.0">
    <ignored/>
  </testcase> <!-- @BeforeSuite loadConfig -->
  <testcase classname="com.hanapos.cashandcarrytest.Hana_T10_WalkinsSetting_CashRegistery_Merchant_Copy_Without_Merchant_Copy_Notes_FT" name="Validate_Hana_T10_WalkinsSetting_CashRegistery_Merchant_Copy_without_Merchant_Copy_Notes_FT" time="0.0">
    <ignored/>
  </testcase> <!-- Validate_Hana_T10_WalkinsSetting_CashRegistery_Merchant_Copy_without_Merchant_Copy_Notes_FT -->
  <testcase classname="com.hanapos.seleniumProjectBase.TestBaseClass" name="@BeforeSuite loadConfig" time="0.0">
    <ignored/>
  </testcase> <!-- @BeforeSuite loadConfig -->
  <testcase classname="com.hanapos.seleniumProjectBase.TestBaseClass" name="@BeforeSuite loadConfig" time="0.0">
    <ignored/>
  </testcase> <!-- @BeforeSuite loadConfig -->
  <testcase classname="com.hanapos.seleniumProjectBase.TestBaseClass" name="@BeforeSuite loadConfig" time="0.0">
    <ignored/>
  </testcase> <!-- @BeforeSuite loadConfig -->
  <testcase classname="com.hanapos.seleniumProjectBase.TestBaseClass" name="@BeforeSuite loadConfig" time="0.0">
    <ignored/>
  </testcase> <!-- @BeforeSuite loadConfig -->
  <testcase classname="com.hanapos.cashandcarrytest.Hana_T35_CashAndCarry_Switching_Between_Shops_FT" name="Validate_Hana_T35_CashAndCarry_Switching_Between_Shops_Test" time="0.0">
    <ignored/>
  </testcase> <!-- Validate_Hana_T35_CashAndCarry_Switching_Between_Shops_Test -->
  <testcase classname="com.hanapos.seleniumProjectBase.TestBaseClass" name="@BeforeSuite loadConfig" time="0.0">
    <ignored/>
  </testcase> <!-- @BeforeSuite loadConfig -->
  <testcase classname="com.hanapos.seleniumProjectBase.TestBaseClass" name="@BeforeSuite loadConfig" time="0.0">
    <ignored/>
  </testcase> <!-- @BeforeSuite loadConfig -->
  <testcase classname="com.hanapos.cashandcarrytest.Hana_T49_Payments_CreditCard_Validation" name="Validate_Hana_T49_Payments_CreditCard_Validation_Test" time="0.0">
    <ignored/>
  </testcase> <!-- Validate_Hana_T49_Payments_CreditCard_Validation_Test -->
  <testcase classname="com.hanapos.seleniumProjectBase.TestBaseClass" name="@BeforeSuite loadConfig" time="0.0">
    <ignored/>
  </testcase> <!-- @BeforeSuite loadConfig -->
  <testcase classname="com.hanapos.OrderEntry_Alais_PickUp_PhoneOrderTest.Hana_T082_Pickup_Functionality_with_New_customer_FT" name="Validate_Hana_T082_Pickup_Functionality_with_New_customer_Test" time="0.0">
    <ignored/>
  </testcase> <!-- Validate_Hana_T082_Pickup_Functionality_with_New_customer_Test -->
  <testcase classname="com.hanapos.cashandcarrytest.Hana_T02_AddProductWithDiscount_FT" name="Validate_Hana_T02_Add_Product_With_Discount_Test" time="0.0">
    <ignored/>
  </testcase> <!-- Validate_Hana_T02_Add_Product_With_Discount_Test -->
  <testcase classname="com.hanapos.seleniumProjectBase.TestBaseClass" name="@BeforeSuite loadConfig" time="0.0">
    <ignored/>
  </testcase> <!-- @BeforeSuite loadConfig -->
  <testcase classname="com.hanapos.seleniumProjectBase.TestBaseClass" name="@BeforeSuite loadConfig" time="0.0">
    <ignored/>
  </testcase> <!-- @BeforeSuite loadConfig -->
  <testcase classname="com.hanapos.cashandcarrytest.Hana_T01_UI_Elements_Test" name="Validate_Hana_T01_CashAndCarryPage_UI_ElementsTest" time="0.0">
    <ignored/>
  </testcase> <!-- Validate_Hana_T01_CashAndCarryPage_UI_ElementsTest -->
  <testcase classname="com.hanapos.cashandcarrytest.Hana_T20_OrderConfirmationEmail_FT" name="Validate_Hana_T20_OrderConfirmationEmail_Test" time="0.0">
    <ignored/>
  </testcase> <!-- Validate_Hana_T20_OrderConfirmationEmail_Test -->
  <testcase classname="com.hanapos.seleniumProjectBase.TestBaseClass" name="@BeforeSuite loadConfig" time="0.0">
    <ignored/>
  </testcase> <!-- @BeforeSuite loadConfig -->
  <testcase classname="com.hanapos.seleniumProjectBase.TestBaseClass" name="@BeforeSuite loadConfig" time="0.0">
    <ignored/>
  </testcase> <!-- @BeforeSuite loadConfig -->
  <testcase classname="com.hanapos.cashandcarrytest.Hana_T72_Open_Drawer_FT" name="Validate_Hana_T72_Open_Drawer_Test" time="0.0">
    <ignored/>
  </testcase> <!-- Validate_Hana_T72_Open_Drawer_Test -->
  <testcase classname="com.hanapos.seleniumProjectBase.TestBaseClass" name="@BeforeSuite loadConfig" time="0.0">
    <ignored/>
  </testcase> <!-- @BeforeSuite loadConfig -->
  <testcase classname="com.hanapos.seleniumProjectBase.TestBaseClass" name="@BeforeSuite loadConfig" time="0.0">
    <ignored/>
  </testcase> <!-- @BeforeSuite loadConfig -->
  <testcase classname="com.hanapos.cashandcarrytest.Hana_T05_WalkingSettings_AddNewPopup_UI_Test" name="Validate_Hana_T05_WalkingSetting_AddNewBtn_UIElement_Test" time="0.0">
    <ignored/>
  </testcase> <!-- Validate_Hana_T05_WalkingSetting_AddNewBtn_UIElement_Test -->
  <testcase classname="com.hanapos.cashandcarrytest.Hana_T63_Payments_GiftCard_Payment_Section_Swipe_Card_FT" name="Validate_Hana_T63_Payments_GiftCard_Payment_Section_Swipe_Card_Test" time="0.0">
    <ignored/>
  </testcase> <!-- Validate_Hana_T63_Payments_GiftCard_Payment_Section_Swipe_Card_Test -->
  <testcase classname="com.hanapos.seleniumProjectBase.TestBaseClass" name="@BeforeSuite loadConfig" time="0.0">
    <ignored/>
  </testcase> <!-- @BeforeSuite loadConfig -->
  <testcase classname="com.hanapos.seleniumProjectBase.TestBaseClass" name="@BeforeSuite loadConfig" time="0.0">
    <ignored/>
  </testcase> <!-- @BeforeSuite loadConfig -->
  <testcase classname="com.hanapos.seleniumProjectBase.TestBaseClass" name="@BeforeSuite loadConfig" time="0.0">
    <ignored/>
  </testcase> <!-- @BeforeSuite loadConfig -->
  <testcase classname="com.hanapos.cashandcarrytest.Hana_T32_GiftCardSalepopup_Edit_Gift_Card_Denominations_Edit_FT" name="Validate_Hana_T32_GiftCardSalesPopup_EditGiftCardDenomination_AddFunctionality_Test" time="0.0">
    <ignored/>
  </testcase> <!-- Validate_Hana_T32_GiftCardSalesPopup_EditGiftCardDenomination_AddFunctionality_Test -->
  <testcase classname="com.hanapos.cashandcarrytest.Hana_T88_WalkinsSetting_CashRegistery_Customer_Copy_Checked_FT" name="Validate_Hana_T88_CashRegistery_Customer_Copy_Checked_FT" time="0.0">
    <ignored/>
  </testcase> <!-- Validate_Hana_T88_CashRegistery_Customer_Copy_Checked_FT -->
  <testcase classname="com.hanapos.seleniumProjectBase.TestBaseClass" name="@BeforeSuite loadConfig" time="0.0">
    <ignored/>
  </testcase> <!-- @BeforeSuite loadConfig -->
  <testcase classname="com.hanapos.cashandcarrytest.Hana_T09_WalkinsSetting_CashRegistery_Merchant_Copy_with_Merchant_Copy_Notes_FT" name="Validate_Hana_T09_WalkinsSetting_CashRegistery_Merchant_Copy_with_Merchant_Copy_Notes_FT" time="0.0">
    <ignored/>
  </testcase> <!-- Validate_Hana_T09_WalkinsSetting_CashRegistery_Merchant_Copy_with_Merchant_Copy_Notes_FT -->
  <testcase classname="com.hanapos.cashandcarrytest.Hana_T75_Payout_FT" name="Validate_Hana_T75_Payout_Test" time="0.0">
    <ignored/>
  </testcase> <!-- Validate_Hana_T75_Payout_Test -->
  <testcase classname="com.hanapos.seleniumProjectBase.TestBaseClass" name="@BeforeSuite loadConfig" time="0.0">
    <ignored/>
  </testcase> <!-- @BeforeSuite loadConfig -->
  <testcase classname="com.hanapos.seleniumProjectBase.TestBaseClass" name="@BeforeSuite loadConfig" time="0.0">
    <ignored/>
  </testcase> <!-- @BeforeSuite loadConfig -->
  <testcase classname="com.hanapos.seleniumProjectBase.TestBaseClass" name="@BeforeSuite loadConfig" time="0.0">
    <ignored/>
  </testcase> <!-- @BeforeSuite loadConfig -->
  <testcase classname="com.hanapos.cashandcarrytest.Hana_T46_Payments_CreditCard_SwipeCard_FT" name="Validate_Hana_T46_Payments_CreditCard_SwipeCard_Test" time="0.0">
    <ignored/>
  </testcase> <!-- Validate_Hana_T46_Payments_CreditCard_SwipeCard_Test -->
  <testcase classname="com.hanapos.cashandcarrytest.Hana_T22_ChooseDefaultvalues_Cash_and_Carry_FT" name="Validate_Hana_T22_Choose_Default_Values_Page_Test" time="0.0">
    <ignored/>
  </testcase> <!-- Validate_Hana_T22_Choose_Default_Values_Page_Test -->
  <testcase classname="com.hanapos.cashandcarrytest.Hana_T31_GiftCardSalepopup_Edit_Gift_Card_Denominations_Add_FT" name="Validate_Hana_T31_GiftCardSalesPopup_EditGiftCardDenomination_AddFunctionalityTest" time="0.0">
    <ignored/>
  </testcase> <!-- Validate_Hana_T31_GiftCardSalesPopup_EditGiftCardDenomination_AddFunctionalityTest -->
  <testcase classname="com.hanapos.seleniumProjectBase.TestBaseClass" name="@BeforeSuite loadConfig" time="0.0">
    <ignored/>
  </testcase> <!-- @BeforeSuite loadConfig -->
  <testcase classname="com.hanapos.seleniumProjectBase.TestBaseClass" name="@BeforeSuite loadConfig" time="0.0">
    <ignored/>
  </testcase> <!-- @BeforeSuite loadConfig -->
  <testcase classname="com.hanapos.seleniumProjectBase.TestBaseClass" name="@BeforeSuite loadConfig" time="0.0">
    <ignored/>
  </testcase> <!-- @BeforeSuite loadConfig -->
  <testcase classname="com.hanapos.cashandcarrytest.Hana_T25_ChooseDefaultvalues_OrderEntryAliasPhoneOrder_FT" name="Validate_Hana_T25_Choose_Default_Values_OrderEntryAliasPhoneOrderPage_Test" time="0.0">
    <ignored/>
  </testcase> <!-- Validate_Hana_T25_Choose_Default_Values_OrderEntryAliasPhoneOrderPage_Test -->
  <testcase classname="com.hanapos.seleniumProjectBase.TestBaseClass" name="@BeforeSuite loadConfig" time="0.0">
    <ignored/>
  </testcase> <!-- @BeforeSuite loadConfig -->
  <testcase classname="com.hanapos.seleniumProjectBase.TestBaseClass" name="@BeforeSuite loadConfig" time="0.0">
    <ignored/>
  </testcase> <!-- @BeforeSuite loadConfig -->
  <testcase classname="com.hanapos.cashandcarrytest.Hana_T78_Reconcile_FT" name="Validate_Hana_T78_Reconcile_Test" time="0.0">
    <ignored/>
  </testcase> <!-- Validate_Hana_T78_Reconcile_Test -->
  <testcase classname="com.hanapos.OrderEntry_Alais_DeliveryType_PhoneOrderTest.Hana_T303_Delivery_Functionality_with_New_customer_FT" name="Validate_Hana_T303_Delivery_Functionality_with_New_customer_Functionality_Test" time="0.0">
    <ignored/>
  </testcase> <!-- Validate_Hana_T303_Delivery_Functionality_with_New_customer_Functionality_Test -->
  <testcase classname="com.hanapos.seleniumProjectBase.TestBaseClass" name="@BeforeSuite loadConfig" time="0.0">
    <ignored/>
  </testcase> <!-- @BeforeSuite loadConfig -->
  <testcase classname="com.hanapos.seleniumProjectBase.TestBaseClass" name="@BeforeSuite loadConfig" time="0.0">
    <ignored/>
  </testcase> <!-- @BeforeSuite loadConfig -->
  <testcase classname="com.hanapos.seleniumProjectBase.TestBaseClass" name="@BeforeSuite loadConfig" time="0.0">
    <ignored/>
  </testcase> <!-- @BeforeSuite loadConfig -->
  <testcase classname="com.hanapos.cashandcarrytest.Hana_T07_WalkingSettings_EditCashRegister_FT" name="Validate_Hana_T07_WalkingSetting_Edit_CashRegister_Test" time="0.0">
    <ignored/>
  </testcase> <!-- Validate_Hana_T07_WalkingSetting_Edit_CashRegister_Test -->
  <testcase classname="com.hanapos.cashandcarrytest.Hana_T89_WalkinsSetting_CashRegistery_Customer_Copy_UnChecked_FT" name="Validate_Hana_T89_CashRegistery_Customer_Copy_UnChecked_FT" time="0.0">
    <ignored/>
  </testcase> <!-- Validate_Hana_T89_CashRegistery_Customer_Copy_UnChecked_FT -->
  <testcase classname="com.hanapos.cashandcarrytest.Hana_T40_Split_Payment_FT" name="Validate_Hana_T40_Split_Payment_Test" time="0.0">
    <ignored/>
  </testcase> <!-- Validate_Hana_T40_Split_Payment_Test -->
  <testcase classname="com.hanapos.seleniumProjectBase.TestBaseClass" name="@BeforeSuite loadConfig" time="0.0">
    <ignored/>
  </testcase> <!-- @BeforeSuite loadConfig -->
  <testcase classname="com.hanapos.seleniumProjectBase.TestBaseClass" name="@BeforeSuite loadConfig" time="0.0">
    <ignored/>
  </testcase> <!-- @BeforeSuite loadConfig -->
  <testcase classname="com.hanapos.seleniumProjectBase.TestBaseClass" name="@BeforeSuite loadConfig" time="0.0">
    <ignored/>
  </testcase> <!-- @BeforeSuite loadConfig -->
  <testcase classname="com.hanapos.cashandcarrytest.Hana_T87_WalkinsSetting_CashRegistery_Merchant_Copy_UnChecked_FT" name="Validate_Hana_T87_WalkinsSetting_CashRegistery_Merchant_Copy_UnChecked_FT" time="0.0">
    <ignored/>
  </testcase> <!-- Validate_Hana_T87_WalkinsSetting_CashRegistery_Merchant_Copy_UnChecked_FT -->
  <testcase classname="com.hanapos.seleniumProjectBase.TestBaseClass" name="@BeforeSuite loadConfig" time="0.0">
    <ignored/>
  </testcase> <!-- @BeforeSuite loadConfig -->
  <testcase classname="com.hanapos.cashandcarrytest.Hana_T11_WalkinsSetting_CashRegistery_Customer_Copy_With_Customer_Copy_Notes_FT" name="Validate_Hana_T11_WalkinsSetting_CashRegistery_Customer_Copy_with_Customer_Copy_Notes_FT" time="0.0">
    <ignored/>
  </testcase> <!-- Validate_Hana_T11_WalkinsSetting_CashRegistery_Customer_Copy_with_Customer_Copy_Notes_FT -->
  <testcase classname="com.hanapos.cashandcarrytest.Hana_T47_Payments_CreditCard_Manually_Entering_CreditCard_Details_AddNewCard_Functionality_FT" name="Validate_Hana_T47_Payments_CreditCard_Manually_Entering_CreditCard_Details_AddNewCard_Test" time="0.0">
    <ignored/>
  </testcase> <!-- Validate_Hana_T47_Payments_CreditCard_Manually_Entering_CreditCard_Details_AddNewCard_Test -->
  <testcase classname="com.hanapos.seleniumProjectBase.TestBaseClass" name="@BeforeSuite loadConfig" time="0.0">
    <ignored/>
  </testcase> <!-- @BeforeSuite loadConfig -->
  <testcase classname="com.hanapos.cashandcarrytest.Hana_T03_UpdateDiscountOrderLevel_FT" name="Validate_Hana_T03_Update_DiscountOrder_LevelTest" time="0.0">
    <ignored/>
  </testcase> <!-- Validate_Hana_T03_Update_DiscountOrder_LevelTest -->
  <testcase classname="com.hanapos.seleniumProjectBase.TestBaseClass" name="@BeforeSuite loadConfig" time="0.0">
    <ignored/>
  </testcase> <!-- @BeforeSuite loadConfig -->
  <testcase classname="com.hanapos.OrderEntry_Alais_WireIn_PhoneOrderTest.Hana_T455_OrderEntryPage_WireIn_Wire_In_Info_FT" name="Validate_Hana_T455_OrderEntryPage_WireIn_Wire_In_Info_Functionality_Test" time="0.0">
    <ignored/>
  </testcase> <!-- Validate_Hana_T455_OrderEntryPage_WireIn_Wire_In_Info_Functionality_Test -->
  <testcase classname="com.hanapos.cashandcarrytest.Hana_T42_Payment_Convert_Delivery_FT" name="Validate_Hana_T42_Payment_Convert_Delivery_Test" time="0.0">
    <ignored/>
  </testcase> <!-- Validate_Hana_T42_Payment_Convert_Delivery_Test -->
  <testcase classname="com.hanapos.seleniumProjectBase.TestBaseClass" name="@BeforeSuite loadConfig" time="0.0">
    <ignored/>
  </testcase> <!-- @BeforeSuite loadConfig -->
  <testcase classname="com.hanapos.cashandcarrytest.Hana_T86_WalkinsSetting_CashRegistery_Merchant_Copy_Checked_FT" name="Validate_Hana_T86_WalkinsSetting_CashRegistery_Merchant_Copy_Checked_FT" time="0.0">
    <ignored/>
  </testcase> <!-- Validate_Hana_T86_WalkinsSetting_CashRegistery_Merchant_Copy_Checked_FT -->
  <testcase classname="com.hanapos.seleniumProjectBase.TestBaseClass" name="@BeforeSuite loadConfig" time="0.0">
    <ignored/>
  </testcase> <!-- @BeforeSuite loadConfig -->
  <testcase classname="com.hanapos.seleniumProjectBase.TestBaseClass" name="@BeforeSuite loadConfig" time="0.0">
    <ignored/>
  </testcase> <!-- @BeforeSuite loadConfig -->
  <testcase classname="com.hanapos.seleniumProjectBase.TestBaseClass" name="@BeforeSuite loadConfig" time="0.0">
    <ignored/>
  </testcase> <!-- @BeforeSuite loadConfig -->
  <testcase classname="com.hanapos.seleniumProjectBase.TestBaseClass" name="@BeforeSuite loadConfig" time="0.0">
    <ignored/>
  </testcase> <!-- @BeforeSuite loadConfig -->
  <testcase classname="com.hanapos.cashandcarrytest.Hana_T08_WalkingSettings_DeleteCashRegister_FT" name="Validate_Hana_T08_WalkingSetting_Delete_CashRegister_Test" time="0.0">
    <ignored/>
  </testcase> <!-- Validate_Hana_T08_WalkingSetting_Delete_CashRegister_Test -->
  <testcase classname="com.hanapos.seleniumProjectBase.TestBaseClass" name="@BeforeSuite loadConfig" time="0.0">
    <ignored/>
  </testcase> <!-- @BeforeSuite loadConfig -->
  <testcase classname="com.hanapos.seleniumProjectBase.TestBaseClass" name="@BeforeSuite loadConfig" time="0.0">
    <ignored/>
  </testcase> <!-- @BeforeSuite loadConfig -->
  <testcase classname="com.hanapos.seleniumProjectBase.TestBaseClass" name="@BeforeSuite loadConfig" time="0.0">
    <ignored/>
  </testcase> <!-- @BeforeSuite loadConfig -->
  <testcase classname="com.hanapos.seleniumProjectBase.TestBaseClass" name="@BeforeSuite loadConfig" time="0.0">
    <ignored/>
  </testcase> <!-- @BeforeSuite loadConfig -->
  <testcase classname="com.hanapos.seleniumProjectBase.TestBaseClass" name="@BeforeSuite loadConfig" time="0.0">
    <ignored/>
  </testcase> <!-- @BeforeSuite loadConfig -->
  <testcase classname="com.hanapos.seleniumProjectBase.TestBaseClass" name="@BeforeSuite loadConfig" time="0.0">
    <ignored/>
  </testcase> <!-- @BeforeSuite loadConfig -->
  <testcase classname="com.hanapos.cashandcarrytest.Hana_T06_WalkingSettings_AddNewCashRegister_FT" name="Validate_Hana_T06_WalkingSetting_AddNew_CashRegister_Test" time="0.0">
    <ignored/>
  </testcase> <!-- Validate_Hana_T06_WalkingSetting_AddNew_CashRegister_Test -->
  <testcase classname="com.hanapos.cashandcarrytest.Hana_T48_Payments_CreditCard_Manually_Entering_CreditCard_Details_ExistingCard_Functionality_FT" name="Validate_Hana_T48_Payments_CreditCard_Manually_Entering_CreditCard_Details_ExistingCard_Functionality_Test" time="0.0">
    <ignored/>
  </testcase> <!-- Validate_Hana_T48_Payments_CreditCard_Manually_Entering_CreditCard_Details_ExistingCard_Functionality_Test -->
  <testcase classname="com.hanapos.OrderEntry_Alais_DeliveryType_PhoneOrderTest.Hana_T302_Delivery_Functionality_with_Existing_customer_FT" name="Validate_Hana_T302_Delivery_Functionality_with_Existing_customer" time="0.0">
    <ignored/>
  </testcase> <!-- Validate_Hana_T302_Delivery_Functionality_with_Existing_customer -->
  <testcase classname="com.hanapos.OrderEntry_Alais_WireOut_PhoneOrderTest.Hana_T519_OrderEntryPage_WireOut_Functionality_with_Existing_customer_FT" name="Validate_Hana_T519_OrderEntryPage_WireOut_Functionality_with_Existing_customer_Functionality_Test" time="0.0">
    <ignored/>
  </testcase> <!-- Validate_Hana_T519_OrderEntryPage_WireOut_Functionality_with_Existing_customer_Functionality_Test -->
  <testcase classname="com.hanapos.seleniumProjectBase.TestBaseClass" name="@BeforeSuite loadConfig" time="0.0">
    <ignored/>
  </testcase> <!-- @BeforeSuite loadConfig -->
  <testcase classname="com.hanapos.cashandcarrytest.Hana_T70_Sales_History_FT" name="Validate_Hana_T70_Sales_History_Test" time="0.0">
    <ignored/>
  </testcase> <!-- Validate_Hana_T70_Sales_History_Test -->
  <testcase classname="com.hanapos.seleniumProjectBase.TestBaseClass" name="@BeforeSuite loadConfig" time="0.0">
    <ignored/>
  </testcase> <!-- @BeforeSuite loadConfig -->
  <testcase classname="com.hanapos.seleniumProjectBase.TestBaseClass" name="@BeforeSuite loadConfig" time="0.0">
    <ignored/>
  </testcase> <!-- @BeforeSuite loadConfig -->
</testsuite> <!-- CashAndCarryFunctionalTest -->
