<?xml version="1.0" encoding="UTF-8"?>
<!-- Generated by org.testng.reporters.JUnitXMLReporter -->
<testsuite ignored="89" hostname="DESKTOP-JEHOL2V" failures="13" tests="24" name="Smoke Functionality Test" time="734.594" errors="0" timestamp="2024-08-13T19:38:22 IST">
  <testcase classname="com.hanapos.cashandcarrytest.Hana_T16_Delete_Product_FT" name="Validate_Hana_T16_Delete_Product_Test" time="76.134"/>
  <testcase classname="com.hanapos.cashandcarrytest.Hana_T14_Add_Product_FT" name="Validate_Hana_T14_Add_Product_Test" time="101.126"/>
  <testcase classname="com.hanapos.cashandcarrytest.Hana_T18_OrderConfirmationPopup_FT" name="Validate_Hana_T18_Order_Confirmation_Popup_Test" time="101.443">
    <failure type="java.lang.AssertionError" message="The following asserts failed:
	******Test Step - 13 - SMS Phone number is not autopopulated from customer details****** expected [9566550756] but found []">
      <![CDATA[java.lang.AssertionError: The following asserts failed:
******Test Step - 13 - SMS Phone number is not autopopulated from customer details****** expected [9566550756] but found []
at org.testng.asserts.SoftAssert.assertAll(SoftAssert.java:46)
at org.testng.asserts.SoftAssert.assertAll(SoftAssert.java:30)
at com.hanapos.cashandcarrytest.Hana_T18_OrderConfirmationPopup_FT.Validate_Hana_T18_Order_Confirmation_Popup_Test(Hana_T18_OrderConfirmationPopup_FT.java:192)
at java.base/jdk.internal.reflect.DirectMethodHandleAccessor.invoke(DirectMethodHandleAccessor.java:103)
at java.base/java.lang.reflect.Method.invoke(Method.java:580)
at org.testng.internal.invokers.MethodInvocationHelper.invokeMethod(MethodInvocationHelper.java:141)
at org.testng.internal.invokers.TestInvoker.invokeMethod(TestInvoker.java:686)
at org.testng.internal.invokers.TestInvoker.invokeTestMethod(TestInvoker.java:230)
at org.testng.internal.invokers.MethodRunner.runInSequence(MethodRunner.java:63)
at org.testng.internal.invokers.TestInvoker$MethodInvocationAgent.invoke(TestInvoker.java:992)
at org.testng.internal.invokers.TestInvoker.invokeTestMethods(TestInvoker.java:203)
at org.testng.internal.invokers.TestMethodWorker.invokeTestMethods(TestMethodWorker.java:154)
at org.testng.internal.invokers.TestMethodWorker.run(TestMethodWorker.java:134)
at java.base/java.util.concurrent.Executors$RunnableAdapter.call(Executors.java:572)
at java.base/java.util.concurrent.FutureTask.run(FutureTask.java:317)
at org.testng.internal.thread.graph.TestNGFutureTask.run(TestNGFutureTask.java:22)
at java.base/java.util.concurrent.ThreadPoolExecutor.runWorker(ThreadPoolExecutor.java:1144)
at java.base/java.util.concurrent.ThreadPoolExecutor$Worker.run(ThreadPoolExecutor.java:642)
at java.base/java.lang.Thread.run(Thread.java:1583)
]]>
    </failure>
  </testcase> <!-- Validate_Hana_T18_Order_Confirmation_Popup_Test -->
  <testcase classname="com.hanapos.cashandcarrytest.Hana_T15_Edit_Product_FT" name="Validate_Hana_T15_Edit_Product_Test" time="128.151"/>
  <testcase classname="com.hanapos.cashandcarrytest.Hana_T28_Gift_Card_FT" name="Validate_Hana_T28_GiftCard_Functionality_Test" time="140.202"/>
  <testcase classname="com.hanapos.cashandcarrytest.Hana_T51_Payments_Cash_Payment_Section_FT" name="Validate_Hana_T51_Payments_Cash_Payment_Test" time="72.777"/>
  <testcase classname="com.hanapos.cashandcarrytest.Hana_T56_Payments_Invoice_Payment_Section_FT" name="Validate_Hana_T56_Payments_Invoice_Payment_Section_Test" time="74.566"/>
  <testcase classname="com.hanapos.cashandcarrytest.Hana_T37_Add_New_Customer_FT" name="Validate_Hana_T37_Add_New_Customer_Test" time="156.002">
    <failure type="java.lang.AssertionError" message="The following asserts failed:
	Test Step - 28 -customer type on delivery popup is not matched expected [(New Customer)] but found [(Repeat Customer)],
	Test Step - 28 -customer phone number on delivery popup is not matched expected [919-293-9495 /] but found [919-293-9495]">
      <![CDATA[java.lang.AssertionError: The following asserts failed:
Test Step - 28 -customer type on delivery popup is not matched expected [(New Customer)] but found [(Repeat Customer)],
Test Step - 28 -customer phone number on delivery popup is not matched expected [919-293-9495 /] but found [919-293-9495]
at org.testng.asserts.SoftAssert.assertAll(SoftAssert.java:46)
at org.testng.asserts.SoftAssert.assertAll(SoftAssert.java:30)
at com.hanapos.cashandcarrytest.Hana_T37_Add_New_Customer_FT.Validate_Hana_T37_Add_New_Customer_Test(Hana_T37_Add_New_Customer_FT.java:491)
at java.base/jdk.internal.reflect.DirectMethodHandleAccessor.invoke(DirectMethodHandleAccessor.java:103)
at java.base/java.lang.reflect.Method.invoke(Method.java:580)
at org.testng.internal.invokers.MethodInvocationHelper.invokeMethod(MethodInvocationHelper.java:141)
at org.testng.internal.invokers.TestInvoker.invokeMethod(TestInvoker.java:686)
at org.testng.internal.invokers.TestInvoker.invokeTestMethod(TestInvoker.java:230)
at org.testng.internal.invokers.MethodRunner.runInSequence(MethodRunner.java:63)
at org.testng.internal.invokers.TestInvoker$MethodInvocationAgent.invoke(TestInvoker.java:992)
at org.testng.internal.invokers.TestInvoker.invokeTestMethods(TestInvoker.java:203)
at org.testng.internal.invokers.TestMethodWorker.invokeTestMethods(TestMethodWorker.java:154)
at org.testng.internal.invokers.TestMethodWorker.run(TestMethodWorker.java:134)
at java.base/java.util.concurrent.Executors$RunnableAdapter.call(Executors.java:572)
at java.base/java.util.concurrent.FutureTask.run(FutureTask.java:317)
at org.testng.internal.thread.graph.TestNGFutureTask.run(TestNGFutureTask.java:22)
at java.base/java.util.concurrent.ThreadPoolExecutor.runWorker(ThreadPoolExecutor.java:1144)
at java.base/java.util.concurrent.ThreadPoolExecutor$Worker.run(ThreadPoolExecutor.java:642)
at java.base/java.lang.Thread.run(Thread.java:1583)
]]>
    </failure>
  </testcase> <!-- Validate_Hana_T37_Add_New_Customer_Test -->
  <testcase classname="com.hanapos.cashandcarrytest.Hana_T53_Payments_Check_Payment_Section_FT" name="Validate_Hana_T53_Payments_Check_Payment_Section_Test" time="120.661">
    <failure type="java.lang.AssertionError" message="The following asserts failed:
	Test Step - 16 expected [1844020000000010] but found [],
	Test Step - 16 expected [Bank Of America] but found [],
	Test Step - 16 expected [Hana POS] but found []">
      <![CDATA[java.lang.AssertionError: The following asserts failed:
Test Step - 16 expected [1844020000000010] but found [],
Test Step - 16 expected [Bank Of America] but found [],
Test Step - 16 expected [Hana POS] but found []
at org.testng.asserts.SoftAssert.assertAll(SoftAssert.java:46)
at org.testng.asserts.SoftAssert.assertAll(SoftAssert.java:30)
at com.hanapos.cashandcarrytest.Hana_T53_Payments_Check_Payment_Section_FT.Validate_Hana_T53_Payments_Check_Payment_Section_Test(Hana_T53_Payments_Check_Payment_Section_FT.java:316)
at java.base/jdk.internal.reflect.DirectMethodHandleAccessor.invoke(DirectMethodHandleAccessor.java:103)
at java.base/java.lang.reflect.Method.invoke(Method.java:580)
at org.testng.internal.invokers.MethodInvocationHelper.invokeMethod(MethodInvocationHelper.java:141)
at org.testng.internal.invokers.TestInvoker.invokeMethod(TestInvoker.java:686)
at org.testng.internal.invokers.TestInvoker.invokeTestMethod(TestInvoker.java:230)
at org.testng.internal.invokers.MethodRunner.runInSequence(MethodRunner.java:63)
at org.testng.internal.invokers.TestInvoker$MethodInvocationAgent.invoke(TestInvoker.java:992)
at org.testng.internal.invokers.TestInvoker.invokeTestMethods(TestInvoker.java:203)
at org.testng.internal.invokers.TestMethodWorker.invokeTestMethods(TestMethodWorker.java:154)
at org.testng.internal.invokers.TestMethodWorker.run(TestMethodWorker.java:134)
at java.base/java.util.concurrent.Executors$RunnableAdapter.call(Executors.java:572)
at java.base/java.util.concurrent.FutureTask.run(FutureTask.java:317)
at org.testng.internal.thread.graph.TestNGFutureTask.run(TestNGFutureTask.java:22)
at java.base/java.util.concurrent.ThreadPoolExecutor.runWorker(ThreadPoolExecutor.java:1144)
at java.base/java.util.concurrent.ThreadPoolExecutor$Worker.run(ThreadPoolExecutor.java:642)
at java.base/java.lang.Thread.run(Thread.java:1583)
]]>
    </failure>
  </testcase> <!-- Validate_Hana_T53_Payments_Check_Payment_Section_Test -->
  <testcase classname="com.hanapos.cashandcarrytest.Hana_T59_Payments_POH_Payment_Section_FT" name="Validate_Hana_T59_Payments_POH_Payment_Section_Test" time="79.68"/>
  <testcase classname="com.hanapos.cashandcarrytest.Hana_T43_Payments_Split_Payment_FT" name="Validate_Hana_T43_Payments_Split_Payment_Test" time="208.553">
    <failure type="java.lang.AssertionError" message="The following asserts failed:
	Test Step - 15 - Grand total amount is not calculated correctly expected [$359.47] but found [$356.47],
	***Credit card present toogle button is not displayed***,
	expected [Check] but found [Credit On File],
	cash payment is not displayed expected [Cash] but found [Check],
	expected [Paid Outside Hana] but found [Cash],
	expected [true] but found [false],
	***Credit card present toogle button is not displayed***">
      <![CDATA[java.lang.AssertionError: The following asserts failed:
Test Step - 15 - Grand total amount is not calculated correctly expected [$359.47] but found [$356.47],
***Credit card present toogle button is not displayed***,
expected [Check] but found [Credit On File],
cash payment is not displayed expected [Cash] but found [Check],
expected [Paid Outside Hana] but found [Cash],
expected [true] but found [false],
***Credit card present toogle button is not displayed***
at org.testng.asserts.SoftAssert.assertAll(SoftAssert.java:46)
at org.testng.asserts.SoftAssert.assertAll(SoftAssert.java:30)
at com.hanapos.cashandcarrytest.Hana_T43_Payments_Split_Payment_FT.Validate_Hana_T43_Payments_Split_Payment_Test(Hana_T43_Payments_Split_Payment_FT.java:473)
at java.base/jdk.internal.reflect.DirectMethodHandleAccessor.invoke(DirectMethodHandleAccessor.java:103)
at java.base/java.lang.reflect.Method.invoke(Method.java:580)
at org.testng.internal.invokers.MethodInvocationHelper.invokeMethod(MethodInvocationHelper.java:141)
at org.testng.internal.invokers.TestInvoker.invokeMethod(TestInvoker.java:686)
at org.testng.internal.invokers.TestInvoker.invokeTestMethod(TestInvoker.java:230)
at org.testng.internal.invokers.MethodRunner.runInSequence(MethodRunner.java:63)
at org.testng.internal.invokers.TestInvoker$MethodInvocationAgent.invoke(TestInvoker.java:992)
at org.testng.internal.invokers.TestInvoker.invokeTestMethods(TestInvoker.java:203)
at org.testng.internal.invokers.TestMethodWorker.invokeTestMethods(TestMethodWorker.java:154)
at org.testng.internal.invokers.TestMethodWorker.run(TestMethodWorker.java:134)
at java.base/java.util.concurrent.Executors$RunnableAdapter.call(Executors.java:572)
at java.base/java.util.concurrent.FutureTask.run(FutureTask.java:317)
at org.testng.internal.thread.graph.TestNGFutureTask.run(TestNGFutureTask.java:22)
at java.base/java.util.concurrent.ThreadPoolExecutor.runWorker(ThreadPoolExecutor.java:1144)
at java.base/java.util.concurrent.ThreadPoolExecutor$Worker.run(ThreadPoolExecutor.java:642)
at java.base/java.lang.Thread.run(Thread.java:1583)
]]>
    </failure>
  </testcase> <!-- Validate_Hana_T43_Payments_Split_Payment_Test -->
  <testcase classname="com.hanapos.cashandcarrytest.Hana_T69_Add_Product_Without_Customer_FT" name="Validate_Hana_T69_Add_Product_Without_Customer_Test" time="72.376"/>
  <testcase classname="com.hanapos.cashandcarrytest.Hana_T65_Payment_Add_New_Customer_FT" name="Validate_Hana_T65_Payments_Add_New_Customer_Test" time="137.176">
    <failure type="java.lang.AssertionError" message="The following asserts failed:
	Test Step - 18 - Added on phone number field are not properly displayed expected [+99-123-456-7890] but found [+99-123-456-9192],
	Test Step - 18 - Added on alternative phone number field are not properly displayed expected [+99-123-456-7890] but found [+99-123-456-9192],
	expected [true] but found [false],
	customer phone number on delivery popup is not matched expected [919-293-9495 /] but found [],
	Phone number on customer table is not matched expected [919-293-9495] but found [+99-123-456-9192],
	City, State &amp;amp; Zipcode on customer table is not matched expected [Coimabtore Tamilnadu 641004] but found [Coimbatore Tamilnadu 641004]">
      <![CDATA[java.lang.AssertionError: The following asserts failed:
Test Step - 18 - Added on phone number field are not properly displayed expected [+99-123-456-7890] but found [+99-123-456-9192],
Test Step - 18 - Added on alternative phone number field are not properly displayed expected [+99-123-456-7890] but found [+99-123-456-9192],
expected [true] but found [false],
customer phone number on delivery popup is not matched expected [919-293-9495 /] but found [],
Phone number on customer table is not matched expected [919-293-9495] but found [+99-123-456-9192],
City, State & Zipcode on customer table is not matched expected [Coimabtore Tamilnadu 641004] but found [Coimbatore Tamilnadu 641004]
at org.testng.asserts.SoftAssert.assertAll(SoftAssert.java:46)
at org.testng.asserts.SoftAssert.assertAll(SoftAssert.java:30)
at com.hanapos.cashandcarrytest.Hana_T65_Payment_Add_New_Customer_FT.Validate_Hana_T65_Payments_Add_New_Customer_Test(Hana_T65_Payment_Add_New_Customer_FT.java:476)
at java.base/jdk.internal.reflect.DirectMethodHandleAccessor.invoke(DirectMethodHandleAccessor.java:103)
at java.base/java.lang.reflect.Method.invoke(Method.java:580)
at org.testng.internal.invokers.MethodInvocationHelper.invokeMethod(MethodInvocationHelper.java:141)
at org.testng.internal.invokers.TestInvoker.invokeMethod(TestInvoker.java:686)
at org.testng.internal.invokers.TestInvoker.invokeTestMethod(TestInvoker.java:230)
at org.testng.internal.invokers.MethodRunner.runInSequence(MethodRunner.java:63)
at org.testng.internal.invokers.TestInvoker$MethodInvocationAgent.invoke(TestInvoker.java:992)
at org.testng.internal.invokers.TestInvoker.invokeTestMethods(TestInvoker.java:203)
at org.testng.internal.invokers.TestMethodWorker.invokeTestMethods(TestMethodWorker.java:154)
at org.testng.internal.invokers.TestMethodWorker.run(TestMethodWorker.java:134)
at java.base/java.util.concurrent.Executors$RunnableAdapter.call(Executors.java:572)
at java.base/java.util.concurrent.FutureTask.run(FutureTask.java:317)
at org.testng.internal.thread.graph.TestNGFutureTask.run(TestNGFutureTask.java:22)
at java.base/java.util.concurrent.ThreadPoolExecutor.runWorker(ThreadPoolExecutor.java:1144)
at java.base/java.util.concurrent.ThreadPoolExecutor$Worker.run(ThreadPoolExecutor.java:642)
at java.base/java.lang.Thread.run(Thread.java:1583)
]]>
    </failure>
  </testcase> <!-- Validate_Hana_T65_Payments_Add_New_Customer_Test -->
  <testcase classname="com.hanapos.cashandcarrytest.Hana_T68_Payments_Donation_Payment_Section_FT" name="Validate_Hana_T68_Payments_Donation_Payment_Test" time="126.13">
    <failure type="java.lang.AssertionError" message="An exception occurred: Index 0 out of bounds for length 0">
      <![CDATA[java.lang.AssertionError: An exception occurred: Index 0 out of bounds for length 0
at org.testng.Assert.fail(Assert.java:111)
at com.hanapos.cashandcarrytest.Hana_T68_Payments_Donation_Payment_Section_FT.Validate_Hana_T68_Payments_Donation_Payment_Test(Hana_T68_Payments_Donation_Payment_Section_FT.java:205)
at java.base/jdk.internal.reflect.DirectMethodHandleAccessor.invoke(DirectMethodHandleAccessor.java:103)
at java.base/java.lang.reflect.Method.invoke(Method.java:580)
at org.testng.internal.invokers.MethodInvocationHelper.invokeMethod(MethodInvocationHelper.java:141)
at org.testng.internal.invokers.TestInvoker.invokeMethod(TestInvoker.java:686)
at org.testng.internal.invokers.TestInvoker.invokeTestMethod(TestInvoker.java:230)
at org.testng.internal.invokers.MethodRunner.runInSequence(MethodRunner.java:63)
at org.testng.internal.invokers.TestInvoker$MethodInvocationAgent.invoke(TestInvoker.java:992)
at org.testng.internal.invokers.TestInvoker.invokeTestMethods(TestInvoker.java:203)
at org.testng.internal.invokers.TestMethodWorker.invokeTestMethods(TestMethodWorker.java:154)
at org.testng.internal.invokers.TestMethodWorker.run(TestMethodWorker.java:134)
at java.base/java.util.concurrent.Executors$RunnableAdapter.call(Executors.java:572)
at java.base/java.util.concurrent.FutureTask.run(FutureTask.java:317)
at org.testng.internal.thread.graph.TestNGFutureTask.run(TestNGFutureTask.java:22)
at java.base/java.util.concurrent.ThreadPoolExecutor.runWorker(ThreadPoolExecutor.java:1144)
at java.base/java.util.concurrent.ThreadPoolExecutor$Worker.run(ThreadPoolExecutor.java:642)
at java.base/java.lang.Thread.run(Thread.java:1583)
]]>
    </failure>
  </testcase> <!-- Validate_Hana_T68_Payments_Donation_Payment_Test -->
  <testcase classname="com.hanapos.cashandcarrytest.Hana_T79_Add_Product_With_Existing_Customer_FT" name="Validate_Hana_T79_Add_Product_With_Existing_Customer_Test" time="72.373">
    <failure type="java.lang.AssertionError" message="The following asserts failed:
	Test Step - 17 Sender or customer name is not displayed expected [true] but found [false]">
      <![CDATA[java.lang.AssertionError: The following asserts failed:
Test Step - 17 Sender or customer name is not displayed expected [true] but found [false]
at org.testng.asserts.SoftAssert.assertAll(SoftAssert.java:46)
at org.testng.asserts.SoftAssert.assertAll(SoftAssert.java:30)
at com.hanapos.cashandcarrytest.Hana_T79_Add_Product_With_Existing_Customer_FT.Validate_Hana_T79_Add_Product_With_Existing_Customer_Test(Hana_T79_Add_Product_With_Existing_Customer_FT.java:196)
at java.base/jdk.internal.reflect.DirectMethodHandleAccessor.invoke(DirectMethodHandleAccessor.java:103)
at java.base/java.lang.reflect.Method.invoke(Method.java:580)
at org.testng.internal.invokers.MethodInvocationHelper.invokeMethod(MethodInvocationHelper.java:141)
at org.testng.internal.invokers.TestInvoker.invokeMethod(TestInvoker.java:686)
at org.testng.internal.invokers.TestInvoker.invokeTestMethod(TestInvoker.java:230)
at org.testng.internal.invokers.MethodRunner.runInSequence(MethodRunner.java:63)
at org.testng.internal.invokers.TestInvoker$MethodInvocationAgent.invoke(TestInvoker.java:992)
at org.testng.internal.invokers.TestInvoker.invokeTestMethods(TestInvoker.java:203)
at org.testng.internal.invokers.TestMethodWorker.invokeTestMethods(TestMethodWorker.java:154)
at org.testng.internal.invokers.TestMethodWorker.run(TestMethodWorker.java:134)
at java.base/java.util.concurrent.Executors$RunnableAdapter.call(Executors.java:572)
at java.base/java.util.concurrent.FutureTask.run(FutureTask.java:317)
at org.testng.internal.thread.graph.TestNGFutureTask.run(TestNGFutureTask.java:22)
at java.base/java.util.concurrent.ThreadPoolExecutor.runWorker(ThreadPoolExecutor.java:1144)
at java.base/java.util.concurrent.ThreadPoolExecutor$Worker.run(ThreadPoolExecutor.java:642)
at java.base/java.lang.Thread.run(Thread.java:1583)
]]>
    </failure>
  </testcase> <!-- Validate_Hana_T79_Add_Product_With_Existing_Customer_Test -->
  <testcase classname="com.hanapos.cashandcarrytest.Hana_T61_Payments_GiftCard_Payment_Section_FT" name="Validate_Hana_T61_Payments_GiftCard_Payment_Section_Test" time="176.698">
    <failure type="java.lang.AssertionError" message="Expected condition failed: waiting for visibility of [[ChromeDriver: chrome on windows (173bb9ab3abd073d0707c3fb6e8b560c)] -&amp;gt; xpath: (//input[@id=&amp;apos;txtCardNumberForGiftCard&amp;apos;])[1]] (tried for 10 second(s) with 500 milliseconds interval)
Build info: version: &amp;apos;4.22.0&amp;apos;, revision: &amp;apos;c5f3146703*&amp;apos;
System info: os.name: &amp;apos;Windows 11&amp;apos;, os.arch: &amp;apos;amd64&amp;apos;, os.version: &amp;apos;10.0&amp;apos;, java.version: &amp;apos;21.0.2&amp;apos;
Driver info: org.openqa.selenium.chrome.ChromeDriver
Capabilities {acceptInsecureCerts: false, browserName: chrome, browserVersion: 127.0.6533.100, chrome: {chromedriverVersion: 127.0.6533.99 (f31af5097d90..., userDataDir: C:\Users\Balaji\AppData\Loc...}, fedcm:accounts: true, goog:chromeOptions: {debuggerAddress: localhost:64013}, networkConnectionEnabled: false, pageLoadStrategy: normal, platformName: windows, proxy: Proxy(), se:cdp: ws://localhost:64013/devtoo..., se:cdpVersion: 127.0.6533.100, setWindowRect: true, strictFileInteractability: false, timeouts: {implicit: 0, pageLoad: 300000, script: 30000}, unhandledPromptBehavior: dismiss and notify, webauthn:extension:credBlob: true, webauthn:extension:largeBlob: true, webauthn:extension:minPinLength: true, webauthn:extension:prf: true, webauthn:virtualAuthenticators: true}
Session ID: 173bb9ab3abd073d0707c3fb6e8b560c">
      <![CDATA[java.lang.AssertionError: Expected condition failed: waiting for visibility of [[ChromeDriver: chrome on windows (173bb9ab3abd073d0707c3fb6e8b560c)] -> xpath: (//input[@id='txtCardNumberForGiftCard'])[1]] (tried for 10 second(s) with 500 milliseconds interval)
Build info: version: '4.22.0', revision: 'c5f3146703*'
System info: os.name: 'Windows 11', os.arch: 'amd64', os.version: '10.0', java.version: '21.0.2'
Driver info: org.openqa.selenium.chrome.ChromeDriver
Capabilities {acceptInsecureCerts: false, browserName: chrome, browserVersion: 127.0.6533.100, chrome: {chromedriverVersion: 127.0.6533.99 (f31af5097d90..., userDataDir: C:\Users\Balaji\AppData\Loc...}, fedcm:accounts: true, goog:chromeOptions: {debuggerAddress: localhost:64013}, networkConnectionEnabled: false, pageLoadStrategy: normal, platformName: windows, proxy: Proxy(), se:cdp: ws://localhost:64013/devtoo..., se:cdpVersion: 127.0.6533.100, setWindowRect: true, strictFileInteractability: false, timeouts: {implicit: 0, pageLoad: 300000, script: 30000}, unhandledPromptBehavior: dismiss and notify, webauthn:extension:credBlob: true, webauthn:extension:largeBlob: true, webauthn:extension:minPinLength: true, webauthn:extension:prf: true, webauthn:virtualAuthenticators: true}
Session ID: 173bb9ab3abd073d0707c3fb6e8b560c
at org.testng.Assert.fail(Assert.java:111)
at com.hanapos.cashandcarrytest.Hana_T61_Payments_GiftCard_Payment_Section_FT.Validate_Hana_T61_Payments_GiftCard_Payment_Section_Test(Hana_T61_Payments_GiftCard_Payment_Section_FT.java:220)
at java.base/jdk.internal.reflect.DirectMethodHandleAccessor.invoke(DirectMethodHandleAccessor.java:103)
at java.base/java.lang.reflect.Method.invoke(Method.java:580)
at org.testng.internal.invokers.MethodInvocationHelper.invokeMethod(MethodInvocationHelper.java:141)
at org.testng.internal.invokers.TestInvoker.invokeMethod(TestInvoker.java:686)
at org.testng.internal.invokers.TestInvoker.invokeTestMethod(TestInvoker.java:230)
at org.testng.internal.invokers.MethodRunner.runInSequence(MethodRunner.java:63)
at org.testng.internal.invokers.TestInvoker$MethodInvocationAgent.invoke(TestInvoker.java:992)
at org.testng.internal.invokers.TestInvoker.invokeTestMethods(TestInvoker.java:203)
at org.testng.internal.invokers.TestMethodWorker.invokeTestMethods(TestMethodWorker.java:154)
at org.testng.internal.invokers.TestMethodWorker.run(TestMethodWorker.java:134)
at java.base/java.util.concurrent.Executors$RunnableAdapter.call(Executors.java:572)
at java.base/java.util.concurrent.FutureTask.run(FutureTask.java:317)
at org.testng.internal.thread.graph.TestNGFutureTask.run(TestNGFutureTask.java:22)
at java.base/java.util.concurrent.ThreadPoolExecutor.runWorker(ThreadPoolExecutor.java:1144)
at java.base/java.util.concurrent.ThreadPoolExecutor$Worker.run(ThreadPoolExecutor.java:642)
at java.base/java.lang.Thread.run(Thread.java:1583)
]]>
    </failure>
  </testcase> <!-- Validate_Hana_T61_Payments_GiftCard_Payment_Section_Test -->
  <testcase classname="com.hanapos.OrderEntry_Alais_PickUp_PhoneOrderTest.Hana_T081_Pickup_Functionality_with_Existing_customer_FT" name="Validate_Hana_T081_Pickup_Functionality_with_Existing_customer" time="135.361"/>
  <testcase classname="com.hanapos.OrderEntry_Alais_WireIn_PhoneOrderTest.Hana_T455_OrderEntryPage_WireIn_Wire_In_Info_FT" name="Validate_Hana_T455_OrderEntryPage_WireIn_Wire_In_Info_Functionality_Test" time="176.304">
    <failure type="java.lang.AssertionError" message="The following asserts failed:
	Test Step - 16 - Payment type is not displayed on order confirmation page expected [FSN] but found []">
      <![CDATA[java.lang.AssertionError: The following asserts failed:
Test Step - 16 - Payment type is not displayed on order confirmation page expected [FSN] but found []
at org.testng.asserts.SoftAssert.assertAll(SoftAssert.java:46)
at org.testng.asserts.SoftAssert.assertAll(SoftAssert.java:30)
at com.hanapos.OrderEntry_Alais_WireIn_PhoneOrderTest.Hana_T455_OrderEntryPage_WireIn_Wire_In_Info_FT.Validate_Hana_T455_OrderEntryPage_WireIn_Wire_In_Info_Functionality_Test(Hana_T455_OrderEntryPage_WireIn_Wire_In_Info_FT.java:225)
at java.base/jdk.internal.reflect.DirectMethodHandleAccessor.invoke(DirectMethodHandleAccessor.java:103)
at java.base/java.lang.reflect.Method.invoke(Method.java:580)
at org.testng.internal.invokers.MethodInvocationHelper.invokeMethod(MethodInvocationHelper.java:141)
at org.testng.internal.invokers.TestInvoker.invokeMethod(TestInvoker.java:686)
at org.testng.internal.invokers.TestInvoker.invokeTestMethod(TestInvoker.java:230)
at org.testng.internal.invokers.MethodRunner.runInSequence(MethodRunner.java:63)
at org.testng.internal.invokers.TestInvoker$MethodInvocationAgent.invoke(TestInvoker.java:992)
at org.testng.internal.invokers.TestInvoker.invokeTestMethods(TestInvoker.java:203)
at org.testng.internal.invokers.TestMethodWorker.invokeTestMethods(TestMethodWorker.java:154)
at org.testng.internal.invokers.TestMethodWorker.run(TestMethodWorker.java:134)
at java.base/java.util.concurrent.Executors$RunnableAdapter.call(Executors.java:572)
at java.base/java.util.concurrent.FutureTask.run(FutureTask.java:317)
at org.testng.internal.thread.graph.TestNGFutureTask.run(TestNGFutureTask.java:22)
at java.base/java.util.concurrent.ThreadPoolExecutor.runWorker(ThreadPoolExecutor.java:1144)
at java.base/java.util.concurrent.ThreadPoolExecutor$Worker.run(ThreadPoolExecutor.java:642)
at java.base/java.lang.Thread.run(Thread.java:1583)
]]>
    </failure>
  </testcase> <!-- Validate_Hana_T455_OrderEntryPage_WireIn_Wire_In_Info_Functionality_Test -->
  <testcase classname="com.hanapos.OrderEntry_Alais_WireOut_PhoneOrderTest.Hana_T519_OrderEntryPage_WireOut_Functionality_with_Existing_customer_FT" name="Validate_Hana_T519_OrderEntryPage_WireOut_Functionality_with_Existing_customer_Functionality_Test" time="118.046"/>
  <testcase classname="com.hanapos.OrderEntry_Alais_DeliveryType_PhoneOrderTest.Hana_T302_Delivery_Functionality_with_Existing_customer_FT" name="Validate_Hana_T302_Delivery_Functionality_with_Existing_customer" time="271.154">
    <failure type="java.lang.AssertionError" message="Test case failed due to exception no such element: Unable to locate element: {&amp;quot;method&amp;quot;:&amp;quot;xpath&amp;quot;,&amp;quot;selector&amp;quot;:&amp;quot;//span[@class=&amp;apos;RecipientDetails test&amp;apos;]&amp;quot;}
  (Session info: chrome=127.0.6533.100)
For documentation on this error, please visit: https://www.selenium.dev/documentation/webdriver/troubleshooting/errors#no-such-element-exception
Build info: version: &amp;apos;4.22.0&amp;apos;, revision: &amp;apos;c5f3146703*&amp;apos;
System info: os.name: &amp;apos;Windows 11&amp;apos;, os.arch: &amp;apos;amd64&amp;apos;, os.version: &amp;apos;10.0&amp;apos;, java.version: &amp;apos;21.0.2&amp;apos;
Driver info: org.openqa.selenium.chrome.ChromeDriver
Command: [736c925a226b07ec4ce12408cbc393e1, findElement {value=//span[@class=&amp;apos;RecipientDetails test&amp;apos;], using=xpath}]
Capabilities {acceptInsecureCerts: false, browserName: chrome, browserVersion: 127.0.6533.100, chrome: {chromedriverVersion: 127.0.6533.99 (f31af5097d90..., userDataDir: C:\Users\Balaji\AppData\Loc...}, fedcm:accounts: true, goog:chromeOptions: {debuggerAddress: localhost:64757}, networkConnectionEnabled: false, pageLoadStrategy: normal, platformName: windows, proxy: Proxy(), se:cdp: ws://localhost:64757/devtoo..., se:cdpVersion: 127.0.6533.100, setWindowRect: true, strictFileInteractability: false, timeouts: {implicit: 0, pageLoad: 300000, script: 30000}, unhandledPromptBehavior: dismiss and notify, webauthn:extension:credBlob: true, webauthn:extension:largeBlob: true, webauthn:extension:minPinLength: true, webauthn:extension:prf: true, webauthn:virtualAuthenticators: true}
Session ID: 736c925a226b07ec4ce12408cbc393e1">
      <![CDATA[java.lang.AssertionError: Test case failed due to exception no such element: Unable to locate element: {"method":"xpath","selector":"//span[@class='RecipientDetails test']"}
  (Session info: chrome=127.0.6533.100)
For documentation on this error, please visit: https://www.selenium.dev/documentation/webdriver/troubleshooting/errors#no-such-element-exception
Build info: version: '4.22.0', revision: 'c5f3146703*'
System info: os.name: 'Windows 11', os.arch: 'amd64', os.version: '10.0', java.version: '21.0.2'
Driver info: org.openqa.selenium.chrome.ChromeDriver
Command: [736c925a226b07ec4ce12408cbc393e1, findElement {value=//span[@class='RecipientDetails test'], using=xpath}]
Capabilities {acceptInsecureCerts: false, browserName: chrome, browserVersion: 127.0.6533.100, chrome: {chromedriverVersion: 127.0.6533.99 (f31af5097d90..., userDataDir: C:\Users\Balaji\AppData\Loc...}, fedcm:accounts: true, goog:chromeOptions: {debuggerAddress: localhost:64757}, networkConnectionEnabled: false, pageLoadStrategy: normal, platformName: windows, proxy: Proxy(), se:cdp: ws://localhost:64757/devtoo..., se:cdpVersion: 127.0.6533.100, setWindowRect: true, strictFileInteractability: false, timeouts: {implicit: 0, pageLoad: 300000, script: 30000}, unhandledPromptBehavior: dismiss and notify, webauthn:extension:credBlob: true, webauthn:extension:largeBlob: true, webauthn:extension:minPinLength: true, webauthn:extension:prf: true, webauthn:virtualAuthenticators: true}
Session ID: 736c925a226b07ec4ce12408cbc393e1
at org.testng.Assert.fail(Assert.java:111)
at com.hanapos.OrderEntry_Alais_DeliveryType_PhoneOrderTest.Hana_T302_Delivery_Functionality_with_Existing_customer_FT.Validate_Hana_T302_Delivery_Functionality_with_Existing_customer(Hana_T302_Delivery_Functionality_with_Existing_customer_FT.java:194)
at java.base/jdk.internal.reflect.DirectMethodHandleAccessor.invoke(DirectMethodHandleAccessor.java:103)
at java.base/java.lang.reflect.Method.invoke(Method.java:580)
at org.testng.internal.invokers.MethodInvocationHelper.invokeMethod(MethodInvocationHelper.java:141)
at org.testng.internal.invokers.TestInvoker.invokeMethod(TestInvoker.java:686)
at org.testng.internal.invokers.TestInvoker.invokeTestMethod(TestInvoker.java:230)
at org.testng.internal.invokers.MethodRunner.runInSequence(MethodRunner.java:63)
at org.testng.internal.invokers.TestInvoker$MethodInvocationAgent.invoke(TestInvoker.java:992)
at org.testng.internal.invokers.TestInvoker.invokeTestMethods(TestInvoker.java:203)
at org.testng.internal.invokers.TestMethodWorker.invokeTestMethods(TestMethodWorker.java:154)
at org.testng.internal.invokers.TestMethodWorker.run(TestMethodWorker.java:134)
at java.base/java.util.concurrent.Executors$RunnableAdapter.call(Executors.java:572)
at java.base/java.util.concurrent.FutureTask.run(FutureTask.java:317)
at org.testng.internal.thread.graph.TestNGFutureTask.run(TestNGFutureTask.java:22)
at java.base/java.util.concurrent.ThreadPoolExecutor.runWorker(ThreadPoolExecutor.java:1144)
at java.base/java.util.concurrent.ThreadPoolExecutor$Worker.run(ThreadPoolExecutor.java:642)
at java.base/java.lang.Thread.run(Thread.java:1583)
]]>
    </failure>
  </testcase> <!-- Validate_Hana_T302_Delivery_Functionality_with_Existing_customer -->
  <testcase classname="com.hanapos.cashandcarrytest.Hana_T33_Purchase_Product_With_Coupon_FT" name="Validate_Hana_T33_Purchase_Product_With_Coupon_Test" time="51.795"/>
  <testcase classname="com.hanapos.OrderEntry_Alais_DeliveryType_PhoneOrderTest.Hana_T303_Delivery_Functionality_with_New_customer_FT" name="Validate_Hana_T303_Delivery_Functionality_with_New_customer_Functionality_Test" time="274.53">
    <failure type="java.lang.AssertionError" message="The following asserts failed:
	Test Step - 15 - Phone order cash payment is not displayed expected [true] but found [false]">
      <![CDATA[java.lang.AssertionError: The following asserts failed:
Test Step - 15 - Phone order cash payment is not displayed expected [true] but found [false]
at org.testng.asserts.SoftAssert.assertAll(SoftAssert.java:46)
at org.testng.asserts.SoftAssert.assertAll(SoftAssert.java:30)
at com.hanapos.OrderEntry_Alais_DeliveryType_PhoneOrderTest.Hana_T303_Delivery_Functionality_with_New_customer_FT.Validate_Hana_T303_Delivery_Functionality_with_New_customer_Functionality_Test(Hana_T303_Delivery_Functionality_with_New_customer_FT.java:240)
at java.base/jdk.internal.reflect.DirectMethodHandleAccessor.invoke(DirectMethodHandleAccessor.java:103)
at java.base/java.lang.reflect.Method.invoke(Method.java:580)
at org.testng.internal.invokers.MethodInvocationHelper.invokeMethod(MethodInvocationHelper.java:141)
at org.testng.internal.invokers.TestInvoker.invokeMethod(TestInvoker.java:686)
at org.testng.internal.invokers.TestInvoker.invokeTestMethod(TestInvoker.java:230)
at org.testng.internal.invokers.MethodRunner.runInSequence(MethodRunner.java:63)
at org.testng.internal.invokers.TestInvoker$MethodInvocationAgent.invoke(TestInvoker.java:992)
at org.testng.internal.invokers.TestInvoker.invokeTestMethods(TestInvoker.java:203)
at org.testng.internal.invokers.TestMethodWorker.invokeTestMethods(TestMethodWorker.java:154)
at org.testng.internal.invokers.TestMethodWorker.run(TestMethodWorker.java:134)
at java.base/java.util.concurrent.Executors$RunnableAdapter.call(Executors.java:572)
at java.base/java.util.concurrent.FutureTask.run(FutureTask.java:317)
at org.testng.internal.thread.graph.TestNGFutureTask.run(TestNGFutureTask.java:22)
at java.base/java.util.concurrent.ThreadPoolExecutor.runWorker(ThreadPoolExecutor.java:1144)
at java.base/java.util.concurrent.ThreadPoolExecutor$Worker.run(ThreadPoolExecutor.java:642)
at java.base/java.lang.Thread.run(Thread.java:1583)
]]>
    </failure>
  </testcase> <!-- Validate_Hana_T303_Delivery_Functionality_with_New_customer_Functionality_Test -->
  <testcase classname="com.hanapos.OrderEntry_Alais_PickUp_PhoneOrderTest.Hana_T082_Pickup_Functionality_with_New_customer_FT" name="Validate_Hana_T082_Pickup_Functionality_with_New_customer_Test" time="286.742">
    <failure type="java.lang.AssertionError" message="Test case failed due to exception no such element: Unable to locate element: {&amp;quot;method&amp;quot;:&amp;quot;xpath&amp;quot;,&amp;quot;selector&amp;quot;:&amp;quot;//span[@class=&amp;apos;RecipientDetails test&amp;apos;]&amp;quot;}
  (Session info: chrome=127.0.6533.100)
For documentation on this error, please visit: https://www.selenium.dev/documentation/webdriver/troubleshooting/errors#no-such-element-exception
Build info: version: &amp;apos;4.22.0&amp;apos;, revision: &amp;apos;c5f3146703*&amp;apos;
System info: os.name: &amp;apos;Windows 11&amp;apos;, os.arch: &amp;apos;amd64&amp;apos;, os.version: &amp;apos;10.0&amp;apos;, java.version: &amp;apos;21.0.2&amp;apos;
Driver info: org.openqa.selenium.chrome.ChromeDriver
Command: [85de2923610cb4685998a3914cbe4c73, findElement {value=//span[@class=&amp;apos;RecipientDetails test&amp;apos;], using=xpath}]
Capabilities {acceptInsecureCerts: false, browserName: chrome, browserVersion: 127.0.6533.100, chrome: {chromedriverVersion: 127.0.6533.99 (f31af5097d90..., userDataDir: C:\Users\Balaji\AppData\Loc...}, fedcm:accounts: true, goog:chromeOptions: {debuggerAddress: localhost:64722}, networkConnectionEnabled: false, pageLoadStrategy: normal, platformName: windows, proxy: Proxy(), se:cdp: ws://localhost:64722/devtoo..., se:cdpVersion: 127.0.6533.100, setWindowRect: true, strictFileInteractability: false, timeouts: {implicit: 0, pageLoad: 300000, script: 30000}, unhandledPromptBehavior: dismiss and notify, webauthn:extension:credBlob: true, webauthn:extension:largeBlob: true, webauthn:extension:minPinLength: true, webauthn:extension:prf: true, webauthn:virtualAuthenticators: true}
Session ID: 85de2923610cb4685998a3914cbe4c73">
      <![CDATA[java.lang.AssertionError: Test case failed due to exception no such element: Unable to locate element: {"method":"xpath","selector":"//span[@class='RecipientDetails test']"}
  (Session info: chrome=127.0.6533.100)
For documentation on this error, please visit: https://www.selenium.dev/documentation/webdriver/troubleshooting/errors#no-such-element-exception
Build info: version: '4.22.0', revision: 'c5f3146703*'
System info: os.name: 'Windows 11', os.arch: 'amd64', os.version: '10.0', java.version: '21.0.2'
Driver info: org.openqa.selenium.chrome.ChromeDriver
Command: [85de2923610cb4685998a3914cbe4c73, findElement {value=//span[@class='RecipientDetails test'], using=xpath}]
Capabilities {acceptInsecureCerts: false, browserName: chrome, browserVersion: 127.0.6533.100, chrome: {chromedriverVersion: 127.0.6533.99 (f31af5097d90..., userDataDir: C:\Users\Balaji\AppData\Loc...}, fedcm:accounts: true, goog:chromeOptions: {debuggerAddress: localhost:64722}, networkConnectionEnabled: false, pageLoadStrategy: normal, platformName: windows, proxy: Proxy(), se:cdp: ws://localhost:64722/devtoo..., se:cdpVersion: 127.0.6533.100, setWindowRect: true, strictFileInteractability: false, timeouts: {implicit: 0, pageLoad: 300000, script: 30000}, unhandledPromptBehavior: dismiss and notify, webauthn:extension:credBlob: true, webauthn:extension:largeBlob: true, webauthn:extension:minPinLength: true, webauthn:extension:prf: true, webauthn:virtualAuthenticators: true}
Session ID: 85de2923610cb4685998a3914cbe4c73
at org.testng.Assert.fail(Assert.java:111)
at com.hanapos.OrderEntry_Alais_PickUp_PhoneOrderTest.Hana_T082_Pickup_Functionality_with_New_customer_FT.Validate_Hana_T082_Pickup_Functionality_with_New_customer_Test(Hana_T082_Pickup_Functionality_with_New_customer_FT.java:237)
at java.base/jdk.internal.reflect.DirectMethodHandleAccessor.invoke(DirectMethodHandleAccessor.java:103)
at java.base/java.lang.reflect.Method.invoke(Method.java:580)
at org.testng.internal.invokers.MethodInvocationHelper.invokeMethod(MethodInvocationHelper.java:141)
at org.testng.internal.invokers.TestInvoker.invokeMethod(TestInvoker.java:686)
at org.testng.internal.invokers.TestInvoker.invokeTestMethod(TestInvoker.java:230)
at org.testng.internal.invokers.MethodRunner.runInSequence(MethodRunner.java:63)
at org.testng.internal.invokers.TestInvoker$MethodInvocationAgent.invoke(TestInvoker.java:992)
at org.testng.internal.invokers.TestInvoker.invokeTestMethods(TestInvoker.java:203)
at org.testng.internal.invokers.TestMethodWorker.invokeTestMethods(TestMethodWorker.java:154)
at org.testng.internal.invokers.TestMethodWorker.run(TestMethodWorker.java:134)
at java.base/java.util.concurrent.Executors$RunnableAdapter.call(Executors.java:572)
at java.base/java.util.concurrent.FutureTask.run(FutureTask.java:317)
at org.testng.internal.thread.graph.TestNGFutureTask.run(TestNGFutureTask.java:22)
at java.base/java.util.concurrent.ThreadPoolExecutor.runWorker(ThreadPoolExecutor.java:1144)
at java.base/java.util.concurrent.ThreadPoolExecutor$Worker.run(ThreadPoolExecutor.java:642)
at java.base/java.lang.Thread.run(Thread.java:1583)
]]>
    </failure>
  </testcase> <!-- Validate_Hana_T082_Pickup_Functionality_with_New_customer_Test -->
  <testcase classname="com.hanapos.OrderEntry_Alais_WireOut_PhoneOrderTest.Hana_T520_OrderEntryPage_WireOut_Functionality_with_New_customer_FT" name="Validate_Hana_T520_OrderEntryPage_WireOut_Functionality_with_New_customer_Functionality_Test" time="134.286">
    <failure type="java.lang.AssertionError" message="Test case failed due to exception stale element reference: stale element not found in the current frame
  (Session info: chrome=127.0.6533.100)
For documentation on this error, please visit: https://www.selenium.dev/documentation/webdriver/troubleshooting/errors#stale-element-reference-exception
Build info: version: &amp;apos;4.22.0&amp;apos;, revision: &amp;apos;c5f3146703*&amp;apos;
System info: os.name: &amp;apos;Windows 11&amp;apos;, os.arch: &amp;apos;amd64&amp;apos;, os.version: &amp;apos;10.0&amp;apos;, java.version: &amp;apos;21.0.2&amp;apos;
Driver info: org.openqa.selenium.chrome.ChromeDriver
Command: [1915bebbe7fed2e50c38887e905feabe, getElementText {id=f.B0639D2919DA840602F1C548F230C8AC.d.25271A87762AE0212AF035ABC0545AD8.e.83270}]
Capabilities {acceptInsecureCerts: false, browserName: chrome, browserVersion: 127.0.6533.100, chrome: {chromedriverVersion: 127.0.6533.99 (f31af5097d90..., userDataDir: C:\Users\Balaji\AppData\Loc...}, fedcm:accounts: true, goog:chromeOptions: {debuggerAddress: localhost:65327}, networkConnectionEnabled: false, pageLoadStrategy: normal, platformName: windows, proxy: Proxy(), se:cdp: ws://localhost:65327/devtoo..., se:cdpVersion: 127.0.6533.100, setWindowRect: true, strictFileInteractability: false, timeouts: {implicit: 0, pageLoad: 300000, script: 30000}, unhandledPromptBehavior: dismiss and notify, webauthn:extension:credBlob: true, webauthn:extension:largeBlob: true, webauthn:extension:minPinLength: true, webauthn:extension:prf: true, webauthn:virtualAuthenticators: true}
Element: [[ChromeDriver: chrome on windows (1915bebbe7fed2e50c38887e905feabe)] -&amp;gt; xpath: (//tr[@role=&amp;apos;row&amp;apos;])[2]//td[8]]
Session ID: 1915bebbe7fed2e50c38887e905feabe">
      <![CDATA[java.lang.AssertionError: Test case failed due to exception stale element reference: stale element not found in the current frame
  (Session info: chrome=127.0.6533.100)
For documentation on this error, please visit: https://www.selenium.dev/documentation/webdriver/troubleshooting/errors#stale-element-reference-exception
Build info: version: '4.22.0', revision: 'c5f3146703*'
System info: os.name: 'Windows 11', os.arch: 'amd64', os.version: '10.0', java.version: '21.0.2'
Driver info: org.openqa.selenium.chrome.ChromeDriver
Command: [1915bebbe7fed2e50c38887e905feabe, getElementText {id=f.B0639D2919DA840602F1C548F230C8AC.d.25271A87762AE0212AF035ABC0545AD8.e.83270}]
Capabilities {acceptInsecureCerts: false, browserName: chrome, browserVersion: 127.0.6533.100, chrome: {chromedriverVersion: 127.0.6533.99 (f31af5097d90..., userDataDir: C:\Users\Balaji\AppData\Loc...}, fedcm:accounts: true, goog:chromeOptions: {debuggerAddress: localhost:65327}, networkConnectionEnabled: false, pageLoadStrategy: normal, platformName: windows, proxy: Proxy(), se:cdp: ws://localhost:65327/devtoo..., se:cdpVersion: 127.0.6533.100, setWindowRect: true, strictFileInteractability: false, timeouts: {implicit: 0, pageLoad: 300000, script: 30000}, unhandledPromptBehavior: dismiss and notify, webauthn:extension:credBlob: true, webauthn:extension:largeBlob: true, webauthn:extension:minPinLength: true, webauthn:extension:prf: true, webauthn:virtualAuthenticators: true}
Element: [[ChromeDriver: chrome on windows (1915bebbe7fed2e50c38887e905feabe)] -> xpath: (//tr[@role='row'])[2]//td[8]]
Session ID: 1915bebbe7fed2e50c38887e905feabe
at org.testng.Assert.fail(Assert.java:111)
at com.hanapos.OrderEntry_Alais_WireOut_PhoneOrderTest.Hana_T520_OrderEntryPage_WireOut_Functionality_with_New_customer_FT.Validate_Hana_T520_OrderEntryPage_WireOut_Functionality_with_New_customer_Functionality_Test(Hana_T520_OrderEntryPage_WireOut_Functionality_with_New_customer_FT.java:240)
at java.base/jdk.internal.reflect.DirectMethodHandleAccessor.invoke(DirectMethodHandleAccessor.java:103)
at java.base/java.lang.reflect.Method.invoke(Method.java:580)
at org.testng.internal.invokers.MethodInvocationHelper.invokeMethod(MethodInvocationHelper.java:141)
at org.testng.internal.invokers.TestInvoker.invokeMethod(TestInvoker.java:686)
at org.testng.internal.invokers.TestInvoker.invokeTestMethod(TestInvoker.java:230)
at org.testng.internal.invokers.MethodRunner.runInSequence(MethodRunner.java:63)
at org.testng.internal.invokers.TestInvoker$MethodInvocationAgent.invoke(TestInvoker.java:992)
at org.testng.internal.invokers.TestInvoker.invokeTestMethods(TestInvoker.java:203)
at org.testng.internal.invokers.TestMethodWorker.invokeTestMethods(TestMethodWorker.java:154)
at org.testng.internal.invokers.TestMethodWorker.run(TestMethodWorker.java:134)
at java.base/java.util.concurrent.Executors$RunnableAdapter.call(Executors.java:572)
at java.base/java.util.concurrent.FutureTask.run(FutureTask.java:317)
at org.testng.internal.thread.graph.TestNGFutureTask.run(TestNGFutureTask.java:22)
at java.base/java.util.concurrent.ThreadPoolExecutor.runWorker(ThreadPoolExecutor.java:1144)
at java.base/java.util.concurrent.ThreadPoolExecutor$Worker.run(ThreadPoolExecutor.java:642)
at java.base/java.lang.Thread.run(Thread.java:1583)
]]>
    </failure>
  </testcase> <!-- Validate_Hana_T520_OrderEntryPage_WireOut_Functionality_with_New_customer_Functionality_Test -->
  <testcase classname="com.hanapos.seleniumProjectBase.TestBaseClass" name="@BeforeSuite loadConfig" time="0.0">
    <ignored/>
  </testcase> <!-- @BeforeSuite loadConfig -->
  <testcase classname="com.hanapos.seleniumProjectBase.TestBaseClass" name="@BeforeSuite loadConfig" time="0.0">
    <ignored/>
  </testcase> <!-- @BeforeSuite loadConfig -->
  <testcase classname="com.hanapos.seleniumProjectBase.TestBaseClass" name="@BeforeSuite loadConfig" time="0.0">
    <ignored/>
  </testcase> <!-- @BeforeSuite loadConfig -->
  <testcase classname="com.hanapos.cashandcarrytest.Hana_T48_Payments_CreditCard_Manually_Entering_CreditCard_Details_ExistingCard_Functionality_FT" name="Validate_Hana_T48_Payments_CreditCard_Manually_Entering_CreditCard_Details_ExistingCard_Functionality_Test" time="0.0">
    <ignored/>
  </testcase> <!-- Validate_Hana_T48_Payments_CreditCard_Manually_Entering_CreditCard_Details_ExistingCard_Functionality_Test -->
  <testcase classname="com.hanapos.seleniumProjectBase.TestBaseClass" name="@BeforeSuite loadConfig" time="0.0">
    <ignored/>
  </testcase> <!-- @BeforeSuite loadConfig -->
  <testcase classname="com.hanapos.seleniumProjectBase.TestBaseClass" name="@BeforeSuite loadConfig" time="0.0">
    <ignored/>
  </testcase> <!-- @BeforeSuite loadConfig -->
  <testcase classname="com.hanapos.seleniumProjectBase.TestBaseClass" name="@BeforeSuite loadConfig" time="0.0">
    <ignored/>
  </testcase> <!-- @BeforeSuite loadConfig -->
  <testcase classname="com.hanapos.seleniumProjectBase.TestBaseClass" name="@BeforeSuite loadConfig" time="0.0">
    <ignored/>
  </testcase> <!-- @BeforeSuite loadConfig -->
  <testcase classname="com.hanapos.cashandcarrytest.Hana_T06_WalkingSettings_AddNewCashRegister_FT" name="Validate_Hana_T06_WalkingSetting_AddNew_CashRegister_Test" time="0.0">
    <ignored/>
  </testcase> <!-- Validate_Hana_T06_WalkingSetting_AddNew_CashRegister_Test -->
  <testcase classname="com.hanapos.cashandcarrytest.Hana_T35_CashAndCarry_Switching_Between_Shops_FT" name="Validate_Hana_T35_CashAndCarry_Switching_Between_Shops_Test" time="0.0">
    <ignored/>
  </testcase> <!-- Validate_Hana_T35_CashAndCarry_Switching_Between_Shops_Test -->
  <testcase classname="com.hanapos.seleniumProjectBase.TestBaseClass" name="@BeforeSuite loadConfig" time="0.0">
    <ignored/>
  </testcase> <!-- @BeforeSuite loadConfig -->
  <testcase classname="com.hanapos.cashandcarrytest.Hana_T75_Payout_FT" name="Validate_Hana_T75_Payout_Test" time="0.0">
    <ignored/>
  </testcase> <!-- Validate_Hana_T75_Payout_Test -->
  <testcase classname="com.hanapos.seleniumProjectBase.TestBaseClass" name="@BeforeSuite loadConfig" time="0.0">
    <ignored/>
  </testcase> <!-- @BeforeSuite loadConfig -->
  <testcase classname="com.hanapos.cashandcarrytest.Hana_T31_GiftCardSalepopup_Edit_Gift_Card_Denominations_Add_FT" name="Validate_Hana_T31_GiftCardSalesPopup_EditGiftCardDenomination_AddFunctionalityTest" time="0.0">
    <ignored/>
  </testcase> <!-- Validate_Hana_T31_GiftCardSalesPopup_EditGiftCardDenomination_AddFunctionalityTest -->
  <testcase classname="com.hanapos.seleniumProjectBase.TestBaseClass" name="@BeforeSuite loadConfig" time="0.0">
    <ignored/>
  </testcase> <!-- @BeforeSuite loadConfig -->
  <testcase classname="com.hanapos.seleniumProjectBase.TestBaseClass" name="@BeforeSuite loadConfig" time="0.0">
    <ignored/>
  </testcase> <!-- @BeforeSuite loadConfig -->
  <testcase classname="com.hanapos.seleniumProjectBase.TestBaseClass" name="@BeforeSuite loadConfig" time="0.0">
    <ignored/>
  </testcase> <!-- @BeforeSuite loadConfig -->
  <testcase classname="com.hanapos.cashandcarrytest.Hana_T32_GiftCardSalepopup_Edit_Gift_Card_Denominations_Edit_FT" name="Validate_Hana_T32_GiftCardSalesPopup_EditGiftCardDenomination_AddFunctionality_Test" time="0.0">
    <ignored/>
  </testcase> <!-- Validate_Hana_T32_GiftCardSalesPopup_EditGiftCardDenomination_AddFunctionality_Test -->
  <testcase classname="com.hanapos.seleniumProjectBase.TestBaseClass" name="@BeforeSuite loadConfig" time="0.0">
    <ignored/>
  </testcase> <!-- @BeforeSuite loadConfig -->
  <testcase classname="com.hanapos.seleniumProjectBase.TestBaseClass" name="@BeforeSuite loadConfig" time="0.0">
    <ignored/>
  </testcase> <!-- @BeforeSuite loadConfig -->
  <testcase classname="com.hanapos.seleniumProjectBase.TestBaseClass" name="@BeforeSuite loadConfig" time="0.0">
    <ignored/>
  </testcase> <!-- @BeforeSuite loadConfig -->
  <testcase classname="com.hanapos.cashandcarrytest.Hana_T11_WalkinsSetting_CashRegistery_Customer_Copy_With_Customer_Copy_Notes_FT" name="Validate_Hana_T11_WalkinsSetting_CashRegistery_Customer_Copy_with_Customer_Copy_Notes_FT" time="0.0">
    <ignored/>
  </testcase> <!-- Validate_Hana_T11_WalkinsSetting_CashRegistery_Customer_Copy_with_Customer_Copy_Notes_FT -->
  <testcase classname="com.hanapos.seleniumProjectBase.TestBaseClass" name="@BeforeSuite loadConfig" time="0.0">
    <ignored/>
  </testcase> <!-- @BeforeSuite loadConfig -->
  <testcase classname="com.hanapos.seleniumProjectBase.TestBaseClass" name="@BeforeSuite loadConfig" time="0.0">
    <ignored/>
  </testcase> <!-- @BeforeSuite loadConfig -->
  <testcase classname="com.hanapos.seleniumProjectBase.TestBaseClass" name="@BeforeSuite loadConfig" time="0.0">
    <ignored/>
  </testcase> <!-- @BeforeSuite loadConfig -->
  <testcase classname="com.hanapos.seleniumProjectBase.TestBaseClass" name="@BeforeSuite loadConfig" time="0.0">
    <ignored/>
  </testcase> <!-- @BeforeSuite loadConfig -->
  <testcase classname="com.hanapos.cashandcarrytest.Hana_T10_WalkinsSetting_CashRegistery_Merchant_Copy_Without_Merchant_Copy_Notes_FT" name="Validate_Hana_T10_WalkinsSetting_CashRegistery_Merchant_Copy_without_Merchant_Copy_Notes_FT" time="0.0">
    <ignored/>
  </testcase> <!-- Validate_Hana_T10_WalkinsSetting_CashRegistery_Merchant_Copy_without_Merchant_Copy_Notes_FT -->
  <testcase classname="com.hanapos.seleniumProjectBase.TestBaseClass" name="@BeforeSuite loadConfig" time="0.0">
    <ignored/>
  </testcase> <!-- @BeforeSuite loadConfig -->
  <testcase classname="com.hanapos.seleniumProjectBase.TestBaseClass" name="@BeforeSuite loadConfig" time="0.0">
    <ignored/>
  </testcase> <!-- @BeforeSuite loadConfig -->
  <testcase classname="com.hanapos.seleniumProjectBase.TestBaseClass" name="@BeforeSuite loadConfig" time="0.0">
    <ignored/>
  </testcase> <!-- @BeforeSuite loadConfig -->
  <testcase classname="com.hanapos.cashandcarrytest.Hana_T89_WalkinsSetting_CashRegistery_Customer_Copy_UnChecked_FT" name="Validate_Hana_T89_CashRegistery_Customer_Copy_UnChecked_FT" time="0.0">
    <ignored/>
  </testcase> <!-- Validate_Hana_T89_CashRegistery_Customer_Copy_UnChecked_FT -->
  <testcase classname="com.hanapos.seleniumProjectBase.TestBaseClass" name="@BeforeSuite loadConfig" time="0.0">
    <ignored/>
  </testcase> <!-- @BeforeSuite loadConfig -->
  <testcase classname="com.hanapos.seleniumProjectBase.TestBaseClass" name="@BeforeSuite loadConfig" time="0.0">
    <ignored/>
  </testcase> <!-- @BeforeSuite loadConfig -->
  <testcase classname="com.hanapos.cashandcarrytest.Hana_T08_WalkingSettings_DeleteCashRegister_FT" name="Validate_Hana_T08_WalkingSetting_Delete_CashRegister_Test" time="0.0">
    <ignored/>
  </testcase> <!-- Validate_Hana_T08_WalkingSetting_Delete_CashRegister_Test -->
  <testcase classname="com.hanapos.cashandcarrytest.Hana_T12_WalkinsSetting_CashRegistery_Customer_Copy_Without_Customer_Copy_Notes_FT" name="Validate_Hana_T12_WalkinsSetting_CashRegistery_Customer_Copy_without_Customer_Copy_Notes_FT" time="0.0">
    <ignored/>
  </testcase> <!-- Validate_Hana_T12_WalkinsSetting_CashRegistery_Customer_Copy_without_Customer_Copy_Notes_FT -->
  <testcase classname="com.hanapos.seleniumProjectBase.TestBaseClass" name="@BeforeSuite loadConfig" time="0.0">
    <ignored/>
  </testcase> <!-- @BeforeSuite loadConfig -->
  <testcase classname="com.hanapos.cashandcarrytest.Hana_T20_OrderConfirmationEmail_FT" name="Validate_Hana_T20_OrderConfirmationEmail_Test" time="0.0">
    <ignored/>
  </testcase> <!-- Validate_Hana_T20_OrderConfirmationEmail_Test -->
  <testcase classname="com.hanapos.seleniumProjectBase.TestBaseClass" name="@BeforeSuite loadConfig" time="0.0">
    <ignored/>
  </testcase> <!-- @BeforeSuite loadConfig -->
  <testcase classname="com.hanapos.cashandcarrytest.Hana_T04_WalkingSettings_UI_Test" name="Validate_Hana_T04_WalkingSetting_UIElement_Test" time="0.0">
    <ignored/>
  </testcase> <!-- Validate_Hana_T04_WalkingSetting_UIElement_Test -->
  <testcase classname="com.hanapos.cashandcarrytest.Hana_T63_Payments_GiftCard_Payment_Section_Swipe_Card_FT" name="Validate_Hana_T63_Payments_GiftCard_Payment_Section_Swipe_Card_Test" time="0.0">
    <ignored/>
  </testcase> <!-- Validate_Hana_T63_Payments_GiftCard_Payment_Section_Swipe_Card_Test -->
  <testcase classname="com.hanapos.seleniumProjectBase.TestBaseClass" name="@BeforeSuite loadConfig" time="0.0">
    <ignored/>
  </testcase> <!-- @BeforeSuite loadConfig -->
  <testcase classname="com.hanapos.seleniumProjectBase.TestBaseClass" name="@BeforeSuite loadConfig" time="0.0">
    <ignored/>
  </testcase> <!-- @BeforeSuite loadConfig -->
  <testcase classname="com.hanapos.cashandcarrytest.Hana_T78_Reconcile_FT" name="Validate_Hana_T78_Reconcile_Test" time="0.0">
    <ignored/>
  </testcase> <!-- Validate_Hana_T78_Reconcile_Test -->
  <testcase classname="com.hanapos.seleniumProjectBase.TestBaseClass" name="@BeforeSuite loadConfig" time="0.0">
    <ignored/>
  </testcase> <!-- @BeforeSuite loadConfig -->
  <testcase classname="com.hanapos.cashandcarrytest.Hana_T46_Payments_CreditCard_SwipeCard_FT" name="Validate_Hana_T46_Payments_CreditCard_SwipeCard_Test" time="0.0">
    <ignored/>
  </testcase> <!-- Validate_Hana_T46_Payments_CreditCard_SwipeCard_Test -->
  <testcase classname="com.hanapos.seleniumProjectBase.TestBaseClass" name="@BeforeSuite loadConfig" time="0.0">
    <ignored/>
  </testcase> <!-- @BeforeSuite loadConfig -->
  <testcase classname="com.hanapos.seleniumProjectBase.TestBaseClass" name="@BeforeSuite loadConfig" time="0.0">
    <ignored/>
  </testcase> <!-- @BeforeSuite loadConfig -->
  <testcase classname="com.hanapos.cashandcarrytest.Hana_T22_ChooseDefaultvalues_Cash_and_Carry_FT" name="Validate_Hana_T22_Choose_Default_Values_Page_Test" time="0.0">
    <ignored/>
  </testcase> <!-- Validate_Hana_T22_Choose_Default_Values_Page_Test -->
  <testcase classname="com.hanapos.seleniumProjectBase.TestBaseClass" name="@BeforeSuite loadConfig" time="0.0">
    <ignored/>
  </testcase> <!-- @BeforeSuite loadConfig -->
  <testcase classname="com.hanapos.seleniumProjectBase.TestBaseClass" name="@BeforeSuite loadConfig" time="0.0">
    <ignored/>
  </testcase> <!-- @BeforeSuite loadConfig -->
  <testcase classname="com.hanapos.cashandcarrytest.Hana_T88_WalkinsSetting_CashRegistery_Customer_Copy_Checked_FT" name="Validate_Hana_T88_CashRegistery_Customer_Copy_Checked_FT" time="0.0">
    <ignored/>
  </testcase> <!-- Validate_Hana_T88_CashRegistery_Customer_Copy_Checked_FT -->
  <testcase classname="com.hanapos.seleniumProjectBase.TestBaseClass" name="@BeforeSuite loadConfig" time="0.0">
    <ignored/>
  </testcase> <!-- @BeforeSuite loadConfig -->
  <testcase classname="com.hanapos.seleniumProjectBase.TestBaseClass" name="@BeforeSuite loadConfig" time="0.0">
    <ignored/>
  </testcase> <!-- @BeforeSuite loadConfig -->
  <testcase classname="com.hanapos.seleniumProjectBase.TestBaseClass" name="@BeforeSuite loadConfig" time="0.0">
    <ignored/>
  </testcase> <!-- @BeforeSuite loadConfig -->
  <testcase classname="com.hanapos.seleniumProjectBase.TestBaseClass" name="@BeforeSuite loadConfig" time="0.0">
    <ignored/>
  </testcase> <!-- @BeforeSuite loadConfig -->
  <testcase classname="com.hanapos.cashandcarrytest.Hana_T40_Split_Payment_FT" name="Validate_Hana_T40_Split_Payment_Test" time="0.0">
    <ignored/>
  </testcase> <!-- Validate_Hana_T40_Split_Payment_Test -->
  <testcase classname="com.hanapos.cashandcarrytest.Hana_T07_WalkingSettings_EditCashRegister_FT" name="Validate_Hana_T07_WalkingSetting_Edit_CashRegister_Test" time="0.0">
    <ignored/>
  </testcase> <!-- Validate_Hana_T07_WalkingSetting_Edit_CashRegister_Test -->
  <testcase classname="com.hanapos.seleniumProjectBase.TestBaseClass" name="@BeforeSuite loadConfig" time="0.0">
    <ignored/>
  </testcase> <!-- @BeforeSuite loadConfig -->
  <testcase classname="com.hanapos.cashandcarrytest.Hana_T09_WalkinsSetting_CashRegistery_Merchant_Copy_with_Merchant_Copy_Notes_FT" name="Validate_Hana_T09_WalkinsSetting_CashRegistery_Merchant_Copy_with_Merchant_Copy_Notes_FT" time="0.0">
    <ignored/>
  </testcase> <!-- Validate_Hana_T09_WalkinsSetting_CashRegistery_Merchant_Copy_with_Merchant_Copy_Notes_FT -->
  <testcase classname="com.hanapos.seleniumProjectBase.TestBaseClass" name="@BeforeSuite loadConfig" time="0.0">
    <ignored/>
  </testcase> <!-- @BeforeSuite loadConfig -->
  <testcase classname="com.hanapos.cashandcarrytest.Hana_T42_Payment_Convert_Delivery_FT" name="Validate_Hana_T42_Payment_Convert_Delivery_Test" time="0.0">
    <ignored/>
  </testcase> <!-- Validate_Hana_T42_Payment_Convert_Delivery_Test -->
  <testcase classname="com.hanapos.seleniumProjectBase.TestBaseClass" name="@BeforeSuite loadConfig" time="0.0">
    <ignored/>
  </testcase> <!-- @BeforeSuite loadConfig -->
  <testcase classname="com.hanapos.seleniumProjectBase.TestBaseClass" name="@BeforeSuite loadConfig" time="0.0">
    <ignored/>
  </testcase> <!-- @BeforeSuite loadConfig -->
  <testcase classname="com.hanapos.cashandcarrytest.Hana_T03_UpdateDiscountOrderLevel_FT" name="Validate_Hana_T03_Update_DiscountOrder_LevelTest" time="0.0">
    <ignored/>
  </testcase> <!-- Validate_Hana_T03_Update_DiscountOrder_LevelTest -->
  <testcase classname="com.hanapos.seleniumProjectBase.TestBaseClass" name="@BeforeSuite loadConfig" time="0.0">
    <ignored/>
  </testcase> <!-- @BeforeSuite loadConfig -->
  <testcase classname="com.hanapos.cashandcarrytest.Hana_T72_Open_Drawer_FT" name="Validate_Hana_T72_Open_Drawer_Test" time="0.0">
    <ignored/>
  </testcase> <!-- Validate_Hana_T72_Open_Drawer_Test -->
  <testcase classname="com.hanapos.cashandcarrytest.Hana_T01_UI_Elements_Test" name="Validate_Hana_T01_CashAndCarryPage_UI_ElementsTest" time="0.0">
    <ignored/>
  </testcase> <!-- Validate_Hana_T01_CashAndCarryPage_UI_ElementsTest -->
  <testcase classname="com.hanapos.seleniumProjectBase.TestBaseClass" name="@BeforeSuite loadConfig" time="0.0">
    <ignored/>
  </testcase> <!-- @BeforeSuite loadConfig -->
  <testcase classname="com.hanapos.seleniumProjectBase.TestBaseClass" name="@BeforeSuite loadConfig" time="0.0">
    <ignored/>
  </testcase> <!-- @BeforeSuite loadConfig -->
  <testcase classname="com.hanapos.seleniumProjectBase.TestBaseClass" name="@BeforeSuite loadConfig" time="0.0">
    <ignored/>
  </testcase> <!-- @BeforeSuite loadConfig -->
  <testcase classname="com.hanapos.cashandcarrytest.Hana_T25_ChooseDefaultvalues_OrderEntryAliasPhoneOrder_FT" name="Validate_Hana_T25_Choose_Default_Values_OrderEntryAliasPhoneOrderPage_Test" time="0.0">
    <ignored/>
  </testcase> <!-- Validate_Hana_T25_Choose_Default_Values_OrderEntryAliasPhoneOrderPage_Test -->
  <testcase classname="com.hanapos.seleniumProjectBase.TestBaseClass" name="@BeforeSuite loadConfig" time="0.0">
    <ignored/>
  </testcase> <!-- @BeforeSuite loadConfig -->
  <testcase classname="com.hanapos.seleniumProjectBase.TestBaseClass" name="@BeforeSuite loadConfig" time="0.0">
    <ignored/>
  </testcase> <!-- @BeforeSuite loadConfig -->
  <testcase classname="com.hanapos.cashandcarrytest.Hana_T02_AddProductWithDiscount_FT" name="Validate_Hana_T02_Add_Product_With_Discount_Test" time="0.0">
    <ignored/>
  </testcase> <!-- Validate_Hana_T02_Add_Product_With_Discount_Test -->
  <testcase classname="com.hanapos.cashandcarrytest.Hana_T47_Payments_CreditCard_Manually_Entering_CreditCard_Details_AddNewCard_Functionality_FT" name="Validate_Hana_T47_Payments_CreditCard_Manually_Entering_CreditCard_Details_AddNewCard_Test" time="0.0">
    <ignored/>
  </testcase> <!-- Validate_Hana_T47_Payments_CreditCard_Manually_Entering_CreditCard_Details_AddNewCard_Test -->
  <testcase classname="com.hanapos.seleniumProjectBase.TestBaseClass" name="@BeforeSuite loadConfig" time="0.0">
    <ignored/>
  </testcase> <!-- @BeforeSuite loadConfig -->
  <testcase classname="com.hanapos.seleniumProjectBase.TestBaseClass" name="@BeforeSuite loadConfig" time="0.0">
    <ignored/>
  </testcase> <!-- @BeforeSuite loadConfig -->
  <testcase classname="com.hanapos.seleniumProjectBase.TestBaseClass" name="@BeforeSuite loadConfig" time="0.0">
    <ignored/>
  </testcase> <!-- @BeforeSuite loadConfig -->
  <testcase classname="com.hanapos.seleniumProjectBase.TestBaseClass" name="@BeforeSuite loadConfig" time="0.0">
    <ignored/>
  </testcase> <!-- @BeforeSuite loadConfig -->
  <testcase classname="com.hanapos.seleniumProjectBase.TestBaseClass" name="@BeforeSuite loadConfig" time="0.0">
    <ignored/>
  </testcase> <!-- @BeforeSuite loadConfig -->
  <testcase classname="com.hanapos.cashandcarrytest.Hana_T49_Payments_CreditCard_Validation" name="Validate_Hana_T49_Payments_CreditCard_Validation_Test" time="0.0">
    <ignored/>
  </testcase> <!-- Validate_Hana_T49_Payments_CreditCard_Validation_Test -->
  <testcase classname="com.hanapos.seleniumProjectBase.TestBaseClass" name="@BeforeSuite loadConfig" time="0.0">
    <ignored/>
  </testcase> <!-- @BeforeSuite loadConfig -->
  <testcase classname="com.hanapos.cashandcarrytest.Hana_T87_WalkinsSetting_CashRegistery_Merchant_Copy_UnChecked_FT" name="Validate_Hana_T87_WalkinsSetting_CashRegistery_Merchant_Copy_UnChecked_FT" time="0.0">
    <ignored/>
  </testcase> <!-- Validate_Hana_T87_WalkinsSetting_CashRegistery_Merchant_Copy_UnChecked_FT -->
  <testcase classname="com.hanapos.cashandcarrytest.Hana_T05_WalkingSettings_AddNewPopup_UI_Test" name="Validate_Hana_T05_WalkingSetting_AddNewBtn_UIElement_Test" time="0.0">
    <ignored/>
  </testcase> <!-- Validate_Hana_T05_WalkingSetting_AddNewBtn_UIElement_Test -->
  <testcase classname="com.hanapos.cashandcarrytest.Hana_T70_Sales_History_FT" name="Validate_Hana_T70_Sales_History_Test" time="0.0">
    <ignored/>
  </testcase> <!-- Validate_Hana_T70_Sales_History_Test -->
  <testcase classname="com.hanapos.cashandcarrytest.Hana_T86_WalkinsSetting_CashRegistery_Merchant_Copy_Checked_FT" name="Validate_Hana_T86_WalkinsSetting_CashRegistery_Merchant_Copy_Checked_FT" time="0.0">
    <ignored/>
  </testcase> <!-- Validate_Hana_T86_WalkinsSetting_CashRegistery_Merchant_Copy_Checked_FT -->
  <testcase classname="com.hanapos.seleniumProjectBase.TestBaseClass" name="@BeforeSuite loadConfig" time="0.0">
    <ignored/>
  </testcase> <!-- @BeforeSuite loadConfig -->
  <testcase classname="com.hanapos.seleniumProjectBase.TestBaseClass" name="@BeforeSuite loadConfig" time="0.0">
    <ignored/>
  </testcase> <!-- @BeforeSuite loadConfig -->
  <testcase classname="com.hanapos.seleniumProjectBase.TestBaseClass" name="@BeforeSuite loadConfig" time="0.0">
    <ignored/>
  </testcase> <!-- @BeforeSuite loadConfig -->
</testsuite> <!-- Smoke Functionality Test -->
