<?xml version="1.0" encoding="UTF-8"?>
<!-- Generated by org.testng.reporters.JUnitXMLReporter -->
<testsuite ignored="4" hostname="DESKTOP-JEHOL2V" failures="3" tests="5" name="ChromeBrowserTest" time="210.68" errors="0" timestamp="2024-07-22T13:43:08 IST">
  <testcase classname="com.hanapos.cashandcarrytest.Hana_T56_Payments_Invoice_Payment_Section_FT" name="Validate_Hana_T56_Payments_Invoice_Payment_Section_Test" time="76.954"/>
  <testcase classname="com.hanapos.cashandcarrytest.Hana_T51_Payments_Cash_Payment_Section_FT" name="Validate_Hana_T51_Payments_Cash_Payment_Test" time="80.498"/>
  <testcase classname="com.hanapos.cashandcarrytest.Hana_T59_Payments_POH_Payment_Section_FT" name="Validate_Hana_T59_Payments_POH_Payment_Section_Test" time="103.415">
    <failure type="java.lang.AssertionError" message="Index 0 out of bounds for length 0">
      <![CDATA[java.lang.AssertionError: Index 0 out of bounds for length 0
at com.hanapos.cashandcarrytest.Hana_T59_Payments_POH_Payment_Section_FT.Validate_Hana_T59_Payments_POH_Payment_Section_Test(Hana_T59_Payments_POH_Payment_Section_FT.java:175)
at java.base/java.util.concurrent.Executors$RunnableAdapter.call(Executors.java:572)
at java.base/java.util.concurrent.FutureTask.run(FutureTask.java:317)
at java.base/java.util.concurrent.ThreadPoolExecutor.runWorker(ThreadPoolExecutor.java:1144)
at java.base/java.util.concurrent.ThreadPoolExecutor$Worker.run(ThreadPoolExecutor.java:642)
at java.base/java.lang.Thread.run(Thread.java:1583)
... Removed 12 stack frames]]>
    </failure>
  </testcase> <!-- Validate_Hana_T59_Payments_POH_Payment_Section_Test -->
  <testcase classname="com.hanapos.cashandcarrytest.Hana_T61_Payments_GiftCard_Payment_Section_FT" name="Validate_Hana_T61_Payments_GiftCard_Payment_Section_Test" time="189.888">
    <failure type="java.lang.AssertionError" message="Expected condition failed: waiting for visibility of [[ChromeDriver: chrome on windows (cd50756c19bb80cd9a9a122b52a726be)] -&amp;gt; xpath: (//input[@id=&amp;apos;txtCardNumberForGiftCard&amp;apos;])[1]] (tried for 10 second(s) with 500 milliseconds interval)
Build info: version: &amp;apos;4.22.0&amp;apos;, revision: &amp;apos;c5f3146703*&amp;apos;
System info: os.name: &amp;apos;Windows 11&amp;apos;, os.arch: &amp;apos;amd64&amp;apos;, os.version: &amp;apos;10.0&amp;apos;, java.version: &amp;apos;21.0.2&amp;apos;
Driver info: org.openqa.selenium.chrome.ChromeDriver
Capabilities {acceptInsecureCerts: false, browserName: chrome, browserVersion: 126.0.6478.182, chrome: {chromedriverVersion: 126.0.6478.182 (5b5d8292ddf..., userDataDir: C:\Users\Balaji\AppData\Loc...}, fedcm:accounts: true, goog:chromeOptions: {debuggerAddress: localhost:56478}, networkConnectionEnabled: false, pageLoadStrategy: normal, platformName: windows, proxy: Proxy(), se:cdp: ws://localhost:56478/devtoo..., se:cdpVersion: 126.0.6478.182, setWindowRect: true, strictFileInteractability: false, timeouts: {implicit: 0, pageLoad: 300000, script: 30000}, unhandledPromptBehavior: dismiss and notify, webauthn:extension:credBlob: true, webauthn:extension:largeBlob: true, webauthn:extension:minPinLength: true, webauthn:extension:prf: true, webauthn:virtualAuthenticators: true}
Session ID: cd50756c19bb80cd9a9a122b52a726be">
      <![CDATA[java.lang.AssertionError: Expected condition failed: waiting for visibility of [[ChromeDriver: chrome on windows (cd50756c19bb80cd9a9a122b52a726be)] -> xpath: (//input[@id='txtCardNumberForGiftCard'])[1]] (tried for 10 second(s) with 500 milliseconds interval)
Build info: version: '4.22.0', revision: 'c5f3146703*'
System info: os.name: 'Windows 11', os.arch: 'amd64', os.version: '10.0', java.version: '21.0.2'
Driver info: org.openqa.selenium.chrome.ChromeDriver
Capabilities {acceptInsecureCerts: false, browserName: chrome, browserVersion: 126.0.6478.182, chrome: {chromedriverVersion: 126.0.6478.182 (5b5d8292ddf..., userDataDir: C:\Users\Balaji\AppData\Loc...}, fedcm:accounts: true, goog:chromeOptions: {debuggerAddress: localhost:56478}, networkConnectionEnabled: false, pageLoadStrategy: normal, platformName: windows, proxy: Proxy(), se:cdp: ws://localhost:56478/devtoo..., se:cdpVersion: 126.0.6478.182, setWindowRect: true, strictFileInteractability: false, timeouts: {implicit: 0, pageLoad: 300000, script: 30000}, unhandledPromptBehavior: dismiss and notify, webauthn:extension:credBlob: true, webauthn:extension:largeBlob: true, webauthn:extension:minPinLength: true, webauthn:extension:prf: true, webauthn:virtualAuthenticators: true}
Session ID: cd50756c19bb80cd9a9a122b52a726be
at com.hanapos.cashandcarrytest.Hana_T61_Payments_GiftCard_Payment_Section_FT.Validate_Hana_T61_Payments_GiftCard_Payment_Section_Test(Hana_T61_Payments_GiftCard_Payment_Section_FT.java:203)
at java.base/java.util.concurrent.Executors$RunnableAdapter.call(Executors.java:572)
at java.base/java.util.concurrent.FutureTask.run(FutureTask.java:317)
at java.base/java.util.concurrent.ThreadPoolExecutor.runWorker(ThreadPoolExecutor.java:1144)
at java.base/java.util.concurrent.ThreadPoolExecutor$Worker.run(ThreadPoolExecutor.java:642)
at java.base/java.lang.Thread.run(Thread.java:1583)
... Removed 12 stack frames]]>
    </failure>
  </testcase> <!-- Validate_Hana_T61_Payments_GiftCard_Payment_Section_Test -->
  <testcase classname="com.hanapos.cashandcarrytest.Hana_T53_Payments_Check_Payment_Section_FT" name="Validate_Hana_T53_Payments_Check_Payment_Section_Test" time="202.794">
    <failure type="java.lang.AssertionError" message="no such element: Unable to locate element: {&amp;quot;method&amp;quot;:&amp;quot;xpath&amp;quot;,&amp;quot;selector&amp;quot;:&amp;quot;//tr[@id=&amp;apos;Row_1&amp;apos;]&amp;quot;}
  (Session info: chrome=126.0.6478.182)
For documentation on this error, please visit: https://www.selenium.dev/documentation/webdriver/troubleshooting/errors#no-such-element-exception
Build info: version: &amp;apos;4.22.0&amp;apos;, revision: &amp;apos;c5f3146703*&amp;apos;
System info: os.name: &amp;apos;Windows 11&amp;apos;, os.arch: &amp;apos;amd64&amp;apos;, os.version: &amp;apos;10.0&amp;apos;, java.version: &amp;apos;21.0.2&amp;apos;
Driver info: org.openqa.selenium.chrome.ChromeDriver
Command: [e30a5e6c24cf320859e77999e2361a50, findElement {value=//tr[@id=&amp;apos;Row_1&amp;apos;], using=xpath}]
Capabilities {acceptInsecureCerts: false, browserName: chrome, browserVersion: 126.0.6478.182, chrome: {chromedriverVersion: 126.0.6478.182 (5b5d8292ddf..., userDataDir: C:\Users\Balaji\AppData\Loc...}, fedcm:accounts: true, goog:chromeOptions: {debuggerAddress: localhost:56474}, networkConnectionEnabled: false, pageLoadStrategy: normal, platformName: windows, proxy: Proxy(), se:cdp: ws://localhost:56474/devtoo..., se:cdpVersion: 126.0.6478.182, setWindowRect: true, strictFileInteractability: false, timeouts: {implicit: 0, pageLoad: 300000, script: 30000}, unhandledPromptBehavior: dismiss and notify, webauthn:extension:credBlob: true, webauthn:extension:largeBlob: true, webauthn:extension:minPinLength: true, webauthn:extension:prf: true, webauthn:virtualAuthenticators: true}
Session ID: e30a5e6c24cf320859e77999e2361a50">
      <![CDATA[java.lang.AssertionError: no such element: Unable to locate element: {"method":"xpath","selector":"//tr[@id='Row_1']"}
  (Session info: chrome=126.0.6478.182)
For documentation on this error, please visit: https://www.selenium.dev/documentation/webdriver/troubleshooting/errors#no-such-element-exception
Build info: version: '4.22.0', revision: 'c5f3146703*'
System info: os.name: 'Windows 11', os.arch: 'amd64', os.version: '10.0', java.version: '21.0.2'
Driver info: org.openqa.selenium.chrome.ChromeDriver
Command: [e30a5e6c24cf320859e77999e2361a50, findElement {value=//tr[@id='Row_1'], using=xpath}]
Capabilities {acceptInsecureCerts: false, browserName: chrome, browserVersion: 126.0.6478.182, chrome: {chromedriverVersion: 126.0.6478.182 (5b5d8292ddf..., userDataDir: C:\Users\Balaji\AppData\Loc...}, fedcm:accounts: true, goog:chromeOptions: {debuggerAddress: localhost:56474}, networkConnectionEnabled: false, pageLoadStrategy: normal, platformName: windows, proxy: Proxy(), se:cdp: ws://localhost:56474/devtoo..., se:cdpVersion: 126.0.6478.182, setWindowRect: true, strictFileInteractability: false, timeouts: {implicit: 0, pageLoad: 300000, script: 30000}, unhandledPromptBehavior: dismiss and notify, webauthn:extension:credBlob: true, webauthn:extension:largeBlob: true, webauthn:extension:minPinLength: true, webauthn:extension:prf: true, webauthn:virtualAuthenticators: true}
Session ID: e30a5e6c24cf320859e77999e2361a50
at com.hanapos.cashandcarrytest.Hana_T53_Payments_Check_Payment_Section_FT.Validate_Hana_T53_Payments_Check_Payment_Section_Test(Hana_T53_Payments_Check_Payment_Section_FT.java:285)
at java.base/java.util.concurrent.Executors$RunnableAdapter.call(Executors.java:572)
at java.base/java.util.concurrent.FutureTask.run(FutureTask.java:317)
at java.base/java.util.concurrent.ThreadPoolExecutor.runWorker(ThreadPoolExecutor.java:1144)
at java.base/java.util.concurrent.ThreadPoolExecutor$Worker.run(ThreadPoolExecutor.java:642)
at java.base/java.lang.Thread.run(Thread.java:1583)
... Removed 12 stack frames]]>
    </failure>
  </testcase> <!-- Validate_Hana_T53_Payments_Check_Payment_Section_Test -->
  <testcase classname="com.hanapos.seleniumProjectBase.TestBaseClass" name="@BeforeSuite loadConfig" time="0.0">
    <ignored/>
  </testcase> <!-- @BeforeSuite loadConfig -->
  <testcase classname="com.hanapos.seleniumProjectBase.TestBaseClass" name="@BeforeSuite loadConfig" time="0.0">
    <ignored/>
  </testcase> <!-- @BeforeSuite loadConfig -->
  <testcase classname="com.hanapos.seleniumProjectBase.TestBaseClass" name="@BeforeSuite loadConfig" time="0.0">
    <ignored/>
  </testcase> <!-- @BeforeSuite loadConfig -->
  <testcase classname="com.hanapos.seleniumProjectBase.TestBaseClass" name="@BeforeSuite loadConfig" time="0.0">
    <ignored/>
  </testcase> <!-- @BeforeSuite loadConfig -->
</testsuite> <!-- ChromeBrowserTest -->
