<?xml version="1.0" encoding="UTF-8"?>
<!-- Generated by org.testng.reporters.JUnitXMLReporter -->
<testsuite ignored="81" hostname="DESKTOP-JEHOL2V" failures="30" tests="82" name="Test" time="2845.277" errors="0" timestamp="2024-08-26T14:12:07 IST">
  <testcase classname="com.hanapos.OrderEntry_Alais_PickUp_PhoneOrderTest.Hana_T094_Pickup_CustomerSection_PhoneNumberFieldLookup_FT" name="Validate_Hana_T094_Pickup_CustomerSection_PhoneNumberFieldLookup_Test" time="43.131"/>
  <testcase classname="com.hanapos.OrderEntry_Alais_PickUp_PhoneOrderTest.Hana_T182_OrderEntryPage_Pickup_ProductSection_GiftCardSale_popup_EditGiftCard_Denominations_Add_Functionality" name="Validate_Hana_T182_OrderEntryPage_Pickup_ProductSection_GiftCardSale_popup_EditGiftCard_Denominations_Add_Functionality_Test" time="49.456"/>
  <testcase classname="com.hanapos.OrderEntry_Alais_PickUp_PhoneOrderTest.Hana_T137_Pickup_CustomerSection_Edit_Customer_CustomerDetails_Statements_MoreThanOneMonthCustomer_FT" name="Validate_Hana_T137_Pickup_CustomerSection_Edit_Customer_CustomerDetails_Statements_MoreThanOneMonthCustomer_Functionality_Test" time="65.825"/>
  <testcase classname="com.hanapos.OrderEntry_Alais_PickUp_PhoneOrderTest.Hana_T174_OrderEntry_Pickup_ProductSection_FT" name="Validate_Hana_T174_OrderEntry_Pickup_ProductSection_Functionality_Test" time="141.507"/>
  <testcase classname="com.hanapos.OrderEntry_Alais_PickUp_PhoneOrderTest.Hana_T143_Pickup_CustomerSection_TextMeUpdatesAndPromotion_Checked_FT" name="Validate_Hana_T143_Pickup_CustomerSection_TextMeUpdatesAndPromotion_Checked_Functionality_Test" time="129.41">
    <failure type="java.lang.AssertionError" message="The following asserts failed:
	Test Step - 6 - Text me promotion checkbox is not checked on phone order page expected [true] but found [false],
	Test Step - 8 - Text me promotion checkbox is not checked on phone order page expected [true] but found [false]">
      <![CDATA[java.lang.AssertionError: The following asserts failed:
Test Step - 6 - Text me promotion checkbox is not checked on phone order page expected [true] but found [false],
Test Step - 8 - Text me promotion checkbox is not checked on phone order page expected [true] but found [false]
at org.testng.asserts.SoftAssert.assertAll(SoftAssert.java:46)
at org.testng.asserts.SoftAssert.assertAll(SoftAssert.java:30)
at com.hanapos.OrderEntry_Alais_PickUp_PhoneOrderTest.Hana_T143_Pickup_CustomerSection_TextMeUpdatesAndPromotion_Checked_FT.Validate_Hana_T143_Pickup_CustomerSection_TextMeUpdatesAndPromotion_Checked_Functionality_Test(Hana_T143_Pickup_CustomerSection_TextMeUpdatesAndPromotion_Checked_FT.java:228)
at java.base/jdk.internal.reflect.DirectMethodHandleAccessor.invoke(DirectMethodHandleAccessor.java:103)
at java.base/java.lang.reflect.Method.invoke(Method.java:580)
at org.testng.internal.invokers.MethodInvocationHelper.invokeMethod(MethodInvocationHelper.java:141)
at org.testng.internal.invokers.TestInvoker.invokeMethod(TestInvoker.java:686)
at org.testng.internal.invokers.TestInvoker.invokeTestMethod(TestInvoker.java:230)
at org.testng.internal.invokers.MethodRunner.runInSequence(MethodRunner.java:63)
at org.testng.internal.invokers.TestInvoker$MethodInvocationAgent.invoke(TestInvoker.java:992)
at org.testng.internal.invokers.TestInvoker.invokeTestMethods(TestInvoker.java:203)
at org.testng.internal.invokers.TestMethodWorker.invokeTestMethods(TestMethodWorker.java:154)
at org.testng.internal.invokers.TestMethodWorker.run(TestMethodWorker.java:134)
at java.base/java.util.concurrent.Executors$RunnableAdapter.call(Executors.java:572)
at java.base/java.util.concurrent.FutureTask.run(FutureTask.java:317)
at org.testng.internal.thread.graph.TestNGFutureTask.run(TestNGFutureTask.java:22)
at java.base/java.util.concurrent.ThreadPoolExecutor.runWorker(ThreadPoolExecutor.java:1144)
at java.base/java.util.concurrent.ThreadPoolExecutor$Worker.run(ThreadPoolExecutor.java:642)
at java.base/java.lang.Thread.run(Thread.java:1583)
]]>
    </failure>
  </testcase> <!-- Validate_Hana_T143_Pickup_CustomerSection_TextMeUpdatesAndPromotion_Checked_Functionality_Test -->
  <testcase classname="com.hanapos.OrderEntry_Alais_PickUp_PhoneOrderTest.Hana_T149_Pickup_RecipientSection_ClearTime_FT" name="Validate_Hana_T149_Pickup_RecipientSection_ClearTime_Functionality_Test" time="42.756">
    <failure type="java.lang.AssertionError" message="The following asserts failed:
	Test Step - 8 - Recipient phone number is not matched with customer phonenumber 1 field on phone order page recipient section expected [956-444-0756] but found [],
	Test Step - 8 - Recipient alt phone number is not matched with customer phonenumber2 on phone order page recipient section expected [956-444-0756] but found []">
      <![CDATA[java.lang.AssertionError: The following asserts failed:
Test Step - 8 - Recipient phone number is not matched with customer phonenumber 1 field on phone order page recipient section expected [956-444-0756] but found [],
Test Step - 8 - Recipient alt phone number is not matched with customer phonenumber2 on phone order page recipient section expected [956-444-0756] but found []
at org.testng.asserts.SoftAssert.assertAll(SoftAssert.java:46)
at org.testng.asserts.SoftAssert.assertAll(SoftAssert.java:30)
at com.hanapos.OrderEntry_Alais_PickUp_PhoneOrderTest.Hana_T149_Pickup_RecipientSection_ClearTime_FT.Validate_Hana_T149_Pickup_RecipientSection_ClearTime_Functionality_Test(Hana_T149_Pickup_RecipientSection_ClearTime_FT.java:114)
at java.base/jdk.internal.reflect.DirectMethodHandleAccessor.invoke(DirectMethodHandleAccessor.java:103)
at java.base/java.lang.reflect.Method.invoke(Method.java:580)
at org.testng.internal.invokers.MethodInvocationHelper.invokeMethod(MethodInvocationHelper.java:141)
at org.testng.internal.invokers.TestInvoker.invokeMethod(TestInvoker.java:686)
at org.testng.internal.invokers.TestInvoker.invokeTestMethod(TestInvoker.java:230)
at org.testng.internal.invokers.MethodRunner.runInSequence(MethodRunner.java:63)
at org.testng.internal.invokers.TestInvoker$MethodInvocationAgent.invoke(TestInvoker.java:992)
at org.testng.internal.invokers.TestInvoker.invokeTestMethods(TestInvoker.java:203)
at org.testng.internal.invokers.TestMethodWorker.invokeTestMethods(TestMethodWorker.java:154)
at org.testng.internal.invokers.TestMethodWorker.run(TestMethodWorker.java:134)
at java.base/java.util.concurrent.Executors$RunnableAdapter.call(Executors.java:572)
at java.base/java.util.concurrent.FutureTask.run(FutureTask.java:317)
at org.testng.internal.thread.graph.TestNGFutureTask.run(TestNGFutureTask.java:22)
at java.base/java.util.concurrent.ThreadPoolExecutor.runWorker(ThreadPoolExecutor.java:1144)
at java.base/java.util.concurrent.ThreadPoolExecutor$Worker.run(ThreadPoolExecutor.java:642)
at java.base/java.lang.Thread.run(Thread.java:1583)
]]>
    </failure>
  </testcase> <!-- Validate_Hana_T149_Pickup_RecipientSection_ClearTime_Functionality_Test -->
  <testcase classname="com.hanapos.OrderEntry_Alais_PickUp_PhoneOrderTest.Hana_T106_Pickup_CustomerSection_Edit_Customer_CustomerDetails_UnPaidInvoice_PaidAmount_Search_Filter_FT" name="Validate_Hana_T106_Pickup_CustomerSection_Edit_Customer_CustomerDetails_UnPaidInvoice_PaidAmount_Search_Filter_Test" time="137.68"/>
  <testcase classname="com.hanapos.OrderEntry_Alais_PickUp_PhoneOrderTest.Hana_T154_Pickup_RecipientSection_FrequentAddress_FT" name="Validate_Hana_T154_Pickup_RecipientSection_FrequentAddress_Functionality_Test" time="101.169">
    <failure type="java.lang.AssertionError" message="The following asserts failed:
	Test Step - 7 - Recipient phone number is not matched with customer phonenumber 1 field on phone order page recipient section expected [956-444-0756] but found [],
	Test Step - 7 - Recipient alt phone number is not matched with customer phonenumber2 on phone order page recipient section expected [956-444-0756] but found [],
	Test Step - 17 - Recipient address 1 field is not displayed on order entry menu common address management section expected [true] but found [false],
	Test Step - 18 - Displayed address1 in configuration settings page on common address management page is not matched with recipient address1 field expected [1160 W 5th St] but found [8505 W Irlo Bronson Memorial Hwy]">
      <![CDATA[java.lang.AssertionError: The following asserts failed:
Test Step - 7 - Recipient phone number is not matched with customer phonenumber 1 field on phone order page recipient section expected [956-444-0756] but found [],
Test Step - 7 - Recipient alt phone number is not matched with customer phonenumber2 on phone order page recipient section expected [956-444-0756] but found [],
Test Step - 17 - Recipient address 1 field is not displayed on order entry menu common address management section expected [true] but found [false],
Test Step - 18 - Displayed address1 in configuration settings page on common address management page is not matched with recipient address1 field expected [1160 W 5th St] but found [8505 W Irlo Bronson Memorial Hwy]
at org.testng.asserts.SoftAssert.assertAll(SoftAssert.java:46)
at org.testng.asserts.SoftAssert.assertAll(SoftAssert.java:30)
at com.hanapos.OrderEntry_Alais_PickUp_PhoneOrderTest.Hana_T154_Pickup_RecipientSection_FrequentAddress_FT.Validate_Hana_T154_Pickup_RecipientSection_FrequentAddress_Functionality_Test(Hana_T154_Pickup_RecipientSection_FrequentAddress_FT.java:163)
at java.base/jdk.internal.reflect.DirectMethodHandleAccessor.invoke(DirectMethodHandleAccessor.java:103)
at java.base/java.lang.reflect.Method.invoke(Method.java:580)
at org.testng.internal.invokers.MethodInvocationHelper.invokeMethod(MethodInvocationHelper.java:141)
at org.testng.internal.invokers.TestInvoker.invokeMethod(TestInvoker.java:686)
at org.testng.internal.invokers.TestInvoker.invokeTestMethod(TestInvoker.java:230)
at org.testng.internal.invokers.MethodRunner.runInSequence(MethodRunner.java:63)
at org.testng.internal.invokers.TestInvoker$MethodInvocationAgent.invoke(TestInvoker.java:992)
at org.testng.internal.invokers.TestInvoker.invokeTestMethods(TestInvoker.java:203)
at org.testng.internal.invokers.TestMethodWorker.invokeTestMethods(TestMethodWorker.java:154)
at org.testng.internal.invokers.TestMethodWorker.run(TestMethodWorker.java:134)
at java.base/java.util.concurrent.Executors$RunnableAdapter.call(Executors.java:572)
at java.base/java.util.concurrent.FutureTask.run(FutureTask.java:317)
at org.testng.internal.thread.graph.TestNGFutureTask.run(TestNGFutureTask.java:22)
at java.base/java.util.concurrent.ThreadPoolExecutor.runWorker(ThreadPoolExecutor.java:1144)
at java.base/java.util.concurrent.ThreadPoolExecutor$Worker.run(ThreadPoolExecutor.java:642)
at java.base/java.lang.Thread.run(Thread.java:1583)
]]>
    </failure>
  </testcase> <!-- Validate_Hana_T154_Pickup_RecipientSection_FrequentAddress_Functionality_Test -->
  <testcase classname="com.hanapos.OrderEntry_Alais_PickUp_PhoneOrderTest.Hana_T113_Pickup_CustomerSection_Edit_Customer_CustomerDetails_UnPaidInvoice_OrderDate_Search_Filter_FT" name="Validate_Hana_T113_Pickup_CustomerSection_Edit_Customer_CustomerDetails_UnPaidInvoice_OrderDate_Search_Filter_Test" time="139.737"/>
  <testcase classname="com.hanapos.OrderEntry_Alais_PickUp_PhoneOrderTest.Hana_T120_Pickup_CustomerSection_Edit_Customer_CustomerDetails_PaymentDetails_InvoiceSearchFilter_FT" name="Validate_Hana_T120_Pickup_CustomerSection_Edit_Customer_CustomerDetails_PaymentDetails_InvoiceSearchFilter_FunctionalityTest" time="73.605"/>
  <testcase classname="com.hanapos.OrderEntry_Alais_PickUp_PhoneOrderTest.Hana_T153_Pickup_RecipientSection_AttentionFieldLookup_FT" name="Validate_Hana_T153_Pickup_RecipientSection_AttentionFieldLookup_Functionality_Test" time="56.016">
    <failure type="java.lang.AssertionError" message="The following asserts failed:
	Test Step - 7 - Recipient phone number is not matched with customer phonenumber 1 field on phone order page recipient section expected [956-444-0756] but found [],
	Test Step - 7 - Recipient alt phone number is not matched with customer phonenumber2 on phone order page recipient section expected [956-444-0756] but found [],
	Test Step - 11 - Recipient phone number is not matched with customer phonenumber 1 field on phone order page recipient section expected [956-444-0756] but found [],
	Test Step - 13 - Recipient phone number is not matched with customer phonenumber 1 field on phone order page recipient section expected [956-444-0756] but found [7738380600]">
      <![CDATA[java.lang.AssertionError: The following asserts failed:
Test Step - 7 - Recipient phone number is not matched with customer phonenumber 1 field on phone order page recipient section expected [956-444-0756] but found [],
Test Step - 7 - Recipient alt phone number is not matched with customer phonenumber2 on phone order page recipient section expected [956-444-0756] but found [],
Test Step - 11 - Recipient phone number is not matched with customer phonenumber 1 field on phone order page recipient section expected [956-444-0756] but found [],
Test Step - 13 - Recipient phone number is not matched with customer phonenumber 1 field on phone order page recipient section expected [956-444-0756] but found [7738380600]
at org.testng.asserts.SoftAssert.assertAll(SoftAssert.java:46)
at org.testng.asserts.SoftAssert.assertAll(SoftAssert.java:30)
at com.hanapos.OrderEntry_Alais_PickUp_PhoneOrderTest.Hana_T153_Pickup_RecipientSection_AttentionFieldLookup_FT.Validate_Hana_T153_Pickup_RecipientSection_AttentionFieldLookup_Functionality_Test(Hana_T153_Pickup_RecipientSection_AttentionFieldLookup_FT.java:136)
at java.base/jdk.internal.reflect.DirectMethodHandleAccessor.invoke(DirectMethodHandleAccessor.java:103)
at java.base/java.lang.reflect.Method.invoke(Method.java:580)
at org.testng.internal.invokers.MethodInvocationHelper.invokeMethod(MethodInvocationHelper.java:141)
at org.testng.internal.invokers.TestInvoker.invokeMethod(TestInvoker.java:686)
at org.testng.internal.invokers.TestInvoker.invokeTestMethod(TestInvoker.java:230)
at org.testng.internal.invokers.MethodRunner.runInSequence(MethodRunner.java:63)
at org.testng.internal.invokers.TestInvoker$MethodInvocationAgent.invoke(TestInvoker.java:992)
at org.testng.internal.invokers.TestInvoker.invokeTestMethods(TestInvoker.java:203)
at org.testng.internal.invokers.TestMethodWorker.invokeTestMethods(TestMethodWorker.java:154)
at org.testng.internal.invokers.TestMethodWorker.run(TestMethodWorker.java:134)
at java.base/java.util.concurrent.Executors$RunnableAdapter.call(Executors.java:572)
at java.base/java.util.concurrent.FutureTask.run(FutureTask.java:317)
at org.testng.internal.thread.graph.TestNGFutureTask.run(TestNGFutureTask.java:22)
at java.base/java.util.concurrent.ThreadPoolExecutor.runWorker(ThreadPoolExecutor.java:1144)
at java.base/java.util.concurrent.ThreadPoolExecutor$Worker.run(ThreadPoolExecutor.java:642)
at java.base/java.lang.Thread.run(Thread.java:1583)
]]>
    </failure>
  </testcase> <!-- Validate_Hana_T153_Pickup_RecipientSection_AttentionFieldLookup_Functionality_Test -->
  <testcase classname="com.hanapos.OrderEntry_Alais_PickUp_PhoneOrderTest.Hana_T110_Pickup_CustomerSection_Edit_Customer_CustomerDetails_UnPaidInvoice_Tax_Search_Filter_FT" name="Validate_Hana_T110_Pickup_CustomerSection_Edit_Customer_CustomerDetails_UnPaidInvoice_Tax_Search_Filter_Test" time="189.784">
    <failure type="java.lang.AssertionError" message="Test case failed due to exception javascript error: {&amp;quot;status&amp;quot;:60,&amp;quot;value&amp;quot;:&amp;quot;https://hanafloralpos3.com/order/index has no size and location&amp;quot;}
  (Session info: chrome=128.0.6613.84)
Build info: version: &amp;apos;4.22.0&amp;apos;, revision: &amp;apos;c5f3146703*&amp;apos;
System info: os.name: &amp;apos;Windows 11&amp;apos;, os.arch: &amp;apos;amd64&amp;apos;, os.version: &amp;apos;10.0&amp;apos;, java.version: &amp;apos;21.0.2&amp;apos;
Driver info: org.openqa.selenium.chrome.ChromeDriver
Command: [f926334045cd4b05dd3829002ee8351a, actions {actions=[org.openqa.selenium.interactions.Sequence@20a1ab73]}]
Capabilities {acceptInsecureCerts: false, browserName: chrome, browserVersion: 128.0.6613.84, chrome: {chromedriverVersion: 128.0.6613.84 (606aa55c7d68..., userDataDir: C:\Users\Balaji\AppData\Loc...}, fedcm:accounts: true, goog:chromeOptions: {debuggerAddress: localhost:59407}, networkConnectionEnabled: false, pageLoadStrategy: normal, platformName: windows, proxy: Proxy(), se:cdp: ws://localhost:59407/devtoo..., se:cdpVersion: 128.0.6613.84, setWindowRect: true, strictFileInteractability: false, timeouts: {implicit: 0, pageLoad: 300000, script: 30000}, unhandledPromptBehavior: dismiss and notify, webauthn:extension:credBlob: true, webauthn:extension:largeBlob: true, webauthn:extension:minPinLength: true, webauthn:extension:prf: true, webauthn:virtualAuthenticators: true}
Session ID: f926334045cd4b05dd3829002ee8351a">
      <![CDATA[java.lang.AssertionError: Test case failed due to exception javascript error: {"status":60,"value":"https://hanafloralpos3.com/order/index has no size and location"}
  (Session info: chrome=128.0.6613.84)
Build info: version: '4.22.0', revision: 'c5f3146703*'
System info: os.name: 'Windows 11', os.arch: 'amd64', os.version: '10.0', java.version: '21.0.2'
Driver info: org.openqa.selenium.chrome.ChromeDriver
Command: [f926334045cd4b05dd3829002ee8351a, actions {actions=[org.openqa.selenium.interactions.Sequence@20a1ab73]}]
Capabilities {acceptInsecureCerts: false, browserName: chrome, browserVersion: 128.0.6613.84, chrome: {chromedriverVersion: 128.0.6613.84 (606aa55c7d68..., userDataDir: C:\Users\Balaji\AppData\Loc...}, fedcm:accounts: true, goog:chromeOptions: {debuggerAddress: localhost:59407}, networkConnectionEnabled: false, pageLoadStrategy: normal, platformName: windows, proxy: Proxy(), se:cdp: ws://localhost:59407/devtoo..., se:cdpVersion: 128.0.6613.84, setWindowRect: true, strictFileInteractability: false, timeouts: {implicit: 0, pageLoad: 300000, script: 30000}, unhandledPromptBehavior: dismiss and notify, webauthn:extension:credBlob: true, webauthn:extension:largeBlob: true, webauthn:extension:minPinLength: true, webauthn:extension:prf: true, webauthn:virtualAuthenticators: true}
Session ID: f926334045cd4b05dd3829002ee8351a
at org.testng.Assert.fail(Assert.java:111)
at com.hanapos.OrderEntry_Alais_PickUp_PhoneOrderTest.Hana_T110_Pickup_CustomerSection_Edit_Customer_CustomerDetails_UnPaidInvoice_Tax_Search_Filter_FT.Validate_Hana_T110_Pickup_CustomerSection_Edit_Customer_CustomerDetails_UnPaidInvoice_Tax_Search_Filter_Test(Hana_T110_Pickup_CustomerSection_Edit_Customer_CustomerDetails_UnPaidInvoice_Tax_Search_Filter_FT.java:158)
at java.base/jdk.internal.reflect.DirectMethodHandleAccessor.invoke(DirectMethodHandleAccessor.java:103)
at java.base/java.lang.reflect.Method.invoke(Method.java:580)
at org.testng.internal.invokers.MethodInvocationHelper.invokeMethod(MethodInvocationHelper.java:141)
at org.testng.internal.invokers.TestInvoker.invokeMethod(TestInvoker.java:686)
at org.testng.internal.invokers.TestInvoker.invokeTestMethod(TestInvoker.java:230)
at org.testng.internal.invokers.MethodRunner.runInSequence(MethodRunner.java:63)
at org.testng.internal.invokers.TestInvoker$MethodInvocationAgent.invoke(TestInvoker.java:992)
at org.testng.internal.invokers.TestInvoker.invokeTestMethods(TestInvoker.java:203)
at org.testng.internal.invokers.TestMethodWorker.invokeTestMethods(TestMethodWorker.java:154)
at org.testng.internal.invokers.TestMethodWorker.run(TestMethodWorker.java:134)
at java.base/java.util.concurrent.Executors$RunnableAdapter.call(Executors.java:572)
at java.base/java.util.concurrent.FutureTask.run(FutureTask.java:317)
at org.testng.internal.thread.graph.TestNGFutureTask.run(TestNGFutureTask.java:22)
at java.base/java.util.concurrent.ThreadPoolExecutor.runWorker(ThreadPoolExecutor.java:1144)
at java.base/java.util.concurrent.ThreadPoolExecutor$Worker.run(ThreadPoolExecutor.java:642)
at java.base/java.lang.Thread.run(Thread.java:1583)
]]>
    </failure>
  </testcase> <!-- Validate_Hana_T110_Pickup_CustomerSection_Edit_Customer_CustomerDetails_UnPaidInvoice_Tax_Search_Filter_Test -->
  <testcase classname="com.hanapos.OrderEntry_Alais_PickUp_PhoneOrderTest.Hana_T163_OrderEntry_Pickup_OrderDetailsSection_SendRemainderEmail_FT" name="Validate_Hana_T163_OrderEntry_Pickup_OrderDetailsSection_SendRemainderEmail__Functionality_Test" time="89.104">
    <failure type="java.lang.AssertionError" message="The following asserts failed:
	Test Step - 9 - Send remainder checkbox is displayed on Order details section expected [false] but found [true]">
      <![CDATA[java.lang.AssertionError: The following asserts failed:
Test Step - 9 - Send remainder checkbox is displayed on Order details section expected [false] but found [true]
at org.testng.asserts.SoftAssert.assertAll(SoftAssert.java:46)
at org.testng.asserts.SoftAssert.assertAll(SoftAssert.java:30)
at com.hanapos.OrderEntry_Alais_PickUp_PhoneOrderTest.Hana_T163_OrderEntry_Pickup_OrderDetailsSection_SendRemainderEmail_FT.Validate_Hana_T163_OrderEntry_Pickup_OrderDetailsSection_SendRemainderEmail__Functionality_Test(Hana_T163_OrderEntry_Pickup_OrderDetailsSection_SendRemainderEmail_FT.java:137)
at java.base/jdk.internal.reflect.DirectMethodHandleAccessor.invoke(DirectMethodHandleAccessor.java:103)
at java.base/java.lang.reflect.Method.invoke(Method.java:580)
at org.testng.internal.invokers.MethodInvocationHelper.invokeMethod(MethodInvocationHelper.java:141)
at org.testng.internal.invokers.TestInvoker.invokeMethod(TestInvoker.java:686)
at org.testng.internal.invokers.TestInvoker.invokeTestMethod(TestInvoker.java:230)
at org.testng.internal.invokers.MethodRunner.runInSequence(MethodRunner.java:63)
at org.testng.internal.invokers.TestInvoker$MethodInvocationAgent.invoke(TestInvoker.java:992)
at org.testng.internal.invokers.TestInvoker.invokeTestMethods(TestInvoker.java:203)
at org.testng.internal.invokers.TestMethodWorker.invokeTestMethods(TestMethodWorker.java:154)
at org.testng.internal.invokers.TestMethodWorker.run(TestMethodWorker.java:134)
at java.base/java.util.concurrent.Executors$RunnableAdapter.call(Executors.java:572)
at java.base/java.util.concurrent.FutureTask.run(FutureTask.java:317)
at org.testng.internal.thread.graph.TestNGFutureTask.run(TestNGFutureTask.java:22)
at java.base/java.util.concurrent.ThreadPoolExecutor.runWorker(ThreadPoolExecutor.java:1144)
at java.base/java.util.concurrent.ThreadPoolExecutor$Worker.run(ThreadPoolExecutor.java:642)
at java.base/java.lang.Thread.run(Thread.java:1583)
]]>
    </failure>
  </testcase> <!-- Validate_Hana_T163_OrderEntry_Pickup_OrderDetailsSection_SendRemainderEmail__Functionality_Test -->
  <testcase classname="com.hanapos.OrderEntry_Alais_PickUp_PhoneOrderTest.Hana_T127_Pickup_CustomerSection_Edit_Customer_CustomerDetails_PaymentDetails_Sorting_FT" name="Validate_Hana_T127_Pickup_CustomerSection_Edit_Customer_CustomerDetails_PaymentDetails_Sorting_Functionality_Test" time="120.573"/>
  <testcase classname="com.hanapos.OrderEntry_Alais_PickUp_PhoneOrderTest.Hana_T193_OrderEntryPage_Pickup_ProductSection_CreateRecipe_SaveAs_Functionality" name="Validate_Hana_T193_OrderEntryPage_Pickup_ProductSection_CreateRecipe_SaveAs_Functionality_Test" time="85.373"/>
  <testcase classname="com.hanapos.OrderEntry_Alais_PickUp_PhoneOrderTest.Hana_T160_OrderEntry_Pickup_OrderDetailsSection_SendRemainderField_FT" name="Validate_Hana_T160_OrderEntry_Pickup_OrderDetailsSection_SendRemainderField_Functionality_Test" time="95.076">
    <failure type="java.lang.AssertionError" message="The following asserts failed:
	Test Step - 7 - Send remainder checkbox is displayed on Order details section expected [false] but found [true]">
      <![CDATA[java.lang.AssertionError: The following asserts failed:
Test Step - 7 - Send remainder checkbox is displayed on Order details section expected [false] but found [true]
at org.testng.asserts.SoftAssert.assertAll(SoftAssert.java:46)
at org.testng.asserts.SoftAssert.assertAll(SoftAssert.java:30)
at com.hanapos.OrderEntry_Alais_PickUp_PhoneOrderTest.Hana_T160_OrderEntry_Pickup_OrderDetailsSection_SendRemainderField_FT.Validate_Hana_T160_OrderEntry_Pickup_OrderDetailsSection_SendRemainderField_Functionality_Test(Hana_T160_OrderEntry_Pickup_OrderDetailsSection_SendRemainderField_FT.java:86)
at java.base/jdk.internal.reflect.DirectMethodHandleAccessor.invoke(DirectMethodHandleAccessor.java:103)
at java.base/java.lang.reflect.Method.invoke(Method.java:580)
at org.testng.internal.invokers.MethodInvocationHelper.invokeMethod(MethodInvocationHelper.java:141)
at org.testng.internal.invokers.TestInvoker.invokeMethod(TestInvoker.java:686)
at org.testng.internal.invokers.TestInvoker.invokeTestMethod(TestInvoker.java:230)
at org.testng.internal.invokers.MethodRunner.runInSequence(MethodRunner.java:63)
at org.testng.internal.invokers.TestInvoker$MethodInvocationAgent.invoke(TestInvoker.java:992)
at org.testng.internal.invokers.TestInvoker.invokeTestMethods(TestInvoker.java:203)
at org.testng.internal.invokers.TestMethodWorker.invokeTestMethods(TestMethodWorker.java:154)
at org.testng.internal.invokers.TestMethodWorker.run(TestMethodWorker.java:134)
at java.base/java.util.concurrent.Executors$RunnableAdapter.call(Executors.java:572)
at java.base/java.util.concurrent.FutureTask.run(FutureTask.java:317)
at org.testng.internal.thread.graph.TestNGFutureTask.run(TestNGFutureTask.java:22)
at java.base/java.util.concurrent.ThreadPoolExecutor.runWorker(ThreadPoolExecutor.java:1144)
at java.base/java.util.concurrent.ThreadPoolExecutor$Worker.run(ThreadPoolExecutor.java:642)
at java.base/java.lang.Thread.run(Thread.java:1583)
]]>
    </failure>
  </testcase> <!-- Validate_Hana_T160_OrderEntry_Pickup_OrderDetailsSection_SendRemainderField_Functionality_Test -->
  <testcase classname="com.hanapos.OrderEntry_Alais_PickUp_PhoneOrderTest.Hana_T098_Pickup_CustomerSection_Edit_Customer_CustomerDetails_FT" name="Validate_Hana_T098_Pickup_CustomerSection_Edit_Customer_CustomerDetails_Test" time="208.266"/>
  <testcase classname="com.hanapos.OrderEntry_Alais_PickUp_PhoneOrderTest.Hana_T195_OrderEntryPage_Pickup_ProductSection_CreateRecipe_ItemGallery_Functionality" name="Validate_Hana_T195_OrderEntryPage_Pickup_ProductSection_CreateRecipe_ItemGallery_Functionality_Test" time="225.045">
    <failure type="java.lang.AssertionError" message="The following asserts failed:
	Test Step - 7 - First name is not displayed on phone order page expected [Abish] but found [David],
	Test Step - 7 - Last name is not displayed on phone order page expected [David] but found [Abish],
	Test Step - 7 - Company name is not displayed on phone order page expected [Hana_Sisterchicks] but found [Hana_Sister],
	Test Step - 7 - email id is not displayed on phone order page expected [hanaposqateam@gmail.com] but found [hanaposqa@gmail.com],
	Test Step - 7 - address 1 is not displayed on phone order page expected [3402 Park Blvd] but found [3402 Park Blvd 1]">
      <![CDATA[java.lang.AssertionError: The following asserts failed:
Test Step - 7 - First name is not displayed on phone order page expected [Abish] but found [David],
Test Step - 7 - Last name is not displayed on phone order page expected [David] but found [Abish],
Test Step - 7 - Company name is not displayed on phone order page expected [Hana_Sisterchicks] but found [Hana_Sister],
Test Step - 7 - email id is not displayed on phone order page expected [hanaposqateam@gmail.com] but found [hanaposqa@gmail.com],
Test Step - 7 - address 1 is not displayed on phone order page expected [3402 Park Blvd] but found [3402 Park Blvd 1]
at org.testng.asserts.SoftAssert.assertAll(SoftAssert.java:46)
at org.testng.asserts.SoftAssert.assertAll(SoftAssert.java:30)
at com.hanapos.OrderEntry_Alais_PickUp_PhoneOrderTest.Hana_T195_OrderEntryPage_Pickup_ProductSection_CreateRecipe_ItemGallery_Functionality.Validate_Hana_T195_OrderEntryPage_Pickup_ProductSection_CreateRecipe_ItemGallery_Functionality_Test(Hana_T195_OrderEntryPage_Pickup_ProductSection_CreateRecipe_ItemGallery_Functionality.java:157)
at java.base/jdk.internal.reflect.DirectMethodHandleAccessor.invoke(DirectMethodHandleAccessor.java:103)
at java.base/java.lang.reflect.Method.invoke(Method.java:580)
at org.testng.internal.invokers.MethodInvocationHelper.invokeMethod(MethodInvocationHelper.java:141)
at org.testng.internal.invokers.TestInvoker.invokeMethod(TestInvoker.java:686)
at org.testng.internal.invokers.TestInvoker.invokeTestMethod(TestInvoker.java:230)
at org.testng.internal.invokers.MethodRunner.runInSequence(MethodRunner.java:63)
at org.testng.internal.invokers.TestInvoker$MethodInvocationAgent.invoke(TestInvoker.java:992)
at org.testng.internal.invokers.TestInvoker.invokeTestMethods(TestInvoker.java:203)
at org.testng.internal.invokers.TestMethodWorker.invokeTestMethods(TestMethodWorker.java:154)
at org.testng.internal.invokers.TestMethodWorker.run(TestMethodWorker.java:134)
at java.base/java.util.concurrent.Executors$RunnableAdapter.call(Executors.java:572)
at java.base/java.util.concurrent.FutureTask.run(FutureTask.java:317)
at org.testng.internal.thread.graph.TestNGFutureTask.run(TestNGFutureTask.java:22)
at java.base/java.util.concurrent.ThreadPoolExecutor.runWorker(ThreadPoolExecutor.java:1144)
at java.base/java.util.concurrent.ThreadPoolExecutor$Worker.run(ThreadPoolExecutor.java:642)
at java.base/java.lang.Thread.run(Thread.java:1583)
]]>
    </failure>
  </testcase> <!-- Validate_Hana_T195_OrderEntryPage_Pickup_ProductSection_CreateRecipe_ItemGallery_Functionality_Test -->
  <testcase classname="com.hanapos.OrderEntry_Alais_PickUp_PhoneOrderTest.Hana_T090_Pickup_CustomerSection_AddressLookup_FT" name="Validate_Hana_T090_Pickup_CustomerSection_AddressLookup_Test" time="61.62"/>
  <testcase classname="com.hanapos.OrderEntry_Alais_PickUp_PhoneOrderTest.Hana_T124_Pickup_CustomerSection_Edit_Customer_CustomerDetails_PaymentDetails_CheckNo_SearchFilter_FT" name="Validate_Hana_T124_Pickup_CustomerSection_Edit_Customer_CustomerDetails_PaymentDetails_CheckNo_SearchFilter_Functionality_Test" time="128.697"/>
  <testcase classname="com.hanapos.OrderEntry_Alais_PickUp_PhoneOrderTest.Hana_T104_Pickup_CustomerSection_Edit_Customer_CustomerDetails_UnPaidInvoice_FT" name="Validate_Hana_T104_Pickup_CustomerSection_Edit_Customer_CustomerDetails_UnPaidInvoice_Test" time="67.224"/>
  <testcase classname="com.hanapos.OrderEntry_Alais_PickUp_PhoneOrderTest.Hana_T162_OrderEntry_Pickup_OrderDetailsSection_SendRemainder_UnChecked_FT" name="Validate_Hana_T162_OrderEntry_Pickup_OrderDetailsSection_SendRemainder_UnChecked_Functionality_Test" time="74.863">
    <failure type="java.lang.AssertionError" message="The following asserts failed:
	Test Step - 9 - Send remainder checkbox is displayed on Order details section expected [false] but found [true]">
      <![CDATA[java.lang.AssertionError: The following asserts failed:
Test Step - 9 - Send remainder checkbox is displayed on Order details section expected [false] but found [true]
at org.testng.asserts.SoftAssert.assertAll(SoftAssert.java:46)
at org.testng.asserts.SoftAssert.assertAll(SoftAssert.java:30)
at com.hanapos.OrderEntry_Alais_PickUp_PhoneOrderTest.Hana_T162_OrderEntry_Pickup_OrderDetailsSection_SendRemainder_UnChecked_FT.Validate_Hana_T162_OrderEntry_Pickup_OrderDetailsSection_SendRemainder_UnChecked_Functionality_Test(Hana_T162_OrderEntry_Pickup_OrderDetailsSection_SendRemainder_UnChecked_FT.java:149)
at java.base/jdk.internal.reflect.DirectMethodHandleAccessor.invoke(DirectMethodHandleAccessor.java:103)
at java.base/java.lang.reflect.Method.invoke(Method.java:580)
at org.testng.internal.invokers.MethodInvocationHelper.invokeMethod(MethodInvocationHelper.java:141)
at org.testng.internal.invokers.TestInvoker.invokeMethod(TestInvoker.java:686)
at org.testng.internal.invokers.TestInvoker.invokeTestMethod(TestInvoker.java:230)
at org.testng.internal.invokers.MethodRunner.runInSequence(MethodRunner.java:63)
at org.testng.internal.invokers.TestInvoker$MethodInvocationAgent.invoke(TestInvoker.java:992)
at org.testng.internal.invokers.TestInvoker.invokeTestMethods(TestInvoker.java:203)
at org.testng.internal.invokers.TestMethodWorker.invokeTestMethods(TestMethodWorker.java:154)
at org.testng.internal.invokers.TestMethodWorker.run(TestMethodWorker.java:134)
at java.base/java.util.concurrent.Executors$RunnableAdapter.call(Executors.java:572)
at java.base/java.util.concurrent.FutureTask.run(FutureTask.java:317)
at org.testng.internal.thread.graph.TestNGFutureTask.run(TestNGFutureTask.java:22)
at java.base/java.util.concurrent.ThreadPoolExecutor.runWorker(ThreadPoolExecutor.java:1144)
at java.base/java.util.concurrent.ThreadPoolExecutor$Worker.run(ThreadPoolExecutor.java:642)
at java.base/java.lang.Thread.run(Thread.java:1583)
]]>
    </failure>
  </testcase> <!-- Validate_Hana_T162_OrderEntry_Pickup_OrderDetailsSection_SendRemainder_UnChecked_Functionality_Test -->
  <testcase classname="com.hanapos.OrderEntry_Alais_PickUp_PhoneOrderTest.Hana_T118_Pickup_CustomerSection_Edit_Customer_CustomerDetails_UnPaidInvoice_ExportToExcel_FT" name="Validate_Hana_T118_Pickup_CustomerSection_Edit_Customer_CustomerDetails_UnPaidInvoice_ExportToExcel_Functionality_Test" time="54.289"/>
  <testcase classname="com.hanapos.OrderEntry_Alais_PickUp_PhoneOrderTest.Hana_T121_Pickup_CustomerSection_Edit_Customer_CustomerDetails_PaymentDetails_PaymentAmountSearchFilter_FT" name="Validate_Hana_T121_Pickup_CustomerSection_Edit_Customer_CustomerDetails_PaymentDetails_PaymentAmountSearchFilter_Functionality_Test" time="58.398"/>
  <testcase classname="com.hanapos.OrderEntry_Alais_PickUp_PhoneOrderTest.Hana_T134_Pickup_CustomerSection_Edit_Customer_CustomerDetails_OrderDetails_OrderDateSearchFilter_FT" name="Validate_Hana_T134_Pickup_CustomerSection_Edit_Customer_CustomerDetails_OrderDetails_OrderDateSearchFilter_Functionality_Test" time="87.506">
    <failure type="java.lang.AssertionError" message="The following asserts failed:
	Test Step - 14 - Filtered Order Date with invalid in Order date search box entered data is not cleared in order details tab at customer details popup expected [] but found [14/34/21211]">
      <![CDATA[java.lang.AssertionError: The following asserts failed:
Test Step - 14 - Filtered Order Date with invalid in Order date search box entered data is not cleared in order details tab at customer details popup expected [] but found [14/34/21211]
at org.testng.asserts.SoftAssert.assertAll(SoftAssert.java:46)
at org.testng.asserts.SoftAssert.assertAll(SoftAssert.java:30)
at com.hanapos.OrderEntry_Alais_PickUp_PhoneOrderTest.Hana_T134_Pickup_CustomerSection_Edit_Customer_CustomerDetails_OrderDetails_OrderDateSearchFilter_FT.Validate_Hana_T134_Pickup_CustomerSection_Edit_Customer_CustomerDetails_OrderDetails_OrderDateSearchFilter_Functionality_Test(Hana_T134_Pickup_CustomerSection_Edit_Customer_CustomerDetails_OrderDetails_OrderDateSearchFilter_FT.java:130)
at java.base/jdk.internal.reflect.DirectMethodHandleAccessor.invoke(DirectMethodHandleAccessor.java:103)
at java.base/java.lang.reflect.Method.invoke(Method.java:580)
at org.testng.internal.invokers.MethodInvocationHelper.invokeMethod(MethodInvocationHelper.java:141)
at org.testng.internal.invokers.TestInvoker.invokeMethod(TestInvoker.java:686)
at org.testng.internal.invokers.TestInvoker.invokeTestMethod(TestInvoker.java:230)
at org.testng.internal.invokers.MethodRunner.runInSequence(MethodRunner.java:63)
at org.testng.internal.invokers.TestInvoker$MethodInvocationAgent.invoke(TestInvoker.java:992)
at org.testng.internal.invokers.TestInvoker.invokeTestMethods(TestInvoker.java:203)
at org.testng.internal.invokers.TestMethodWorker.invokeTestMethods(TestMethodWorker.java:154)
at org.testng.internal.invokers.TestMethodWorker.run(TestMethodWorker.java:134)
at java.base/java.util.concurrent.Executors$RunnableAdapter.call(Executors.java:572)
at java.base/java.util.concurrent.FutureTask.run(FutureTask.java:317)
at org.testng.internal.thread.graph.TestNGFutureTask.run(TestNGFutureTask.java:22)
at java.base/java.util.concurrent.ThreadPoolExecutor.runWorker(ThreadPoolExecutor.java:1144)
at java.base/java.util.concurrent.ThreadPoolExecutor$Worker.run(ThreadPoolExecutor.java:642)
at java.base/java.lang.Thread.run(Thread.java:1583)
]]>
    </failure>
  </testcase> <!-- Validate_Hana_T134_Pickup_CustomerSection_Edit_Customer_CustomerDetails_OrderDetails_OrderDateSearchFilter_Functionality_Test -->
  <testcase classname="com.hanapos.OrderEntry_Alais_PickUp_PhoneOrderTest.Hana_T103_Pickup_CustomerSection_Edit_Customer_CustomerDetails_Preferences_FT" name="Validate_Hana_T103_Pickup_CustomerSection_Edit_Customer_CustomerDetails_Preferences_FT_Test" time="168.513">
    <failure type="java.lang.AssertionError" message="The following asserts failed:
	*** Test Step - 22 - Unwanted this confirmation alert is displayed ***,
	Test Step - 29 - Delivery fee of phone order page and customer details popup at preference tab updated delivery fee fields are not matched expected [30.00] but found [0.00]">
      <![CDATA[java.lang.AssertionError: The following asserts failed:
*** Test Step - 22 - Unwanted this confirmation alert is displayed ***,
Test Step - 29 - Delivery fee of phone order page and customer details popup at preference tab updated delivery fee fields are not matched expected [30.00] but found [0.00]
at org.testng.asserts.SoftAssert.assertAll(SoftAssert.java:46)
at org.testng.asserts.SoftAssert.assertAll(SoftAssert.java:30)
at com.hanapos.OrderEntry_Alais_PickUp_PhoneOrderTest.Hana_T103_Pickup_CustomerSection_Edit_Customer_CustomerDetails_Preferences_FT.Validate_Hana_T103_Pickup_CustomerSection_Edit_Customer_CustomerDetails_Preferences_FT_Test(Hana_T103_Pickup_CustomerSection_Edit_Customer_CustomerDetails_Preferences_FT.java:250)
at java.base/jdk.internal.reflect.DirectMethodHandleAccessor.invoke(DirectMethodHandleAccessor.java:103)
at java.base/java.lang.reflect.Method.invoke(Method.java:580)
at org.testng.internal.invokers.MethodInvocationHelper.invokeMethod(MethodInvocationHelper.java:141)
at org.testng.internal.invokers.TestInvoker.invokeMethod(TestInvoker.java:686)
at org.testng.internal.invokers.TestInvoker.invokeTestMethod(TestInvoker.java:230)
at org.testng.internal.invokers.MethodRunner.runInSequence(MethodRunner.java:63)
at org.testng.internal.invokers.TestInvoker$MethodInvocationAgent.invoke(TestInvoker.java:992)
at org.testng.internal.invokers.TestInvoker.invokeTestMethods(TestInvoker.java:203)
at org.testng.internal.invokers.TestMethodWorker.invokeTestMethods(TestMethodWorker.java:154)
at org.testng.internal.invokers.TestMethodWorker.run(TestMethodWorker.java:134)
at java.base/java.util.concurrent.Executors$RunnableAdapter.call(Executors.java:572)
at java.base/java.util.concurrent.FutureTask.run(FutureTask.java:317)
at org.testng.internal.thread.graph.TestNGFutureTask.run(TestNGFutureTask.java:22)
at java.base/java.util.concurrent.ThreadPoolExecutor.runWorker(ThreadPoolExecutor.java:1144)
at java.base/java.util.concurrent.ThreadPoolExecutor$Worker.run(ThreadPoolExecutor.java:642)
at java.base/java.lang.Thread.run(Thread.java:1583)
]]>
    </failure>
  </testcase> <!-- Validate_Hana_T103_Pickup_CustomerSection_Edit_Customer_CustomerDetails_Preferences_FT_Test -->
  <testcase classname="com.hanapos.OrderEntry_Alais_PickUp_PhoneOrderTest.Hana_T114_Pickup_CustomerSection_Edit_Customer_CustomerDetails_UnPaidInvoice_DeliveryDate_Search_Filter_FT" name="Validate_Hana_T114_Pickup_CustomerSection_Edit_Customer_CustomerDetails_UnPaidInvoice_DeliveryDate_Search_Filter_Test" time="161.277"/>
  <testcase classname="com.hanapos.OrderEntry_Alais_PickUp_PhoneOrderTest.Hana_T179_OrderEntryPage_Pickup_ProductSection_GiftCard_FT" name="Validate_Hana_T179_OrderEntryPage_Pickup_ProductSection_GiftCard_Functionality_Test" time="90.106"/>
  <testcase classname="com.hanapos.OrderEntry_Alais_PickUp_PhoneOrderTest.Hana_T092_Pickup_CustomerSection_LastNameFieldLookup_FT" name="Validate_Hana_T092_Pickup_CustomerSection_LastNameFieldLookup_Test" time="55.867"/>
  <testcase classname="com.hanapos.OrderEntry_Alais_PickUp_PhoneOrderTest.Hana_T135_Pickup_CustomerSection_Edit_Customer_CustomerDetails_OrderDetails_DescriptionSearchFilter_FT" name="Validate_Hana_T135_Pickup_CustomerSection_Edit_Customer_CustomerDetails_OrderDetails_DescriptionSearchFilter_Functionality_Test" time="80.712"/>
  <testcase classname="com.hanapos.OrderEntry_Alais_PickUp_PhoneOrderTest.Hana_T147_Pickup_RecipientSection_ExistingCustomerDetails_FT" name="Validate_Hana_T147_Pickup_RecipientSection_ExistingCustomerDetails_Functionality_Test" time="45.583">
    <failure type="java.lang.AssertionError" message="The following asserts failed:
	Test Step - 9 - Displayed phone number is not matched on phone order page recipient section expected [956-655-0756] but found [],
	Test Step - 10 - Displayed alt phone number is not matched on phone order page recipient section expected [956-655-0756] but found [],
	Test Step - 14 - Recipient phone number is not displayed on phone order page recipient section expected [956-655-0756] but found [],
	Test Step - 15 - Recipient alt phone number is not displayed on phone order page recipient section expected [956-655-0756] but found []">
      <![CDATA[java.lang.AssertionError: The following asserts failed:
Test Step - 9 - Displayed phone number is not matched on phone order page recipient section expected [956-655-0756] but found [],
Test Step - 10 - Displayed alt phone number is not matched on phone order page recipient section expected [956-655-0756] but found [],
Test Step - 14 - Recipient phone number is not displayed on phone order page recipient section expected [956-655-0756] but found [],
Test Step - 15 - Recipient alt phone number is not displayed on phone order page recipient section expected [956-655-0756] but found []
at org.testng.asserts.SoftAssert.assertAll(SoftAssert.java:46)
at org.testng.asserts.SoftAssert.assertAll(SoftAssert.java:30)
at com.hanapos.OrderEntry_Alais_PickUp_PhoneOrderTest.Hana_T147_Pickup_RecipientSection_ExistingCustomerDetails_FT.Validate_Hana_T147_Pickup_RecipientSection_ExistingCustomerDetails_Functionality_Test(Hana_T147_Pickup_RecipientSection_ExistingCustomerDetails_FT.java:115)
at java.base/jdk.internal.reflect.DirectMethodHandleAccessor.invoke(DirectMethodHandleAccessor.java:103)
at java.base/java.lang.reflect.Method.invoke(Method.java:580)
at org.testng.internal.invokers.MethodInvocationHelper.invokeMethod(MethodInvocationHelper.java:141)
at org.testng.internal.invokers.TestInvoker.invokeMethod(TestInvoker.java:686)
at org.testng.internal.invokers.TestInvoker.invokeTestMethod(TestInvoker.java:230)
at org.testng.internal.invokers.MethodRunner.runInSequence(MethodRunner.java:63)
at org.testng.internal.invokers.TestInvoker$MethodInvocationAgent.invoke(TestInvoker.java:992)
at org.testng.internal.invokers.TestInvoker.invokeTestMethods(TestInvoker.java:203)
at org.testng.internal.invokers.TestMethodWorker.invokeTestMethods(TestMethodWorker.java:154)
at org.testng.internal.invokers.TestMethodWorker.run(TestMethodWorker.java:134)
at java.base/java.util.concurrent.Executors$RunnableAdapter.call(Executors.java:572)
at java.base/java.util.concurrent.FutureTask.run(FutureTask.java:317)
at org.testng.internal.thread.graph.TestNGFutureTask.run(TestNGFutureTask.java:22)
at java.base/java.util.concurrent.ThreadPoolExecutor.runWorker(ThreadPoolExecutor.java:1144)
at java.base/java.util.concurrent.ThreadPoolExecutor$Worker.run(ThreadPoolExecutor.java:642)
at java.base/java.lang.Thread.run(Thread.java:1583)
]]>
    </failure>
  </testcase> <!-- Validate_Hana_T147_Pickup_RecipientSection_ExistingCustomerDetails_Functionality_Test -->
  <testcase classname="com.hanapos.OrderEntry_Alais_PickUp_PhoneOrderTest.Hana_T105_Pickup_CustomerSection_Edit_Customer_CustomerDetails_UnPaidInvoice_Invoice_Search_Filter_FT" name="Validate_Hana_T105_Pickup_CustomerSection_Edit_Customer_CustomerDetails_UnPaidInvoice_Invoice_Search_Filter_Test" time="73.534"/>
  <testcase classname="com.hanapos.OrderEntry_Alais_PickUp_PhoneOrderTest.Hana_T126_Pickup_CustomerSection_Edit_Customer_CustomerDetails_PaymentDetails_Pagination_FT" name="Validate_Hana_T126_Pickup_CustomerSection_Edit_Customer_CustomerDetails_PaymentDetails_Pagination_Functionality_Test" time="77.835"/>
  <testcase classname="com.hanapos.OrderEntry_Alais_PickUp_PhoneOrderTest.Hana_T119_Pickup_CustomerSection_Edit_Customer_CustomerDetails_PaymentDetails_ExportToExcel_FT" name="Validate_Hana_T119_Pickup_CustomerSection_Edit_Customer_CustomerDetails_PaymentDetails_ExportToExcel_Functionality_Test" time="62.866"/>
  <testcase classname="com.hanapos.OrderEntry_Alais_PickUp_PhoneOrderTest.Hana_T183_OrderEntryPage_Pickup_ProductSection_GiftCardSale_popup_Edit_GiftCard_Denominations_Edit_Functionality" name="Validate_Hana_T177_OrderEntry_Pickup_PaymentSection_GiftCardPayment_Functionality_Test" time="43.666"/>
  <testcase classname="com.hanapos.OrderEntry_Alais_PickUp_PhoneOrderTest.Hana_T133_Pickup_CustomerSection_Edit_Customer_CustomerDetails_OrderDetails_AddressSearchFilter_FT" name="Validate_Hana_T133_Pickup_CustomerSection_Edit_Customer_CustomerDetails_OrderDetails_AddressSearchFilter_Functionality_Test" time="227.579">
    <failure type="java.lang.AssertionError" message="Unable to click the element using js click method">
      <![CDATA[java.lang.AssertionError: Unable to click the element using js click method
at org.testng.Assert.fail(Assert.java:111)
at com.hanapos.seleniumProjectBase.TestBaseClass.jsClick(TestBaseClass.java:358)
at com.hanapos.pageObjects.OrderEntry_Alais_PhoneOrderPage.Click_CustEditIcon(OrderEntry_Alais_PhoneOrderPage.java:2448)
at com.hanapos.OrderEntry_Alais_PickUp_PhoneOrderTest.Hana_T133_Pickup_CustomerSection_Edit_Customer_CustomerDetails_OrderDetails_AddressSearchFilter_FT.Validate_Hana_T133_Pickup_CustomerSection_Edit_Customer_CustomerDetails_OrderDetails_AddressSearchFilter_Functionality_Test(Hana_T133_Pickup_CustomerSection_Edit_Customer_CustomerDetails_OrderDetails_AddressSearchFilter_FT.java:74)
at java.base/jdk.internal.reflect.DirectMethodHandleAccessor.invoke(DirectMethodHandleAccessor.java:103)
at java.base/java.lang.reflect.Method.invoke(Method.java:580)
at org.testng.internal.invokers.MethodInvocationHelper.invokeMethod(MethodInvocationHelper.java:141)
at org.testng.internal.invokers.TestInvoker.invokeMethod(TestInvoker.java:686)
at org.testng.internal.invokers.TestInvoker.invokeTestMethod(TestInvoker.java:230)
at org.testng.internal.invokers.MethodRunner.runInSequence(MethodRunner.java:63)
at org.testng.internal.invokers.TestInvoker$MethodInvocationAgent.invoke(TestInvoker.java:992)
at org.testng.internal.invokers.TestInvoker.invokeTestMethods(TestInvoker.java:203)
at org.testng.internal.invokers.TestMethodWorker.invokeTestMethods(TestMethodWorker.java:154)
at org.testng.internal.invokers.TestMethodWorker.run(TestMethodWorker.java:134)
at java.base/java.util.concurrent.Executors$RunnableAdapter.call(Executors.java:572)
at java.base/java.util.concurrent.FutureTask.run(FutureTask.java:317)
at org.testng.internal.thread.graph.TestNGFutureTask.run(TestNGFutureTask.java:22)
at java.base/java.util.concurrent.ThreadPoolExecutor.runWorker(ThreadPoolExecutor.java:1144)
at java.base/java.util.concurrent.ThreadPoolExecutor$Worker.run(ThreadPoolExecutor.java:642)
at java.base/java.lang.Thread.run(Thread.java:1583)
]]>
    </failure>
  </testcase> <!-- Validate_Hana_T133_Pickup_CustomerSection_Edit_Customer_CustomerDetails_OrderDetails_AddressSearchFilter_Functionality_Test -->
  <testcase classname="com.hanapos.OrderEntry_Alais_PickUp_PhoneOrderTest.Hana_T152_Pickup_RecipientSection_AddressLookup_FT" name="Validate_Hana_T152_Pickup_RecipientSection_AddressLookup_FT_Functionality_Test" time="67.447">
    <failure type="java.lang.AssertionError" message="The following asserts failed:
	Test Step - 7 - Recipient phone number is not matched with customer phonenumber 1 field on phone order page recipient section expected [956-444-0756] but found [],
	Test Step - 7 - Recipient alt phone number is not matched with customer phonenumber2 on phone order page recipient section expected [956-444-0756] but found []">
      <![CDATA[java.lang.AssertionError: The following asserts failed:
Test Step - 7 - Recipient phone number is not matched with customer phonenumber 1 field on phone order page recipient section expected [956-444-0756] but found [],
Test Step - 7 - Recipient alt phone number is not matched with customer phonenumber2 on phone order page recipient section expected [956-444-0756] but found []
at org.testng.asserts.SoftAssert.assertAll(SoftAssert.java:46)
at org.testng.asserts.SoftAssert.assertAll(SoftAssert.java:30)
at com.hanapos.OrderEntry_Alais_PickUp_PhoneOrderTest.Hana_T152_Pickup_RecipientSection_AddressLookup_FT.Validate_Hana_T152_Pickup_RecipientSection_AddressLookup_FT_Functionality_Test(Hana_T152_Pickup_RecipientSection_AddressLookup_FT.java:120)
at java.base/jdk.internal.reflect.DirectMethodHandleAccessor.invoke(DirectMethodHandleAccessor.java:103)
at java.base/java.lang.reflect.Method.invoke(Method.java:580)
at org.testng.internal.invokers.MethodInvocationHelper.invokeMethod(MethodInvocationHelper.java:141)
at org.testng.internal.invokers.TestInvoker.invokeMethod(TestInvoker.java:686)
at org.testng.internal.invokers.TestInvoker.invokeTestMethod(TestInvoker.java:230)
at org.testng.internal.invokers.MethodRunner.runInSequence(MethodRunner.java:63)
at org.testng.internal.invokers.TestInvoker$MethodInvocationAgent.invoke(TestInvoker.java:992)
at org.testng.internal.invokers.TestInvoker.invokeTestMethods(TestInvoker.java:203)
at org.testng.internal.invokers.TestMethodWorker.invokeTestMethods(TestMethodWorker.java:154)
at org.testng.internal.invokers.TestMethodWorker.run(TestMethodWorker.java:134)
at java.base/java.util.concurrent.Executors$RunnableAdapter.call(Executors.java:572)
at java.base/java.util.concurrent.FutureTask.run(FutureTask.java:317)
at org.testng.internal.thread.graph.TestNGFutureTask.run(TestNGFutureTask.java:22)
at java.base/java.util.concurrent.ThreadPoolExecutor.runWorker(ThreadPoolExecutor.java:1144)
at java.base/java.util.concurrent.ThreadPoolExecutor$Worker.run(ThreadPoolExecutor.java:642)
at java.base/java.lang.Thread.run(Thread.java:1583)
]]>
    </failure>
  </testcase> <!-- Validate_Hana_T152_Pickup_RecipientSection_AddressLookup_FT_Functionality_Test -->
  <testcase classname="com.hanapos.OrderEntry_Alais_PickUp_PhoneOrderTest.Hana_T186_OrderEntryPage_Pickup_ProductSection_TaxExempt_Functionality" name="Validate_Hana_T186_OrderEntryPage_Pickup_ProductSection_TaxExempt_Functionality_Test" time="121.679"/>
  <testcase classname="com.hanapos.OrderEntry_Alais_PickUp_PhoneOrderTest.Hana_T085_Pickup_CustomerSection_SearchExistingCustomer_FT" name="Validate_Hana_T085_Pickup_CustomerSection_SearchExistingCustomer_Test" time="51.227"/>
  <testcase classname="com.hanapos.OrderEntry_Alais_PickUp_PhoneOrderTest.Hana_T131_Pickup_CustomerSection_Edit_Customer_CustomerDetails_OrderDetails_StatusSearchFilter_FT" name="Validate_Hana_T131_Pickup_CustomerSection_Edit_Customer_CustomerDetails_OrderDetails_StatusSearchFilter_Functionality_Test" time="108.539">
    <failure type="java.lang.AssertionError" message="The following asserts failed:
	Test Step - 12 - Filtered status with 3 characters is not displayed on the order details tab at customer details popup expected [true] but found [false]">
      <![CDATA[java.lang.AssertionError: The following asserts failed:
Test Step - 12 - Filtered status with 3 characters is not displayed on the order details tab at customer details popup expected [true] but found [false]
at org.testng.asserts.SoftAssert.assertAll(SoftAssert.java:46)
at org.testng.asserts.SoftAssert.assertAll(SoftAssert.java:30)
at com.hanapos.OrderEntry_Alais_PickUp_PhoneOrderTest.Hana_T131_Pickup_CustomerSection_Edit_Customer_CustomerDetails_OrderDetails_StatusSearchFilter_FT.Validate_Hana_T131_Pickup_CustomerSection_Edit_Customer_CustomerDetails_OrderDetails_StatusSearchFilter_Functionality_Test(Hana_T131_Pickup_CustomerSection_Edit_Customer_CustomerDetails_OrderDetails_StatusSearchFilter_FT.java:120)
at java.base/jdk.internal.reflect.DirectMethodHandleAccessor.invoke(DirectMethodHandleAccessor.java:103)
at java.base/java.lang.reflect.Method.invoke(Method.java:580)
at org.testng.internal.invokers.MethodInvocationHelper.invokeMethod(MethodInvocationHelper.java:141)
at org.testng.internal.invokers.TestInvoker.invokeMethod(TestInvoker.java:686)
at org.testng.internal.invokers.TestInvoker.invokeTestMethod(TestInvoker.java:230)
at org.testng.internal.invokers.MethodRunner.runInSequence(MethodRunner.java:63)
at org.testng.internal.invokers.TestInvoker$MethodInvocationAgent.invoke(TestInvoker.java:992)
at org.testng.internal.invokers.TestInvoker.invokeTestMethods(TestInvoker.java:203)
at org.testng.internal.invokers.TestMethodWorker.invokeTestMethods(TestMethodWorker.java:154)
at org.testng.internal.invokers.TestMethodWorker.run(TestMethodWorker.java:134)
at java.base/java.util.concurrent.Executors$RunnableAdapter.call(Executors.java:572)
at java.base/java.util.concurrent.FutureTask.run(FutureTask.java:317)
at org.testng.internal.thread.graph.TestNGFutureTask.run(TestNGFutureTask.java:22)
at java.base/java.util.concurrent.ThreadPoolExecutor.runWorker(ThreadPoolExecutor.java:1144)
at java.base/java.util.concurrent.ThreadPoolExecutor$Worker.run(ThreadPoolExecutor.java:642)
at java.base/java.lang.Thread.run(Thread.java:1583)
]]>
    </failure>
  </testcase> <!-- Validate_Hana_T131_Pickup_CustomerSection_Edit_Customer_CustomerDetails_OrderDetails_StatusSearchFilter_Functionality_Test -->
  <testcase classname="com.hanapos.OrderEntry_Alais_PickUp_PhoneOrderTest.Hana_T161_OrderEntry_Pickup_OrderDetailsSection_SendRemainderChecked_FT" name="Validate_Hana_T161_OrderEntry_Pickup_OrderDetailsSection_SendRemainderChecked_Functionality_Test" time="84.868">
    <failure type="java.lang.AssertionError" message="The following asserts failed:
	Test Step - 9 - Send remainder checkbox is displayed on Order details section expected [false] but found [true],
	Test Step - 18 - Customer name is not displayed on Edit reminder popup expected [Abish David] but found [Sakrateesh R],
	Test Step - 18 - Customer email is not displayed on Edit reminder popup expected [hanaposqateam@gmail.com] but found [sakrateesh.ramachandraboss@hanasoftware.com],
	Test Step - 18 - Recipient first name is not displayed on Edit reminder popup expected [Abish] but found [Advance],
	Test Step - 18 - Recipient last name is not displayed on Edit reminder popup expected [David] but found [Dispatch],
	Test Step - 18 - Remainder date is not displayed on Edit reminder popup expected [July 31] but found [August 23]">
      <![CDATA[java.lang.AssertionError: The following asserts failed:
Test Step - 9 - Send remainder checkbox is displayed on Order details section expected [false] but found [true],
Test Step - 18 - Customer name is not displayed on Edit reminder popup expected [Abish David] but found [Sakrateesh R],
Test Step - 18 - Customer email is not displayed on Edit reminder popup expected [hanaposqateam@gmail.com] but found [sakrateesh.ramachandraboss@hanasoftware.com],
Test Step - 18 - Recipient first name is not displayed on Edit reminder popup expected [Abish] but found [Advance],
Test Step - 18 - Recipient last name is not displayed on Edit reminder popup expected [David] but found [Dispatch],
Test Step - 18 - Remainder date is not displayed on Edit reminder popup expected [July 31] but found [August 23]
at org.testng.asserts.SoftAssert.assertAll(SoftAssert.java:46)
at org.testng.asserts.SoftAssert.assertAll(SoftAssert.java:30)
at com.hanapos.OrderEntry_Alais_PickUp_PhoneOrderTest.Hana_T161_OrderEntry_Pickup_OrderDetailsSection_SendRemainderChecked_FT.Validate_Hana_T161_OrderEntry_Pickup_OrderDetailsSection_SendRemainderChecked_Functionality_Test(Hana_T161_OrderEntry_Pickup_OrderDetailsSection_SendRemainderChecked_FT.java:161)
at java.base/jdk.internal.reflect.DirectMethodHandleAccessor.invoke(DirectMethodHandleAccessor.java:103)
at java.base/java.lang.reflect.Method.invoke(Method.java:580)
at org.testng.internal.invokers.MethodInvocationHelper.invokeMethod(MethodInvocationHelper.java:141)
at org.testng.internal.invokers.TestInvoker.invokeMethod(TestInvoker.java:686)
at org.testng.internal.invokers.TestInvoker.invokeTestMethod(TestInvoker.java:230)
at org.testng.internal.invokers.MethodRunner.runInSequence(MethodRunner.java:63)
at org.testng.internal.invokers.TestInvoker$MethodInvocationAgent.invoke(TestInvoker.java:992)
at org.testng.internal.invokers.TestInvoker.invokeTestMethods(TestInvoker.java:203)
at org.testng.internal.invokers.TestMethodWorker.invokeTestMethods(TestMethodWorker.java:154)
at org.testng.internal.invokers.TestMethodWorker.run(TestMethodWorker.java:134)
at java.base/java.util.concurrent.Executors$RunnableAdapter.call(Executors.java:572)
at java.base/java.util.concurrent.FutureTask.run(FutureTask.java:317)
at org.testng.internal.thread.graph.TestNGFutureTask.run(TestNGFutureTask.java:22)
at java.base/java.util.concurrent.ThreadPoolExecutor.runWorker(ThreadPoolExecutor.java:1144)
at java.base/java.util.concurrent.ThreadPoolExecutor$Worker.run(ThreadPoolExecutor.java:642)
at java.base/java.lang.Thread.run(Thread.java:1583)
]]>
    </failure>
  </testcase> <!-- Validate_Hana_T161_OrderEntry_Pickup_OrderDetailsSection_SendRemainderChecked_Functionality_Test -->
  <testcase classname="com.hanapos.OrderEntry_Alais_PickUp_PhoneOrderTest.Hana_T184_OrderEntryPage_Pickup_ProductSection_TaxableProductLevel_Functionality" name="Validate_Hana_T184_OrderEntryPage_Pickup_ProductSection_TaxableProductLevel_Functionality_Test" time="137.863"/>
  <testcase classname="com.hanapos.OrderEntry_Alais_PickUp_PhoneOrderTest.Hana_T148_Pickup_RecipientSection_NewCustomerDetails_FT" name="Validate_Hana_T148_Pickup_RecipientSection_NewCustomerDetails_Functionality_Test" time="57.649">
    <failure type="java.lang.AssertionError" message="The following asserts failed:
	Test Step - 9 - Displayed phone number is not matched with customer phonenumber 1 on phone order page recipient section expected [956-444-0756] but found [],
	Test Step - 10 - Displayed alt phone number is not matched with customer phonenumber2 on phone order page recipient section expected [956-444-0756] but found [],
	Test Step - 12 - Displayed last name is not matched with customer lastname on phone order page recipient section expected [true] but found [false],
	Test Step - 14 - Recipient phone number is not matched with customer phonenumber 1 field on phone order page recipient section expected [956-444-0756] but found [],
	Test Step - 15 - Recipient alt phone number is not matched with customer phonenumber2 on phone order page recipient section expected [956-444-0756] but found []">
      <![CDATA[java.lang.AssertionError: The following asserts failed:
Test Step - 9 - Displayed phone number is not matched with customer phonenumber 1 on phone order page recipient section expected [956-444-0756] but found [],
Test Step - 10 - Displayed alt phone number is not matched with customer phonenumber2 on phone order page recipient section expected [956-444-0756] but found [],
Test Step - 12 - Displayed last name is not matched with customer lastname on phone order page recipient section expected [true] but found [false],
Test Step - 14 - Recipient phone number is not matched with customer phonenumber 1 field on phone order page recipient section expected [956-444-0756] but found [],
Test Step - 15 - Recipient alt phone number is not matched with customer phonenumber2 on phone order page recipient section expected [956-444-0756] but found []
at org.testng.asserts.SoftAssert.assertAll(SoftAssert.java:46)
at org.testng.asserts.SoftAssert.assertAll(SoftAssert.java:30)
at com.hanapos.OrderEntry_Alais_PickUp_PhoneOrderTest.Hana_T148_Pickup_RecipientSection_NewCustomerDetails_FT.Validate_Hana_T148_Pickup_RecipientSection_NewCustomerDetails_Functionality_Test(Hana_T148_Pickup_RecipientSection_NewCustomerDetails_FT.java:132)
at java.base/jdk.internal.reflect.DirectMethodHandleAccessor.invoke(DirectMethodHandleAccessor.java:103)
at java.base/java.lang.reflect.Method.invoke(Method.java:580)
at org.testng.internal.invokers.MethodInvocationHelper.invokeMethod(MethodInvocationHelper.java:141)
at org.testng.internal.invokers.TestInvoker.invokeMethod(TestInvoker.java:686)
at org.testng.internal.invokers.TestInvoker.invokeTestMethod(TestInvoker.java:230)
at org.testng.internal.invokers.MethodRunner.runInSequence(MethodRunner.java:63)
at org.testng.internal.invokers.TestInvoker$MethodInvocationAgent.invoke(TestInvoker.java:992)
at org.testng.internal.invokers.TestInvoker.invokeTestMethods(TestInvoker.java:203)
at org.testng.internal.invokers.TestMethodWorker.invokeTestMethods(TestMethodWorker.java:154)
at org.testng.internal.invokers.TestMethodWorker.run(TestMethodWorker.java:134)
at java.base/java.util.concurrent.Executors$RunnableAdapter.call(Executors.java:572)
at java.base/java.util.concurrent.FutureTask.run(FutureTask.java:317)
at org.testng.internal.thread.graph.TestNGFutureTask.run(TestNGFutureTask.java:22)
at java.base/java.util.concurrent.ThreadPoolExecutor.runWorker(ThreadPoolExecutor.java:1144)
at java.base/java.util.concurrent.ThreadPoolExecutor$Worker.run(ThreadPoolExecutor.java:642)
at java.base/java.lang.Thread.run(Thread.java:1583)
]]>
    </failure>
  </testcase> <!-- Validate_Hana_T148_Pickup_RecipientSection_NewCustomerDetails_Functionality_Test -->
  <testcase classname="com.hanapos.OrderEntry_Alais_PickUp_PhoneOrderTest.Hana_T107_Pickup_CustomerSection_Edit_Customer_CustomerDetails_UnPaidInvoice_BalanceAmt_Search_Filter_FT" name="Validate_Hana_T107_Pickup_CustomerSection_Edit_Customer_CustomerDetails_UnPaidInvoice_BalanceAmt_Search_Filter_Test" time="100.351">
    <failure type="java.lang.AssertionError" message="The following asserts failed:
	Test Step - 13 - Based on searched balance amount, Unpaid Invoice number is not displayed in unpaid invoice grid table did not expect [0] but found [0]">
      <![CDATA[java.lang.AssertionError: The following asserts failed:
Test Step - 13 - Based on searched balance amount, Unpaid Invoice number is not displayed in unpaid invoice grid table did not expect [0] but found [0]
at org.testng.asserts.SoftAssert.assertAll(SoftAssert.java:46)
at org.testng.asserts.SoftAssert.assertAll(SoftAssert.java:30)
at com.hanapos.OrderEntry_Alais_PickUp_PhoneOrderTest.Hana_T107_Pickup_CustomerSection_Edit_Customer_CustomerDetails_UnPaidInvoice_BalanceAmt_Search_Filter_FT.Validate_Hana_T107_Pickup_CustomerSection_Edit_Customer_CustomerDetails_UnPaidInvoice_BalanceAmt_Search_Filter_Test(Hana_T107_Pickup_CustomerSection_Edit_Customer_CustomerDetails_UnPaidInvoice_BalanceAmt_Search_Filter_FT.java:128)
at java.base/jdk.internal.reflect.DirectMethodHandleAccessor.invoke(DirectMethodHandleAccessor.java:103)
at java.base/java.lang.reflect.Method.invoke(Method.java:580)
at org.testng.internal.invokers.MethodInvocationHelper.invokeMethod(MethodInvocationHelper.java:141)
at org.testng.internal.invokers.TestInvoker.invokeMethod(TestInvoker.java:686)
at org.testng.internal.invokers.TestInvoker.invokeTestMethod(TestInvoker.java:230)
at org.testng.internal.invokers.MethodRunner.runInSequence(MethodRunner.java:63)
at org.testng.internal.invokers.TestInvoker$MethodInvocationAgent.invoke(TestInvoker.java:992)
at org.testng.internal.invokers.TestInvoker.invokeTestMethods(TestInvoker.java:203)
at org.testng.internal.invokers.TestMethodWorker.invokeTestMethods(TestMethodWorker.java:154)
at org.testng.internal.invokers.TestMethodWorker.run(TestMethodWorker.java:134)
at java.base/java.util.concurrent.Executors$RunnableAdapter.call(Executors.java:572)
at java.base/java.util.concurrent.FutureTask.run(FutureTask.java:317)
at org.testng.internal.thread.graph.TestNGFutureTask.run(TestNGFutureTask.java:22)
at java.base/java.util.concurrent.ThreadPoolExecutor.runWorker(ThreadPoolExecutor.java:1144)
at java.base/java.util.concurrent.ThreadPoolExecutor$Worker.run(ThreadPoolExecutor.java:642)
at java.base/java.lang.Thread.run(Thread.java:1583)
]]>
    </failure>
  </testcase> <!-- Validate_Hana_T107_Pickup_CustomerSection_Edit_Customer_CustomerDetails_UnPaidInvoice_BalanceAmt_Search_Filter_Test -->
  <testcase classname="com.hanapos.OrderEntry_Alais_PickUp_PhoneOrderTest.Hana_T141_Pickup_CustomerSection_CustomerHistory_FT" name="Validate_Hana_T141_Pickup_CustomerSection_CustomerHistory_Functionality_Test" time="78.198">
    <failure type="java.lang.AssertionError" message="The following asserts failed:
	Test Step - 10 - Previous Selected Payment type is not displayed on phone order page payment section expected [Cash] but found [COD - Cash On Delivery],
	Test Step - 11 - Recipient location is not displayed on phone order page recipient section expected [Church] but found [Business],
	Test Step - 11 - Delivery date is not displayed on phone order page recipient section expected [] but found [08/26/2024],
	Test Step - 9 - Item code is not displayed on phone order page product details section expected [rrd] but found [RRD],
	Test Step - 9 - Item description is not displayed on phone order page product details section expected [Red Rose Deluxe] but found [],
	Test Step - 9 - Item quantity is not displayed on phone order page product details section expected [1.00] but found [1],
	Test Step - 9 - Item price is not displayed on phone order page product details section expected [299.00] but found [0.00],
	Test Step - 8 -Entered Short code is not displayed on phone order page order details section expected [Happy Birthday! Hope You Have An Amazing Day!] but found [Hi !!!],
	null">
      <![CDATA[java.lang.AssertionError: The following asserts failed:
Test Step - 10 - Previous Selected Payment type is not displayed on phone order page payment section expected [Cash] but found [COD - Cash On Delivery],
Test Step - 11 - Recipient location is not displayed on phone order page recipient section expected [Church] but found [Business],
Test Step - 11 - Delivery date is not displayed on phone order page recipient section expected [] but found [08/26/2024],
Test Step - 9 - Item code is not displayed on phone order page product details section expected [rrd] but found [RRD],
Test Step - 9 - Item description is not displayed on phone order page product details section expected [Red Rose Deluxe] but found [],
Test Step - 9 - Item quantity is not displayed on phone order page product details section expected [1.00] but found [1],
Test Step - 9 - Item price is not displayed on phone order page product details section expected [299.00] but found [0.00],
Test Step - 8 -Entered Short code is not displayed on phone order page order details section expected [Happy Birthday! Hope You Have An Amazing Day!] but found [Hi !!!],
null
at org.testng.asserts.SoftAssert.assertAll(SoftAssert.java:46)
at org.testng.asserts.SoftAssert.assertAll(SoftAssert.java:30)
at com.hanapos.OrderEntry_Alais_PickUp_PhoneOrderTest.Hana_T141_Pickup_CustomerSection_CustomerHistory_FT.Validate_Hana_T141_Pickup_CustomerSection_CustomerHistory_Functionality_Test(Hana_T141_Pickup_CustomerSection_CustomerHistory_FT.java:343)
at java.base/jdk.internal.reflect.DirectMethodHandleAccessor.invoke(DirectMethodHandleAccessor.java:103)
at java.base/java.lang.reflect.Method.invoke(Method.java:580)
at org.testng.internal.invokers.MethodInvocationHelper.invokeMethod(MethodInvocationHelper.java:141)
at org.testng.internal.invokers.TestInvoker.invokeMethod(TestInvoker.java:686)
at org.testng.internal.invokers.TestInvoker.invokeTestMethod(TestInvoker.java:230)
at org.testng.internal.invokers.MethodRunner.runInSequence(MethodRunner.java:63)
at org.testng.internal.invokers.TestInvoker$MethodInvocationAgent.invoke(TestInvoker.java:992)
at org.testng.internal.invokers.TestInvoker.invokeTestMethods(TestInvoker.java:203)
at org.testng.internal.invokers.TestMethodWorker.invokeTestMethods(TestMethodWorker.java:154)
at org.testng.internal.invokers.TestMethodWorker.run(TestMethodWorker.java:134)
at java.base/java.util.concurrent.Executors$RunnableAdapter.call(Executors.java:572)
at java.base/java.util.concurrent.FutureTask.run(FutureTask.java:317)
at org.testng.internal.thread.graph.TestNGFutureTask.run(TestNGFutureTask.java:22)
at java.base/java.util.concurrent.ThreadPoolExecutor.runWorker(ThreadPoolExecutor.java:1144)
at java.base/java.util.concurrent.ThreadPoolExecutor$Worker.run(ThreadPoolExecutor.java:642)
at java.base/java.lang.Thread.run(Thread.java:1583)
]]>
    </failure>
  </testcase> <!-- Validate_Hana_T141_Pickup_CustomerSection_CustomerHistory_Functionality_Test -->
  <testcase classname="com.hanapos.OrderEntry_Alais_PickUp_PhoneOrderTest.Hana_T081_Pickup_Functionality_with_Existing_customer_FT" name="Validate_Hana_T081_Pickup_Functionality_with_Existing_customer" time="113.344"/>
  <testcase classname="com.hanapos.OrderEntry_Alais_PickUp_PhoneOrderTest.Hana_T132_Pickup_CustomerSection_Edit_Customer_CustomerDetails_OrderDetails_NameSearchFilter_FT" name="Validate_Hana_T132_Pickup_CustomerSection_Edit_Customer_CustomerDetails_OrderDetails_NameSearchFilter_Functionality_Test" time="72.726"/>
  <testcase classname="com.hanapos.OrderEntry_Alais_PickUp_PhoneOrderTest.Hana_T129_Pickup_CustomerSection_Edit_Customer_CustomerDetails_OrderDetails_InvoiceSearchFilter_FT" name="Validate_Hana_T129_Pickup_CustomerSection_Edit_Customer_CustomerDetails_OrderDetails_InvoiceSearchFilter_FunctionalityTest" time="80.116"/>
  <testcase classname="com.hanapos.OrderEntry_Alais_PickUp_PhoneOrderTest.Hana_T185_OrderEntryPage_Pickup_ProductSection_Tax_Functionality" name="Validate_Hana_T185_OrderEntryPage_Pickup_ProductSection_Tax_Functionality_Test" time="137.251"/>
  <testcase classname="com.hanapos.OrderEntry_Alais_PickUp_PhoneOrderTest.Hana_T093_Pickup_CustomerSection_CompanyNameFieldLookup_FT" name="Validate_Hana_T093_Pickup_CustomerSection_CompanyNameFieldLookup_Test" time="48.726"/>
  <testcase classname="com.hanapos.OrderEntry_Alais_PickUp_PhoneOrderTest.Hana_T156_OrderEntryPage_Pickup_RecipientSection_ZoneBasedDeliveryFee_FT" name="Validate_Hana_T156_OrderEntryPage_Pickup_RecipientSection_ZoneBasedDeliveryFee_Functionality_Test" time="73.262"/>
  <testcase classname="com.hanapos.OrderEntry_Alais_PickUp_PhoneOrderTest.Hana_T172_OrderEntry_Pickup_OrderDetailsSection_FT" name="Validate_Hana_T172_OrderEntry_Pickup_OrderDetailsSection_Functionality_Test" time="141.032">
    <failure type="java.lang.AssertionError" message="The following asserts failed:
	Order entry option is not displayed expected [true] but found [false]">
      <![CDATA[java.lang.AssertionError: The following asserts failed:
Order entry option is not displayed expected [true] but found [false]
at org.testng.asserts.SoftAssert.assertAll(SoftAssert.java:46)
at org.testng.asserts.SoftAssert.assertAll(SoftAssert.java:30)
at com.hanapos.OrderEntry_Alais_PickUp_PhoneOrderTest.Hana_T172_OrderEntry_Pickup_OrderDetailsSection_FT.Validate_Hana_T172_OrderEntry_Pickup_OrderDetailsSection_Functionality_Test(Hana_T172_OrderEntry_Pickup_OrderDetailsSection_FT.java:160)
at java.base/jdk.internal.reflect.DirectMethodHandleAccessor.invoke(DirectMethodHandleAccessor.java:103)
at java.base/java.lang.reflect.Method.invoke(Method.java:580)
at org.testng.internal.invokers.MethodInvocationHelper.invokeMethod(MethodInvocationHelper.java:141)
at org.testng.internal.invokers.TestInvoker.invokeMethod(TestInvoker.java:686)
at org.testng.internal.invokers.TestInvoker.invokeTestMethod(TestInvoker.java:230)
at org.testng.internal.invokers.MethodRunner.runInSequence(MethodRunner.java:63)
at org.testng.internal.invokers.TestInvoker$MethodInvocationAgent.invoke(TestInvoker.java:992)
at org.testng.internal.invokers.TestInvoker.invokeTestMethods(TestInvoker.java:203)
at org.testng.internal.invokers.TestMethodWorker.invokeTestMethods(TestMethodWorker.java:154)
at org.testng.internal.invokers.TestMethodWorker.run(TestMethodWorker.java:134)
at java.base/java.util.concurrent.Executors$RunnableAdapter.call(Executors.java:572)
at java.base/java.util.concurrent.FutureTask.run(FutureTask.java:317)
at org.testng.internal.thread.graph.TestNGFutureTask.run(TestNGFutureTask.java:22)
at java.base/java.util.concurrent.ThreadPoolExecutor.runWorker(ThreadPoolExecutor.java:1144)
at java.base/java.util.concurrent.ThreadPoolExecutor$Worker.run(ThreadPoolExecutor.java:642)
at java.base/java.lang.Thread.run(Thread.java:1583)
]]>
    </failure>
  </testcase> <!-- Validate_Hana_T172_OrderEntry_Pickup_OrderDetailsSection_Functionality_Test -->
  <testcase classname="com.hanapos.OrderEntry_Alais_PickUp_PhoneOrderTest.Hana_T170_OrderEntry_Pickup_OrderDetailsSection_ShortCode_Delete_FT" name="Validate_Hana_T170_OrderEntry_Pickup_OrderDetailsSection_ShortCode_Delete_Functionality_Test" time="49.129"/>
  <testcase classname="com.hanapos.OrderEntry_Alais_PickUp_PhoneOrderTest.Hana_T082_Pickup_Functionality_with_New_customer_FT" name="Validate_Hana_T082_Pickup_Functionality_with_New_customer_Test" time="148.856">
    <failure type="java.lang.AssertionError" message="The following asserts failed:
	Test Step - 17 - Address on customer table is not matched expected [2715 35th Ave] but found [2715 35th Ave Ct],
	Test Step - 19 - Added address 1 field is not properly displayed expected [2715 35th Ave] but found [2715 35th Ave Ct]">
      <![CDATA[java.lang.AssertionError: The following asserts failed:
Test Step - 17 - Address on customer table is not matched expected [2715 35th Ave] but found [2715 35th Ave Ct],
Test Step - 19 - Added address 1 field is not properly displayed expected [2715 35th Ave] but found [2715 35th Ave Ct]
at org.testng.asserts.SoftAssert.assertAll(SoftAssert.java:46)
at org.testng.asserts.SoftAssert.assertAll(SoftAssert.java:30)
at com.hanapos.OrderEntry_Alais_PickUp_PhoneOrderTest.Hana_T082_Pickup_Functionality_with_New_customer_FT.Validate_Hana_T082_Pickup_Functionality_with_New_customer_Test(Hana_T082_Pickup_Functionality_with_New_customer_FT.java:252)
at java.base/jdk.internal.reflect.DirectMethodHandleAccessor.invoke(DirectMethodHandleAccessor.java:103)
at java.base/java.lang.reflect.Method.invoke(Method.java:580)
at org.testng.internal.invokers.MethodInvocationHelper.invokeMethod(MethodInvocationHelper.java:141)
at org.testng.internal.invokers.TestInvoker.invokeMethod(TestInvoker.java:686)
at org.testng.internal.invokers.TestInvoker.invokeTestMethod(TestInvoker.java:230)
at org.testng.internal.invokers.MethodRunner.runInSequence(MethodRunner.java:63)
at org.testng.internal.invokers.TestInvoker$MethodInvocationAgent.invoke(TestInvoker.java:992)
at org.testng.internal.invokers.TestInvoker.invokeTestMethods(TestInvoker.java:203)
at org.testng.internal.invokers.TestMethodWorker.invokeTestMethods(TestMethodWorker.java:154)
at org.testng.internal.invokers.TestMethodWorker.run(TestMethodWorker.java:134)
at java.base/java.util.concurrent.Executors$RunnableAdapter.call(Executors.java:572)
at java.base/java.util.concurrent.FutureTask.run(FutureTask.java:317)
at org.testng.internal.thread.graph.TestNGFutureTask.run(TestNGFutureTask.java:22)
at java.base/java.util.concurrent.ThreadPoolExecutor.runWorker(ThreadPoolExecutor.java:1144)
at java.base/java.util.concurrent.ThreadPoolExecutor$Worker.run(ThreadPoolExecutor.java:642)
at java.base/java.lang.Thread.run(Thread.java:1583)
]]>
    </failure>
  </testcase> <!-- Validate_Hana_T082_Pickup_Functionality_with_New_customer_Test -->
  <testcase classname="com.hanapos.OrderEntry_Alais_PickUp_PhoneOrderTest.Hana_T116_Pickup_CustomerSection_Edit_Customer_CustomerDetails_UnPaidInvoice_Pagination_FT" name="Validate_Hana_T116_Pickup_CustomerSection_Edit_Customer_CustomerDetails_UnPaidInvoice_Pagination_Functionality_Test" time="68.671"/>
  <testcase classname="com.hanapos.OrderEntry_Alais_PickUp_PhoneOrderTest.Hana_T146_Pickup_RecipientSection_WithExistingRecipientDetails_FT" name="Validate_Hana_T146_Pickup_RecipientSection_With_Existing_RecipientDetails_Functionality_Test" time="128.074">
    <failure type="java.lang.AssertionError" message="Test case failed due to exception no such element: Unable to locate element: {&amp;quot;method&amp;quot;:&amp;quot;xpath&amp;quot;,&amp;quot;selector&amp;quot;:&amp;quot;//a[@class=&amp;apos;li_Hana navbar-brand&amp;apos;]&amp;quot;}
  (Session info: chrome=128.0.6613.84)
For documentation on this error, please visit: https://www.selenium.dev/documentation/webdriver/troubleshooting/errors#no-such-element-exception
Build info: version: &amp;apos;4.22.0&amp;apos;, revision: &amp;apos;c5f3146703*&amp;apos;
System info: os.name: &amp;apos;Windows 11&amp;apos;, os.arch: &amp;apos;amd64&amp;apos;, os.version: &amp;apos;10.0&amp;apos;, java.version: &amp;apos;21.0.2&amp;apos;
Driver info: org.openqa.selenium.chrome.ChromeDriver
Command: [35af571315bac696257155e39aa4b35a, findElement {value=//a[@class=&amp;apos;li_Hana navbar-brand&amp;apos;], using=xpath}]
Capabilities {acceptInsecureCerts: false, browserName: chrome, browserVersion: 128.0.6613.84, chrome: {chromedriverVersion: 128.0.6613.84 (606aa55c7d68..., userDataDir: C:\Users\Balaji\AppData\Loc...}, fedcm:accounts: true, goog:chromeOptions: {debuggerAddress: localhost:63534}, networkConnectionEnabled: false, pageLoadStrategy: normal, platformName: windows, proxy: Proxy(), se:cdp: ws://localhost:63534/devtoo..., se:cdpVersion: 128.0.6613.84, setWindowRect: true, strictFileInteractability: false, timeouts: {implicit: 0, pageLoad: 300000, script: 30000}, unhandledPromptBehavior: dismiss and notify, webauthn:extension:credBlob: true, webauthn:extension:largeBlob: true, webauthn:extension:minPinLength: true, webauthn:extension:prf: true, webauthn:virtualAuthenticators: true}
Session ID: 35af571315bac696257155e39aa4b35a">
      <![CDATA[java.lang.AssertionError: Test case failed due to exception no such element: Unable to locate element: {"method":"xpath","selector":"//a[@class='li_Hana navbar-brand']"}
  (Session info: chrome=128.0.6613.84)
For documentation on this error, please visit: https://www.selenium.dev/documentation/webdriver/troubleshooting/errors#no-such-element-exception
Build info: version: '4.22.0', revision: 'c5f3146703*'
System info: os.name: 'Windows 11', os.arch: 'amd64', os.version: '10.0', java.version: '21.0.2'
Driver info: org.openqa.selenium.chrome.ChromeDriver
Command: [35af571315bac696257155e39aa4b35a, findElement {value=//a[@class='li_Hana navbar-brand'], using=xpath}]
Capabilities {acceptInsecureCerts: false, browserName: chrome, browserVersion: 128.0.6613.84, chrome: {chromedriverVersion: 128.0.6613.84 (606aa55c7d68..., userDataDir: C:\Users\Balaji\AppData\Loc...}, fedcm:accounts: true, goog:chromeOptions: {debuggerAddress: localhost:63534}, networkConnectionEnabled: false, pageLoadStrategy: normal, platformName: windows, proxy: Proxy(), se:cdp: ws://localhost:63534/devtoo..., se:cdpVersion: 128.0.6613.84, setWindowRect: true, strictFileInteractability: false, timeouts: {implicit: 0, pageLoad: 300000, script: 30000}, unhandledPromptBehavior: dismiss and notify, webauthn:extension:credBlob: true, webauthn:extension:largeBlob: true, webauthn:extension:minPinLength: true, webauthn:extension:prf: true, webauthn:virtualAuthenticators: true}
Session ID: 35af571315bac696257155e39aa4b35a
at org.testng.Assert.fail(Assert.java:111)
at com.hanapos.OrderEntry_Alais_PickUp_PhoneOrderTest.Hana_T146_Pickup_RecipientSection_WithExistingRecipientDetails_FT.Validate_Hana_T146_Pickup_RecipientSection_With_Existing_RecipientDetails_Functionality_Test(Hana_T146_Pickup_RecipientSection_WithExistingRecipientDetails_FT.java:161)
at java.base/jdk.internal.reflect.DirectMethodHandleAccessor.invoke(DirectMethodHandleAccessor.java:103)
at java.base/java.lang.reflect.Method.invoke(Method.java:580)
at org.testng.internal.invokers.MethodInvocationHelper.invokeMethod(MethodInvocationHelper.java:141)
at org.testng.internal.invokers.TestInvoker.invokeMethod(TestInvoker.java:686)
at org.testng.internal.invokers.TestInvoker.invokeTestMethod(TestInvoker.java:230)
at org.testng.internal.invokers.MethodRunner.runInSequence(MethodRunner.java:63)
at org.testng.internal.invokers.TestInvoker$MethodInvocationAgent.invoke(TestInvoker.java:992)
at org.testng.internal.invokers.TestInvoker.invokeTestMethods(TestInvoker.java:203)
at org.testng.internal.invokers.TestMethodWorker.invokeTestMethods(TestMethodWorker.java:154)
at org.testng.internal.invokers.TestMethodWorker.run(TestMethodWorker.java:134)
at java.base/java.util.concurrent.Executors$RunnableAdapter.call(Executors.java:572)
at java.base/java.util.concurrent.FutureTask.run(FutureTask.java:317)
at org.testng.internal.thread.graph.TestNGFutureTask.run(TestNGFutureTask.java:22)
at java.base/java.util.concurrent.ThreadPoolExecutor.runWorker(ThreadPoolExecutor.java:1144)
at java.base/java.util.concurrent.ThreadPoolExecutor$Worker.run(ThreadPoolExecutor.java:642)
at java.base/java.lang.Thread.run(Thread.java:1583)
]]>
    </failure>
  </testcase> <!-- Validate_Hana_T146_Pickup_RecipientSection_With_Existing_RecipientDetails_Functionality_Test -->
  <testcase classname="com.hanapos.OrderEntry_Alais_PickUp_PhoneOrderTest.Hana_T125_Pickup_CustomerSection_Edit_Customer_CustomerDetails_PaymentDetails_CCNumber_SearchFilter_FT" name="Validate_Hana_T125_Pickup_CustomerSection_Edit_Customer_CustomerDetails_PaymentDetails_CCNumber_SearchFilter_Functionality_Test" time="116.299">
    <failure type="java.lang.AssertionError" message="The following asserts failed:
	Test Step - 10 - Entered Credit Card number is not displayed on the payment details tab at customer details popup expected [true] but found [false],
	Test Step - 12 - Entered Credit Card number is not displayed on the payment details tab at customer details popup expected [true] but found [false]">
      <![CDATA[java.lang.AssertionError: The following asserts failed:
Test Step - 10 - Entered Credit Card number is not displayed on the payment details tab at customer details popup expected [true] but found [false],
Test Step - 12 - Entered Credit Card number is not displayed on the payment details tab at customer details popup expected [true] but found [false]
at org.testng.asserts.SoftAssert.assertAll(SoftAssert.java:46)
at org.testng.asserts.SoftAssert.assertAll(SoftAssert.java:30)
at com.hanapos.OrderEntry_Alais_PickUp_PhoneOrderTest.Hana_T125_Pickup_CustomerSection_Edit_Customer_CustomerDetails_PaymentDetails_CCNumber_SearchFilter_FT.Validate_Hana_T125_Pickup_CustomerSection_Edit_Customer_CustomerDetails_PaymentDetails_CCNumber_SearchFilter_Functionality_Test(Hana_T125_Pickup_CustomerSection_Edit_Customer_CustomerDetails_PaymentDetails_CCNumber_SearchFilter_FT.java:114)
at java.base/jdk.internal.reflect.DirectMethodHandleAccessor.invoke(DirectMethodHandleAccessor.java:103)
at java.base/java.lang.reflect.Method.invoke(Method.java:580)
at org.testng.internal.invokers.MethodInvocationHelper.invokeMethod(MethodInvocationHelper.java:141)
at org.testng.internal.invokers.TestInvoker.invokeMethod(TestInvoker.java:686)
at org.testng.internal.invokers.TestInvoker.invokeTestMethod(TestInvoker.java:230)
at org.testng.internal.invokers.MethodRunner.runInSequence(MethodRunner.java:63)
at org.testng.internal.invokers.TestInvoker$MethodInvocationAgent.invoke(TestInvoker.java:992)
at org.testng.internal.invokers.TestInvoker.invokeTestMethods(TestInvoker.java:203)
at org.testng.internal.invokers.TestMethodWorker.invokeTestMethods(TestMethodWorker.java:154)
at org.testng.internal.invokers.TestMethodWorker.run(TestMethodWorker.java:134)
at java.base/java.util.concurrent.Executors$RunnableAdapter.call(Executors.java:572)
at java.base/java.util.concurrent.FutureTask.run(FutureTask.java:317)
at org.testng.internal.thread.graph.TestNGFutureTask.run(TestNGFutureTask.java:22)
at java.base/java.util.concurrent.ThreadPoolExecutor.runWorker(ThreadPoolExecutor.java:1144)
at java.base/java.util.concurrent.ThreadPoolExecutor$Worker.run(ThreadPoolExecutor.java:642)
at java.base/java.lang.Thread.run(Thread.java:1583)
]]>
    </failure>
  </testcase> <!-- Validate_Hana_T125_Pickup_CustomerSection_Edit_Customer_CustomerDetails_PaymentDetails_CCNumber_SearchFilter_Functionality_Test -->
  <testcase classname="com.hanapos.OrderEntry_Alais_PickUp_PhoneOrderTest.Hana_T112_Pickup_CustomerSection_Edit_Customer_CustomerDetails_UnPaidInvoice_Total_Search_Filter_FT" name="Validate_Hana_T112_Pickup_CustomerSection_Edit_Customer_CustomerDetails_UnPaidInvoice_Total_Search_Filter_Test" time="98.483"/>
  <testcase classname="com.hanapos.OrderEntry_Alais_PickUp_PhoneOrderTest.Hana_T128_Pickup_CustomerSection_Edit_Customer_CustomerDetails_OrderDetails_ExportToExcel_FT" name="Validate_Hana_T128_Pickup_CustomerSection_Edit_Customer_CustomerDetails_OrderDetails_ExportToExcel_Functionality_Test" time="54.827"/>
  <testcase classname="com.hanapos.OrderEntry_Alais_PickUp_PhoneOrderTest.Hana_T109_Pickup_CustomerSection_Edit_Customer_CustomerDetails_UnPaidInvoice_Delivery_Search_Filter_FT" name="Validate_Hana_T109_Pickup_CustomerSection_Edit_Customer_CustomerDetails_UnPaidInvoice_Delivery_Search_Filter_Test" time="65.723"/>
  <testcase classname="com.hanapos.OrderEntry_Alais_PickUp_PhoneOrderTest.Hana_T122_Pickup_CustomerSection_Edit_Customer_CustomerDetails_PaymentDetails_Pay_Date_Search_Filter_FT" name="Validate_Hana_T122_Pickup_CustomerSection_Edit_Customer_CustomerDetails_PaymentDetails_Pay_Date_Search_Filter_Functionality_Test" time="80.459">
    <failure type="java.lang.AssertionError" message="The following asserts failed:
	Test Step - 14 - Entered invalid date value on date picker input box field is not removed expected [] but found [13/32/20200]">
      <![CDATA[java.lang.AssertionError: The following asserts failed:
Test Step - 14 - Entered invalid date value on date picker input box field is not removed expected [] but found [13/32/20200]
at org.testng.asserts.SoftAssert.assertAll(SoftAssert.java:46)
at org.testng.asserts.SoftAssert.assertAll(SoftAssert.java:30)
at com.hanapos.OrderEntry_Alais_PickUp_PhoneOrderTest.Hana_T122_Pickup_CustomerSection_Edit_Customer_CustomerDetails_PaymentDetails_Pay_Date_Search_Filter_FT.Validate_Hana_T122_Pickup_CustomerSection_Edit_Customer_CustomerDetails_PaymentDetails_Pay_Date_Search_Filter_Functionality_Test(Hana_T122_Pickup_CustomerSection_Edit_Customer_CustomerDetails_PaymentDetails_Pay_Date_Search_Filter_FT.java:169)
at java.base/jdk.internal.reflect.DirectMethodHandleAccessor.invoke(DirectMethodHandleAccessor.java:103)
at java.base/java.lang.reflect.Method.invoke(Method.java:580)
at org.testng.internal.invokers.MethodInvocationHelper.invokeMethod(MethodInvocationHelper.java:141)
at org.testng.internal.invokers.TestInvoker.invokeMethod(TestInvoker.java:686)
at org.testng.internal.invokers.TestInvoker.invokeTestMethod(TestInvoker.java:230)
at org.testng.internal.invokers.MethodRunner.runInSequence(MethodRunner.java:63)
at org.testng.internal.invokers.TestInvoker$MethodInvocationAgent.invoke(TestInvoker.java:992)
at org.testng.internal.invokers.TestInvoker.invokeTestMethods(TestInvoker.java:203)
at org.testng.internal.invokers.TestMethodWorker.invokeTestMethods(TestMethodWorker.java:154)
at org.testng.internal.invokers.TestMethodWorker.run(TestMethodWorker.java:134)
at java.base/java.util.concurrent.Executors$RunnableAdapter.call(Executors.java:572)
at java.base/java.util.concurrent.FutureTask.run(FutureTask.java:317)
at org.testng.internal.thread.graph.TestNGFutureTask.run(TestNGFutureTask.java:22)
at java.base/java.util.concurrent.ThreadPoolExecutor.runWorker(ThreadPoolExecutor.java:1144)
at java.base/java.util.concurrent.ThreadPoolExecutor$Worker.run(ThreadPoolExecutor.java:642)
at java.base/java.lang.Thread.run(Thread.java:1583)
]]>
    </failure>
  </testcase> <!-- Validate_Hana_T122_Pickup_CustomerSection_Edit_Customer_CustomerDetails_PaymentDetails_Pay_Date_Search_Filter_Functionality_Test -->
  <testcase classname="com.hanapos.OrderEntry_Alais_PickUp_PhoneOrderTest.Hana_T167_OrderEntry_Pickup_OrderDetailsSection_ShortCode_FT" name="Validate_Hana_T167_OrderEntry_Pickup_OrderDetailsSection_ShortCode_Functionality_Test" time="63.758"/>
  <testcase classname="com.hanapos.OrderEntry_Alais_PickUp_PhoneOrderTest.Hana_T123_Pickup_CustomerSection_Edit_Customer_CustomerDetails_PaymentDetails_MOPSearchFilter_FT" name="Validate_Hana_T123_Pickup_CustomerSection_Edit_Customer_CustomerDetails_PaymentDetails_MOPSearchFilter_FT_Functionality_Test" time="53.45"/>
  <testcase classname="com.hanapos.OrderEntry_Alais_PickUp_PhoneOrderTest.Hana_T138_Pickup_CustomerSection_Edit_Customer_CustomerDetails_Statements_LessThanOneMonthCustomer_FT" name="Validate_Hana_T138_Pickup_CustomerSection_Edit_Customer_CustomerDetails_Statements_LessThanOneMonthCustomer_Functionality_Test" time="102.528">
    <failure type="java.lang.AssertionError" message="The following asserts failed:
	Test Step - 10 - Select month dropdown options is not empty on Statements tab on customer details popup is not displayed expected [true] but found [false]">
      <![CDATA[java.lang.AssertionError: The following asserts failed:
Test Step - 10 - Select month dropdown options is not empty on Statements tab on customer details popup is not displayed expected [true] but found [false]
at org.testng.asserts.SoftAssert.assertAll(SoftAssert.java:46)
at org.testng.asserts.SoftAssert.assertAll(SoftAssert.java:30)
at com.hanapos.OrderEntry_Alais_PickUp_PhoneOrderTest.Hana_T138_Pickup_CustomerSection_Edit_Customer_CustomerDetails_Statements_LessThanOneMonthCustomer_FT.Validate_Hana_T138_Pickup_CustomerSection_Edit_Customer_CustomerDetails_Statements_LessThanOneMonthCustomer_Functionality_Test(Hana_T138_Pickup_CustomerSection_Edit_Customer_CustomerDetails_Statements_LessThanOneMonthCustomer_FT.java:85)
at java.base/jdk.internal.reflect.DirectMethodHandleAccessor.invoke(DirectMethodHandleAccessor.java:103)
at java.base/java.lang.reflect.Method.invoke(Method.java:580)
at org.testng.internal.invokers.MethodInvocationHelper.invokeMethod(MethodInvocationHelper.java:141)
at org.testng.internal.invokers.TestInvoker.invokeMethod(TestInvoker.java:686)
at org.testng.internal.invokers.TestInvoker.invokeTestMethod(TestInvoker.java:230)
at org.testng.internal.invokers.MethodRunner.runInSequence(MethodRunner.java:63)
at org.testng.internal.invokers.TestInvoker$MethodInvocationAgent.invoke(TestInvoker.java:992)
at org.testng.internal.invokers.TestInvoker.invokeTestMethods(TestInvoker.java:203)
at org.testng.internal.invokers.TestMethodWorker.invokeTestMethods(TestMethodWorker.java:154)
at org.testng.internal.invokers.TestMethodWorker.run(TestMethodWorker.java:134)
at java.base/java.util.concurrent.Executors$RunnableAdapter.call(Executors.java:572)
at java.base/java.util.concurrent.FutureTask.run(FutureTask.java:317)
at org.testng.internal.thread.graph.TestNGFutureTask.run(TestNGFutureTask.java:22)
at java.base/java.util.concurrent.ThreadPoolExecutor.runWorker(ThreadPoolExecutor.java:1144)
at java.base/java.util.concurrent.ThreadPoolExecutor$Worker.run(ThreadPoolExecutor.java:642)
at java.base/java.lang.Thread.run(Thread.java:1583)
]]>
    </failure>
  </testcase> <!-- Validate_Hana_T138_Pickup_CustomerSection_Edit_Customer_CustomerDetails_Statements_LessThanOneMonthCustomer_Functionality_Test -->
  <testcase classname="com.hanapos.OrderEntry_Alais_PickUp_PhoneOrderTest.Hana_T158_Pickup_RecipientSection_SelectOptionMultipleSelect_FT" name="Validate_Hana_T158_Pickup_RecipientSection_SelectOptionMultipleSelect_Functionality_Test" time="264.291">
    <failure type="java.lang.AssertionError" message="The following asserts failed:
	Test Step - 23 - Delivery Date Compared with recipient section saved information is not displayed on configuration order entry menu funeral log submenu expected [08/26/2024] but found [08/26/2024          ]">
      <![CDATA[java.lang.AssertionError: The following asserts failed:
Test Step - 23 - Delivery Date Compared with recipient section saved information is not displayed on configuration order entry menu funeral log submenu expected [08/26/2024] but found [08/26/2024          ]
at org.testng.asserts.SoftAssert.assertAll(SoftAssert.java:46)
at org.testng.asserts.SoftAssert.assertAll(SoftAssert.java:30)
at com.hanapos.OrderEntry_Alais_PickUp_PhoneOrderTest.Hana_T158_Pickup_RecipientSection_SelectOptionMultipleSelect_FT.Validate_Hana_T158_Pickup_RecipientSection_SelectOptionMultipleSelect_Functionality_Test(Hana_T158_Pickup_RecipientSection_SelectOptionMultipleSelect_FT.java:240)
at java.base/jdk.internal.reflect.DirectMethodHandleAccessor.invoke(DirectMethodHandleAccessor.java:103)
at java.base/java.lang.reflect.Method.invoke(Method.java:580)
at org.testng.internal.invokers.MethodInvocationHelper.invokeMethod(MethodInvocationHelper.java:141)
at org.testng.internal.invokers.TestInvoker.invokeMethod(TestInvoker.java:686)
at org.testng.internal.invokers.TestInvoker.invokeTestMethod(TestInvoker.java:230)
at org.testng.internal.invokers.MethodRunner.runInSequence(MethodRunner.java:63)
at org.testng.internal.invokers.TestInvoker$MethodInvocationAgent.invoke(TestInvoker.java:992)
at org.testng.internal.invokers.TestInvoker.invokeTestMethods(TestInvoker.java:203)
at org.testng.internal.invokers.TestMethodWorker.invokeTestMethods(TestMethodWorker.java:154)
at org.testng.internal.invokers.TestMethodWorker.run(TestMethodWorker.java:134)
at java.base/java.util.concurrent.Executors$RunnableAdapter.call(Executors.java:572)
at java.base/java.util.concurrent.FutureTask.run(FutureTask.java:317)
at org.testng.internal.thread.graph.TestNGFutureTask.run(TestNGFutureTask.java:22)
at java.base/java.util.concurrent.ThreadPoolExecutor.runWorker(ThreadPoolExecutor.java:1144)
at java.base/java.util.concurrent.ThreadPoolExecutor$Worker.run(ThreadPoolExecutor.java:642)
at java.base/java.lang.Thread.run(Thread.java:1583)
]]>
    </failure>
  </testcase> <!-- Validate_Hana_T158_Pickup_RecipientSection_SelectOptionMultipleSelect_Functionality_Test -->
  <testcase classname="com.hanapos.OrderEntry_Alais_PickUp_PhoneOrderTest.Hana_T115_Pickup_CustomerSection_Edit_Customer_CustomerDetails_UnPaidInvoice_Sorting_FT" name="Validate_Hana_T115_Pickup_CustomerSection_Edit_Customer_CustomerDetails_UnPaidInvoice_Sorting_Test" time="114.409"/>
  <testcase classname="com.hanapos.OrderEntry_Alais_PickUp_PhoneOrderTest.Hana_T101_Pickup_CustomerSection_Edit_Customer_CustomerDetails_CreditCard_AddNewCard_FT" name="Validate_Hana_T101_Pickup_CustomerSection_Edit_Customer_CustomerDetails_CreditCard_AddNewCard_Test" time="65.6"/>
  <testcase classname="com.hanapos.OrderEntry_Alais_PickUp_PhoneOrderTest.Hana_T117_Pickup_CustomerSection_Edit_Customer_CustomerDetails_UnPaidInvoice_ColumnReorder_FT" name="Validate_Hana_T117_Pickup_CustomerSection_Edit_Customer_CustomerDetails_UnPaidInvoice_ColumnReorder_Functionality_Test" time="76.723"/>
  <testcase classname="com.hanapos.OrderEntry_Alais_PickUp_PhoneOrderTest.Hana_T108_Pickup_CustomerSection_Edit_Customer_CustomerDetails_UnPaidInvoice_ProductTotal_Search_Filter_FT" name="Validate_Hana_T108_Pickup_CustomerSection_Edit_Customer_CustomerDetails_UnPaidInvoice_ProductTotal_Search_Filter_Test" time="80.026"/>
  <testcase classname="com.hanapos.OrderEntry_Alais_PickUp_PhoneOrderTest.Hana_T187_OrderEntryPage_Pickup_OrderDetailsSection_Priority_FT" name="Validate_Hana_T187_OrderEntryPage_Pickup_OrderDetailsSection_Priority_Functionality_Test" time="195.558"/>
  <testcase classname="com.hanapos.OrderEntry_Alais_PickUp_PhoneOrderTest.Hana_T151_Pickup_RecipientSection_ViewMap_FT" name="Validate_Hana_T151_Pickup_RecipientSection_ViewMap_Functionality_Test" time="91.367">
    <failure type="java.lang.AssertionError" message="The following asserts failed:
	Test Step - 8 - Recipient phone number is not matched with customer phonenumber 1 field on phone order page recipient section expected [956-444-0756] but found [],
	Test Step - 8 - Recipient alt phone number is not matched with customer phonenumber2 on phone order page recipient section expected [956-444-0756] but found []">
      <![CDATA[java.lang.AssertionError: The following asserts failed:
Test Step - 8 - Recipient phone number is not matched with customer phonenumber 1 field on phone order page recipient section expected [956-444-0756] but found [],
Test Step - 8 - Recipient alt phone number is not matched with customer phonenumber2 on phone order page recipient section expected [956-444-0756] but found []
at org.testng.asserts.SoftAssert.assertAll(SoftAssert.java:46)
at org.testng.asserts.SoftAssert.assertAll(SoftAssert.java:30)
at com.hanapos.OrderEntry_Alais_PickUp_PhoneOrderTest.Hana_T151_Pickup_RecipientSection_ViewMap_FT.Validate_Hana_T151_Pickup_RecipientSection_ViewMap_Functionality_Test(Hana_T151_Pickup_RecipientSection_ViewMap_FT.java:162)
at java.base/jdk.internal.reflect.DirectMethodHandleAccessor.invoke(DirectMethodHandleAccessor.java:103)
at java.base/java.lang.reflect.Method.invoke(Method.java:580)
at org.testng.internal.invokers.MethodInvocationHelper.invokeMethod(MethodInvocationHelper.java:141)
at org.testng.internal.invokers.TestInvoker.invokeMethod(TestInvoker.java:686)
at org.testng.internal.invokers.TestInvoker.invokeTestMethod(TestInvoker.java:230)
at org.testng.internal.invokers.MethodRunner.runInSequence(MethodRunner.java:63)
at org.testng.internal.invokers.TestInvoker$MethodInvocationAgent.invoke(TestInvoker.java:992)
at org.testng.internal.invokers.TestInvoker.invokeTestMethods(TestInvoker.java:203)
at org.testng.internal.invokers.TestMethodWorker.invokeTestMethods(TestMethodWorker.java:154)
at org.testng.internal.invokers.TestMethodWorker.run(TestMethodWorker.java:134)
at java.base/java.util.concurrent.Executors$RunnableAdapter.call(Executors.java:572)
at java.base/java.util.concurrent.FutureTask.run(FutureTask.java:317)
at org.testng.internal.thread.graph.TestNGFutureTask.run(TestNGFutureTask.java:22)
at java.base/java.util.concurrent.ThreadPoolExecutor.runWorker(ThreadPoolExecutor.java:1144)
at java.base/java.util.concurrent.ThreadPoolExecutor$Worker.run(ThreadPoolExecutor.java:642)
at java.base/java.lang.Thread.run(Thread.java:1583)
]]>
    </failure>
  </testcase> <!-- Validate_Hana_T151_Pickup_RecipientSection_ViewMap_Functionality_Test -->
  <testcase classname="com.hanapos.OrderEntry_Alais_PickUp_PhoneOrderTest.Hana_T157_Pickup_RecipientSection_Confidential_FT" name="Validate_Hana_T157_Pickup_RecipientSection_Confidential_Functionality_Test" time="225.706">
    <failure type="java.lang.AssertionError" message="Test case failed due to exception no such element: Unable to locate element: {&amp;quot;method&amp;quot;:&amp;quot;xpath&amp;quot;,&amp;quot;selector&amp;quot;:&amp;quot;(//div[@class=&amp;apos;list-group-item no-padding&amp;apos;]//p)[3]&amp;quot;}
  (Session info: chrome=128.0.6613.84)
For documentation on this error, please visit: https://www.selenium.dev/documentation/webdriver/troubleshooting/errors#no-such-element-exception
Build info: version: &amp;apos;4.22.0&amp;apos;, revision: &amp;apos;c5f3146703*&amp;apos;
System info: os.name: &amp;apos;Windows 11&amp;apos;, os.arch: &amp;apos;amd64&amp;apos;, os.version: &amp;apos;10.0&amp;apos;, java.version: &amp;apos;21.0.2&amp;apos;
Driver info: org.openqa.selenium.chrome.ChromeDriver
Command: [f5d261af7da494185e49949e0c1cd197, findElement {value=(//div[@class=&amp;apos;list-group-item no-padding&amp;apos;]//p)[3], using=xpath}]
Capabilities {acceptInsecureCerts: false, browserName: chrome, browserVersion: 128.0.6613.84, chrome: {chromedriverVersion: 128.0.6613.84 (606aa55c7d68..., userDataDir: C:\Users\Balaji\AppData\Loc...}, fedcm:accounts: true, goog:chromeOptions: {debuggerAddress: localhost:64803}, networkConnectionEnabled: false, pageLoadStrategy: normal, platformName: windows, proxy: Proxy(), se:cdp: ws://localhost:64803/devtoo..., se:cdpVersion: 128.0.6613.84, setWindowRect: true, strictFileInteractability: false, timeouts: {implicit: 0, pageLoad: 300000, script: 30000}, unhandledPromptBehavior: dismiss and notify, webauthn:extension:credBlob: true, webauthn:extension:largeBlob: true, webauthn:extension:minPinLength: true, webauthn:extension:prf: true, webauthn:virtualAuthenticators: true}
Session ID: f5d261af7da494185e49949e0c1cd197">
      <![CDATA[java.lang.AssertionError: Test case failed due to exception no such element: Unable to locate element: {"method":"xpath","selector":"(//div[@class='list-group-item no-padding']//p)[3]"}
  (Session info: chrome=128.0.6613.84)
For documentation on this error, please visit: https://www.selenium.dev/documentation/webdriver/troubleshooting/errors#no-such-element-exception
Build info: version: '4.22.0', revision: 'c5f3146703*'
System info: os.name: 'Windows 11', os.arch: 'amd64', os.version: '10.0', java.version: '21.0.2'
Driver info: org.openqa.selenium.chrome.ChromeDriver
Command: [f5d261af7da494185e49949e0c1cd197, findElement {value=(//div[@class='list-group-item no-padding']//p)[3], using=xpath}]
Capabilities {acceptInsecureCerts: false, browserName: chrome, browserVersion: 128.0.6613.84, chrome: {chromedriverVersion: 128.0.6613.84 (606aa55c7d68..., userDataDir: C:\Users\Balaji\AppData\Loc...}, fedcm:accounts: true, goog:chromeOptions: {debuggerAddress: localhost:64803}, networkConnectionEnabled: false, pageLoadStrategy: normal, platformName: windows, proxy: Proxy(), se:cdp: ws://localhost:64803/devtoo..., se:cdpVersion: 128.0.6613.84, setWindowRect: true, strictFileInteractability: false, timeouts: {implicit: 0, pageLoad: 300000, script: 30000}, unhandledPromptBehavior: dismiss and notify, webauthn:extension:credBlob: true, webauthn:extension:largeBlob: true, webauthn:extension:minPinLength: true, webauthn:extension:prf: true, webauthn:virtualAuthenticators: true}
Session ID: f5d261af7da494185e49949e0c1cd197
at org.testng.Assert.fail(Assert.java:111)
at com.hanapos.OrderEntry_Alais_PickUp_PhoneOrderTest.Hana_T157_Pickup_RecipientSection_Confidential_FT.Validate_Hana_T157_Pickup_RecipientSection_Confidential_Functionality_Test(Hana_T157_Pickup_RecipientSection_Confidential_FT.java:155)
at java.base/jdk.internal.reflect.DirectMethodHandleAccessor.invoke(DirectMethodHandleAccessor.java:103)
at java.base/java.lang.reflect.Method.invoke(Method.java:580)
at org.testng.internal.invokers.MethodInvocationHelper.invokeMethod(MethodInvocationHelper.java:141)
at org.testng.internal.invokers.TestInvoker.invokeMethod(TestInvoker.java:686)
at org.testng.internal.invokers.TestInvoker.invokeTestMethod(TestInvoker.java:230)
at org.testng.internal.invokers.MethodRunner.runInSequence(MethodRunner.java:63)
at org.testng.internal.invokers.TestInvoker$MethodInvocationAgent.invoke(TestInvoker.java:992)
at org.testng.internal.invokers.TestInvoker.invokeTestMethods(TestInvoker.java:203)
at org.testng.internal.invokers.TestMethodWorker.invokeTestMethods(TestMethodWorker.java:154)
at org.testng.internal.invokers.TestMethodWorker.run(TestMethodWorker.java:134)
at java.base/java.util.concurrent.Executors$RunnableAdapter.call(Executors.java:572)
at java.base/java.util.concurrent.FutureTask.run(FutureTask.java:317)
at org.testng.internal.thread.graph.TestNGFutureTask.run(TestNGFutureTask.java:22)
at java.base/java.util.concurrent.ThreadPoolExecutor.runWorker(ThreadPoolExecutor.java:1144)
at java.base/java.util.concurrent.ThreadPoolExecutor$Worker.run(ThreadPoolExecutor.java:642)
at java.base/java.lang.Thread.run(Thread.java:1583)
]]>
    </failure>
  </testcase> <!-- Validate_Hana_T157_Pickup_RecipientSection_Confidential_Functionality_Test -->
  <testcase classname="com.hanapos.OrderEntry_Alais_PickUp_PhoneOrderTest.Hana_T096_Pickup_CustomerSection_ClearCustomer_FT" name="Validate_Hana_T096_Pickup_CustomerSection_ClearCustomer_Test" time="50.323"/>
  <testcase classname="com.hanapos.OrderEntry_Alais_PickUp_PhoneOrderTest.Hana_T155_OrderEntryPage_Pickup_RecipientSection_SaveFuneral_FT" name="Validate_Hana_T155_OrderEntryPage_Pickup_RecipientSection_SaveFuneral_Functionality_Test" time="100.53">
    <failure type="java.lang.AssertionError" message="The following asserts failed:
	Test Step - 8 - Recipient phone number is not matched with customer phonenumber 1 field on phone order page recipient section expected [956-444-0756] but found [],
	Test Step - 8 - Recipient alt phone number is not matched with customer phonenumber2 on phone order page recipient section expected [956-444-0756] but found [],
	Test Step - 22 - Delivery Time Compared with recipient section saved information is not matched with configuration order entry menu funeral log submenu expected [05:30 pm] but found [],
	Test Step - 22 - Delivery On Compared with recipient section saved information is not matched with configuration order entry menu funeral log submenu expected [Exactly At] but found [],
	Test Step - 22 - Delivery Address 1 Compared with recipient section saved information is not matched with configuration order entry menu funeral log submenu expected [114 N CHURCH ST] but found [1160 W 5th St],
	Test Step - 23 - Delivery Date Compared with recipient section saved information is not displayed on configuration order entry menu funeral log submenu expected [08/26/2024] but found [08/26/2024          ],
	Test Step - 23 - Delivery Address 1 Compared with recipient section saved information is not displayed on configuration order entry menu funeral log submenu expected [114 N CHURCH ST] but found [1160 W 5th St]">
      <![CDATA[java.lang.AssertionError: The following asserts failed:
Test Step - 8 - Recipient phone number is not matched with customer phonenumber 1 field on phone order page recipient section expected [956-444-0756] but found [],
Test Step - 8 - Recipient alt phone number is not matched with customer phonenumber2 on phone order page recipient section expected [956-444-0756] but found [],
Test Step - 22 - Delivery Time Compared with recipient section saved information is not matched with configuration order entry menu funeral log submenu expected [05:30 pm] but found [],
Test Step - 22 - Delivery On Compared with recipient section saved information is not matched with configuration order entry menu funeral log submenu expected [Exactly At] but found [],
Test Step - 22 - Delivery Address 1 Compared with recipient section saved information is not matched with configuration order entry menu funeral log submenu expected [114 N CHURCH ST] but found [1160 W 5th St],
Test Step - 23 - Delivery Date Compared with recipient section saved information is not displayed on configuration order entry menu funeral log submenu expected [08/26/2024] but found [08/26/2024          ],
Test Step - 23 - Delivery Address 1 Compared with recipient section saved information is not displayed on configuration order entry menu funeral log submenu expected [114 N CHURCH ST] but found [1160 W 5th St]
at org.testng.asserts.SoftAssert.assertAll(SoftAssert.java:46)
at org.testng.asserts.SoftAssert.assertAll(SoftAssert.java:30)
at com.hanapos.OrderEntry_Alais_PickUp_PhoneOrderTest.Hana_T155_OrderEntryPage_Pickup_RecipientSection_SaveFuneral_FT.Validate_Hana_T155_OrderEntryPage_Pickup_RecipientSection_SaveFuneral_Functionality_Test(Hana_T155_OrderEntryPage_Pickup_RecipientSection_SaveFuneral_FT.java:196)
at java.base/jdk.internal.reflect.DirectMethodHandleAccessor.invoke(DirectMethodHandleAccessor.java:103)
at java.base/java.lang.reflect.Method.invoke(Method.java:580)
at org.testng.internal.invokers.MethodInvocationHelper.invokeMethod(MethodInvocationHelper.java:141)
at org.testng.internal.invokers.TestInvoker.invokeMethod(TestInvoker.java:686)
at org.testng.internal.invokers.TestInvoker.invokeTestMethod(TestInvoker.java:230)
at org.testng.internal.invokers.MethodRunner.runInSequence(MethodRunner.java:63)
at org.testng.internal.invokers.TestInvoker$MethodInvocationAgent.invoke(TestInvoker.java:992)
at org.testng.internal.invokers.TestInvoker.invokeTestMethods(TestInvoker.java:203)
at org.testng.internal.invokers.TestMethodWorker.invokeTestMethods(TestMethodWorker.java:154)
at org.testng.internal.invokers.TestMethodWorker.run(TestMethodWorker.java:134)
at java.base/java.util.concurrent.Executors$RunnableAdapter.call(Executors.java:572)
at java.base/java.util.concurrent.FutureTask.run(FutureTask.java:317)
at org.testng.internal.thread.graph.TestNGFutureTask.run(TestNGFutureTask.java:22)
at java.base/java.util.concurrent.ThreadPoolExecutor.runWorker(ThreadPoolExecutor.java:1144)
at java.base/java.util.concurrent.ThreadPoolExecutor$Worker.run(ThreadPoolExecutor.java:642)
at java.base/java.lang.Thread.run(Thread.java:1583)
]]>
    </failure>
  </testcase> <!-- Validate_Hana_T155_OrderEntryPage_Pickup_RecipientSection_SaveFuneral_Functionality_Test -->
  <testcase classname="com.hanapos.OrderEntry_Alais_PickUp_PhoneOrderTest.Hana_T136_Pickup_CustomerSection_Edit_Customer_CustomerDetails_OrderDetails_Pagination_FT" name="Validate_Hana_T136_Pickup_CustomerSection_Edit_Customer_CustomerDetails_OrderDetails_Pagination_Functionality_Test" time="71.615"/>
  <testcase classname="com.hanapos.OrderEntry_Alais_PickUp_PhoneOrderTest.Hana_T095_Pickup_CustomerSection_AltPhoneNumberFieldLookup_FT" name="Validate_Hana_T095_Pickup_CustomerSection_AltPhoneNumberFieldLookup_Test" time="41.193"/>
  <testcase classname="com.hanapos.OrderEntry_Alais_PickUp_PhoneOrderTest.Hana_T194_OrderEntryPage_Pickup_ProductSection_CreateRecipe_SearchRecipe_Functionality" name="Validate_Hana_T194_OrderEntryPage_Pickup_ProductSection_CreateRecipe_SearchRecipe_Functionality_Test" time="87.204"/>
  <testcase classname="com.hanapos.OrderEntry_Alais_PickUp_PhoneOrderTest.Hana_T091_Pickup_CustomerSection_FirstNameFieldLookup_FT" name="Validate_Hana_T091_Pickup_CustomerSection_FirstNameFieldLookup_Test" time="43.119"/>
  <testcase classname="com.hanapos.OrderEntry_Alais_PickUp_PhoneOrderTest.Hana_T164_OrderEntry_Pickup_OrderDetailsSection_PrintTicket_FT" name="Validate_Hana_T163_OrderEntry_Pickup_OrderDetailsSection_SendRemainderEmail__Functionality_Test" time="67.27"/>
  <testcase classname="com.hanapos.OrderEntry_Alais_PickUp_PhoneOrderTest.Hana_T177_OrderEntry_Pickup_PaymentSection_GiftCardPayment_FT" name="Validate_Hana_T177_OrderEntry_Pickup_PaymentSection_GiftCardPayment_Functionality_Test" time="114.766"/>
  <testcase classname="com.hanapos.OrderEntry_Alais_PickUp_PhoneOrderTest.Hana_T130_Pickup_CustomerSection_Edit_Customer_CustomerDetails_OrderDetails_TotalSearchFilter_FT" name="Validate_Hana_T130_Pickup_CustomerSection_Edit_Customer_CustomerDetails_OrderDetails_TotalSearchFilter_Functionality_Test" time="84.758"/>
  <testcase classname="com.hanapos.OrderEntry_Alais_PickUp_PhoneOrderTest.Hana_T144_Pickup_CustomerSection_TextMeUpdatesAndPromotion_UnChecked_FT" name="Validate_Hana_T144_Pickup_CustomerSection_TextMeUpdatesAndPromotion_UnChecked_Functionality_Test" time="141.444">
    <failure type="java.lang.AssertionError" message="The following asserts failed:
	Test Step - 6 - Text me promotion checkbox is not checked on phone order page expected [true] but found [false]">
      <![CDATA[java.lang.AssertionError: The following asserts failed:
Test Step - 6 - Text me promotion checkbox is not checked on phone order page expected [true] but found [false]
at org.testng.asserts.SoftAssert.assertAll(SoftAssert.java:46)
at org.testng.asserts.SoftAssert.assertAll(SoftAssert.java:30)
at com.hanapos.OrderEntry_Alais_PickUp_PhoneOrderTest.Hana_T144_Pickup_CustomerSection_TextMeUpdatesAndPromotion_UnChecked_FT.Validate_Hana_T144_Pickup_CustomerSection_TextMeUpdatesAndPromotion_UnChecked_Functionality_Test(Hana_T144_Pickup_CustomerSection_TextMeUpdatesAndPromotion_UnChecked_FT.java:231)
at java.base/jdk.internal.reflect.DirectMethodHandleAccessor.invoke(DirectMethodHandleAccessor.java:103)
at java.base/java.lang.reflect.Method.invoke(Method.java:580)
at org.testng.internal.invokers.MethodInvocationHelper.invokeMethod(MethodInvocationHelper.java:141)
at org.testng.internal.invokers.TestInvoker.invokeMethod(TestInvoker.java:686)
at org.testng.internal.invokers.TestInvoker.invokeTestMethod(TestInvoker.java:230)
at org.testng.internal.invokers.MethodRunner.runInSequence(MethodRunner.java:63)
at org.testng.internal.invokers.TestInvoker$MethodInvocationAgent.invoke(TestInvoker.java:992)
at org.testng.internal.invokers.TestInvoker.invokeTestMethods(TestInvoker.java:203)
at org.testng.internal.invokers.TestMethodWorker.invokeTestMethods(TestMethodWorker.java:154)
at org.testng.internal.invokers.TestMethodWorker.run(TestMethodWorker.java:134)
at java.base/java.util.concurrent.Executors$RunnableAdapter.call(Executors.java:572)
at java.base/java.util.concurrent.FutureTask.run(FutureTask.java:317)
at org.testng.internal.thread.graph.TestNGFutureTask.run(TestNGFutureTask.java:22)
at java.base/java.util.concurrent.ThreadPoolExecutor.runWorker(ThreadPoolExecutor.java:1144)
at java.base/java.util.concurrent.ThreadPoolExecutor$Worker.run(ThreadPoolExecutor.java:642)
at java.base/java.lang.Thread.run(Thread.java:1583)
]]>
    </failure>
  </testcase> <!-- Validate_Hana_T144_Pickup_CustomerSection_TextMeUpdatesAndPromotion_UnChecked_Functionality_Test -->
  <testcase classname="com.hanapos.seleniumProjectBase.TestBaseClass" name="@BeforeSuite loadConfig" time="0.0">
    <ignored/>
  </testcase> <!-- @BeforeSuite loadConfig -->
  <testcase classname="com.hanapos.seleniumProjectBase.TestBaseClass" name="@BeforeSuite loadConfig" time="0.0">
    <ignored/>
  </testcase> <!-- @BeforeSuite loadConfig -->
  <testcase classname="com.hanapos.seleniumProjectBase.TestBaseClass" name="@BeforeSuite loadConfig" time="0.0">
    <ignored/>
  </testcase> <!-- @BeforeSuite loadConfig -->
  <testcase classname="com.hanapos.seleniumProjectBase.TestBaseClass" name="@BeforeSuite loadConfig" time="0.0">
    <ignored/>
  </testcase> <!-- @BeforeSuite loadConfig -->
  <testcase classname="com.hanapos.seleniumProjectBase.TestBaseClass" name="@BeforeSuite loadConfig" time="0.0">
    <ignored/>
  </testcase> <!-- @BeforeSuite loadConfig -->
  <testcase classname="com.hanapos.seleniumProjectBase.TestBaseClass" name="@BeforeSuite loadConfig" time="0.0">
    <ignored/>
  </testcase> <!-- @BeforeSuite loadConfig -->
  <testcase classname="com.hanapos.seleniumProjectBase.TestBaseClass" name="@BeforeSuite loadConfig" time="0.0">
    <ignored/>
  </testcase> <!-- @BeforeSuite loadConfig -->
  <testcase classname="com.hanapos.seleniumProjectBase.TestBaseClass" name="@BeforeSuite loadConfig" time="0.0">
    <ignored/>
  </testcase> <!-- @BeforeSuite loadConfig -->
  <testcase classname="com.hanapos.seleniumProjectBase.TestBaseClass" name="@BeforeSuite loadConfig" time="0.0">
    <ignored/>
  </testcase> <!-- @BeforeSuite loadConfig -->
  <testcase classname="com.hanapos.seleniumProjectBase.TestBaseClass" name="@BeforeSuite loadConfig" time="0.0">
    <ignored/>
  </testcase> <!-- @BeforeSuite loadConfig -->
  <testcase classname="com.hanapos.seleniumProjectBase.TestBaseClass" name="@BeforeSuite loadConfig" time="0.0">
    <ignored/>
  </testcase> <!-- @BeforeSuite loadConfig -->
  <testcase classname="com.hanapos.seleniumProjectBase.TestBaseClass" name="@BeforeSuite loadConfig" time="0.0">
    <ignored/>
  </testcase> <!-- @BeforeSuite loadConfig -->
  <testcase classname="com.hanapos.seleniumProjectBase.TestBaseClass" name="@BeforeSuite loadConfig" time="0.0">
    <ignored/>
  </testcase> <!-- @BeforeSuite loadConfig -->
  <testcase classname="com.hanapos.seleniumProjectBase.TestBaseClass" name="@BeforeSuite loadConfig" time="0.0">
    <ignored/>
  </testcase> <!-- @BeforeSuite loadConfig -->
  <testcase classname="com.hanapos.seleniumProjectBase.TestBaseClass" name="@BeforeSuite loadConfig" time="0.0">
    <ignored/>
  </testcase> <!-- @BeforeSuite loadConfig -->
  <testcase classname="com.hanapos.seleniumProjectBase.TestBaseClass" name="@BeforeSuite loadConfig" time="0.0">
    <ignored/>
  </testcase> <!-- @BeforeSuite loadConfig -->
  <testcase classname="com.hanapos.seleniumProjectBase.TestBaseClass" name="@BeforeSuite loadConfig" time="0.0">
    <ignored/>
  </testcase> <!-- @BeforeSuite loadConfig -->
  <testcase classname="com.hanapos.seleniumProjectBase.TestBaseClass" name="@BeforeSuite loadConfig" time="0.0">
    <ignored/>
  </testcase> <!-- @BeforeSuite loadConfig -->
  <testcase classname="com.hanapos.seleniumProjectBase.TestBaseClass" name="@BeforeSuite loadConfig" time="0.0">
    <ignored/>
  </testcase> <!-- @BeforeSuite loadConfig -->
  <testcase classname="com.hanapos.seleniumProjectBase.TestBaseClass" name="@BeforeSuite loadConfig" time="0.0">
    <ignored/>
  </testcase> <!-- @BeforeSuite loadConfig -->
  <testcase classname="com.hanapos.seleniumProjectBase.TestBaseClass" name="@BeforeSuite loadConfig" time="0.0">
    <ignored/>
  </testcase> <!-- @BeforeSuite loadConfig -->
  <testcase classname="com.hanapos.seleniumProjectBase.TestBaseClass" name="@BeforeSuite loadConfig" time="0.0">
    <ignored/>
  </testcase> <!-- @BeforeSuite loadConfig -->
  <testcase classname="com.hanapos.seleniumProjectBase.TestBaseClass" name="@BeforeSuite loadConfig" time="0.0">
    <ignored/>
  </testcase> <!-- @BeforeSuite loadConfig -->
  <testcase classname="com.hanapos.seleniumProjectBase.TestBaseClass" name="@BeforeSuite loadConfig" time="0.0">
    <ignored/>
  </testcase> <!-- @BeforeSuite loadConfig -->
  <testcase classname="com.hanapos.seleniumProjectBase.TestBaseClass" name="@BeforeSuite loadConfig" time="0.0">
    <ignored/>
  </testcase> <!-- @BeforeSuite loadConfig -->
  <testcase classname="com.hanapos.seleniumProjectBase.TestBaseClass" name="@BeforeSuite loadConfig" time="0.0">
    <ignored/>
  </testcase> <!-- @BeforeSuite loadConfig -->
  <testcase classname="com.hanapos.seleniumProjectBase.TestBaseClass" name="@BeforeSuite loadConfig" time="0.0">
    <ignored/>
  </testcase> <!-- @BeforeSuite loadConfig -->
  <testcase classname="com.hanapos.seleniumProjectBase.TestBaseClass" name="@BeforeSuite loadConfig" time="0.0">
    <ignored/>
  </testcase> <!-- @BeforeSuite loadConfig -->
  <testcase classname="com.hanapos.seleniumProjectBase.TestBaseClass" name="@BeforeSuite loadConfig" time="0.0">
    <ignored/>
  </testcase> <!-- @BeforeSuite loadConfig -->
  <testcase classname="com.hanapos.seleniumProjectBase.TestBaseClass" name="@BeforeSuite loadConfig" time="0.0">
    <ignored/>
  </testcase> <!-- @BeforeSuite loadConfig -->
  <testcase classname="com.hanapos.seleniumProjectBase.TestBaseClass" name="@BeforeSuite loadConfig" time="0.0">
    <ignored/>
  </testcase> <!-- @BeforeSuite loadConfig -->
  <testcase classname="com.hanapos.seleniumProjectBase.TestBaseClass" name="@BeforeSuite loadConfig" time="0.0">
    <ignored/>
  </testcase> <!-- @BeforeSuite loadConfig -->
  <testcase classname="com.hanapos.seleniumProjectBase.TestBaseClass" name="@BeforeSuite loadConfig" time="0.0">
    <ignored/>
  </testcase> <!-- @BeforeSuite loadConfig -->
  <testcase classname="com.hanapos.seleniumProjectBase.TestBaseClass" name="@BeforeSuite loadConfig" time="0.0">
    <ignored/>
  </testcase> <!-- @BeforeSuite loadConfig -->
  <testcase classname="com.hanapos.seleniumProjectBase.TestBaseClass" name="@BeforeSuite loadConfig" time="0.0">
    <ignored/>
  </testcase> <!-- @BeforeSuite loadConfig -->
  <testcase classname="com.hanapos.seleniumProjectBase.TestBaseClass" name="@BeforeSuite loadConfig" time="0.0">
    <ignored/>
  </testcase> <!-- @BeforeSuite loadConfig -->
  <testcase classname="com.hanapos.seleniumProjectBase.TestBaseClass" name="@BeforeSuite loadConfig" time="0.0">
    <ignored/>
  </testcase> <!-- @BeforeSuite loadConfig -->
  <testcase classname="com.hanapos.seleniumProjectBase.TestBaseClass" name="@BeforeSuite loadConfig" time="0.0">
    <ignored/>
  </testcase> <!-- @BeforeSuite loadConfig -->
  <testcase classname="com.hanapos.seleniumProjectBase.TestBaseClass" name="@BeforeSuite loadConfig" time="0.0">
    <ignored/>
  </testcase> <!-- @BeforeSuite loadConfig -->
  <testcase classname="com.hanapos.seleniumProjectBase.TestBaseClass" name="@BeforeSuite loadConfig" time="0.0">
    <ignored/>
  </testcase> <!-- @BeforeSuite loadConfig -->
  <testcase classname="com.hanapos.seleniumProjectBase.TestBaseClass" name="@BeforeSuite loadConfig" time="0.0">
    <ignored/>
  </testcase> <!-- @BeforeSuite loadConfig -->
  <testcase classname="com.hanapos.seleniumProjectBase.TestBaseClass" name="@BeforeSuite loadConfig" time="0.0">
    <ignored/>
  </testcase> <!-- @BeforeSuite loadConfig -->
  <testcase classname="com.hanapos.seleniumProjectBase.TestBaseClass" name="@BeforeSuite loadConfig" time="0.0">
    <ignored/>
  </testcase> <!-- @BeforeSuite loadConfig -->
  <testcase classname="com.hanapos.seleniumProjectBase.TestBaseClass" name="@BeforeSuite loadConfig" time="0.0">
    <ignored/>
  </testcase> <!-- @BeforeSuite loadConfig -->
  <testcase classname="com.hanapos.seleniumProjectBase.TestBaseClass" name="@BeforeSuite loadConfig" time="0.0">
    <ignored/>
  </testcase> <!-- @BeforeSuite loadConfig -->
  <testcase classname="com.hanapos.seleniumProjectBase.TestBaseClass" name="@BeforeSuite loadConfig" time="0.0">
    <ignored/>
  </testcase> <!-- @BeforeSuite loadConfig -->
  <testcase classname="com.hanapos.seleniumProjectBase.TestBaseClass" name="@BeforeSuite loadConfig" time="0.0">
    <ignored/>
  </testcase> <!-- @BeforeSuite loadConfig -->
  <testcase classname="com.hanapos.seleniumProjectBase.TestBaseClass" name="@BeforeSuite loadConfig" time="0.0">
    <ignored/>
  </testcase> <!-- @BeforeSuite loadConfig -->
  <testcase classname="com.hanapos.seleniumProjectBase.TestBaseClass" name="@BeforeSuite loadConfig" time="0.0">
    <ignored/>
  </testcase> <!-- @BeforeSuite loadConfig -->
  <testcase classname="com.hanapos.seleniumProjectBase.TestBaseClass" name="@BeforeSuite loadConfig" time="0.0">
    <ignored/>
  </testcase> <!-- @BeforeSuite loadConfig -->
  <testcase classname="com.hanapos.seleniumProjectBase.TestBaseClass" name="@BeforeSuite loadConfig" time="0.0">
    <ignored/>
  </testcase> <!-- @BeforeSuite loadConfig -->
  <testcase classname="com.hanapos.seleniumProjectBase.TestBaseClass" name="@BeforeSuite loadConfig" time="0.0">
    <ignored/>
  </testcase> <!-- @BeforeSuite loadConfig -->
  <testcase classname="com.hanapos.seleniumProjectBase.TestBaseClass" name="@BeforeSuite loadConfig" time="0.0">
    <ignored/>
  </testcase> <!-- @BeforeSuite loadConfig -->
  <testcase classname="com.hanapos.seleniumProjectBase.TestBaseClass" name="@BeforeSuite loadConfig" time="0.0">
    <ignored/>
  </testcase> <!-- @BeforeSuite loadConfig -->
  <testcase classname="com.hanapos.seleniumProjectBase.TestBaseClass" name="@BeforeSuite loadConfig" time="0.0">
    <ignored/>
  </testcase> <!-- @BeforeSuite loadConfig -->
  <testcase classname="com.hanapos.seleniumProjectBase.TestBaseClass" name="@BeforeSuite loadConfig" time="0.0">
    <ignored/>
  </testcase> <!-- @BeforeSuite loadConfig -->
  <testcase classname="com.hanapos.seleniumProjectBase.TestBaseClass" name="@BeforeSuite loadConfig" time="0.0">
    <ignored/>
  </testcase> <!-- @BeforeSuite loadConfig -->
  <testcase classname="com.hanapos.seleniumProjectBase.TestBaseClass" name="@BeforeSuite loadConfig" time="0.0">
    <ignored/>
  </testcase> <!-- @BeforeSuite loadConfig -->
  <testcase classname="com.hanapos.seleniumProjectBase.TestBaseClass" name="@BeforeSuite loadConfig" time="0.0">
    <ignored/>
  </testcase> <!-- @BeforeSuite loadConfig -->
  <testcase classname="com.hanapos.seleniumProjectBase.TestBaseClass" name="@BeforeSuite loadConfig" time="0.0">
    <ignored/>
  </testcase> <!-- @BeforeSuite loadConfig -->
  <testcase classname="com.hanapos.seleniumProjectBase.TestBaseClass" name="@BeforeSuite loadConfig" time="0.0">
    <ignored/>
  </testcase> <!-- @BeforeSuite loadConfig -->
  <testcase classname="com.hanapos.seleniumProjectBase.TestBaseClass" name="@BeforeSuite loadConfig" time="0.0">
    <ignored/>
  </testcase> <!-- @BeforeSuite loadConfig -->
  <testcase classname="com.hanapos.seleniumProjectBase.TestBaseClass" name="@BeforeSuite loadConfig" time="0.0">
    <ignored/>
  </testcase> <!-- @BeforeSuite loadConfig -->
  <testcase classname="com.hanapos.seleniumProjectBase.TestBaseClass" name="@BeforeSuite loadConfig" time="0.0">
    <ignored/>
  </testcase> <!-- @BeforeSuite loadConfig -->
  <testcase classname="com.hanapos.seleniumProjectBase.TestBaseClass" name="@BeforeSuite loadConfig" time="0.0">
    <ignored/>
  </testcase> <!-- @BeforeSuite loadConfig -->
  <testcase classname="com.hanapos.seleniumProjectBase.TestBaseClass" name="@BeforeSuite loadConfig" time="0.0">
    <ignored/>
  </testcase> <!-- @BeforeSuite loadConfig -->
  <testcase classname="com.hanapos.seleniumProjectBase.TestBaseClass" name="@BeforeSuite loadConfig" time="0.0">
    <ignored/>
  </testcase> <!-- @BeforeSuite loadConfig -->
  <testcase classname="com.hanapos.seleniumProjectBase.TestBaseClass" name="@BeforeSuite loadConfig" time="0.0">
    <ignored/>
  </testcase> <!-- @BeforeSuite loadConfig -->
  <testcase classname="com.hanapos.seleniumProjectBase.TestBaseClass" name="@BeforeSuite loadConfig" time="0.0">
    <ignored/>
  </testcase> <!-- @BeforeSuite loadConfig -->
  <testcase classname="com.hanapos.seleniumProjectBase.TestBaseClass" name="@BeforeSuite loadConfig" time="0.0">
    <ignored/>
  </testcase> <!-- @BeforeSuite loadConfig -->
  <testcase classname="com.hanapos.seleniumProjectBase.TestBaseClass" name="@BeforeSuite loadConfig" time="0.0">
    <ignored/>
  </testcase> <!-- @BeforeSuite loadConfig -->
  <testcase classname="com.hanapos.seleniumProjectBase.TestBaseClass" name="@BeforeSuite loadConfig" time="0.0">
    <ignored/>
  </testcase> <!-- @BeforeSuite loadConfig -->
  <testcase classname="com.hanapos.seleniumProjectBase.TestBaseClass" name="@BeforeSuite loadConfig" time="0.0">
    <ignored/>
  </testcase> <!-- @BeforeSuite loadConfig -->
  <testcase classname="com.hanapos.seleniumProjectBase.TestBaseClass" name="@BeforeSuite loadConfig" time="0.0">
    <ignored/>
  </testcase> <!-- @BeforeSuite loadConfig -->
  <testcase classname="com.hanapos.seleniumProjectBase.TestBaseClass" name="@BeforeSuite loadConfig" time="0.0">
    <ignored/>
  </testcase> <!-- @BeforeSuite loadConfig -->
  <testcase classname="com.hanapos.seleniumProjectBase.TestBaseClass" name="@BeforeSuite loadConfig" time="0.0">
    <ignored/>
  </testcase> <!-- @BeforeSuite loadConfig -->
  <testcase classname="com.hanapos.seleniumProjectBase.TestBaseClass" name="@BeforeSuite loadConfig" time="0.0">
    <ignored/>
  </testcase> <!-- @BeforeSuite loadConfig -->
  <testcase classname="com.hanapos.seleniumProjectBase.TestBaseClass" name="@BeforeSuite loadConfig" time="0.0">
    <ignored/>
  </testcase> <!-- @BeforeSuite loadConfig -->
  <testcase classname="com.hanapos.seleniumProjectBase.TestBaseClass" name="@BeforeSuite loadConfig" time="0.0">
    <ignored/>
  </testcase> <!-- @BeforeSuite loadConfig -->
  <testcase classname="com.hanapos.seleniumProjectBase.TestBaseClass" name="@BeforeSuite loadConfig" time="0.0">
    <ignored/>
  </testcase> <!-- @BeforeSuite loadConfig -->
  <testcase classname="com.hanapos.seleniumProjectBase.TestBaseClass" name="@BeforeSuite loadConfig" time="0.0">
    <ignored/>
  </testcase> <!-- @BeforeSuite loadConfig -->
</testsuite> <!-- Test -->
