<html>
<head>
<title>TestNG:  Test</title>
<link href="../testng.css" rel="stylesheet" type="text/css" />
<link href="../my-testng.css" rel="stylesheet" type="text/css" />

<style type="text/css">
.log { display: none;} 
.stack-trace { display: none;} 
</style>
<script type="text/javascript">
<!--
function flip(e) {
  current = e.style.display;
  if (current == 'block') {
    e.style.display = 'none';
    return 0;
  }
  else {
    e.style.display = 'block';
    return 1;
  }
}

function toggleBox(szDivId, elem, msg1, msg2)
{
  var res = -1;  if (document.getElementById) {
    res = flip(document.getElementById(szDivId));
  }
  else if (document.all) {
    // this is the way old msie versions work
    res = flip(document.all[szDivId]);
  }
  if(elem) {
    if(res == 0) elem.innerHTML = msg1; else elem.innerHTML = msg2;
  }

}

function toggleAllBoxes() {
  if (document.getElementsByTagName) {
    d = document.getElementsByTagName('div');
    for (i = 0; i < d.length; i++) {
      if (d[i].className == 'log') {
        flip(d[i]);
      }
    }
  }
}

// -->
</script>

</head>
<body>
<h2 align='center'>Test</h2><table border='1' align="center">
<tr>
<td>Tests passed/Failed/Skipped:</td><td>52/30/0</td>
</tr><tr>
<td>Started on:</td><td>Mon Aug 26 13:24:41 IST 2024</td>
</tr>
<tr><td>Total time:</td><td>2845 seconds (2845277 ms)</td>
</tr><tr>
<td>Included groups:</td><td></td>
</tr><tr>
<td>Excluded groups:</td><td></td>
</tr>
</table><p/>
<small><i>(Hover the method name to see the test class name)</i></small><p/>
<table width='100%' border='1' class='invocation-failed'>
<tr><td colspan='4' align='center'><b>FAILED TESTS</b></td></tr>
<tr><td><b>Test method</b></td>
<td><b>Attribute(s)</b></td>
<td width="30%"><b>Exception</b></td>
<td width="10%"><b>Time (seconds)</b></td>
<td><b>Instance</b></td>
</tr>
<tr>
<td title='com.hanapos.OrderEntry_Alais_PickUp_PhoneOrderTest.Hana_T158_Pickup_RecipientSection_SelectOptionMultipleSelect_FT.Validate_Hana_T158_Pickup_RecipientSection_SelectOptionMultipleSelect_Functionality_Test()'><b>Validate_Hana_T158_Pickup_RecipientSection_SelectOptionMultipleSelect_Functionality_Test</b><br>Test class: com.hanapos.OrderEntry_Alais_PickUp_PhoneOrderTest.Hana_T158_Pickup_RecipientSection_SelectOptionMultipleSelect_FT</td>
<td><div><pre>java.lang.AssertionError: The following asserts failed:
	Test Step - 23 - Delivery Date Compared with recipient section saved information is not displayed on configuration order entry menu funeral log submenu expected [08/26/2024] but found [08/26/2024          ]
	at org.testng.asserts.SoftAssert.assertAll(SoftAssert.java:46)
	at org.testng.asserts.SoftAssert.assertAll(SoftAssert.java:30)
	at com.hanapos.OrderEntry_Alais_PickUp_PhoneOrderTest.Hana_T158_Pickup_RecipientSection_SelectOptionMultipleSelect_FT.Validate_Hana_T158_Pickup_RecipientSection_SelectOptionMultipleSelect_Functionality_Test(Hana_T158_Pickup_RecipientSection_SelectOptionMultipleSelect_FT.java:240)
	at java.base/jdk.internal.reflect.DirectMethodHandleAccessor.invoke(DirectMethodHandleAccessor.java:103)
	at java.base/java.lang.reflect.Method.invoke(Method.java:580)
	at org.testng.internal.invokers.MethodInvocationHelper.invokeMethod(MethodInvocationHelper.java:141)
	at org.testng.internal.invokers.TestInvoker.invokeMethod(TestInvoker.java:686)
	at org.testng.internal.invokers.TestInvoker.invokeTestMethod(TestInvoker.java:230)
	at org.testng.internal.invokers.MethodRunner.runInSequence(MethodRunner.java:63)
	at org.testng.internal.invokers.TestInvoker$MethodInvocationAgent.invoke(TestInvoker.java:992)
	at org.testng.internal.invokers.TestInvoker.invokeTestMethods(TestInvoker.java:203)
	at org.testng.internal.invokers.TestMethodWorker.invokeTestMethods(TestMethodWorker.java:154)
	at org.testng.internal.invokers.TestMethodWorker.run(TestMethodWorker.java:134)
	at java.base/java.util.concurrent.Executors$RunnableAdapter.call(Executors.java:572)
	at java.base/java.util.concurrent.FutureTask.run(FutureTask.java:317)
	at org.testng.internal.thread.graph.TestNGFutureTask.run(TestNGFutureTask.java:22)
	at java.base/java.util.concurrent.ThreadPoolExecutor.runWorker(ThreadPoolExecutor.java:1144)
	at java.base/java.util.concurrent.ThreadPoolExecutor$Worker.run(ThreadPoolExecutor.java:642)
	at java.base/java.lang.Thread.run(Thread.java:1583)
</pre></div><a href='#' onClick='toggleBox("stack-trace1171064909", this, "Click to show all stack frames", "Click to hide stack frames")'>Click to show all stack frames</a>
<div class='stack-trace' id='stack-trace1171064909'><pre>java.lang.AssertionError: The following asserts failed:
	Test Step - 23 - Delivery Date Compared with recipient section saved information is not displayed on configuration order entry menu funeral log submenu expected [08/26/2024] but found [08/26/2024          ]
	at org.testng.asserts.SoftAssert.assertAll(SoftAssert.java:46)
	at org.testng.asserts.SoftAssert.assertAll(SoftAssert.java:30)
	at com.hanapos.OrderEntry_Alais_PickUp_PhoneOrderTest.Hana_T158_Pickup_RecipientSection_SelectOptionMultipleSelect_FT.Validate_Hana_T158_Pickup_RecipientSection_SelectOptionMultipleSelect_Functionality_Test(Hana_T158_Pickup_RecipientSection_SelectOptionMultipleSelect_FT.java:240)
	at java.base/jdk.internal.reflect.DirectMethodHandleAccessor.invoke(DirectMethodHandleAccessor.java:103)
	at java.base/java.lang.reflect.Method.invoke(Method.java:580)
	at org.testng.internal.invokers.MethodInvocationHelper.invokeMethod(MethodInvocationHelper.java:141)
	at org.testng.internal.invokers.TestInvoker.invokeMethod(TestInvoker.java:686)
	at org.testng.internal.invokers.TestInvoker.invokeTestMethod(TestInvoker.java:230)
	at org.testng.internal.invokers.MethodRunner.runInSequence(MethodRunner.java:63)
	at org.testng.internal.invokers.TestInvoker$MethodInvocationAgent.invoke(TestInvoker.java:992)
	at org.testng.internal.invokers.TestInvoker.invokeTestMethods(TestInvoker.java:203)
	at org.testng.internal.invokers.TestMethodWorker.invokeTestMethods(TestMethodWorker.java:154)
	at org.testng.internal.invokers.TestMethodWorker.run(TestMethodWorker.java:134)
	at java.base/java.util.concurrent.Executors$RunnableAdapter.call(Executors.java:572)
	at java.base/java.util.concurrent.FutureTask.run(FutureTask.java:317)
	at org.testng.internal.thread.graph.TestNGFutureTask.run(TestNGFutureTask.java:22)
	at java.base/java.util.concurrent.ThreadPoolExecutor.runWorker(ThreadPoolExecutor.java:1144)
	at java.base/java.util.concurrent.ThreadPoolExecutor$Worker.run(ThreadPoolExecutor.java:642)
	at java.base/java.lang.Thread.run(Thread.java:1583)
</pre></div></td>
<td>264</td>
<td>com.hanapos.OrderEntry_Alais_PickUp_PhoneOrderTest.Hana_T158_Pickup_RecipientSection_SelectOptionMultipleSelect_FT@1838ccb8</td></tr>
<tr>
<td title='com.hanapos.OrderEntry_Alais_PickUp_PhoneOrderTest.Hana_T163_OrderEntry_Pickup_OrderDetailsSection_SendRemainderEmail_FT.Validate_Hana_T163_OrderEntry_Pickup_OrderDetailsSection_SendRemainderEmail__Functionality_Test()'><b>Validate_Hana_T163_OrderEntry_Pickup_OrderDetailsSection_SendRemainderEmail__Functionality_Test</b><br>Test class: com.hanapos.OrderEntry_Alais_PickUp_PhoneOrderTest.Hana_T163_OrderEntry_Pickup_OrderDetailsSection_SendRemainderEmail_FT</td>
<td><div><pre>java.lang.AssertionError: The following asserts failed:
	Test Step - 9 - Send remainder checkbox is displayed on Order details section expected [false] but found [true]
	at org.testng.asserts.SoftAssert.assertAll(SoftAssert.java:46)
	at org.testng.asserts.SoftAssert.assertAll(SoftAssert.java:30)
	at com.hanapos.OrderEntry_Alais_PickUp_PhoneOrderTest.Hana_T163_OrderEntry_Pickup_OrderDetailsSection_SendRemainderEmail_FT.Validate_Hana_T163_OrderEntry_Pickup_OrderDetailsSection_SendRemainderEmail__Functionality_Test(Hana_T163_OrderEntry_Pickup_OrderDetailsSection_SendRemainderEmail_FT.java:137)
	at java.base/jdk.internal.reflect.DirectMethodHandleAccessor.invoke(DirectMethodHandleAccessor.java:103)
	at java.base/java.lang.reflect.Method.invoke(Method.java:580)
	at org.testng.internal.invokers.MethodInvocationHelper.invokeMethod(MethodInvocationHelper.java:141)
	at org.testng.internal.invokers.TestInvoker.invokeMethod(TestInvoker.java:686)
	at org.testng.internal.invokers.TestInvoker.invokeTestMethod(TestInvoker.java:230)
	at org.testng.internal.invokers.MethodRunner.runInSequence(MethodRunner.java:63)
	at org.testng.internal.invokers.TestInvoker$MethodInvocationAgent.invoke(TestInvoker.java:992)
	at org.testng.internal.invokers.TestInvoker.invokeTestMethods(TestInvoker.java:203)
	at org.testng.internal.invokers.TestMethodWorker.invokeTestMethods(TestMethodWorker.java:154)
	at org.testng.internal.invokers.TestMethodWorker.run(TestMethodWorker.java:134)
	at java.base/java.util.concurrent.Executors$RunnableAdapter.call(Executors.java:572)
	at java.base/java.util.concurrent.FutureTask.run(FutureTask.java:317)
	at org.testng.internal.thread.graph.TestNGFutureTask.run(TestNGFutureTask.java:22)
	at java.base/java.util.concurrent.ThreadPoolExecutor.runWorker(ThreadPoolExecutor.java:1144)
	at java.base/java.util.concurrent.ThreadPoolExecutor$Worker.run(ThreadPoolExecutor.java:642)
	at java.base/java.lang.Thread.run(Thread.java:1583)
</pre></div><a href='#' onClick='toggleBox("stack-trace730852622", this, "Click to show all stack frames", "Click to hide stack frames")'>Click to show all stack frames</a>
<div class='stack-trace' id='stack-trace730852622'><pre>java.lang.AssertionError: The following asserts failed:
	Test Step - 9 - Send remainder checkbox is displayed on Order details section expected [false] but found [true]
	at org.testng.asserts.SoftAssert.assertAll(SoftAssert.java:46)
	at org.testng.asserts.SoftAssert.assertAll(SoftAssert.java:30)
	at com.hanapos.OrderEntry_Alais_PickUp_PhoneOrderTest.Hana_T163_OrderEntry_Pickup_OrderDetailsSection_SendRemainderEmail_FT.Validate_Hana_T163_OrderEntry_Pickup_OrderDetailsSection_SendRemainderEmail__Functionality_Test(Hana_T163_OrderEntry_Pickup_OrderDetailsSection_SendRemainderEmail_FT.java:137)
	at java.base/jdk.internal.reflect.DirectMethodHandleAccessor.invoke(DirectMethodHandleAccessor.java:103)
	at java.base/java.lang.reflect.Method.invoke(Method.java:580)
	at org.testng.internal.invokers.MethodInvocationHelper.invokeMethod(MethodInvocationHelper.java:141)
	at org.testng.internal.invokers.TestInvoker.invokeMethod(TestInvoker.java:686)
	at org.testng.internal.invokers.TestInvoker.invokeTestMethod(TestInvoker.java:230)
	at org.testng.internal.invokers.MethodRunner.runInSequence(MethodRunner.java:63)
	at org.testng.internal.invokers.TestInvoker$MethodInvocationAgent.invoke(TestInvoker.java:992)
	at org.testng.internal.invokers.TestInvoker.invokeTestMethods(TestInvoker.java:203)
	at org.testng.internal.invokers.TestMethodWorker.invokeTestMethods(TestMethodWorker.java:154)
	at org.testng.internal.invokers.TestMethodWorker.run(TestMethodWorker.java:134)
	at java.base/java.util.concurrent.Executors$RunnableAdapter.call(Executors.java:572)
	at java.base/java.util.concurrent.FutureTask.run(FutureTask.java:317)
	at org.testng.internal.thread.graph.TestNGFutureTask.run(TestNGFutureTask.java:22)
	at java.base/java.util.concurrent.ThreadPoolExecutor.runWorker(ThreadPoolExecutor.java:1144)
	at java.base/java.util.concurrent.ThreadPoolExecutor$Worker.run(ThreadPoolExecutor.java:642)
	at java.base/java.lang.Thread.run(Thread.java:1583)
</pre></div></td>
<td>89</td>
<td>com.hanapos.OrderEntry_Alais_PickUp_PhoneOrderTest.Hana_T163_OrderEntry_Pickup_OrderDetailsSection_SendRemainderEmail_FT@7fbdb894</td></tr>
<tr>
<td title='com.hanapos.OrderEntry_Alais_PickUp_PhoneOrderTest.Hana_T144_Pickup_CustomerSection_TextMeUpdatesAndPromotion_UnChecked_FT.Validate_Hana_T144_Pickup_CustomerSection_TextMeUpdatesAndPromotion_UnChecked_Functionality_Test()'><b>Validate_Hana_T144_Pickup_CustomerSection_TextMeUpdatesAndPromotion_UnChecked_Functionality_Test</b><br>Test class: com.hanapos.OrderEntry_Alais_PickUp_PhoneOrderTest.Hana_T144_Pickup_CustomerSection_TextMeUpdatesAndPromotion_UnChecked_FT</td>
<td><div><pre>java.lang.AssertionError: The following asserts failed:
	Test Step - 6 - Text me promotion checkbox is not checked on phone order page expected [true] but found [false]
	at org.testng.asserts.SoftAssert.assertAll(SoftAssert.java:46)
	at org.testng.asserts.SoftAssert.assertAll(SoftAssert.java:30)
	at com.hanapos.OrderEntry_Alais_PickUp_PhoneOrderTest.Hana_T144_Pickup_CustomerSection_TextMeUpdatesAndPromotion_UnChecked_FT.Validate_Hana_T144_Pickup_CustomerSection_TextMeUpdatesAndPromotion_UnChecked_Functionality_Test(Hana_T144_Pickup_CustomerSection_TextMeUpdatesAndPromotion_UnChecked_FT.java:231)
	at java.base/jdk.internal.reflect.DirectMethodHandleAccessor.invoke(DirectMethodHandleAccessor.java:103)
	at java.base/java.lang.reflect.Method.invoke(Method.java:580)
	at org.testng.internal.invokers.MethodInvocationHelper.invokeMethod(MethodInvocationHelper.java:141)
	at org.testng.internal.invokers.TestInvoker.invokeMethod(TestInvoker.java:686)
	at org.testng.internal.invokers.TestInvoker.invokeTestMethod(TestInvoker.java:230)
	at org.testng.internal.invokers.MethodRunner.runInSequence(MethodRunner.java:63)
	at org.testng.internal.invokers.TestInvoker$MethodInvocationAgent.invoke(TestInvoker.java:992)
	at org.testng.internal.invokers.TestInvoker.invokeTestMethods(TestInvoker.java:203)
	at org.testng.internal.invokers.TestMethodWorker.invokeTestMethods(TestMethodWorker.java:154)
	at org.testng.internal.invokers.TestMethodWorker.run(TestMethodWorker.java:134)
	at java.base/java.util.concurrent.Executors$RunnableAdapter.call(Executors.java:572)
	at java.base/java.util.concurrent.FutureTask.run(FutureTask.java:317)
	at org.testng.internal.thread.graph.TestNGFutureTask.run(TestNGFutureTask.java:22)
	at java.base/java.util.concurrent.ThreadPoolExecutor.runWorker(ThreadPoolExecutor.java:1144)
	at java.base/java.util.concurrent.ThreadPoolExecutor$Worker.run(ThreadPoolExecutor.java:642)
	at java.base/java.lang.Thread.run(Thread.java:1583)
</pre></div><a href='#' onClick='toggleBox("stack-trace1248095718", this, "Click to show all stack frames", "Click to hide stack frames")'>Click to show all stack frames</a>
<div class='stack-trace' id='stack-trace1248095718'><pre>java.lang.AssertionError: The following asserts failed:
	Test Step - 6 - Text me promotion checkbox is not checked on phone order page expected [true] but found [false]
	at org.testng.asserts.SoftAssert.assertAll(SoftAssert.java:46)
	at org.testng.asserts.SoftAssert.assertAll(SoftAssert.java:30)
	at com.hanapos.OrderEntry_Alais_PickUp_PhoneOrderTest.Hana_T144_Pickup_CustomerSection_TextMeUpdatesAndPromotion_UnChecked_FT.Validate_Hana_T144_Pickup_CustomerSection_TextMeUpdatesAndPromotion_UnChecked_Functionality_Test(Hana_T144_Pickup_CustomerSection_TextMeUpdatesAndPromotion_UnChecked_FT.java:231)
	at java.base/jdk.internal.reflect.DirectMethodHandleAccessor.invoke(DirectMethodHandleAccessor.java:103)
	at java.base/java.lang.reflect.Method.invoke(Method.java:580)
	at org.testng.internal.invokers.MethodInvocationHelper.invokeMethod(MethodInvocationHelper.java:141)
	at org.testng.internal.invokers.TestInvoker.invokeMethod(TestInvoker.java:686)
	at org.testng.internal.invokers.TestInvoker.invokeTestMethod(TestInvoker.java:230)
	at org.testng.internal.invokers.MethodRunner.runInSequence(MethodRunner.java:63)
	at org.testng.internal.invokers.TestInvoker$MethodInvocationAgent.invoke(TestInvoker.java:992)
	at org.testng.internal.invokers.TestInvoker.invokeTestMethods(TestInvoker.java:203)
	at org.testng.internal.invokers.TestMethodWorker.invokeTestMethods(TestMethodWorker.java:154)
	at org.testng.internal.invokers.TestMethodWorker.run(TestMethodWorker.java:134)
	at java.base/java.util.concurrent.Executors$RunnableAdapter.call(Executors.java:572)
	at java.base/java.util.concurrent.FutureTask.run(FutureTask.java:317)
	at org.testng.internal.thread.graph.TestNGFutureTask.run(TestNGFutureTask.java:22)
	at java.base/java.util.concurrent.ThreadPoolExecutor.runWorker(ThreadPoolExecutor.java:1144)
	at java.base/java.util.concurrent.ThreadPoolExecutor$Worker.run(ThreadPoolExecutor.java:642)
	at java.base/java.lang.Thread.run(Thread.java:1583)
</pre></div></td>
<td>141</td>
<td>com.hanapos.OrderEntry_Alais_PickUp_PhoneOrderTest.Hana_T144_Pickup_CustomerSection_TextMeUpdatesAndPromotion_UnChecked_FT@457c9034</td></tr>
<tr>
<td title='com.hanapos.OrderEntry_Alais_PickUp_PhoneOrderTest.Hana_T143_Pickup_CustomerSection_TextMeUpdatesAndPromotion_Checked_FT.Validate_Hana_T143_Pickup_CustomerSection_TextMeUpdatesAndPromotion_Checked_Functionality_Test()'><b>Validate_Hana_T143_Pickup_CustomerSection_TextMeUpdatesAndPromotion_Checked_Functionality_Test</b><br>Test class: com.hanapos.OrderEntry_Alais_PickUp_PhoneOrderTest.Hana_T143_Pickup_CustomerSection_TextMeUpdatesAndPromotion_Checked_FT</td>
<td><div><pre>java.lang.AssertionError: The following asserts failed:
	Test Step - 6 - Text me promotion checkbox is not checked on phone order page expected [true] but found [false],
	Test Step - 8 - Text me promotion checkbox is not checked on phone order page expected [true] but found [false]
	at org.testng.asserts.SoftAssert.assertAll(SoftAssert.java:46)
	at org.testng.asserts.SoftAssert.assertAll(SoftAssert.java:30)
	at com.hanapos.OrderEntry_Alais_PickUp_PhoneOrderTest.Hana_T143_Pickup_CustomerSection_TextMeUpdatesAndPromotion_Checked_FT.Validate_Hana_T143_Pickup_CustomerSection_TextMeUpdatesAndPromotion_Checked_Functionality_Test(Hana_T143_Pickup_CustomerSection_TextMeUpdatesAndPromotion_Checked_FT.java:228)
	at java.base/jdk.internal.reflect.DirectMethodHandleAccessor.invoke(DirectMethodHandleAccessor.java:103)
	at java.base/java.lang.reflect.Method.invoke(Method.java:580)
	at org.testng.internal.invokers.MethodInvocationHelper.invokeMethod(MethodInvocationHelper.java:141)
	at org.testng.internal.invokers.TestInvoker.invokeMethod(TestInvoker.java:686)
	at org.testng.internal.invokers.TestInvoker.invokeTestMethod(TestInvoker.java:230)
	at org.testng.internal.invokers.MethodRunner.runInSequence(MethodRunner.java:63)
	at org.testng.internal.invokers.TestInvoker$MethodInvocationAgent.invoke(TestInvoker.java:992)
	at org.testng.internal.invokers.TestInvoker.invokeTestMethods(TestInvoker.java:203)
	at org.testng.internal.invokers.TestMethodWorker.invokeTestMethods(TestMethodWorker.java:154)
	at org.testng.internal.invokers.TestMethodWorker.run(TestMethodWorker.java:134)
	at java.base/java.util.concurrent.Executors$RunnableAdapter.call(Executors.java:572)
	at java.base/java.util.concurrent.FutureTask.run(FutureTask.java:317)
	at org.testng.internal.thread.graph.TestNGFutureTask.run(TestNGFutureTask.java:22)
	at java.base/java.util.concurrent.ThreadPoolExecutor.runWorker(ThreadPoolExecutor.java:1144)
	at java.base/java.util.concurrent.ThreadPoolExecutor$Worker.run(ThreadPoolExecutor.java:642)
	at java.base/java.lang.Thread.run(Thread.java:1583)
</pre></div><a href='#' onClick='toggleBox("stack-trace700548930", this, "Click to show all stack frames", "Click to hide stack frames")'>Click to show all stack frames</a>
<div class='stack-trace' id='stack-trace700548930'><pre>java.lang.AssertionError: The following asserts failed:
	Test Step - 6 - Text me promotion checkbox is not checked on phone order page expected [true] but found [false],
	Test Step - 8 - Text me promotion checkbox is not checked on phone order page expected [true] but found [false]
	at org.testng.asserts.SoftAssert.assertAll(SoftAssert.java:46)
	at org.testng.asserts.SoftAssert.assertAll(SoftAssert.java:30)
	at com.hanapos.OrderEntry_Alais_PickUp_PhoneOrderTest.Hana_T143_Pickup_CustomerSection_TextMeUpdatesAndPromotion_Checked_FT.Validate_Hana_T143_Pickup_CustomerSection_TextMeUpdatesAndPromotion_Checked_Functionality_Test(Hana_T143_Pickup_CustomerSection_TextMeUpdatesAndPromotion_Checked_FT.java:228)
	at java.base/jdk.internal.reflect.DirectMethodHandleAccessor.invoke(DirectMethodHandleAccessor.java:103)
	at java.base/java.lang.reflect.Method.invoke(Method.java:580)
	at org.testng.internal.invokers.MethodInvocationHelper.invokeMethod(MethodInvocationHelper.java:141)
	at org.testng.internal.invokers.TestInvoker.invokeMethod(TestInvoker.java:686)
	at org.testng.internal.invokers.TestInvoker.invokeTestMethod(TestInvoker.java:230)
	at org.testng.internal.invokers.MethodRunner.runInSequence(MethodRunner.java:63)
	at org.testng.internal.invokers.TestInvoker$MethodInvocationAgent.invoke(TestInvoker.java:992)
	at org.testng.internal.invokers.TestInvoker.invokeTestMethods(TestInvoker.java:203)
	at org.testng.internal.invokers.TestMethodWorker.invokeTestMethods(TestMethodWorker.java:154)
	at org.testng.internal.invokers.TestMethodWorker.run(TestMethodWorker.java:134)
	at java.base/java.util.concurrent.Executors$RunnableAdapter.call(Executors.java:572)
	at java.base/java.util.concurrent.FutureTask.run(FutureTask.java:317)
	at org.testng.internal.thread.graph.TestNGFutureTask.run(TestNGFutureTask.java:22)
	at java.base/java.util.concurrent.ThreadPoolExecutor.runWorker(ThreadPoolExecutor.java:1144)
	at java.base/java.util.concurrent.ThreadPoolExecutor$Worker.run(ThreadPoolExecutor.java:642)
	at java.base/java.lang.Thread.run(Thread.java:1583)
</pre></div></td>
<td>129</td>
<td>com.hanapos.OrderEntry_Alais_PickUp_PhoneOrderTest.Hana_T143_Pickup_CustomerSection_TextMeUpdatesAndPromotion_Checked_FT@6d07a63d</td></tr>
<tr>
<td title='com.hanapos.OrderEntry_Alais_PickUp_PhoneOrderTest.Hana_T146_Pickup_RecipientSection_WithExistingRecipientDetails_FT.Validate_Hana_T146_Pickup_RecipientSection_With_Existing_RecipientDetails_Functionality_Test()'><b>Validate_Hana_T146_Pickup_RecipientSection_With_Existing_RecipientDetails_Functionality_Test</b><br>Test class: com.hanapos.OrderEntry_Alais_PickUp_PhoneOrderTest.Hana_T146_Pickup_RecipientSection_WithExistingRecipientDetails_FT</td>
<td><div><pre>java.lang.AssertionError: Test case failed due to exception no such element: Unable to locate element: {&quot;method&quot;:&quot;xpath&quot;,&quot;selector&quot;:&quot;//a[@class=&apos;li_Hana navbar-brand&apos;]&quot;}
  (Session info: chrome=128.0.6613.84)
For documentation on this error, please visit: https://www.selenium.dev/documentation/webdriver/troubleshooting/errors#no-such-element-exception
Build info: version: &apos;4.22.0&apos;, revision: &apos;c5f3146703*&apos;
System info: os.name: &apos;Windows 11&apos;, os.arch: &apos;amd64&apos;, os.version: &apos;10.0&apos;, java.version: &apos;21.0.2&apos;
Driver info: org.openqa.selenium.chrome.ChromeDriver
Command: [35af571315bac696257155e39aa4b35a, findElement {value=//a[@class=&apos;li_Hana navbar-brand&apos;], using=xpath}]
Capabilities {acceptInsecureCerts: false, browserName: chrome, browserVersion: 128.0.6613.84, chrome: {chromedriverVersion: 128.0.6613.84 (606aa55c7d68..., userDataDir: C:\Users\Balaji\AppData\Loc...}, fedcm:accounts: true, goog:chromeOptions: {debuggerAddress: localhost:63534}, networkConnectionEnabled: false, pageLoadStrategy: normal, platformName: windows, proxy: Proxy(), se:cdp: ws://localhost:63534/devtoo..., se:cdpVersion: 128.0.6613.84, setWindowRect: true, strictFileInteractability: false, timeouts: {implicit: 0, pageLoad: 300000, script: 30000}, unhandledPromptBehavior: dismiss and notify, webauthn:extension:credBlob: true, webauthn:extension:largeBlob: true, webauthn:extension:minPinLength: true, webauthn:extension:prf: true, webauthn:virtualAuthenticators: true}
Session ID: 35af571315bac696257155e39aa4b35a
	at org.testng.Assert.fail(Assert.java:111)
	at com.hanapos.OrderEntry_Alais_PickUp_PhoneOrderTest.Hana_T146_Pickup_RecipientSection_WithExistingRecipientDetails_FT.Validate_Hana_T146_Pickup_RecipientSection_With_Existing_RecipientDetails_Functionality_Test(Hana_T146_Pickup_RecipientSection_WithExistingRecipientDetails_FT.java:161)
	at java.base/jdk.internal.reflect.DirectMethodHandleAccessor.invoke(DirectMethodHandleAccessor.java:103)
	at java.base/java.lang.reflect.Method.invoke(Method.java:580)
	at org.testng.internal.invokers.MethodInvocationHelper.invokeMethod(MethodInvocationHelper.java:141)
	at org.testng.internal.invokers.TestInvoker.invokeMethod(TestInvoker.java:686)
	at org.testng.internal.invokers.TestInvoker.invokeTestMethod(TestInvoker.java:230)
	at org.testng.internal.invokers.MethodRunner.runInSequence(MethodRunner.java:63)
	at org.testng.internal.invokers.TestInvoker$MethodInvocationAgent.invoke(TestInvoker.java:992)
	at org.testng.internal.invokers.TestInvoker.invokeTestMethods(TestInvoker.java:203)
	at org.testng.internal.invokers.TestMethodWorker.invokeTestMethods(TestMethodWorker.java:154)
	at org.testng.internal.invokers.TestMethodWorker.run(TestMethodWorker.java:134)
	at java.base/java.util.concurrent.Executors$RunnableAdapter.call(Executors.java:572)
	at java.base/java.util.concurrent.FutureTask.run(FutureTask.java:317)
	at org.testng.internal.thread.graph.TestNGFutureTask.run(TestNGFutureTask.java:22)
	at java.base/java.util.concurrent.ThreadPoolExecutor.runWorker(ThreadPoolExecutor.java:1144)
	at java.base/java.util.concurrent.ThreadPoolExecutor$Worker.run(ThreadPoolExecutor.java:642)
	at java.base/java.lang.Thread.run(Thread.java:1583)
</pre></div><a href='#' onClick='toggleBox("stack-trace102204240", this, "Click to show all stack frames", "Click to hide stack frames")'>Click to show all stack frames</a>
<div class='stack-trace' id='stack-trace102204240'><pre>java.lang.AssertionError: Test case failed due to exception no such element: Unable to locate element: {&quot;method&quot;:&quot;xpath&quot;,&quot;selector&quot;:&quot;//a[@class=&apos;li_Hana navbar-brand&apos;]&quot;}
  (Session info: chrome=128.0.6613.84)
For documentation on this error, please visit: https://www.selenium.dev/documentation/webdriver/troubleshooting/errors#no-such-element-exception
Build info: version: &apos;4.22.0&apos;, revision: &apos;c5f3146703*&apos;
System info: os.name: &apos;Windows 11&apos;, os.arch: &apos;amd64&apos;, os.version: &apos;10.0&apos;, java.version: &apos;21.0.2&apos;
Driver info: org.openqa.selenium.chrome.ChromeDriver
Command: [35af571315bac696257155e39aa4b35a, findElement {value=//a[@class=&apos;li_Hana navbar-brand&apos;], using=xpath}]
Capabilities {acceptInsecureCerts: false, browserName: chrome, browserVersion: 128.0.6613.84, chrome: {chromedriverVersion: 128.0.6613.84 (606aa55c7d68..., userDataDir: C:\Users\Balaji\AppData\Loc...}, fedcm:accounts: true, goog:chromeOptions: {debuggerAddress: localhost:63534}, networkConnectionEnabled: false, pageLoadStrategy: normal, platformName: windows, proxy: Proxy(), se:cdp: ws://localhost:63534/devtoo..., se:cdpVersion: 128.0.6613.84, setWindowRect: true, strictFileInteractability: false, timeouts: {implicit: 0, pageLoad: 300000, script: 30000}, unhandledPromptBehavior: dismiss and notify, webauthn:extension:credBlob: true, webauthn:extension:largeBlob: true, webauthn:extension:minPinLength: true, webauthn:extension:prf: true, webauthn:virtualAuthenticators: true}
Session ID: 35af571315bac696257155e39aa4b35a
	at org.testng.Assert.fail(Assert.java:111)
	at com.hanapos.OrderEntry_Alais_PickUp_PhoneOrderTest.Hana_T146_Pickup_RecipientSection_WithExistingRecipientDetails_FT.Validate_Hana_T146_Pickup_RecipientSection_With_Existing_RecipientDetails_Functionality_Test(Hana_T146_Pickup_RecipientSection_WithExistingRecipientDetails_FT.java:161)
	at java.base/jdk.internal.reflect.DirectMethodHandleAccessor.invoke(DirectMethodHandleAccessor.java:103)
	at java.base/java.lang.reflect.Method.invoke(Method.java:580)
	at org.testng.internal.invokers.MethodInvocationHelper.invokeMethod(MethodInvocationHelper.java:141)
	at org.testng.internal.invokers.TestInvoker.invokeMethod(TestInvoker.java:686)
	at org.testng.internal.invokers.TestInvoker.invokeTestMethod(TestInvoker.java:230)
	at org.testng.internal.invokers.MethodRunner.runInSequence(MethodRunner.java:63)
	at org.testng.internal.invokers.TestInvoker$MethodInvocationAgent.invoke(TestInvoker.java:992)
	at org.testng.internal.invokers.TestInvoker.invokeTestMethods(TestInvoker.java:203)
	at org.testng.internal.invokers.TestMethodWorker.invokeTestMethods(TestMethodWorker.java:154)
	at org.testng.internal.invokers.TestMethodWorker.run(TestMethodWorker.java:134)
	at java.base/java.util.concurrent.Executors$RunnableAdapter.call(Executors.java:572)
	at java.base/java.util.concurrent.FutureTask.run(FutureTask.java:317)
	at org.testng.internal.thread.graph.TestNGFutureTask.run(TestNGFutureTask.java:22)
	at java.base/java.util.concurrent.ThreadPoolExecutor.runWorker(ThreadPoolExecutor.java:1144)
	at java.base/java.util.concurrent.ThreadPoolExecutor$Worker.run(ThreadPoolExecutor.java:642)
	at java.base/java.lang.Thread.run(Thread.java:1583)
</pre></div></td>
<td>128</td>
<td>com.hanapos.OrderEntry_Alais_PickUp_PhoneOrderTest.Hana_T146_Pickup_RecipientSection_WithExistingRecipientDetails_FT@63611043</td></tr>
<tr>
<td title='com.hanapos.OrderEntry_Alais_PickUp_PhoneOrderTest.Hana_T153_Pickup_RecipientSection_AttentionFieldLookup_FT.Validate_Hana_T153_Pickup_RecipientSection_AttentionFieldLookup_Functionality_Test()'><b>Validate_Hana_T153_Pickup_RecipientSection_AttentionFieldLookup_Functionality_Test</b><br>Test class: com.hanapos.OrderEntry_Alais_PickUp_PhoneOrderTest.Hana_T153_Pickup_RecipientSection_AttentionFieldLookup_FT</td>
<td><div><pre>java.lang.AssertionError: The following asserts failed:
	Test Step - 7 - Recipient phone number is not matched with customer phonenumber 1 field on phone order page recipient section expected [956-444-0756] but found [],
	Test Step - 7 - Recipient alt phone number is not matched with customer phonenumber2 on phone order page recipient section expected [956-444-0756] but found [],
	Test Step - 11 - Recipient phone number is not matched with customer phonenumber 1 field on phone order page recipient section expected [956-444-0756] but found [],
	Test Step - 13 - Recipient phone number is not matched with customer phonenumber 1 field on phone order page recipient section expected [956-444-0756] but found [7738380600]
	at org.testng.asserts.SoftAssert.assertAll(SoftAssert.java:46)
	at org.testng.asserts.SoftAssert.assertAll(SoftAssert.java:30)
	at com.hanapos.OrderEntry_Alais_PickUp_PhoneOrderTest.Hana_T153_Pickup_RecipientSection_AttentionFieldLookup_FT.Validate_Hana_T153_Pickup_RecipientSection_AttentionFieldLookup_Functionality_Test(Hana_T153_Pickup_RecipientSection_AttentionFieldLookup_FT.java:136)
	at java.base/jdk.internal.reflect.DirectMethodHandleAccessor.invoke(DirectMethodHandleAccessor.java:103)
	at java.base/java.lang.reflect.Method.invoke(Method.java:580)
	at org.testng.internal.invokers.MethodInvocationHelper.invokeMethod(MethodInvocationHelper.java:141)
	at org.testng.internal.invokers.TestInvoker.invokeMethod(TestInvoker.java:686)
	at org.testng.internal.invokers.TestInvoker.invokeTestMethod(TestInvoker.java:230)
	at org.testng.internal.invokers.MethodRunner.runInSequence(MethodRunner.java:63)
	at org.testng.internal.invokers.TestInvoker$MethodInvocationAgent.invoke(TestInvoker.java:992)
	at org.testng.internal.invokers.TestInvoker.invokeTestMethods(TestInvoker.java:203)
	at org.testng.internal.invokers.TestMethodWorker.invokeTestMethods(TestMethodWorker.java:154)
	at org.testng.internal.invokers.TestMethodWorker.run(TestMethodWorker.java:134)
	at java.base/java.util.concurrent.Executors$RunnableAdapter.call(Executors.java:572)
	at java.base/java.util.concurrent.FutureTask.run(FutureTask.java:317)
	at org.testng.internal.thread.graph.TestNGFutureTask.run(TestNGFutureTask.java:22)
	at java.base/java.util.concurrent.ThreadPoolExecutor.runWorker(ThreadPoolExecutor.java:1144)
	at java.base/java.util.concurrent.ThreadPoolExecutor$Worker.run(ThreadPoolExecutor.java:642)
	at java.base/java.lang.Thread.run(Thread.java:1583)
</pre></div><a href='#' onClick='toggleBox("stack-trace1091817818", this, "Click to show all stack frames", "Click to hide stack frames")'>Click to show all stack frames</a>
<div class='stack-trace' id='stack-trace1091817818'><pre>java.lang.AssertionError: The following asserts failed:
	Test Step - 7 - Recipient phone number is not matched with customer phonenumber 1 field on phone order page recipient section expected [956-444-0756] but found [],
	Test Step - 7 - Recipient alt phone number is not matched with customer phonenumber2 on phone order page recipient section expected [956-444-0756] but found [],
	Test Step - 11 - Recipient phone number is not matched with customer phonenumber 1 field on phone order page recipient section expected [956-444-0756] but found [],
	Test Step - 13 - Recipient phone number is not matched with customer phonenumber 1 field on phone order page recipient section expected [956-444-0756] but found [7738380600]
	at org.testng.asserts.SoftAssert.assertAll(SoftAssert.java:46)
	at org.testng.asserts.SoftAssert.assertAll(SoftAssert.java:30)
	at com.hanapos.OrderEntry_Alais_PickUp_PhoneOrderTest.Hana_T153_Pickup_RecipientSection_AttentionFieldLookup_FT.Validate_Hana_T153_Pickup_RecipientSection_AttentionFieldLookup_Functionality_Test(Hana_T153_Pickup_RecipientSection_AttentionFieldLookup_FT.java:136)
	at java.base/jdk.internal.reflect.DirectMethodHandleAccessor.invoke(DirectMethodHandleAccessor.java:103)
	at java.base/java.lang.reflect.Method.invoke(Method.java:580)
	at org.testng.internal.invokers.MethodInvocationHelper.invokeMethod(MethodInvocationHelper.java:141)
	at org.testng.internal.invokers.TestInvoker.invokeMethod(TestInvoker.java:686)
	at org.testng.internal.invokers.TestInvoker.invokeTestMethod(TestInvoker.java:230)
	at org.testng.internal.invokers.MethodRunner.runInSequence(MethodRunner.java:63)
	at org.testng.internal.invokers.TestInvoker$MethodInvocationAgent.invoke(TestInvoker.java:992)
	at org.testng.internal.invokers.TestInvoker.invokeTestMethods(TestInvoker.java:203)
	at org.testng.internal.invokers.TestMethodWorker.invokeTestMethods(TestMethodWorker.java:154)
	at org.testng.internal.invokers.TestMethodWorker.run(TestMethodWorker.java:134)
	at java.base/java.util.concurrent.Executors$RunnableAdapter.call(Executors.java:572)
	at java.base/java.util.concurrent.FutureTask.run(FutureTask.java:317)
	at org.testng.internal.thread.graph.TestNGFutureTask.run(TestNGFutureTask.java:22)
	at java.base/java.util.concurrent.ThreadPoolExecutor.runWorker(ThreadPoolExecutor.java:1144)
	at java.base/java.util.concurrent.ThreadPoolExecutor$Worker.run(ThreadPoolExecutor.java:642)
	at java.base/java.lang.Thread.run(Thread.java:1583)
</pre></div></td>
<td>56</td>
<td>com.hanapos.OrderEntry_Alais_PickUp_PhoneOrderTest.Hana_T153_Pickup_RecipientSection_AttentionFieldLookup_FT@4e423aa2</td></tr>
<tr>
<td title='com.hanapos.OrderEntry_Alais_PickUp_PhoneOrderTest.Hana_T141_Pickup_CustomerSection_CustomerHistory_FT.Validate_Hana_T141_Pickup_CustomerSection_CustomerHistory_Functionality_Test()'><b>Validate_Hana_T141_Pickup_CustomerSection_CustomerHistory_Functionality_Test</b><br>Test class: com.hanapos.OrderEntry_Alais_PickUp_PhoneOrderTest.Hana_T141_Pickup_CustomerSection_CustomerHistory_FT</td>
<td><div><pre>java.lang.AssertionError: The following asserts failed:
	Test Step - 10 - Previous Selected Payment type is not displayed on phone order page payment section expected [Cash] but found [COD - Cash On Delivery],
	Test Step - 11 - Recipient location is not displayed on phone order page recipient section expected [Church] but found [Business],
	Test Step - 11 - Delivery date is not displayed on phone order page recipient section expected [] but found [08/26/2024],
	Test Step - 9 - Item code is not displayed on phone order page product details section expected [rrd] but found [RRD],
	Test Step - 9 - Item description is not displayed on phone order page product details section expected [Red Rose Deluxe] but found [],
	Test Step - 9 - Item quantity is not displayed on phone order page product details section expected [1.00] but found [1],
	Test Step - 9 - Item price is not displayed on phone order page product details section expected [299.00] but found [0.00],
	Test Step - 8 -Entered Short code is not displayed on phone order page order details section expected [Happy Birthday! Hope You Have An Amazing Day!] but found [Hi !!!],
	null
	at org.testng.asserts.SoftAssert.assertAll(SoftAssert.java:46)
	at org.testng.asserts.SoftAssert.assertAll(SoftAssert.java:30)
	at com.hanapos.OrderEntry_Alais_PickUp_PhoneOrderTest.Hana_T141_Pickup_CustomerSection_CustomerHistory_FT.Validate_Hana_T141_Pickup_CustomerSection_CustomerHistory_Functionality_Test(Hana_T141_Pickup_CustomerSection_CustomerHistory_FT.java:343)
	at java.base/jdk.internal.reflect.DirectMethodHandleAccessor.invoke(DirectMethodHandleAccessor.java:103)
	at java.base/java.lang.reflect.Method.invoke(Method.java:580)
	at org.testng.internal.invokers.MethodInvocationHelper.invokeMethod(MethodInvocationHelper.java:141)
	at org.testng.internal.invokers.TestInvoker.invokeMethod(TestInvoker.java:686)
	at org.testng.internal.invokers.TestInvoker.invokeTestMethod(TestInvoker.java:230)
	at org.testng.internal.invokers.MethodRunner.runInSequence(MethodRunner.java:63)
	at org.testng.internal.invokers.TestInvoker$MethodInvocationAgent.invoke(TestInvoker.java:992)
	at org.testng.internal.invokers.TestInvoker.invokeTestMethods(TestInvoker.java:203)
	at org.testng.internal.invokers.TestMethodWorker.invokeTestMethods(TestMethodWorker.java:154)
	at org.testng.internal.invokers.TestMethodWorker.run(TestMethodWorker.java:134)
	at java.base/java.util.concurrent.Executors$RunnableAdapter.call(Executors.java:572)
	at java.base/java.util.concurrent.FutureTask.run(FutureTask.java:317)
	at org.testng.internal.thread.graph.TestNGFutureTask.run(TestNGFutureTask.java:22)
	at java.base/java.util.concurrent.ThreadPoolExecutor.runWorker(ThreadPoolExecutor.java:1144)
	at java.base/java.util.concurrent.ThreadPoolExecutor$Worker.run(ThreadPoolExecutor.java:642)
	at java.base/java.lang.Thread.run(Thread.java:1583)
</pre></div><a href='#' onClick='toggleBox("stack-trace1265326689", this, "Click to show all stack frames", "Click to hide stack frames")'>Click to show all stack frames</a>
<div class='stack-trace' id='stack-trace1265326689'><pre>java.lang.AssertionError: The following asserts failed:
	Test Step - 10 - Previous Selected Payment type is not displayed on phone order page payment section expected [Cash] but found [COD - Cash On Delivery],
	Test Step - 11 - Recipient location is not displayed on phone order page recipient section expected [Church] but found [Business],
	Test Step - 11 - Delivery date is not displayed on phone order page recipient section expected [] but found [08/26/2024],
	Test Step - 9 - Item code is not displayed on phone order page product details section expected [rrd] but found [RRD],
	Test Step - 9 - Item description is not displayed on phone order page product details section expected [Red Rose Deluxe] but found [],
	Test Step - 9 - Item quantity is not displayed on phone order page product details section expected [1.00] but found [1],
	Test Step - 9 - Item price is not displayed on phone order page product details section expected [299.00] but found [0.00],
	Test Step - 8 -Entered Short code is not displayed on phone order page order details section expected [Happy Birthday! Hope You Have An Amazing Day!] but found [Hi !!!],
	null
	at org.testng.asserts.SoftAssert.assertAll(SoftAssert.java:46)
	at org.testng.asserts.SoftAssert.assertAll(SoftAssert.java:30)
	at com.hanapos.OrderEntry_Alais_PickUp_PhoneOrderTest.Hana_T141_Pickup_CustomerSection_CustomerHistory_FT.Validate_Hana_T141_Pickup_CustomerSection_CustomerHistory_Functionality_Test(Hana_T141_Pickup_CustomerSection_CustomerHistory_FT.java:343)
	at java.base/jdk.internal.reflect.DirectMethodHandleAccessor.invoke(DirectMethodHandleAccessor.java:103)
	at java.base/java.lang.reflect.Method.invoke(Method.java:580)
	at org.testng.internal.invokers.MethodInvocationHelper.invokeMethod(MethodInvocationHelper.java:141)
	at org.testng.internal.invokers.TestInvoker.invokeMethod(TestInvoker.java:686)
	at org.testng.internal.invokers.TestInvoker.invokeTestMethod(TestInvoker.java:230)
	at org.testng.internal.invokers.MethodRunner.runInSequence(MethodRunner.java:63)
	at org.testng.internal.invokers.TestInvoker$MethodInvocationAgent.invoke(TestInvoker.java:992)
	at org.testng.internal.invokers.TestInvoker.invokeTestMethods(TestInvoker.java:203)
	at org.testng.internal.invokers.TestMethodWorker.invokeTestMethods(TestMethodWorker.java:154)
	at org.testng.internal.invokers.TestMethodWorker.run(TestMethodWorker.java:134)
	at java.base/java.util.concurrent.Executors$RunnableAdapter.call(Executors.java:572)
	at java.base/java.util.concurrent.FutureTask.run(FutureTask.java:317)
	at org.testng.internal.thread.graph.TestNGFutureTask.run(TestNGFutureTask.java:22)
	at java.base/java.util.concurrent.ThreadPoolExecutor.runWorker(ThreadPoolExecutor.java:1144)
	at java.base/java.util.concurrent.ThreadPoolExecutor$Worker.run(ThreadPoolExecutor.java:642)
	at java.base/java.lang.Thread.run(Thread.java:1583)
</pre></div></td>
<td>78</td>
<td>com.hanapos.OrderEntry_Alais_PickUp_PhoneOrderTest.Hana_T141_Pickup_CustomerSection_CustomerHistory_FT@59e505b2</td></tr>
<tr>
<td title='com.hanapos.OrderEntry_Alais_PickUp_PhoneOrderTest.Hana_T138_Pickup_CustomerSection_Edit_Customer_CustomerDetails_Statements_LessThanOneMonthCustomer_FT.Validate_Hana_T138_Pickup_CustomerSection_Edit_Customer_CustomerDetails_Statements_LessThanOneMonthCustomer_Functionality_Test()'><b>Validate_Hana_T138_Pickup_CustomerSection_Edit_Customer_CustomerDetails_Statements_LessThanOneMonthCustomer_Functionality_Test</b><br>Test class: com.hanapos.OrderEntry_Alais_PickUp_PhoneOrderTest.Hana_T138_Pickup_CustomerSection_Edit_Customer_CustomerDetails_Statements_LessThanOneMonthCustomer_FT</td>
<td><div><pre>java.lang.AssertionError: The following asserts failed:
	Test Step - 10 - Select month dropdown options is not empty on Statements tab on customer details popup is not displayed expected [true] but found [false]
	at org.testng.asserts.SoftAssert.assertAll(SoftAssert.java:46)
	at org.testng.asserts.SoftAssert.assertAll(SoftAssert.java:30)
	at com.hanapos.OrderEntry_Alais_PickUp_PhoneOrderTest.Hana_T138_Pickup_CustomerSection_Edit_Customer_CustomerDetails_Statements_LessThanOneMonthCustomer_FT.Validate_Hana_T138_Pickup_CustomerSection_Edit_Customer_CustomerDetails_Statements_LessThanOneMonthCustomer_Functionality_Test(Hana_T138_Pickup_CustomerSection_Edit_Customer_CustomerDetails_Statements_LessThanOneMonthCustomer_FT.java:85)
	at java.base/jdk.internal.reflect.DirectMethodHandleAccessor.invoke(DirectMethodHandleAccessor.java:103)
	at java.base/java.lang.reflect.Method.invoke(Method.java:580)
	at org.testng.internal.invokers.MethodInvocationHelper.invokeMethod(MethodInvocationHelper.java:141)
	at org.testng.internal.invokers.TestInvoker.invokeMethod(TestInvoker.java:686)
	at org.testng.internal.invokers.TestInvoker.invokeTestMethod(TestInvoker.java:230)
	at org.testng.internal.invokers.MethodRunner.runInSequence(MethodRunner.java:63)
	at org.testng.internal.invokers.TestInvoker$MethodInvocationAgent.invoke(TestInvoker.java:992)
	at org.testng.internal.invokers.TestInvoker.invokeTestMethods(TestInvoker.java:203)
	at org.testng.internal.invokers.TestMethodWorker.invokeTestMethods(TestMethodWorker.java:154)
	at org.testng.internal.invokers.TestMethodWorker.run(TestMethodWorker.java:134)
	at java.base/java.util.concurrent.Executors$RunnableAdapter.call(Executors.java:572)
	at java.base/java.util.concurrent.FutureTask.run(FutureTask.java:317)
	at org.testng.internal.thread.graph.TestNGFutureTask.run(TestNGFutureTask.java:22)
	at java.base/java.util.concurrent.ThreadPoolExecutor.runWorker(ThreadPoolExecutor.java:1144)
	at java.base/java.util.concurrent.ThreadPoolExecutor$Worker.run(ThreadPoolExecutor.java:642)
	at java.base/java.lang.Thread.run(Thread.java:1583)
</pre></div><a href='#' onClick='toggleBox("stack-trace1770997186", this, "Click to show all stack frames", "Click to hide stack frames")'>Click to show all stack frames</a>
<div class='stack-trace' id='stack-trace1770997186'><pre>java.lang.AssertionError: The following asserts failed:
	Test Step - 10 - Select month dropdown options is not empty on Statements tab on customer details popup is not displayed expected [true] but found [false]
	at org.testng.asserts.SoftAssert.assertAll(SoftAssert.java:46)
	at org.testng.asserts.SoftAssert.assertAll(SoftAssert.java:30)
	at com.hanapos.OrderEntry_Alais_PickUp_PhoneOrderTest.Hana_T138_Pickup_CustomerSection_Edit_Customer_CustomerDetails_Statements_LessThanOneMonthCustomer_FT.Validate_Hana_T138_Pickup_CustomerSection_Edit_Customer_CustomerDetails_Statements_LessThanOneMonthCustomer_Functionality_Test(Hana_T138_Pickup_CustomerSection_Edit_Customer_CustomerDetails_Statements_LessThanOneMonthCustomer_FT.java:85)
	at java.base/jdk.internal.reflect.DirectMethodHandleAccessor.invoke(DirectMethodHandleAccessor.java:103)
	at java.base/java.lang.reflect.Method.invoke(Method.java:580)
	at org.testng.internal.invokers.MethodInvocationHelper.invokeMethod(MethodInvocationHelper.java:141)
	at org.testng.internal.invokers.TestInvoker.invokeMethod(TestInvoker.java:686)
	at org.testng.internal.invokers.TestInvoker.invokeTestMethod(TestInvoker.java:230)
	at org.testng.internal.invokers.MethodRunner.runInSequence(MethodRunner.java:63)
	at org.testng.internal.invokers.TestInvoker$MethodInvocationAgent.invoke(TestInvoker.java:992)
	at org.testng.internal.invokers.TestInvoker.invokeTestMethods(TestInvoker.java:203)
	at org.testng.internal.invokers.TestMethodWorker.invokeTestMethods(TestMethodWorker.java:154)
	at org.testng.internal.invokers.TestMethodWorker.run(TestMethodWorker.java:134)
	at java.base/java.util.concurrent.Executors$RunnableAdapter.call(Executors.java:572)
	at java.base/java.util.concurrent.FutureTask.run(FutureTask.java:317)
	at org.testng.internal.thread.graph.TestNGFutureTask.run(TestNGFutureTask.java:22)
	at java.base/java.util.concurrent.ThreadPoolExecutor.runWorker(ThreadPoolExecutor.java:1144)
	at java.base/java.util.concurrent.ThreadPoolExecutor$Worker.run(ThreadPoolExecutor.java:642)
	at java.base/java.lang.Thread.run(Thread.java:1583)
</pre></div></td>
<td>102</td>
<td>com.hanapos.OrderEntry_Alais_PickUp_PhoneOrderTest.Hana_T138_Pickup_CustomerSection_Edit_Customer_CustomerDetails_Statements_LessThanOneMonthCustomer_FT@4b213651</td></tr>
<tr>
<td title='com.hanapos.OrderEntry_Alais_PickUp_PhoneOrderTest.Hana_T131_Pickup_CustomerSection_Edit_Customer_CustomerDetails_OrderDetails_StatusSearchFilter_FT.Validate_Hana_T131_Pickup_CustomerSection_Edit_Customer_CustomerDetails_OrderDetails_StatusSearchFilter_Functionality_Test()'><b>Validate_Hana_T131_Pickup_CustomerSection_Edit_Customer_CustomerDetails_OrderDetails_StatusSearchFilter_Functionality_Test</b><br>Test class: com.hanapos.OrderEntry_Alais_PickUp_PhoneOrderTest.Hana_T131_Pickup_CustomerSection_Edit_Customer_CustomerDetails_OrderDetails_StatusSearchFilter_FT</td>
<td><div><pre>java.lang.AssertionError: The following asserts failed:
	Test Step - 12 - Filtered status with 3 characters is not displayed on the order details tab at customer details popup expected [true] but found [false]
	at org.testng.asserts.SoftAssert.assertAll(SoftAssert.java:46)
	at org.testng.asserts.SoftAssert.assertAll(SoftAssert.java:30)
	at com.hanapos.OrderEntry_Alais_PickUp_PhoneOrderTest.Hana_T131_Pickup_CustomerSection_Edit_Customer_CustomerDetails_OrderDetails_StatusSearchFilter_FT.Validate_Hana_T131_Pickup_CustomerSection_Edit_Customer_CustomerDetails_OrderDetails_StatusSearchFilter_Functionality_Test(Hana_T131_Pickup_CustomerSection_Edit_Customer_CustomerDetails_OrderDetails_StatusSearchFilter_FT.java:120)
	at java.base/jdk.internal.reflect.DirectMethodHandleAccessor.invoke(DirectMethodHandleAccessor.java:103)
	at java.base/java.lang.reflect.Method.invoke(Method.java:580)
	at org.testng.internal.invokers.MethodInvocationHelper.invokeMethod(MethodInvocationHelper.java:141)
	at org.testng.internal.invokers.TestInvoker.invokeMethod(TestInvoker.java:686)
	at org.testng.internal.invokers.TestInvoker.invokeTestMethod(TestInvoker.java:230)
	at org.testng.internal.invokers.MethodRunner.runInSequence(MethodRunner.java:63)
	at org.testng.internal.invokers.TestInvoker$MethodInvocationAgent.invoke(TestInvoker.java:992)
	at org.testng.internal.invokers.TestInvoker.invokeTestMethods(TestInvoker.java:203)
	at org.testng.internal.invokers.TestMethodWorker.invokeTestMethods(TestMethodWorker.java:154)
	at org.testng.internal.invokers.TestMethodWorker.run(TestMethodWorker.java:134)
	at java.base/java.util.concurrent.Executors$RunnableAdapter.call(Executors.java:572)
	at java.base/java.util.concurrent.FutureTask.run(FutureTask.java:317)
	at org.testng.internal.thread.graph.TestNGFutureTask.run(TestNGFutureTask.java:22)
	at java.base/java.util.concurrent.ThreadPoolExecutor.runWorker(ThreadPoolExecutor.java:1144)
	at java.base/java.util.concurrent.ThreadPoolExecutor$Worker.run(ThreadPoolExecutor.java:642)
	at java.base/java.lang.Thread.run(Thread.java:1583)
</pre></div><a href='#' onClick='toggleBox("stack-trace222339281", this, "Click to show all stack frames", "Click to hide stack frames")'>Click to show all stack frames</a>
<div class='stack-trace' id='stack-trace222339281'><pre>java.lang.AssertionError: The following asserts failed:
	Test Step - 12 - Filtered status with 3 characters is not displayed on the order details tab at customer details popup expected [true] but found [false]
	at org.testng.asserts.SoftAssert.assertAll(SoftAssert.java:46)
	at org.testng.asserts.SoftAssert.assertAll(SoftAssert.java:30)
	at com.hanapos.OrderEntry_Alais_PickUp_PhoneOrderTest.Hana_T131_Pickup_CustomerSection_Edit_Customer_CustomerDetails_OrderDetails_StatusSearchFilter_FT.Validate_Hana_T131_Pickup_CustomerSection_Edit_Customer_CustomerDetails_OrderDetails_StatusSearchFilter_Functionality_Test(Hana_T131_Pickup_CustomerSection_Edit_Customer_CustomerDetails_OrderDetails_StatusSearchFilter_FT.java:120)
	at java.base/jdk.internal.reflect.DirectMethodHandleAccessor.invoke(DirectMethodHandleAccessor.java:103)
	at java.base/java.lang.reflect.Method.invoke(Method.java:580)
	at org.testng.internal.invokers.MethodInvocationHelper.invokeMethod(MethodInvocationHelper.java:141)
	at org.testng.internal.invokers.TestInvoker.invokeMethod(TestInvoker.java:686)
	at org.testng.internal.invokers.TestInvoker.invokeTestMethod(TestInvoker.java:230)
	at org.testng.internal.invokers.MethodRunner.runInSequence(MethodRunner.java:63)
	at org.testng.internal.invokers.TestInvoker$MethodInvocationAgent.invoke(TestInvoker.java:992)
	at org.testng.internal.invokers.TestInvoker.invokeTestMethods(TestInvoker.java:203)
	at org.testng.internal.invokers.TestMethodWorker.invokeTestMethods(TestMethodWorker.java:154)
	at org.testng.internal.invokers.TestMethodWorker.run(TestMethodWorker.java:134)
	at java.base/java.util.concurrent.Executors$RunnableAdapter.call(Executors.java:572)
	at java.base/java.util.concurrent.FutureTask.run(FutureTask.java:317)
	at org.testng.internal.thread.graph.TestNGFutureTask.run(TestNGFutureTask.java:22)
	at java.base/java.util.concurrent.ThreadPoolExecutor.runWorker(ThreadPoolExecutor.java:1144)
	at java.base/java.util.concurrent.ThreadPoolExecutor$Worker.run(ThreadPoolExecutor.java:642)
	at java.base/java.lang.Thread.run(Thread.java:1583)
</pre></div></td>
<td>108</td>
<td>com.hanapos.OrderEntry_Alais_PickUp_PhoneOrderTest.Hana_T131_Pickup_CustomerSection_Edit_Customer_CustomerDetails_OrderDetails_StatusSearchFilter_FT@3f67593e</td></tr>
<tr>
<td title='com.hanapos.OrderEntry_Alais_PickUp_PhoneOrderTest.Hana_T134_Pickup_CustomerSection_Edit_Customer_CustomerDetails_OrderDetails_OrderDateSearchFilter_FT.Validate_Hana_T134_Pickup_CustomerSection_Edit_Customer_CustomerDetails_OrderDetails_OrderDateSearchFilter_Functionality_Test()'><b>Validate_Hana_T134_Pickup_CustomerSection_Edit_Customer_CustomerDetails_OrderDetails_OrderDateSearchFilter_Functionality_Test</b><br>Test class: com.hanapos.OrderEntry_Alais_PickUp_PhoneOrderTest.Hana_T134_Pickup_CustomerSection_Edit_Customer_CustomerDetails_OrderDetails_OrderDateSearchFilter_FT</td>
<td><div><pre>java.lang.AssertionError: The following asserts failed:
	Test Step - 14 - Filtered Order Date with invalid in Order date search box entered data is not cleared in order details tab at customer details popup expected [] but found [14/34/21211]
	at org.testng.asserts.SoftAssert.assertAll(SoftAssert.java:46)
	at org.testng.asserts.SoftAssert.assertAll(SoftAssert.java:30)
	at com.hanapos.OrderEntry_Alais_PickUp_PhoneOrderTest.Hana_T134_Pickup_CustomerSection_Edit_Customer_CustomerDetails_OrderDetails_OrderDateSearchFilter_FT.Validate_Hana_T134_Pickup_CustomerSection_Edit_Customer_CustomerDetails_OrderDetails_OrderDateSearchFilter_Functionality_Test(Hana_T134_Pickup_CustomerSection_Edit_Customer_CustomerDetails_OrderDetails_OrderDateSearchFilter_FT.java:130)
	at java.base/jdk.internal.reflect.DirectMethodHandleAccessor.invoke(DirectMethodHandleAccessor.java:103)
	at java.base/java.lang.reflect.Method.invoke(Method.java:580)
	at org.testng.internal.invokers.MethodInvocationHelper.invokeMethod(MethodInvocationHelper.java:141)
	at org.testng.internal.invokers.TestInvoker.invokeMethod(TestInvoker.java:686)
	at org.testng.internal.invokers.TestInvoker.invokeTestMethod(TestInvoker.java:230)
	at org.testng.internal.invokers.MethodRunner.runInSequence(MethodRunner.java:63)
	at org.testng.internal.invokers.TestInvoker$MethodInvocationAgent.invoke(TestInvoker.java:992)
	at org.testng.internal.invokers.TestInvoker.invokeTestMethods(TestInvoker.java:203)
	at org.testng.internal.invokers.TestMethodWorker.invokeTestMethods(TestMethodWorker.java:154)
	at org.testng.internal.invokers.TestMethodWorker.run(TestMethodWorker.java:134)
	at java.base/java.util.concurrent.Executors$RunnableAdapter.call(Executors.java:572)
	at java.base/java.util.concurrent.FutureTask.run(FutureTask.java:317)
	at org.testng.internal.thread.graph.TestNGFutureTask.run(TestNGFutureTask.java:22)
	at java.base/java.util.concurrent.ThreadPoolExecutor.runWorker(ThreadPoolExecutor.java:1144)
	at java.base/java.util.concurrent.ThreadPoolExecutor$Worker.run(ThreadPoolExecutor.java:642)
	at java.base/java.lang.Thread.run(Thread.java:1583)
</pre></div><a href='#' onClick='toggleBox("stack-trace842419047", this, "Click to show all stack frames", "Click to hide stack frames")'>Click to show all stack frames</a>
<div class='stack-trace' id='stack-trace842419047'><pre>java.lang.AssertionError: The following asserts failed:
	Test Step - 14 - Filtered Order Date with invalid in Order date search box entered data is not cleared in order details tab at customer details popup expected [] but found [14/34/21211]
	at org.testng.asserts.SoftAssert.assertAll(SoftAssert.java:46)
	at org.testng.asserts.SoftAssert.assertAll(SoftAssert.java:30)
	at com.hanapos.OrderEntry_Alais_PickUp_PhoneOrderTest.Hana_T134_Pickup_CustomerSection_Edit_Customer_CustomerDetails_OrderDetails_OrderDateSearchFilter_FT.Validate_Hana_T134_Pickup_CustomerSection_Edit_Customer_CustomerDetails_OrderDetails_OrderDateSearchFilter_Functionality_Test(Hana_T134_Pickup_CustomerSection_Edit_Customer_CustomerDetails_OrderDetails_OrderDateSearchFilter_FT.java:130)
	at java.base/jdk.internal.reflect.DirectMethodHandleAccessor.invoke(DirectMethodHandleAccessor.java:103)
	at java.base/java.lang.reflect.Method.invoke(Method.java:580)
	at org.testng.internal.invokers.MethodInvocationHelper.invokeMethod(MethodInvocationHelper.java:141)
	at org.testng.internal.invokers.TestInvoker.invokeMethod(TestInvoker.java:686)
	at org.testng.internal.invokers.TestInvoker.invokeTestMethod(TestInvoker.java:230)
	at org.testng.internal.invokers.MethodRunner.runInSequence(MethodRunner.java:63)
	at org.testng.internal.invokers.TestInvoker$MethodInvocationAgent.invoke(TestInvoker.java:992)
	at org.testng.internal.invokers.TestInvoker.invokeTestMethods(TestInvoker.java:203)
	at org.testng.internal.invokers.TestMethodWorker.invokeTestMethods(TestMethodWorker.java:154)
	at org.testng.internal.invokers.TestMethodWorker.run(TestMethodWorker.java:134)
	at java.base/java.util.concurrent.Executors$RunnableAdapter.call(Executors.java:572)
	at java.base/java.util.concurrent.FutureTask.run(FutureTask.java:317)
	at org.testng.internal.thread.graph.TestNGFutureTask.run(TestNGFutureTask.java:22)
	at java.base/java.util.concurrent.ThreadPoolExecutor.runWorker(ThreadPoolExecutor.java:1144)
	at java.base/java.util.concurrent.ThreadPoolExecutor$Worker.run(ThreadPoolExecutor.java:642)
	at java.base/java.lang.Thread.run(Thread.java:1583)
</pre></div></td>
<td>87</td>
<td>com.hanapos.OrderEntry_Alais_PickUp_PhoneOrderTest.Hana_T134_Pickup_CustomerSection_Edit_Customer_CustomerDetails_OrderDetails_OrderDateSearchFilter_FT@3d246ea3</td></tr>
<tr>
<td title='com.hanapos.OrderEntry_Alais_PickUp_PhoneOrderTest.Hana_T125_Pickup_CustomerSection_Edit_Customer_CustomerDetails_PaymentDetails_CCNumber_SearchFilter_FT.Validate_Hana_T125_Pickup_CustomerSection_Edit_Customer_CustomerDetails_PaymentDetails_CCNumber_SearchFilter_Functionality_Test()'><b>Validate_Hana_T125_Pickup_CustomerSection_Edit_Customer_CustomerDetails_PaymentDetails_CCNumber_SearchFilter_Functionality_Test</b><br>Test class: com.hanapos.OrderEntry_Alais_PickUp_PhoneOrderTest.Hana_T125_Pickup_CustomerSection_Edit_Customer_CustomerDetails_PaymentDetails_CCNumber_SearchFilter_FT</td>
<td><div><pre>java.lang.AssertionError: The following asserts failed:
	Test Step - 10 - Entered Credit Card number is not displayed on the payment details tab at customer details popup expected [true] but found [false],
	Test Step - 12 - Entered Credit Card number is not displayed on the payment details tab at customer details popup expected [true] but found [false]
	at org.testng.asserts.SoftAssert.assertAll(SoftAssert.java:46)
	at org.testng.asserts.SoftAssert.assertAll(SoftAssert.java:30)
	at com.hanapos.OrderEntry_Alais_PickUp_PhoneOrderTest.Hana_T125_Pickup_CustomerSection_Edit_Customer_CustomerDetails_PaymentDetails_CCNumber_SearchFilter_FT.Validate_Hana_T125_Pickup_CustomerSection_Edit_Customer_CustomerDetails_PaymentDetails_CCNumber_SearchFilter_Functionality_Test(Hana_T125_Pickup_CustomerSection_Edit_Customer_CustomerDetails_PaymentDetails_CCNumber_SearchFilter_FT.java:114)
	at java.base/jdk.internal.reflect.DirectMethodHandleAccessor.invoke(DirectMethodHandleAccessor.java:103)
	at java.base/java.lang.reflect.Method.invoke(Method.java:580)
	at org.testng.internal.invokers.MethodInvocationHelper.invokeMethod(MethodInvocationHelper.java:141)
	at org.testng.internal.invokers.TestInvoker.invokeMethod(TestInvoker.java:686)
	at org.testng.internal.invokers.TestInvoker.invokeTestMethod(TestInvoker.java:230)
	at org.testng.internal.invokers.MethodRunner.runInSequence(MethodRunner.java:63)
	at org.testng.internal.invokers.TestInvoker$MethodInvocationAgent.invoke(TestInvoker.java:992)
	at org.testng.internal.invokers.TestInvoker.invokeTestMethods(TestInvoker.java:203)
	at org.testng.internal.invokers.TestMethodWorker.invokeTestMethods(TestMethodWorker.java:154)
	at org.testng.internal.invokers.TestMethodWorker.run(TestMethodWorker.java:134)
	at java.base/java.util.concurrent.Executors$RunnableAdapter.call(Executors.java:572)
	at java.base/java.util.concurrent.FutureTask.run(FutureTask.java:317)
	at org.testng.internal.thread.graph.TestNGFutureTask.run(TestNGFutureTask.java:22)
	at java.base/java.util.concurrent.ThreadPoolExecutor.runWorker(ThreadPoolExecutor.java:1144)
	at java.base/java.util.concurrent.ThreadPoolExecutor$Worker.run(ThreadPoolExecutor.java:642)
	at java.base/java.lang.Thread.run(Thread.java:1583)
</pre></div><a href='#' onClick='toggleBox("stack-trace315656268", this, "Click to show all stack frames", "Click to hide stack frames")'>Click to show all stack frames</a>
<div class='stack-trace' id='stack-trace315656268'><pre>java.lang.AssertionError: The following asserts failed:
	Test Step - 10 - Entered Credit Card number is not displayed on the payment details tab at customer details popup expected [true] but found [false],
	Test Step - 12 - Entered Credit Card number is not displayed on the payment details tab at customer details popup expected [true] but found [false]
	at org.testng.asserts.SoftAssert.assertAll(SoftAssert.java:46)
	at org.testng.asserts.SoftAssert.assertAll(SoftAssert.java:30)
	at com.hanapos.OrderEntry_Alais_PickUp_PhoneOrderTest.Hana_T125_Pickup_CustomerSection_Edit_Customer_CustomerDetails_PaymentDetails_CCNumber_SearchFilter_FT.Validate_Hana_T125_Pickup_CustomerSection_Edit_Customer_CustomerDetails_PaymentDetails_CCNumber_SearchFilter_Functionality_Test(Hana_T125_Pickup_CustomerSection_Edit_Customer_CustomerDetails_PaymentDetails_CCNumber_SearchFilter_FT.java:114)
	at java.base/jdk.internal.reflect.DirectMethodHandleAccessor.invoke(DirectMethodHandleAccessor.java:103)
	at java.base/java.lang.reflect.Method.invoke(Method.java:580)
	at org.testng.internal.invokers.MethodInvocationHelper.invokeMethod(MethodInvocationHelper.java:141)
	at org.testng.internal.invokers.TestInvoker.invokeMethod(TestInvoker.java:686)
	at org.testng.internal.invokers.TestInvoker.invokeTestMethod(TestInvoker.java:230)
	at org.testng.internal.invokers.MethodRunner.runInSequence(MethodRunner.java:63)
	at org.testng.internal.invokers.TestInvoker$MethodInvocationAgent.invoke(TestInvoker.java:992)
	at org.testng.internal.invokers.TestInvoker.invokeTestMethods(TestInvoker.java:203)
	at org.testng.internal.invokers.TestMethodWorker.invokeTestMethods(TestMethodWorker.java:154)
	at org.testng.internal.invokers.TestMethodWorker.run(TestMethodWorker.java:134)
	at java.base/java.util.concurrent.Executors$RunnableAdapter.call(Executors.java:572)
	at java.base/java.util.concurrent.FutureTask.run(FutureTask.java:317)
	at org.testng.internal.thread.graph.TestNGFutureTask.run(TestNGFutureTask.java:22)
	at java.base/java.util.concurrent.ThreadPoolExecutor.runWorker(ThreadPoolExecutor.java:1144)
	at java.base/java.util.concurrent.ThreadPoolExecutor$Worker.run(ThreadPoolExecutor.java:642)
	at java.base/java.lang.Thread.run(Thread.java:1583)
</pre></div></td>
<td>116</td>
<td>com.hanapos.OrderEntry_Alais_PickUp_PhoneOrderTest.Hana_T125_Pickup_CustomerSection_Edit_Customer_CustomerDetails_PaymentDetails_CCNumber_SearchFilter_FT@20ca951f</td></tr>
<tr>
<td title='com.hanapos.OrderEntry_Alais_PickUp_PhoneOrderTest.Hana_T161_OrderEntry_Pickup_OrderDetailsSection_SendRemainderChecked_FT.Validate_Hana_T161_OrderEntry_Pickup_OrderDetailsSection_SendRemainderChecked_Functionality_Test()'><b>Validate_Hana_T161_OrderEntry_Pickup_OrderDetailsSection_SendRemainderChecked_Functionality_Test</b><br>Test class: com.hanapos.OrderEntry_Alais_PickUp_PhoneOrderTest.Hana_T161_OrderEntry_Pickup_OrderDetailsSection_SendRemainderChecked_FT</td>
<td><div><pre>java.lang.AssertionError: The following asserts failed:
	Test Step - 9 - Send remainder checkbox is displayed on Order details section expected [false] but found [true],
	Test Step - 18 - Customer name is not displayed on Edit reminder popup expected [Abish David] but found [Sakrateesh R],
	Test Step - 18 - Customer email is not displayed on Edit reminder popup expected [hanaposqateam@gmail.com] but found [sakrateesh.ramachandraboss@hanasoftware.com],
	Test Step - 18 - Recipient first name is not displayed on Edit reminder popup expected [Abish] but found [Advance],
	Test Step - 18 - Recipient last name is not displayed on Edit reminder popup expected [David] but found [Dispatch],
	Test Step - 18 - Remainder date is not displayed on Edit reminder popup expected [July 31] but found [August 23]
	at org.testng.asserts.SoftAssert.assertAll(SoftAssert.java:46)
	at org.testng.asserts.SoftAssert.assertAll(SoftAssert.java:30)
	at com.hanapos.OrderEntry_Alais_PickUp_PhoneOrderTest.Hana_T161_OrderEntry_Pickup_OrderDetailsSection_SendRemainderChecked_FT.Validate_Hana_T161_OrderEntry_Pickup_OrderDetailsSection_SendRemainderChecked_Functionality_Test(Hana_T161_OrderEntry_Pickup_OrderDetailsSection_SendRemainderChecked_FT.java:161)
	at java.base/jdk.internal.reflect.DirectMethodHandleAccessor.invoke(DirectMethodHandleAccessor.java:103)
	at java.base/java.lang.reflect.Method.invoke(Method.java:580)
	at org.testng.internal.invokers.MethodInvocationHelper.invokeMethod(MethodInvocationHelper.java:141)
	at org.testng.internal.invokers.TestInvoker.invokeMethod(TestInvoker.java:686)
	at org.testng.internal.invokers.TestInvoker.invokeTestMethod(TestInvoker.java:230)
	at org.testng.internal.invokers.MethodRunner.runInSequence(MethodRunner.java:63)
	at org.testng.internal.invokers.TestInvoker$MethodInvocationAgent.invoke(TestInvoker.java:992)
	at org.testng.internal.invokers.TestInvoker.invokeTestMethods(TestInvoker.java:203)
	at org.testng.internal.invokers.TestMethodWorker.invokeTestMethods(TestMethodWorker.java:154)
	at org.testng.internal.invokers.TestMethodWorker.run(TestMethodWorker.java:134)
	at java.base/java.util.concurrent.Executors$RunnableAdapter.call(Executors.java:572)
	at java.base/java.util.concurrent.FutureTask.run(FutureTask.java:317)
	at org.testng.internal.thread.graph.TestNGFutureTask.run(TestNGFutureTask.java:22)
	at java.base/java.util.concurrent.ThreadPoolExecutor.runWorker(ThreadPoolExecutor.java:1144)
	at java.base/java.util.concurrent.ThreadPoolExecutor$Worker.run(ThreadPoolExecutor.java:642)
	at java.base/java.lang.Thread.run(Thread.java:1583)
</pre></div><a href='#' onClick='toggleBox("stack-trace964133418", this, "Click to show all stack frames", "Click to hide stack frames")'>Click to show all stack frames</a>
<div class='stack-trace' id='stack-trace964133418'><pre>java.lang.AssertionError: The following asserts failed:
	Test Step - 9 - Send remainder checkbox is displayed on Order details section expected [false] but found [true],
	Test Step - 18 - Customer name is not displayed on Edit reminder popup expected [Abish David] but found [Sakrateesh R],
	Test Step - 18 - Customer email is not displayed on Edit reminder popup expected [hanaposqateam@gmail.com] but found [sakrateesh.ramachandraboss@hanasoftware.com],
	Test Step - 18 - Recipient first name is not displayed on Edit reminder popup expected [Abish] but found [Advance],
	Test Step - 18 - Recipient last name is not displayed on Edit reminder popup expected [David] but found [Dispatch],
	Test Step - 18 - Remainder date is not displayed on Edit reminder popup expected [July 31] but found [August 23]
	at org.testng.asserts.SoftAssert.assertAll(SoftAssert.java:46)
	at org.testng.asserts.SoftAssert.assertAll(SoftAssert.java:30)
	at com.hanapos.OrderEntry_Alais_PickUp_PhoneOrderTest.Hana_T161_OrderEntry_Pickup_OrderDetailsSection_SendRemainderChecked_FT.Validate_Hana_T161_OrderEntry_Pickup_OrderDetailsSection_SendRemainderChecked_Functionality_Test(Hana_T161_OrderEntry_Pickup_OrderDetailsSection_SendRemainderChecked_FT.java:161)
	at java.base/jdk.internal.reflect.DirectMethodHandleAccessor.invoke(DirectMethodHandleAccessor.java:103)
	at java.base/java.lang.reflect.Method.invoke(Method.java:580)
	at org.testng.internal.invokers.MethodInvocationHelper.invokeMethod(MethodInvocationHelper.java:141)
	at org.testng.internal.invokers.TestInvoker.invokeMethod(TestInvoker.java:686)
	at org.testng.internal.invokers.TestInvoker.invokeTestMethod(TestInvoker.java:230)
	at org.testng.internal.invokers.MethodRunner.runInSequence(MethodRunner.java:63)
	at org.testng.internal.invokers.TestInvoker$MethodInvocationAgent.invoke(TestInvoker.java:992)
	at org.testng.internal.invokers.TestInvoker.invokeTestMethods(TestInvoker.java:203)
	at org.testng.internal.invokers.TestMethodWorker.invokeTestMethods(TestMethodWorker.java:154)
	at org.testng.internal.invokers.TestMethodWorker.run(TestMethodWorker.java:134)
	at java.base/java.util.concurrent.Executors$RunnableAdapter.call(Executors.java:572)
	at java.base/java.util.concurrent.FutureTask.run(FutureTask.java:317)
	at org.testng.internal.thread.graph.TestNGFutureTask.run(TestNGFutureTask.java:22)
	at java.base/java.util.concurrent.ThreadPoolExecutor.runWorker(ThreadPoolExecutor.java:1144)
	at java.base/java.util.concurrent.ThreadPoolExecutor$Worker.run(ThreadPoolExecutor.java:642)
	at java.base/java.lang.Thread.run(Thread.java:1583)
</pre></div></td>
<td>84</td>
<td>com.hanapos.OrderEntry_Alais_PickUp_PhoneOrderTest.Hana_T161_OrderEntry_Pickup_OrderDetailsSection_SendRemainderChecked_FT@41ab013</td></tr>
<tr>
<td title='com.hanapos.OrderEntry_Alais_PickUp_PhoneOrderTest.Hana_T155_OrderEntryPage_Pickup_RecipientSection_SaveFuneral_FT.Validate_Hana_T155_OrderEntryPage_Pickup_RecipientSection_SaveFuneral_Functionality_Test()'><b>Validate_Hana_T155_OrderEntryPage_Pickup_RecipientSection_SaveFuneral_Functionality_Test</b><br>Test class: com.hanapos.OrderEntry_Alais_PickUp_PhoneOrderTest.Hana_T155_OrderEntryPage_Pickup_RecipientSection_SaveFuneral_FT</td>
<td><div><pre>java.lang.AssertionError: The following asserts failed:
	Test Step - 8 - Recipient phone number is not matched with customer phonenumber 1 field on phone order page recipient section expected [956-444-0756] but found [],
	Test Step - 8 - Recipient alt phone number is not matched with customer phonenumber2 on phone order page recipient section expected [956-444-0756] but found [],
	Test Step - 22 - Delivery Time Compared with recipient section saved information is not matched with configuration order entry menu funeral log submenu expected [05:30 pm] but found [],
	Test Step - 22 - Delivery On Compared with recipient section saved information is not matched with configuration order entry menu funeral log submenu expected [Exactly At] but found [],
	Test Step - 22 - Delivery Address 1 Compared with recipient section saved information is not matched with configuration order entry menu funeral log submenu expected [114 N CHURCH ST] but found [1160 W 5th St],
	Test Step - 23 - Delivery Date Compared with recipient section saved information is not displayed on configuration order entry menu funeral log submenu expected [08/26/2024] but found [08/26/2024          ],
	Test Step - 23 - Delivery Address 1 Compared with recipient section saved information is not displayed on configuration order entry menu funeral log submenu expected [114 N CHURCH ST] but found [1160 W 5th St]
	at org.testng.asserts.SoftAssert.assertAll(SoftAssert.java:46)
	at org.testng.asserts.SoftAssert.assertAll(SoftAssert.java:30)
	at com.hanapos.OrderEntry_Alais_PickUp_PhoneOrderTest.Hana_T155_OrderEntryPage_Pickup_RecipientSection_SaveFuneral_FT.Validate_Hana_T155_OrderEntryPage_Pickup_RecipientSection_SaveFuneral_Functionality_Test(Hana_T155_OrderEntryPage_Pickup_RecipientSection_SaveFuneral_FT.java:196)
	at java.base/jdk.internal.reflect.DirectMethodHandleAccessor.invoke(DirectMethodHandleAccessor.java:103)
	at java.base/java.lang.reflect.Method.invoke(Method.java:580)
	at org.testng.internal.invokers.MethodInvocationHelper.invokeMethod(MethodInvocationHelper.java:141)
	at org.testng.internal.invokers.TestInvoker.invokeMethod(TestInvoker.java:686)
	at org.testng.internal.invokers.TestInvoker.invokeTestMethod(TestInvoker.java:230)
	at org.testng.internal.invokers.MethodRunner.runInSequence(MethodRunner.java:63)
	at org.testng.internal.invokers.TestInvoker$MethodInvocationAgent.invoke(TestInvoker.java:992)
	at org.testng.internal.invokers.TestInvoker.invokeTestMethods(TestInvoker.java:203)
	at org.testng.internal.invokers.TestMethodWorker.invokeTestMethods(TestMethodWorker.java:154)
	at org.testng.internal.invokers.TestMethodWorker.run(TestMethodWorker.java:134)
	at java.base/java.util.concurrent.Executors$RunnableAdapter.call(Executors.java:572)
	at java.base/java.util.concurrent.FutureTask.run(FutureTask.java:317)
	at org.testng.internal.thread.graph.TestNGFutureTask.run(TestNGFutureTask.java:22)
	at java.base/java.util.concurrent.ThreadPoolExecutor.runWorker(ThreadPoolExecutor.java:1144)
	at java.base/java.util.concurrent.ThreadPoolExecutor$Worker.run(ThreadPoolExecutor.java:642)
	at java.base/java.lang.Thread.run(Thread.java:1583)
</pre></div><a href='#' onClick='toggleBox("stack-trace763472412", this, "Click to show all stack frames", "Click to hide stack frames")'>Click to show all stack frames</a>
<div class='stack-trace' id='stack-trace763472412'><pre>java.lang.AssertionError: The following asserts failed:
	Test Step - 8 - Recipient phone number is not matched with customer phonenumber 1 field on phone order page recipient section expected [956-444-0756] but found [],
	Test Step - 8 - Recipient alt phone number is not matched with customer phonenumber2 on phone order page recipient section expected [956-444-0756] but found [],
	Test Step - 22 - Delivery Time Compared with recipient section saved information is not matched with configuration order entry menu funeral log submenu expected [05:30 pm] but found [],
	Test Step - 22 - Delivery On Compared with recipient section saved information is not matched with configuration order entry menu funeral log submenu expected [Exactly At] but found [],
	Test Step - 22 - Delivery Address 1 Compared with recipient section saved information is not matched with configuration order entry menu funeral log submenu expected [114 N CHURCH ST] but found [1160 W 5th St],
	Test Step - 23 - Delivery Date Compared with recipient section saved information is not displayed on configuration order entry menu funeral log submenu expected [08/26/2024] but found [08/26/2024          ],
	Test Step - 23 - Delivery Address 1 Compared with recipient section saved information is not displayed on configuration order entry menu funeral log submenu expected [114 N CHURCH ST] but found [1160 W 5th St]
	at org.testng.asserts.SoftAssert.assertAll(SoftAssert.java:46)
	at org.testng.asserts.SoftAssert.assertAll(SoftAssert.java:30)
	at com.hanapos.OrderEntry_Alais_PickUp_PhoneOrderTest.Hana_T155_OrderEntryPage_Pickup_RecipientSection_SaveFuneral_FT.Validate_Hana_T155_OrderEntryPage_Pickup_RecipientSection_SaveFuneral_Functionality_Test(Hana_T155_OrderEntryPage_Pickup_RecipientSection_SaveFuneral_FT.java:196)
	at java.base/jdk.internal.reflect.DirectMethodHandleAccessor.invoke(DirectMethodHandleAccessor.java:103)
	at java.base/java.lang.reflect.Method.invoke(Method.java:580)
	at org.testng.internal.invokers.MethodInvocationHelper.invokeMethod(MethodInvocationHelper.java:141)
	at org.testng.internal.invokers.TestInvoker.invokeMethod(TestInvoker.java:686)
	at org.testng.internal.invokers.TestInvoker.invokeTestMethod(TestInvoker.java:230)
	at org.testng.internal.invokers.MethodRunner.runInSequence(MethodRunner.java:63)
	at org.testng.internal.invokers.TestInvoker$MethodInvocationAgent.invoke(TestInvoker.java:992)
	at org.testng.internal.invokers.TestInvoker.invokeTestMethods(TestInvoker.java:203)
	at org.testng.internal.invokers.TestMethodWorker.invokeTestMethods(TestMethodWorker.java:154)
	at org.testng.internal.invokers.TestMethodWorker.run(TestMethodWorker.java:134)
	at java.base/java.util.concurrent.Executors$RunnableAdapter.call(Executors.java:572)
	at java.base/java.util.concurrent.FutureTask.run(FutureTask.java:317)
	at org.testng.internal.thread.graph.TestNGFutureTask.run(TestNGFutureTask.java:22)
	at java.base/java.util.concurrent.ThreadPoolExecutor.runWorker(ThreadPoolExecutor.java:1144)
	at java.base/java.util.concurrent.ThreadPoolExecutor$Worker.run(ThreadPoolExecutor.java:642)
	at java.base/java.lang.Thread.run(Thread.java:1583)
</pre></div></td>
<td>100</td>
<td>com.hanapos.OrderEntry_Alais_PickUp_PhoneOrderTest.Hana_T155_OrderEntryPage_Pickup_RecipientSection_SaveFuneral_FT@7393222f</td></tr>
<tr>
<td title='com.hanapos.OrderEntry_Alais_PickUp_PhoneOrderTest.Hana_T160_OrderEntry_Pickup_OrderDetailsSection_SendRemainderField_FT.Validate_Hana_T160_OrderEntry_Pickup_OrderDetailsSection_SendRemainderField_Functionality_Test()'><b>Validate_Hana_T160_OrderEntry_Pickup_OrderDetailsSection_SendRemainderField_Functionality_Test</b><br>Test class: com.hanapos.OrderEntry_Alais_PickUp_PhoneOrderTest.Hana_T160_OrderEntry_Pickup_OrderDetailsSection_SendRemainderField_FT</td>
<td><div><pre>java.lang.AssertionError: The following asserts failed:
	Test Step - 7 - Send remainder checkbox is displayed on Order details section expected [false] but found [true]
	at org.testng.asserts.SoftAssert.assertAll(SoftAssert.java:46)
	at org.testng.asserts.SoftAssert.assertAll(SoftAssert.java:30)
	at com.hanapos.OrderEntry_Alais_PickUp_PhoneOrderTest.Hana_T160_OrderEntry_Pickup_OrderDetailsSection_SendRemainderField_FT.Validate_Hana_T160_OrderEntry_Pickup_OrderDetailsSection_SendRemainderField_Functionality_Test(Hana_T160_OrderEntry_Pickup_OrderDetailsSection_SendRemainderField_FT.java:86)
	at java.base/jdk.internal.reflect.DirectMethodHandleAccessor.invoke(DirectMethodHandleAccessor.java:103)
	at java.base/java.lang.reflect.Method.invoke(Method.java:580)
	at org.testng.internal.invokers.MethodInvocationHelper.invokeMethod(MethodInvocationHelper.java:141)
	at org.testng.internal.invokers.TestInvoker.invokeMethod(TestInvoker.java:686)
	at org.testng.internal.invokers.TestInvoker.invokeTestMethod(TestInvoker.java:230)
	at org.testng.internal.invokers.MethodRunner.runInSequence(MethodRunner.java:63)
	at org.testng.internal.invokers.TestInvoker$MethodInvocationAgent.invoke(TestInvoker.java:992)
	at org.testng.internal.invokers.TestInvoker.invokeTestMethods(TestInvoker.java:203)
	at org.testng.internal.invokers.TestMethodWorker.invokeTestMethods(TestMethodWorker.java:154)
	at org.testng.internal.invokers.TestMethodWorker.run(TestMethodWorker.java:134)
	at java.base/java.util.concurrent.Executors$RunnableAdapter.call(Executors.java:572)
	at java.base/java.util.concurrent.FutureTask.run(FutureTask.java:317)
	at org.testng.internal.thread.graph.TestNGFutureTask.run(TestNGFutureTask.java:22)
	at java.base/java.util.concurrent.ThreadPoolExecutor.runWorker(ThreadPoolExecutor.java:1144)
	at java.base/java.util.concurrent.ThreadPoolExecutor$Worker.run(ThreadPoolExecutor.java:642)
	at java.base/java.lang.Thread.run(Thread.java:1583)
</pre></div><a href='#' onClick='toggleBox("stack-trace1243851708", this, "Click to show all stack frames", "Click to hide stack frames")'>Click to show all stack frames</a>
<div class='stack-trace' id='stack-trace1243851708'><pre>java.lang.AssertionError: The following asserts failed:
	Test Step - 7 - Send remainder checkbox is displayed on Order details section expected [false] but found [true]
	at org.testng.asserts.SoftAssert.assertAll(SoftAssert.java:46)
	at org.testng.asserts.SoftAssert.assertAll(SoftAssert.java:30)
	at com.hanapos.OrderEntry_Alais_PickUp_PhoneOrderTest.Hana_T160_OrderEntry_Pickup_OrderDetailsSection_SendRemainderField_FT.Validate_Hana_T160_OrderEntry_Pickup_OrderDetailsSection_SendRemainderField_Functionality_Test(Hana_T160_OrderEntry_Pickup_OrderDetailsSection_SendRemainderField_FT.java:86)
	at java.base/jdk.internal.reflect.DirectMethodHandleAccessor.invoke(DirectMethodHandleAccessor.java:103)
	at java.base/java.lang.reflect.Method.invoke(Method.java:580)
	at org.testng.internal.invokers.MethodInvocationHelper.invokeMethod(MethodInvocationHelper.java:141)
	at org.testng.internal.invokers.TestInvoker.invokeMethod(TestInvoker.java:686)
	at org.testng.internal.invokers.TestInvoker.invokeTestMethod(TestInvoker.java:230)
	at org.testng.internal.invokers.MethodRunner.runInSequence(MethodRunner.java:63)
	at org.testng.internal.invokers.TestInvoker$MethodInvocationAgent.invoke(TestInvoker.java:992)
	at org.testng.internal.invokers.TestInvoker.invokeTestMethods(TestInvoker.java:203)
	at org.testng.internal.invokers.TestMethodWorker.invokeTestMethods(TestMethodWorker.java:154)
	at org.testng.internal.invokers.TestMethodWorker.run(TestMethodWorker.java:134)
	at java.base/java.util.concurrent.Executors$RunnableAdapter.call(Executors.java:572)
	at java.base/java.util.concurrent.FutureTask.run(FutureTask.java:317)
	at org.testng.internal.thread.graph.TestNGFutureTask.run(TestNGFutureTask.java:22)
	at java.base/java.util.concurrent.ThreadPoolExecutor.runWorker(ThreadPoolExecutor.java:1144)
	at java.base/java.util.concurrent.ThreadPoolExecutor$Worker.run(ThreadPoolExecutor.java:642)
	at java.base/java.lang.Thread.run(Thread.java:1583)
</pre></div></td>
<td>95</td>
<td>com.hanapos.OrderEntry_Alais_PickUp_PhoneOrderTest.Hana_T160_OrderEntry_Pickup_OrderDetailsSection_SendRemainderField_FT@436c81a3</td></tr>
<tr>
<td title='com.hanapos.OrderEntry_Alais_PickUp_PhoneOrderTest.Hana_T147_Pickup_RecipientSection_ExistingCustomerDetails_FT.Validate_Hana_T147_Pickup_RecipientSection_ExistingCustomerDetails_Functionality_Test()'><b>Validate_Hana_T147_Pickup_RecipientSection_ExistingCustomerDetails_Functionality_Test</b><br>Test class: com.hanapos.OrderEntry_Alais_PickUp_PhoneOrderTest.Hana_T147_Pickup_RecipientSection_ExistingCustomerDetails_FT</td>
<td><div><pre>java.lang.AssertionError: The following asserts failed:
	Test Step - 9 - Displayed phone number is not matched on phone order page recipient section expected [956-655-0756] but found [],
	Test Step - 10 - Displayed alt phone number is not matched on phone order page recipient section expected [956-655-0756] but found [],
	Test Step - 14 - Recipient phone number is not displayed on phone order page recipient section expected [956-655-0756] but found [],
	Test Step - 15 - Recipient alt phone number is not displayed on phone order page recipient section expected [956-655-0756] but found []
	at org.testng.asserts.SoftAssert.assertAll(SoftAssert.java:46)
	at org.testng.asserts.SoftAssert.assertAll(SoftAssert.java:30)
	at com.hanapos.OrderEntry_Alais_PickUp_PhoneOrderTest.Hana_T147_Pickup_RecipientSection_ExistingCustomerDetails_FT.Validate_Hana_T147_Pickup_RecipientSection_ExistingCustomerDetails_Functionality_Test(Hana_T147_Pickup_RecipientSection_ExistingCustomerDetails_FT.java:115)
	at java.base/jdk.internal.reflect.DirectMethodHandleAccessor.invoke(DirectMethodHandleAccessor.java:103)
	at java.base/java.lang.reflect.Method.invoke(Method.java:580)
	at org.testng.internal.invokers.MethodInvocationHelper.invokeMethod(MethodInvocationHelper.java:141)
	at org.testng.internal.invokers.TestInvoker.invokeMethod(TestInvoker.java:686)
	at org.testng.internal.invokers.TestInvoker.invokeTestMethod(TestInvoker.java:230)
	at org.testng.internal.invokers.MethodRunner.runInSequence(MethodRunner.java:63)
	at org.testng.internal.invokers.TestInvoker$MethodInvocationAgent.invoke(TestInvoker.java:992)
	at org.testng.internal.invokers.TestInvoker.invokeTestMethods(TestInvoker.java:203)
	at org.testng.internal.invokers.TestMethodWorker.invokeTestMethods(TestMethodWorker.java:154)
	at org.testng.internal.invokers.TestMethodWorker.run(TestMethodWorker.java:134)
	at java.base/java.util.concurrent.Executors$RunnableAdapter.call(Executors.java:572)
	at java.base/java.util.concurrent.FutureTask.run(FutureTask.java:317)
	at org.testng.internal.thread.graph.TestNGFutureTask.run(TestNGFutureTask.java:22)
	at java.base/java.util.concurrent.ThreadPoolExecutor.runWorker(ThreadPoolExecutor.java:1144)
	at java.base/java.util.concurrent.ThreadPoolExecutor$Worker.run(ThreadPoolExecutor.java:642)
	at java.base/java.lang.Thread.run(Thread.java:1583)
</pre></div><a href='#' onClick='toggleBox("stack-trace1617818697", this, "Click to show all stack frames", "Click to hide stack frames")'>Click to show all stack frames</a>
<div class='stack-trace' id='stack-trace1617818697'><pre>java.lang.AssertionError: The following asserts failed:
	Test Step - 9 - Displayed phone number is not matched on phone order page recipient section expected [956-655-0756] but found [],
	Test Step - 10 - Displayed alt phone number is not matched on phone order page recipient section expected [956-655-0756] but found [],
	Test Step - 14 - Recipient phone number is not displayed on phone order page recipient section expected [956-655-0756] but found [],
	Test Step - 15 - Recipient alt phone number is not displayed on phone order page recipient section expected [956-655-0756] but found []
	at org.testng.asserts.SoftAssert.assertAll(SoftAssert.java:46)
	at org.testng.asserts.SoftAssert.assertAll(SoftAssert.java:30)
	at com.hanapos.OrderEntry_Alais_PickUp_PhoneOrderTest.Hana_T147_Pickup_RecipientSection_ExistingCustomerDetails_FT.Validate_Hana_T147_Pickup_RecipientSection_ExistingCustomerDetails_Functionality_Test(Hana_T147_Pickup_RecipientSection_ExistingCustomerDetails_FT.java:115)
	at java.base/jdk.internal.reflect.DirectMethodHandleAccessor.invoke(DirectMethodHandleAccessor.java:103)
	at java.base/java.lang.reflect.Method.invoke(Method.java:580)
	at org.testng.internal.invokers.MethodInvocationHelper.invokeMethod(MethodInvocationHelper.java:141)
	at org.testng.internal.invokers.TestInvoker.invokeMethod(TestInvoker.java:686)
	at org.testng.internal.invokers.TestInvoker.invokeTestMethod(TestInvoker.java:230)
	at org.testng.internal.invokers.MethodRunner.runInSequence(MethodRunner.java:63)
	at org.testng.internal.invokers.TestInvoker$MethodInvocationAgent.invoke(TestInvoker.java:992)
	at org.testng.internal.invokers.TestInvoker.invokeTestMethods(TestInvoker.java:203)
	at org.testng.internal.invokers.TestMethodWorker.invokeTestMethods(TestMethodWorker.java:154)
	at org.testng.internal.invokers.TestMethodWorker.run(TestMethodWorker.java:134)
	at java.base/java.util.concurrent.Executors$RunnableAdapter.call(Executors.java:572)
	at java.base/java.util.concurrent.FutureTask.run(FutureTask.java:317)
	at org.testng.internal.thread.graph.TestNGFutureTask.run(TestNGFutureTask.java:22)
	at java.base/java.util.concurrent.ThreadPoolExecutor.runWorker(ThreadPoolExecutor.java:1144)
	at java.base/java.util.concurrent.ThreadPoolExecutor$Worker.run(ThreadPoolExecutor.java:642)
	at java.base/java.lang.Thread.run(Thread.java:1583)
</pre></div></td>
<td>45</td>
<td>com.hanapos.OrderEntry_Alais_PickUp_PhoneOrderTest.Hana_T147_Pickup_RecipientSection_ExistingCustomerDetails_FT@6f19ac19</td></tr>
<tr>
<td title='com.hanapos.OrderEntry_Alais_PickUp_PhoneOrderTest.Hana_T172_OrderEntry_Pickup_OrderDetailsSection_FT.Validate_Hana_T172_OrderEntry_Pickup_OrderDetailsSection_Functionality_Test()'><b>Validate_Hana_T172_OrderEntry_Pickup_OrderDetailsSection_Functionality_Test</b><br>Test class: com.hanapos.OrderEntry_Alais_PickUp_PhoneOrderTest.Hana_T172_OrderEntry_Pickup_OrderDetailsSection_FT</td>
<td><div><pre>java.lang.AssertionError: The following asserts failed:
	Order entry option is not displayed expected [true] but found [false]
	at org.testng.asserts.SoftAssert.assertAll(SoftAssert.java:46)
	at org.testng.asserts.SoftAssert.assertAll(SoftAssert.java:30)
	at com.hanapos.OrderEntry_Alais_PickUp_PhoneOrderTest.Hana_T172_OrderEntry_Pickup_OrderDetailsSection_FT.Validate_Hana_T172_OrderEntry_Pickup_OrderDetailsSection_Functionality_Test(Hana_T172_OrderEntry_Pickup_OrderDetailsSection_FT.java:160)
	at java.base/jdk.internal.reflect.DirectMethodHandleAccessor.invoke(DirectMethodHandleAccessor.java:103)
	at java.base/java.lang.reflect.Method.invoke(Method.java:580)
	at org.testng.internal.invokers.MethodInvocationHelper.invokeMethod(MethodInvocationHelper.java:141)
	at org.testng.internal.invokers.TestInvoker.invokeMethod(TestInvoker.java:686)
	at org.testng.internal.invokers.TestInvoker.invokeTestMethod(TestInvoker.java:230)
	at org.testng.internal.invokers.MethodRunner.runInSequence(MethodRunner.java:63)
	at org.testng.internal.invokers.TestInvoker$MethodInvocationAgent.invoke(TestInvoker.java:992)
	at org.testng.internal.invokers.TestInvoker.invokeTestMethods(TestInvoker.java:203)
	at org.testng.internal.invokers.TestMethodWorker.invokeTestMethods(TestMethodWorker.java:154)
	at org.testng.internal.invokers.TestMethodWorker.run(TestMethodWorker.java:134)
	at java.base/java.util.concurrent.Executors$RunnableAdapter.call(Executors.java:572)
	at java.base/java.util.concurrent.FutureTask.run(FutureTask.java:317)
	at org.testng.internal.thread.graph.TestNGFutureTask.run(TestNGFutureTask.java:22)
	at java.base/java.util.concurrent.ThreadPoolExecutor.runWorker(ThreadPoolExecutor.java:1144)
	at java.base/java.util.concurrent.ThreadPoolExecutor$Worker.run(ThreadPoolExecutor.java:642)
	at java.base/java.lang.Thread.run(Thread.java:1583)
</pre></div><a href='#' onClick='toggleBox("stack-trace97338602", this, "Click to show all stack frames", "Click to hide stack frames")'>Click to show all stack frames</a>
<div class='stack-trace' id='stack-trace97338602'><pre>java.lang.AssertionError: The following asserts failed:
	Order entry option is not displayed expected [true] but found [false]
	at org.testng.asserts.SoftAssert.assertAll(SoftAssert.java:46)
	at org.testng.asserts.SoftAssert.assertAll(SoftAssert.java:30)
	at com.hanapos.OrderEntry_Alais_PickUp_PhoneOrderTest.Hana_T172_OrderEntry_Pickup_OrderDetailsSection_FT.Validate_Hana_T172_OrderEntry_Pickup_OrderDetailsSection_Functionality_Test(Hana_T172_OrderEntry_Pickup_OrderDetailsSection_FT.java:160)
	at java.base/jdk.internal.reflect.DirectMethodHandleAccessor.invoke(DirectMethodHandleAccessor.java:103)
	at java.base/java.lang.reflect.Method.invoke(Method.java:580)
	at org.testng.internal.invokers.MethodInvocationHelper.invokeMethod(MethodInvocationHelper.java:141)
	at org.testng.internal.invokers.TestInvoker.invokeMethod(TestInvoker.java:686)
	at org.testng.internal.invokers.TestInvoker.invokeTestMethod(TestInvoker.java:230)
	at org.testng.internal.invokers.MethodRunner.runInSequence(MethodRunner.java:63)
	at org.testng.internal.invokers.TestInvoker$MethodInvocationAgent.invoke(TestInvoker.java:992)
	at org.testng.internal.invokers.TestInvoker.invokeTestMethods(TestInvoker.java:203)
	at org.testng.internal.invokers.TestMethodWorker.invokeTestMethods(TestMethodWorker.java:154)
	at org.testng.internal.invokers.TestMethodWorker.run(TestMethodWorker.java:134)
	at java.base/java.util.concurrent.Executors$RunnableAdapter.call(Executors.java:572)
	at java.base/java.util.concurrent.FutureTask.run(FutureTask.java:317)
	at org.testng.internal.thread.graph.TestNGFutureTask.run(TestNGFutureTask.java:22)
	at java.base/java.util.concurrent.ThreadPoolExecutor.runWorker(ThreadPoolExecutor.java:1144)
	at java.base/java.util.concurrent.ThreadPoolExecutor$Worker.run(ThreadPoolExecutor.java:642)
	at java.base/java.lang.Thread.run(Thread.java:1583)
</pre></div></td>
<td>141</td>
<td>com.hanapos.OrderEntry_Alais_PickUp_PhoneOrderTest.Hana_T172_OrderEntry_Pickup_OrderDetailsSection_FT@37e4d7bb</td></tr>
<tr>
<td title='com.hanapos.OrderEntry_Alais_PickUp_PhoneOrderTest.Hana_T162_OrderEntry_Pickup_OrderDetailsSection_SendRemainder_UnChecked_FT.Validate_Hana_T162_OrderEntry_Pickup_OrderDetailsSection_SendRemainder_UnChecked_Functionality_Test()'><b>Validate_Hana_T162_OrderEntry_Pickup_OrderDetailsSection_SendRemainder_UnChecked_Functionality_Test</b><br>Test class: com.hanapos.OrderEntry_Alais_PickUp_PhoneOrderTest.Hana_T162_OrderEntry_Pickup_OrderDetailsSection_SendRemainder_UnChecked_FT</td>
<td><div><pre>java.lang.AssertionError: The following asserts failed:
	Test Step - 9 - Send remainder checkbox is displayed on Order details section expected [false] but found [true]
	at org.testng.asserts.SoftAssert.assertAll(SoftAssert.java:46)
	at org.testng.asserts.SoftAssert.assertAll(SoftAssert.java:30)
	at com.hanapos.OrderEntry_Alais_PickUp_PhoneOrderTest.Hana_T162_OrderEntry_Pickup_OrderDetailsSection_SendRemainder_UnChecked_FT.Validate_Hana_T162_OrderEntry_Pickup_OrderDetailsSection_SendRemainder_UnChecked_Functionality_Test(Hana_T162_OrderEntry_Pickup_OrderDetailsSection_SendRemainder_UnChecked_FT.java:149)
	at java.base/jdk.internal.reflect.DirectMethodHandleAccessor.invoke(DirectMethodHandleAccessor.java:103)
	at java.base/java.lang.reflect.Method.invoke(Method.java:580)
	at org.testng.internal.invokers.MethodInvocationHelper.invokeMethod(MethodInvocationHelper.java:141)
	at org.testng.internal.invokers.TestInvoker.invokeMethod(TestInvoker.java:686)
	at org.testng.internal.invokers.TestInvoker.invokeTestMethod(TestInvoker.java:230)
	at org.testng.internal.invokers.MethodRunner.runInSequence(MethodRunner.java:63)
	at org.testng.internal.invokers.TestInvoker$MethodInvocationAgent.invoke(TestInvoker.java:992)
	at org.testng.internal.invokers.TestInvoker.invokeTestMethods(TestInvoker.java:203)
	at org.testng.internal.invokers.TestMethodWorker.invokeTestMethods(TestMethodWorker.java:154)
	at org.testng.internal.invokers.TestMethodWorker.run(TestMethodWorker.java:134)
	at java.base/java.util.concurrent.Executors$RunnableAdapter.call(Executors.java:572)
	at java.base/java.util.concurrent.FutureTask.run(FutureTask.java:317)
	at org.testng.internal.thread.graph.TestNGFutureTask.run(TestNGFutureTask.java:22)
	at java.base/java.util.concurrent.ThreadPoolExecutor.runWorker(ThreadPoolExecutor.java:1144)
	at java.base/java.util.concurrent.ThreadPoolExecutor$Worker.run(ThreadPoolExecutor.java:642)
	at java.base/java.lang.Thread.run(Thread.java:1583)
</pre></div><a href='#' onClick='toggleBox("stack-trace493222028", this, "Click to show all stack frames", "Click to hide stack frames")'>Click to show all stack frames</a>
<div class='stack-trace' id='stack-trace493222028'><pre>java.lang.AssertionError: The following asserts failed:
	Test Step - 9 - Send remainder checkbox is displayed on Order details section expected [false] but found [true]
	at org.testng.asserts.SoftAssert.assertAll(SoftAssert.java:46)
	at org.testng.asserts.SoftAssert.assertAll(SoftAssert.java:30)
	at com.hanapos.OrderEntry_Alais_PickUp_PhoneOrderTest.Hana_T162_OrderEntry_Pickup_OrderDetailsSection_SendRemainder_UnChecked_FT.Validate_Hana_T162_OrderEntry_Pickup_OrderDetailsSection_SendRemainder_UnChecked_Functionality_Test(Hana_T162_OrderEntry_Pickup_OrderDetailsSection_SendRemainder_UnChecked_FT.java:149)
	at java.base/jdk.internal.reflect.DirectMethodHandleAccessor.invoke(DirectMethodHandleAccessor.java:103)
	at java.base/java.lang.reflect.Method.invoke(Method.java:580)
	at org.testng.internal.invokers.MethodInvocationHelper.invokeMethod(MethodInvocationHelper.java:141)
	at org.testng.internal.invokers.TestInvoker.invokeMethod(TestInvoker.java:686)
	at org.testng.internal.invokers.TestInvoker.invokeTestMethod(TestInvoker.java:230)
	at org.testng.internal.invokers.MethodRunner.runInSequence(MethodRunner.java:63)
	at org.testng.internal.invokers.TestInvoker$MethodInvocationAgent.invoke(TestInvoker.java:992)
	at org.testng.internal.invokers.TestInvoker.invokeTestMethods(TestInvoker.java:203)
	at org.testng.internal.invokers.TestMethodWorker.invokeTestMethods(TestMethodWorker.java:154)
	at org.testng.internal.invokers.TestMethodWorker.run(TestMethodWorker.java:134)
	at java.base/java.util.concurrent.Executors$RunnableAdapter.call(Executors.java:572)
	at java.base/java.util.concurrent.FutureTask.run(FutureTask.java:317)
	at org.testng.internal.thread.graph.TestNGFutureTask.run(TestNGFutureTask.java:22)
	at java.base/java.util.concurrent.ThreadPoolExecutor.runWorker(ThreadPoolExecutor.java:1144)
	at java.base/java.util.concurrent.ThreadPoolExecutor$Worker.run(ThreadPoolExecutor.java:642)
	at java.base/java.lang.Thread.run(Thread.java:1583)
</pre></div></td>
<td>74</td>
<td>com.hanapos.OrderEntry_Alais_PickUp_PhoneOrderTest.Hana_T162_OrderEntry_Pickup_OrderDetailsSection_SendRemainder_UnChecked_FT@7c214cc0</td></tr>
<tr>
<td title='com.hanapos.OrderEntry_Alais_PickUp_PhoneOrderTest.Hana_T133_Pickup_CustomerSection_Edit_Customer_CustomerDetails_OrderDetails_AddressSearchFilter_FT.Validate_Hana_T133_Pickup_CustomerSection_Edit_Customer_CustomerDetails_OrderDetails_AddressSearchFilter_Functionality_Test()'><b>Validate_Hana_T133_Pickup_CustomerSection_Edit_Customer_CustomerDetails_OrderDetails_AddressSearchFilter_Functionality_Test</b><br>Test class: com.hanapos.OrderEntry_Alais_PickUp_PhoneOrderTest.Hana_T133_Pickup_CustomerSection_Edit_Customer_CustomerDetails_OrderDetails_AddressSearchFilter_FT</td>
<td><div><pre>java.lang.AssertionError: Unable to click the element using js click method
	at org.testng.Assert.fail(Assert.java:111)
	at com.hanapos.seleniumProjectBase.TestBaseClass.jsClick(TestBaseClass.java:358)
	at com.hanapos.pageObjects.OrderEntry_Alais_PhoneOrderPage.Click_CustEditIcon(OrderEntry_Alais_PhoneOrderPage.java:2448)
	at com.hanapos.OrderEntry_Alais_PickUp_PhoneOrderTest.Hana_T133_Pickup_CustomerSection_Edit_Customer_CustomerDetails_OrderDetails_AddressSearchFilter_FT.Validate_Hana_T133_Pickup_CustomerSection_Edit_Customer_CustomerDetails_OrderDetails_AddressSearchFilter_Functionality_Test(Hana_T133_Pickup_CustomerSection_Edit_Customer_CustomerDetails_OrderDetails_AddressSearchFilter_FT.java:74)
	at java.base/jdk.internal.reflect.DirectMethodHandleAccessor.invoke(DirectMethodHandleAccessor.java:103)
	at java.base/java.lang.reflect.Method.invoke(Method.java:580)
	at org.testng.internal.invokers.MethodInvocationHelper.invokeMethod(MethodInvocationHelper.java:141)
	at org.testng.internal.invokers.TestInvoker.invokeMethod(TestInvoker.java:686)
	at org.testng.internal.invokers.TestInvoker.invokeTestMethod(TestInvoker.java:230)
	at org.testng.internal.invokers.MethodRunner.runInSequence(MethodRunner.java:63)
	at org.testng.internal.invokers.TestInvoker$MethodInvocationAgent.invoke(TestInvoker.java:992)
	at org.testng.internal.invokers.TestInvoker.invokeTestMethods(TestInvoker.java:203)
	at org.testng.internal.invokers.TestMethodWorker.invokeTestMethods(TestMethodWorker.java:154)
	at org.testng.internal.invokers.TestMethodWorker.run(TestMethodWorker.java:134)
	at java.base/java.util.concurrent.Executors$RunnableAdapter.call(Executors.java:572)
	at java.base/java.util.concurrent.FutureTask.run(FutureTask.java:317)
	at org.testng.internal.thread.graph.TestNGFutureTask.run(TestNGFutureTask.java:22)
	at java.base/java.util.concurrent.ThreadPoolExecutor.runWorker(ThreadPoolExecutor.java:1144)
	at java.base/java.util.concurrent.ThreadPoolExecutor$Worker.run(ThreadPoolExecutor.java:642)
	at java.base/java.lang.Thread.run(Thread.java:1583)
</pre></div><a href='#' onClick='toggleBox("stack-trace1012381116", this, "Click to show all stack frames", "Click to hide stack frames")'>Click to show all stack frames</a>
<div class='stack-trace' id='stack-trace1012381116'><pre>java.lang.AssertionError: Unable to click the element using js click method
	at org.testng.Assert.fail(Assert.java:111)
	at com.hanapos.seleniumProjectBase.TestBaseClass.jsClick(TestBaseClass.java:358)
	at com.hanapos.pageObjects.OrderEntry_Alais_PhoneOrderPage.Click_CustEditIcon(OrderEntry_Alais_PhoneOrderPage.java:2448)
	at com.hanapos.OrderEntry_Alais_PickUp_PhoneOrderTest.Hana_T133_Pickup_CustomerSection_Edit_Customer_CustomerDetails_OrderDetails_AddressSearchFilter_FT.Validate_Hana_T133_Pickup_CustomerSection_Edit_Customer_CustomerDetails_OrderDetails_AddressSearchFilter_Functionality_Test(Hana_T133_Pickup_CustomerSection_Edit_Customer_CustomerDetails_OrderDetails_AddressSearchFilter_FT.java:74)
	at java.base/jdk.internal.reflect.DirectMethodHandleAccessor.invoke(DirectMethodHandleAccessor.java:103)
	at java.base/java.lang.reflect.Method.invoke(Method.java:580)
	at org.testng.internal.invokers.MethodInvocationHelper.invokeMethod(MethodInvocationHelper.java:141)
	at org.testng.internal.invokers.TestInvoker.invokeMethod(TestInvoker.java:686)
	at org.testng.internal.invokers.TestInvoker.invokeTestMethod(TestInvoker.java:230)
	at org.testng.internal.invokers.MethodRunner.runInSequence(MethodRunner.java:63)
	at org.testng.internal.invokers.TestInvoker$MethodInvocationAgent.invoke(TestInvoker.java:992)
	at org.testng.internal.invokers.TestInvoker.invokeTestMethods(TestInvoker.java:203)
	at org.testng.internal.invokers.TestMethodWorker.invokeTestMethods(TestMethodWorker.java:154)
	at org.testng.internal.invokers.TestMethodWorker.run(TestMethodWorker.java:134)
	at java.base/java.util.concurrent.Executors$RunnableAdapter.call(Executors.java:572)
	at java.base/java.util.concurrent.FutureTask.run(FutureTask.java:317)
	at org.testng.internal.thread.graph.TestNGFutureTask.run(TestNGFutureTask.java:22)
	at java.base/java.util.concurrent.ThreadPoolExecutor.runWorker(ThreadPoolExecutor.java:1144)
	at java.base/java.util.concurrent.ThreadPoolExecutor$Worker.run(ThreadPoolExecutor.java:642)
	at java.base/java.lang.Thread.run(Thread.java:1583)
</pre></div></td>
<td>227</td>
<td>com.hanapos.OrderEntry_Alais_PickUp_PhoneOrderTest.Hana_T133_Pickup_CustomerSection_Edit_Customer_CustomerDetails_OrderDetails_AddressSearchFilter_FT@1bd39d3c</td></tr>
<tr>
<td title='com.hanapos.OrderEntry_Alais_PickUp_PhoneOrderTest.Hana_T195_OrderEntryPage_Pickup_ProductSection_CreateRecipe_ItemGallery_Functionality.Validate_Hana_T195_OrderEntryPage_Pickup_ProductSection_CreateRecipe_ItemGallery_Functionality_Test()'><b>Validate_Hana_T195_OrderEntryPage_Pickup_ProductSection_CreateRecipe_ItemGallery_Functionality_Test</b><br>Test class: com.hanapos.OrderEntry_Alais_PickUp_PhoneOrderTest.Hana_T195_OrderEntryPage_Pickup_ProductSection_CreateRecipe_ItemGallery_Functionality</td>
<td><div><pre>java.lang.AssertionError: The following asserts failed:
	Test Step - 7 - First name is not displayed on phone order page expected [Abish] but found [David],
	Test Step - 7 - Last name is not displayed on phone order page expected [David] but found [Abish],
	Test Step - 7 - Company name is not displayed on phone order page expected [Hana_Sisterchicks] but found [Hana_Sister],
	Test Step - 7 - email id is not displayed on phone order page expected [hanaposqateam@gmail.com] but found [hanaposqa@gmail.com],
	Test Step - 7 - address 1 is not displayed on phone order page expected [3402 Park Blvd] but found [3402 Park Blvd 1]
	at org.testng.asserts.SoftAssert.assertAll(SoftAssert.java:46)
	at org.testng.asserts.SoftAssert.assertAll(SoftAssert.java:30)
	at com.hanapos.OrderEntry_Alais_PickUp_PhoneOrderTest.Hana_T195_OrderEntryPage_Pickup_ProductSection_CreateRecipe_ItemGallery_Functionality.Validate_Hana_T195_OrderEntryPage_Pickup_ProductSection_CreateRecipe_ItemGallery_Functionality_Test(Hana_T195_OrderEntryPage_Pickup_ProductSection_CreateRecipe_ItemGallery_Functionality.java:157)
	at java.base/jdk.internal.reflect.DirectMethodHandleAccessor.invoke(DirectMethodHandleAccessor.java:103)
	at java.base/java.lang.reflect.Method.invoke(Method.java:580)
	at org.testng.internal.invokers.MethodInvocationHelper.invokeMethod(MethodInvocationHelper.java:141)
	at org.testng.internal.invokers.TestInvoker.invokeMethod(TestInvoker.java:686)
	at org.testng.internal.invokers.TestInvoker.invokeTestMethod(TestInvoker.java:230)
	at org.testng.internal.invokers.MethodRunner.runInSequence(MethodRunner.java:63)
	at org.testng.internal.invokers.TestInvoker$MethodInvocationAgent.invoke(TestInvoker.java:992)
	at org.testng.internal.invokers.TestInvoker.invokeTestMethods(TestInvoker.java:203)
	at org.testng.internal.invokers.TestMethodWorker.invokeTestMethods(TestMethodWorker.java:154)
	at org.testng.internal.invokers.TestMethodWorker.run(TestMethodWorker.java:134)
	at java.base/java.util.concurrent.Executors$RunnableAdapter.call(Executors.java:572)
	at java.base/java.util.concurrent.FutureTask.run(FutureTask.java:317)
	at org.testng.internal.thread.graph.TestNGFutureTask.run(TestNGFutureTask.java:22)
	at java.base/java.util.concurrent.ThreadPoolExecutor.runWorker(ThreadPoolExecutor.java:1144)
	at java.base/java.util.concurrent.ThreadPoolExecutor$Worker.run(ThreadPoolExecutor.java:642)
	at java.base/java.lang.Thread.run(Thread.java:1583)
</pre></div><a href='#' onClick='toggleBox("stack-trace175331292", this, "Click to show all stack frames", "Click to hide stack frames")'>Click to show all stack frames</a>
<div class='stack-trace' id='stack-trace175331292'><pre>java.lang.AssertionError: The following asserts failed:
	Test Step - 7 - First name is not displayed on phone order page expected [Abish] but found [David],
	Test Step - 7 - Last name is not displayed on phone order page expected [David] but found [Abish],
	Test Step - 7 - Company name is not displayed on phone order page expected [Hana_Sisterchicks] but found [Hana_Sister],
	Test Step - 7 - email id is not displayed on phone order page expected [hanaposqateam@gmail.com] but found [hanaposqa@gmail.com],
	Test Step - 7 - address 1 is not displayed on phone order page expected [3402 Park Blvd] but found [3402 Park Blvd 1]
	at org.testng.asserts.SoftAssert.assertAll(SoftAssert.java:46)
	at org.testng.asserts.SoftAssert.assertAll(SoftAssert.java:30)
	at com.hanapos.OrderEntry_Alais_PickUp_PhoneOrderTest.Hana_T195_OrderEntryPage_Pickup_ProductSection_CreateRecipe_ItemGallery_Functionality.Validate_Hana_T195_OrderEntryPage_Pickup_ProductSection_CreateRecipe_ItemGallery_Functionality_Test(Hana_T195_OrderEntryPage_Pickup_ProductSection_CreateRecipe_ItemGallery_Functionality.java:157)
	at java.base/jdk.internal.reflect.DirectMethodHandleAccessor.invoke(DirectMethodHandleAccessor.java:103)
	at java.base/java.lang.reflect.Method.invoke(Method.java:580)
	at org.testng.internal.invokers.MethodInvocationHelper.invokeMethod(MethodInvocationHelper.java:141)
	at org.testng.internal.invokers.TestInvoker.invokeMethod(TestInvoker.java:686)
	at org.testng.internal.invokers.TestInvoker.invokeTestMethod(TestInvoker.java:230)
	at org.testng.internal.invokers.MethodRunner.runInSequence(MethodRunner.java:63)
	at org.testng.internal.invokers.TestInvoker$MethodInvocationAgent.invoke(TestInvoker.java:992)
	at org.testng.internal.invokers.TestInvoker.invokeTestMethods(TestInvoker.java:203)
	at org.testng.internal.invokers.TestMethodWorker.invokeTestMethods(TestMethodWorker.java:154)
	at org.testng.internal.invokers.TestMethodWorker.run(TestMethodWorker.java:134)
	at java.base/java.util.concurrent.Executors$RunnableAdapter.call(Executors.java:572)
	at java.base/java.util.concurrent.FutureTask.run(FutureTask.java:317)
	at org.testng.internal.thread.graph.TestNGFutureTask.run(TestNGFutureTask.java:22)
	at java.base/java.util.concurrent.ThreadPoolExecutor.runWorker(ThreadPoolExecutor.java:1144)
	at java.base/java.util.concurrent.ThreadPoolExecutor$Worker.run(ThreadPoolExecutor.java:642)
	at java.base/java.lang.Thread.run(Thread.java:1583)
</pre></div></td>
<td>225</td>
<td>com.hanapos.OrderEntry_Alais_PickUp_PhoneOrderTest.Hana_T195_OrderEntryPage_Pickup_ProductSection_CreateRecipe_ItemGallery_Functionality@7ceb3185</td></tr>
<tr>
<td title='com.hanapos.OrderEntry_Alais_PickUp_PhoneOrderTest.Hana_T152_Pickup_RecipientSection_AddressLookup_FT.Validate_Hana_T152_Pickup_RecipientSection_AddressLookup_FT_Functionality_Test()'><b>Validate_Hana_T152_Pickup_RecipientSection_AddressLookup_FT_Functionality_Test</b><br>Test class: com.hanapos.OrderEntry_Alais_PickUp_PhoneOrderTest.Hana_T152_Pickup_RecipientSection_AddressLookup_FT</td>
<td><div><pre>java.lang.AssertionError: The following asserts failed:
	Test Step - 7 - Recipient phone number is not matched with customer phonenumber 1 field on phone order page recipient section expected [956-444-0756] but found [],
	Test Step - 7 - Recipient alt phone number is not matched with customer phonenumber2 on phone order page recipient section expected [956-444-0756] but found []
	at org.testng.asserts.SoftAssert.assertAll(SoftAssert.java:46)
	at org.testng.asserts.SoftAssert.assertAll(SoftAssert.java:30)
	at com.hanapos.OrderEntry_Alais_PickUp_PhoneOrderTest.Hana_T152_Pickup_RecipientSection_AddressLookup_FT.Validate_Hana_T152_Pickup_RecipientSection_AddressLookup_FT_Functionality_Test(Hana_T152_Pickup_RecipientSection_AddressLookup_FT.java:120)
	at java.base/jdk.internal.reflect.DirectMethodHandleAccessor.invoke(DirectMethodHandleAccessor.java:103)
	at java.base/java.lang.reflect.Method.invoke(Method.java:580)
	at org.testng.internal.invokers.MethodInvocationHelper.invokeMethod(MethodInvocationHelper.java:141)
	at org.testng.internal.invokers.TestInvoker.invokeMethod(TestInvoker.java:686)
	at org.testng.internal.invokers.TestInvoker.invokeTestMethod(TestInvoker.java:230)
	at org.testng.internal.invokers.MethodRunner.runInSequence(MethodRunner.java:63)
	at org.testng.internal.invokers.TestInvoker$MethodInvocationAgent.invoke(TestInvoker.java:992)
	at org.testng.internal.invokers.TestInvoker.invokeTestMethods(TestInvoker.java:203)
	at org.testng.internal.invokers.TestMethodWorker.invokeTestMethods(TestMethodWorker.java:154)
	at org.testng.internal.invokers.TestMethodWorker.run(TestMethodWorker.java:134)
	at java.base/java.util.concurrent.Executors$RunnableAdapter.call(Executors.java:572)
	at java.base/java.util.concurrent.FutureTask.run(FutureTask.java:317)
	at org.testng.internal.thread.graph.TestNGFutureTask.run(TestNGFutureTask.java:22)
	at java.base/java.util.concurrent.ThreadPoolExecutor.runWorker(ThreadPoolExecutor.java:1144)
	at java.base/java.util.concurrent.ThreadPoolExecutor$Worker.run(ThreadPoolExecutor.java:642)
	at java.base/java.lang.Thread.run(Thread.java:1583)
</pre></div><a href='#' onClick='toggleBox("stack-trace1840527643", this, "Click to show all stack frames", "Click to hide stack frames")'>Click to show all stack frames</a>
<div class='stack-trace' id='stack-trace1840527643'><pre>java.lang.AssertionError: The following asserts failed:
	Test Step - 7 - Recipient phone number is not matched with customer phonenumber 1 field on phone order page recipient section expected [956-444-0756] but found [],
	Test Step - 7 - Recipient alt phone number is not matched with customer phonenumber2 on phone order page recipient section expected [956-444-0756] but found []
	at org.testng.asserts.SoftAssert.assertAll(SoftAssert.java:46)
	at org.testng.asserts.SoftAssert.assertAll(SoftAssert.java:30)
	at com.hanapos.OrderEntry_Alais_PickUp_PhoneOrderTest.Hana_T152_Pickup_RecipientSection_AddressLookup_FT.Validate_Hana_T152_Pickup_RecipientSection_AddressLookup_FT_Functionality_Test(Hana_T152_Pickup_RecipientSection_AddressLookup_FT.java:120)
	at java.base/jdk.internal.reflect.DirectMethodHandleAccessor.invoke(DirectMethodHandleAccessor.java:103)
	at java.base/java.lang.reflect.Method.invoke(Method.java:580)
	at org.testng.internal.invokers.MethodInvocationHelper.invokeMethod(MethodInvocationHelper.java:141)
	at org.testng.internal.invokers.TestInvoker.invokeMethod(TestInvoker.java:686)
	at org.testng.internal.invokers.TestInvoker.invokeTestMethod(TestInvoker.java:230)
	at org.testng.internal.invokers.MethodRunner.runInSequence(MethodRunner.java:63)
	at org.testng.internal.invokers.TestInvoker$MethodInvocationAgent.invoke(TestInvoker.java:992)
	at org.testng.internal.invokers.TestInvoker.invokeTestMethods(TestInvoker.java:203)
	at org.testng.internal.invokers.TestMethodWorker.invokeTestMethods(TestMethodWorker.java:154)
	at org.testng.internal.invokers.TestMethodWorker.run(TestMethodWorker.java:134)
	at java.base/java.util.concurrent.Executors$RunnableAdapter.call(Executors.java:572)
	at java.base/java.util.concurrent.FutureTask.run(FutureTask.java:317)
	at org.testng.internal.thread.graph.TestNGFutureTask.run(TestNGFutureTask.java:22)
	at java.base/java.util.concurrent.ThreadPoolExecutor.runWorker(ThreadPoolExecutor.java:1144)
	at java.base/java.util.concurrent.ThreadPoolExecutor$Worker.run(ThreadPoolExecutor.java:642)
	at java.base/java.lang.Thread.run(Thread.java:1583)
</pre></div></td>
<td>67</td>
<td>com.hanapos.OrderEntry_Alais_PickUp_PhoneOrderTest.Hana_T152_Pickup_RecipientSection_AddressLookup_FT@455b6df1</td></tr>
<tr>
<td title='com.hanapos.OrderEntry_Alais_PickUp_PhoneOrderTest.Hana_T107_Pickup_CustomerSection_Edit_Customer_CustomerDetails_UnPaidInvoice_BalanceAmt_Search_Filter_FT.Validate_Hana_T107_Pickup_CustomerSection_Edit_Customer_CustomerDetails_UnPaidInvoice_BalanceAmt_Search_Filter_Test()'><b>Validate_Hana_T107_Pickup_CustomerSection_Edit_Customer_CustomerDetails_UnPaidInvoice_BalanceAmt_Search_Filter_Test</b><br>Test class: com.hanapos.OrderEntry_Alais_PickUp_PhoneOrderTest.Hana_T107_Pickup_CustomerSection_Edit_Customer_CustomerDetails_UnPaidInvoice_BalanceAmt_Search_Filter_FT</td>
<td><div><pre>java.lang.AssertionError: The following asserts failed:
	Test Step - 13 - Based on searched balance amount, Unpaid Invoice number is not displayed in unpaid invoice grid table did not expect [0] but found [0]
	at org.testng.asserts.SoftAssert.assertAll(SoftAssert.java:46)
	at org.testng.asserts.SoftAssert.assertAll(SoftAssert.java:30)
	at com.hanapos.OrderEntry_Alais_PickUp_PhoneOrderTest.Hana_T107_Pickup_CustomerSection_Edit_Customer_CustomerDetails_UnPaidInvoice_BalanceAmt_Search_Filter_FT.Validate_Hana_T107_Pickup_CustomerSection_Edit_Customer_CustomerDetails_UnPaidInvoice_BalanceAmt_Search_Filter_Test(Hana_T107_Pickup_CustomerSection_Edit_Customer_CustomerDetails_UnPaidInvoice_BalanceAmt_Search_Filter_FT.java:128)
	at java.base/jdk.internal.reflect.DirectMethodHandleAccessor.invoke(DirectMethodHandleAccessor.java:103)
	at java.base/java.lang.reflect.Method.invoke(Method.java:580)
	at org.testng.internal.invokers.MethodInvocationHelper.invokeMethod(MethodInvocationHelper.java:141)
	at org.testng.internal.invokers.TestInvoker.invokeMethod(TestInvoker.java:686)
	at org.testng.internal.invokers.TestInvoker.invokeTestMethod(TestInvoker.java:230)
	at org.testng.internal.invokers.MethodRunner.runInSequence(MethodRunner.java:63)
	at org.testng.internal.invokers.TestInvoker$MethodInvocationAgent.invoke(TestInvoker.java:992)
	at org.testng.internal.invokers.TestInvoker.invokeTestMethods(TestInvoker.java:203)
	at org.testng.internal.invokers.TestMethodWorker.invokeTestMethods(TestMethodWorker.java:154)
	at org.testng.internal.invokers.TestMethodWorker.run(TestMethodWorker.java:134)
	at java.base/java.util.concurrent.Executors$RunnableAdapter.call(Executors.java:572)
	at java.base/java.util.concurrent.FutureTask.run(FutureTask.java:317)
	at org.testng.internal.thread.graph.TestNGFutureTask.run(TestNGFutureTask.java:22)
	at java.base/java.util.concurrent.ThreadPoolExecutor.runWorker(ThreadPoolExecutor.java:1144)
	at java.base/java.util.concurrent.ThreadPoolExecutor$Worker.run(ThreadPoolExecutor.java:642)
	at java.base/java.lang.Thread.run(Thread.java:1583)
</pre></div><a href='#' onClick='toggleBox("stack-trace1580853846", this, "Click to show all stack frames", "Click to hide stack frames")'>Click to show all stack frames</a>
<div class='stack-trace' id='stack-trace1580853846'><pre>java.lang.AssertionError: The following asserts failed:
	Test Step - 13 - Based on searched balance amount, Unpaid Invoice number is not displayed in unpaid invoice grid table did not expect [0] but found [0]
	at org.testng.asserts.SoftAssert.assertAll(SoftAssert.java:46)
	at org.testng.asserts.SoftAssert.assertAll(SoftAssert.java:30)
	at com.hanapos.OrderEntry_Alais_PickUp_PhoneOrderTest.Hana_T107_Pickup_CustomerSection_Edit_Customer_CustomerDetails_UnPaidInvoice_BalanceAmt_Search_Filter_FT.Validate_Hana_T107_Pickup_CustomerSection_Edit_Customer_CustomerDetails_UnPaidInvoice_BalanceAmt_Search_Filter_Test(Hana_T107_Pickup_CustomerSection_Edit_Customer_CustomerDetails_UnPaidInvoice_BalanceAmt_Search_Filter_FT.java:128)
	at java.base/jdk.internal.reflect.DirectMethodHandleAccessor.invoke(DirectMethodHandleAccessor.java:103)
	at java.base/java.lang.reflect.Method.invoke(Method.java:580)
	at org.testng.internal.invokers.MethodInvocationHelper.invokeMethod(MethodInvocationHelper.java:141)
	at org.testng.internal.invokers.TestInvoker.invokeMethod(TestInvoker.java:686)
	at org.testng.internal.invokers.TestInvoker.invokeTestMethod(TestInvoker.java:230)
	at org.testng.internal.invokers.MethodRunner.runInSequence(MethodRunner.java:63)
	at org.testng.internal.invokers.TestInvoker$MethodInvocationAgent.invoke(TestInvoker.java:992)
	at org.testng.internal.invokers.TestInvoker.invokeTestMethods(TestInvoker.java:203)
	at org.testng.internal.invokers.TestMethodWorker.invokeTestMethods(TestMethodWorker.java:154)
	at org.testng.internal.invokers.TestMethodWorker.run(TestMethodWorker.java:134)
	at java.base/java.util.concurrent.Executors$RunnableAdapter.call(Executors.java:572)
	at java.base/java.util.concurrent.FutureTask.run(FutureTask.java:317)
	at org.testng.internal.thread.graph.TestNGFutureTask.run(TestNGFutureTask.java:22)
	at java.base/java.util.concurrent.ThreadPoolExecutor.runWorker(ThreadPoolExecutor.java:1144)
	at java.base/java.util.concurrent.ThreadPoolExecutor$Worker.run(ThreadPoolExecutor.java:642)
	at java.base/java.lang.Thread.run(Thread.java:1583)
</pre></div></td>
<td>100</td>
<td>com.hanapos.OrderEntry_Alais_PickUp_PhoneOrderTest.Hana_T107_Pickup_CustomerSection_Edit_Customer_CustomerDetails_UnPaidInvoice_BalanceAmt_Search_Filter_FT@1115ec15</td></tr>
<tr>
<td title='com.hanapos.OrderEntry_Alais_PickUp_PhoneOrderTest.Hana_T157_Pickup_RecipientSection_Confidential_FT.Validate_Hana_T157_Pickup_RecipientSection_Confidential_Functionality_Test()'><b>Validate_Hana_T157_Pickup_RecipientSection_Confidential_Functionality_Test</b><br>Test class: com.hanapos.OrderEntry_Alais_PickUp_PhoneOrderTest.Hana_T157_Pickup_RecipientSection_Confidential_FT</td>
<td><div><pre>java.lang.AssertionError: Test case failed due to exception no such element: Unable to locate element: {&quot;method&quot;:&quot;xpath&quot;,&quot;selector&quot;:&quot;(//div[@class=&apos;list-group-item no-padding&apos;]//p)[3]&quot;}
  (Session info: chrome=128.0.6613.84)
For documentation on this error, please visit: https://www.selenium.dev/documentation/webdriver/troubleshooting/errors#no-such-element-exception
Build info: version: &apos;4.22.0&apos;, revision: &apos;c5f3146703*&apos;
System info: os.name: &apos;Windows 11&apos;, os.arch: &apos;amd64&apos;, os.version: &apos;10.0&apos;, java.version: &apos;21.0.2&apos;
Driver info: org.openqa.selenium.chrome.ChromeDriver
Command: [f5d261af7da494185e49949e0c1cd197, findElement {value=(//div[@class=&apos;list-group-item no-padding&apos;]//p)[3], using=xpath}]
Capabilities {acceptInsecureCerts: false, browserName: chrome, browserVersion: 128.0.6613.84, chrome: {chromedriverVersion: 128.0.6613.84 (606aa55c7d68..., userDataDir: C:\Users\Balaji\AppData\Loc...}, fedcm:accounts: true, goog:chromeOptions: {debuggerAddress: localhost:64803}, networkConnectionEnabled: false, pageLoadStrategy: normal, platformName: windows, proxy: Proxy(), se:cdp: ws://localhost:64803/devtoo..., se:cdpVersion: 128.0.6613.84, setWindowRect: true, strictFileInteractability: false, timeouts: {implicit: 0, pageLoad: 300000, script: 30000}, unhandledPromptBehavior: dismiss and notify, webauthn:extension:credBlob: true, webauthn:extension:largeBlob: true, webauthn:extension:minPinLength: true, webauthn:extension:prf: true, webauthn:virtualAuthenticators: true}
Session ID: f5d261af7da494185e49949e0c1cd197
	at org.testng.Assert.fail(Assert.java:111)
	at com.hanapos.OrderEntry_Alais_PickUp_PhoneOrderTest.Hana_T157_Pickup_RecipientSection_Confidential_FT.Validate_Hana_T157_Pickup_RecipientSection_Confidential_Functionality_Test(Hana_T157_Pickup_RecipientSection_Confidential_FT.java:155)
	at java.base/jdk.internal.reflect.DirectMethodHandleAccessor.invoke(DirectMethodHandleAccessor.java:103)
	at java.base/java.lang.reflect.Method.invoke(Method.java:580)
	at org.testng.internal.invokers.MethodInvocationHelper.invokeMethod(MethodInvocationHelper.java:141)
	at org.testng.internal.invokers.TestInvoker.invokeMethod(TestInvoker.java:686)
	at org.testng.internal.invokers.TestInvoker.invokeTestMethod(TestInvoker.java:230)
	at org.testng.internal.invokers.MethodRunner.runInSequence(MethodRunner.java:63)
	at org.testng.internal.invokers.TestInvoker$MethodInvocationAgent.invoke(TestInvoker.java:992)
	at org.testng.internal.invokers.TestInvoker.invokeTestMethods(TestInvoker.java:203)
	at org.testng.internal.invokers.TestMethodWorker.invokeTestMethods(TestMethodWorker.java:154)
	at org.testng.internal.invokers.TestMethodWorker.run(TestMethodWorker.java:134)
	at java.base/java.util.concurrent.Executors$RunnableAdapter.call(Executors.java:572)
	at java.base/java.util.concurrent.FutureTask.run(FutureTask.java:317)
	at org.testng.internal.thread.graph.TestNGFutureTask.run(TestNGFutureTask.java:22)
	at java.base/java.util.concurrent.ThreadPoolExecutor.runWorker(ThreadPoolExecutor.java:1144)
	at java.base/java.util.concurrent.ThreadPoolExecutor$Worker.run(ThreadPoolExecutor.java:642)
	at java.base/java.lang.Thread.run(Thread.java:1583)
</pre></div><a href='#' onClick='toggleBox("stack-trace653493507", this, "Click to show all stack frames", "Click to hide stack frames")'>Click to show all stack frames</a>
<div class='stack-trace' id='stack-trace653493507'><pre>java.lang.AssertionError: Test case failed due to exception no such element: Unable to locate element: {&quot;method&quot;:&quot;xpath&quot;,&quot;selector&quot;:&quot;(//div[@class=&apos;list-group-item no-padding&apos;]//p)[3]&quot;}
  (Session info: chrome=128.0.6613.84)
For documentation on this error, please visit: https://www.selenium.dev/documentation/webdriver/troubleshooting/errors#no-such-element-exception
Build info: version: &apos;4.22.0&apos;, revision: &apos;c5f3146703*&apos;
System info: os.name: &apos;Windows 11&apos;, os.arch: &apos;amd64&apos;, os.version: &apos;10.0&apos;, java.version: &apos;21.0.2&apos;
Driver info: org.openqa.selenium.chrome.ChromeDriver
Command: [f5d261af7da494185e49949e0c1cd197, findElement {value=(//div[@class=&apos;list-group-item no-padding&apos;]//p)[3], using=xpath}]
Capabilities {acceptInsecureCerts: false, browserName: chrome, browserVersion: 128.0.6613.84, chrome: {chromedriverVersion: 128.0.6613.84 (606aa55c7d68..., userDataDir: C:\Users\Balaji\AppData\Loc...}, fedcm:accounts: true, goog:chromeOptions: {debuggerAddress: localhost:64803}, networkConnectionEnabled: false, pageLoadStrategy: normal, platformName: windows, proxy: Proxy(), se:cdp: ws://localhost:64803/devtoo..., se:cdpVersion: 128.0.6613.84, setWindowRect: true, strictFileInteractability: false, timeouts: {implicit: 0, pageLoad: 300000, script: 30000}, unhandledPromptBehavior: dismiss and notify, webauthn:extension:credBlob: true, webauthn:extension:largeBlob: true, webauthn:extension:minPinLength: true, webauthn:extension:prf: true, webauthn:virtualAuthenticators: true}
Session ID: f5d261af7da494185e49949e0c1cd197
	at org.testng.Assert.fail(Assert.java:111)
	at com.hanapos.OrderEntry_Alais_PickUp_PhoneOrderTest.Hana_T157_Pickup_RecipientSection_Confidential_FT.Validate_Hana_T157_Pickup_RecipientSection_Confidential_Functionality_Test(Hana_T157_Pickup_RecipientSection_Confidential_FT.java:155)
	at java.base/jdk.internal.reflect.DirectMethodHandleAccessor.invoke(DirectMethodHandleAccessor.java:103)
	at java.base/java.lang.reflect.Method.invoke(Method.java:580)
	at org.testng.internal.invokers.MethodInvocationHelper.invokeMethod(MethodInvocationHelper.java:141)
	at org.testng.internal.invokers.TestInvoker.invokeMethod(TestInvoker.java:686)
	at org.testng.internal.invokers.TestInvoker.invokeTestMethod(TestInvoker.java:230)
	at org.testng.internal.invokers.MethodRunner.runInSequence(MethodRunner.java:63)
	at org.testng.internal.invokers.TestInvoker$MethodInvocationAgent.invoke(TestInvoker.java:992)
	at org.testng.internal.invokers.TestInvoker.invokeTestMethods(TestInvoker.java:203)
	at org.testng.internal.invokers.TestMethodWorker.invokeTestMethods(TestMethodWorker.java:154)
	at org.testng.internal.invokers.TestMethodWorker.run(TestMethodWorker.java:134)
	at java.base/java.util.concurrent.Executors$RunnableAdapter.call(Executors.java:572)
	at java.base/java.util.concurrent.FutureTask.run(FutureTask.java:317)
	at org.testng.internal.thread.graph.TestNGFutureTask.run(TestNGFutureTask.java:22)
	at java.base/java.util.concurrent.ThreadPoolExecutor.runWorker(ThreadPoolExecutor.java:1144)
	at java.base/java.util.concurrent.ThreadPoolExecutor$Worker.run(ThreadPoolExecutor.java:642)
	at java.base/java.lang.Thread.run(Thread.java:1583)
</pre></div></td>
<td>225</td>
<td>com.hanapos.OrderEntry_Alais_PickUp_PhoneOrderTest.Hana_T157_Pickup_RecipientSection_Confidential_FT@95e33cc</td></tr>
<tr>
<td title='com.hanapos.OrderEntry_Alais_PickUp_PhoneOrderTest.Hana_T148_Pickup_RecipientSection_NewCustomerDetails_FT.Validate_Hana_T148_Pickup_RecipientSection_NewCustomerDetails_Functionality_Test()'><b>Validate_Hana_T148_Pickup_RecipientSection_NewCustomerDetails_Functionality_Test</b><br>Test class: com.hanapos.OrderEntry_Alais_PickUp_PhoneOrderTest.Hana_T148_Pickup_RecipientSection_NewCustomerDetails_FT</td>
<td><div><pre>java.lang.AssertionError: The following asserts failed:
	Test Step - 9 - Displayed phone number is not matched with customer phonenumber 1 on phone order page recipient section expected [956-444-0756] but found [],
	Test Step - 10 - Displayed alt phone number is not matched with customer phonenumber2 on phone order page recipient section expected [956-444-0756] but found [],
	Test Step - 12 - Displayed last name is not matched with customer lastname on phone order page recipient section expected [true] but found [false],
	Test Step - 14 - Recipient phone number is not matched with customer phonenumber 1 field on phone order page recipient section expected [956-444-0756] but found [],
	Test Step - 15 - Recipient alt phone number is not matched with customer phonenumber2 on phone order page recipient section expected [956-444-0756] but found []
	at org.testng.asserts.SoftAssert.assertAll(SoftAssert.java:46)
	at org.testng.asserts.SoftAssert.assertAll(SoftAssert.java:30)
	at com.hanapos.OrderEntry_Alais_PickUp_PhoneOrderTest.Hana_T148_Pickup_RecipientSection_NewCustomerDetails_FT.Validate_Hana_T148_Pickup_RecipientSection_NewCustomerDetails_Functionality_Test(Hana_T148_Pickup_RecipientSection_NewCustomerDetails_FT.java:132)
	at java.base/jdk.internal.reflect.DirectMethodHandleAccessor.invoke(DirectMethodHandleAccessor.java:103)
	at java.base/java.lang.reflect.Method.invoke(Method.java:580)
	at org.testng.internal.invokers.MethodInvocationHelper.invokeMethod(MethodInvocationHelper.java:141)
	at org.testng.internal.invokers.TestInvoker.invokeMethod(TestInvoker.java:686)
	at org.testng.internal.invokers.TestInvoker.invokeTestMethod(TestInvoker.java:230)
	at org.testng.internal.invokers.MethodRunner.runInSequence(MethodRunner.java:63)
	at org.testng.internal.invokers.TestInvoker$MethodInvocationAgent.invoke(TestInvoker.java:992)
	at org.testng.internal.invokers.TestInvoker.invokeTestMethods(TestInvoker.java:203)
	at org.testng.internal.invokers.TestMethodWorker.invokeTestMethods(TestMethodWorker.java:154)
	at org.testng.internal.invokers.TestMethodWorker.run(TestMethodWorker.java:134)
	at java.base/java.util.concurrent.Executors$RunnableAdapter.call(Executors.java:572)
	at java.base/java.util.concurrent.FutureTask.run(FutureTask.java:317)
	at org.testng.internal.thread.graph.TestNGFutureTask.run(TestNGFutureTask.java:22)
	at java.base/java.util.concurrent.ThreadPoolExecutor.runWorker(ThreadPoolExecutor.java:1144)
	at java.base/java.util.concurrent.ThreadPoolExecutor$Worker.run(ThreadPoolExecutor.java:642)
	at java.base/java.lang.Thread.run(Thread.java:1583)
</pre></div><a href='#' onClick='toggleBox("stack-trace576873875", this, "Click to show all stack frames", "Click to hide stack frames")'>Click to show all stack frames</a>
<div class='stack-trace' id='stack-trace576873875'><pre>java.lang.AssertionError: The following asserts failed:
	Test Step - 9 - Displayed phone number is not matched with customer phonenumber 1 on phone order page recipient section expected [956-444-0756] but found [],
	Test Step - 10 - Displayed alt phone number is not matched with customer phonenumber2 on phone order page recipient section expected [956-444-0756] but found [],
	Test Step - 12 - Displayed last name is not matched with customer lastname on phone order page recipient section expected [true] but found [false],
	Test Step - 14 - Recipient phone number is not matched with customer phonenumber 1 field on phone order page recipient section expected [956-444-0756] but found [],
	Test Step - 15 - Recipient alt phone number is not matched with customer phonenumber2 on phone order page recipient section expected [956-444-0756] but found []
	at org.testng.asserts.SoftAssert.assertAll(SoftAssert.java:46)
	at org.testng.asserts.SoftAssert.assertAll(SoftAssert.java:30)
	at com.hanapos.OrderEntry_Alais_PickUp_PhoneOrderTest.Hana_T148_Pickup_RecipientSection_NewCustomerDetails_FT.Validate_Hana_T148_Pickup_RecipientSection_NewCustomerDetails_Functionality_Test(Hana_T148_Pickup_RecipientSection_NewCustomerDetails_FT.java:132)
	at java.base/jdk.internal.reflect.DirectMethodHandleAccessor.invoke(DirectMethodHandleAccessor.java:103)
	at java.base/java.lang.reflect.Method.invoke(Method.java:580)
	at org.testng.internal.invokers.MethodInvocationHelper.invokeMethod(MethodInvocationHelper.java:141)
	at org.testng.internal.invokers.TestInvoker.invokeMethod(TestInvoker.java:686)
	at org.testng.internal.invokers.TestInvoker.invokeTestMethod(TestInvoker.java:230)
	at org.testng.internal.invokers.MethodRunner.runInSequence(MethodRunner.java:63)
	at org.testng.internal.invokers.TestInvoker$MethodInvocationAgent.invoke(TestInvoker.java:992)
	at org.testng.internal.invokers.TestInvoker.invokeTestMethods(TestInvoker.java:203)
	at org.testng.internal.invokers.TestMethodWorker.invokeTestMethods(TestMethodWorker.java:154)
	at org.testng.internal.invokers.TestMethodWorker.run(TestMethodWorker.java:134)
	at java.base/java.util.concurrent.Executors$RunnableAdapter.call(Executors.java:572)
	at java.base/java.util.concurrent.FutureTask.run(FutureTask.java:317)
	at org.testng.internal.thread.graph.TestNGFutureTask.run(TestNGFutureTask.java:22)
	at java.base/java.util.concurrent.ThreadPoolExecutor.runWorker(ThreadPoolExecutor.java:1144)
	at java.base/java.util.concurrent.ThreadPoolExecutor$Worker.run(ThreadPoolExecutor.java:642)
	at java.base/java.lang.Thread.run(Thread.java:1583)
</pre></div></td>
<td>57</td>
<td>com.hanapos.OrderEntry_Alais_PickUp_PhoneOrderTest.Hana_T148_Pickup_RecipientSection_NewCustomerDetails_FT@14bee915</td></tr>
<tr>
<td title='com.hanapos.OrderEntry_Alais_PickUp_PhoneOrderTest.Hana_T151_Pickup_RecipientSection_ViewMap_FT.Validate_Hana_T151_Pickup_RecipientSection_ViewMap_Functionality_Test()'><b>Validate_Hana_T151_Pickup_RecipientSection_ViewMap_Functionality_Test</b><br>Test class: com.hanapos.OrderEntry_Alais_PickUp_PhoneOrderTest.Hana_T151_Pickup_RecipientSection_ViewMap_FT</td>
<td><div><pre>java.lang.AssertionError: The following asserts failed:
	Test Step - 8 - Recipient phone number is not matched with customer phonenumber 1 field on phone order page recipient section expected [956-444-0756] but found [],
	Test Step - 8 - Recipient alt phone number is not matched with customer phonenumber2 on phone order page recipient section expected [956-444-0756] but found []
	at org.testng.asserts.SoftAssert.assertAll(SoftAssert.java:46)
	at org.testng.asserts.SoftAssert.assertAll(SoftAssert.java:30)
	at com.hanapos.OrderEntry_Alais_PickUp_PhoneOrderTest.Hana_T151_Pickup_RecipientSection_ViewMap_FT.Validate_Hana_T151_Pickup_RecipientSection_ViewMap_Functionality_Test(Hana_T151_Pickup_RecipientSection_ViewMap_FT.java:162)
	at java.base/jdk.internal.reflect.DirectMethodHandleAccessor.invoke(DirectMethodHandleAccessor.java:103)
	at java.base/java.lang.reflect.Method.invoke(Method.java:580)
	at org.testng.internal.invokers.MethodInvocationHelper.invokeMethod(MethodInvocationHelper.java:141)
	at org.testng.internal.invokers.TestInvoker.invokeMethod(TestInvoker.java:686)
	at org.testng.internal.invokers.TestInvoker.invokeTestMethod(TestInvoker.java:230)
	at org.testng.internal.invokers.MethodRunner.runInSequence(MethodRunner.java:63)
	at org.testng.internal.invokers.TestInvoker$MethodInvocationAgent.invoke(TestInvoker.java:992)
	at org.testng.internal.invokers.TestInvoker.invokeTestMethods(TestInvoker.java:203)
	at org.testng.internal.invokers.TestMethodWorker.invokeTestMethods(TestMethodWorker.java:154)
	at org.testng.internal.invokers.TestMethodWorker.run(TestMethodWorker.java:134)
	at java.base/java.util.concurrent.Executors$RunnableAdapter.call(Executors.java:572)
	at java.base/java.util.concurrent.FutureTask.run(FutureTask.java:317)
	at org.testng.internal.thread.graph.TestNGFutureTask.run(TestNGFutureTask.java:22)
	at java.base/java.util.concurrent.ThreadPoolExecutor.runWorker(ThreadPoolExecutor.java:1144)
	at java.base/java.util.concurrent.ThreadPoolExecutor$Worker.run(ThreadPoolExecutor.java:642)
	at java.base/java.lang.Thread.run(Thread.java:1583)
</pre></div><a href='#' onClick='toggleBox("stack-trace1011891361", this, "Click to show all stack frames", "Click to hide stack frames")'>Click to show all stack frames</a>
<div class='stack-trace' id='stack-trace1011891361'><pre>java.lang.AssertionError: The following asserts failed:
	Test Step - 8 - Recipient phone number is not matched with customer phonenumber 1 field on phone order page recipient section expected [956-444-0756] but found [],
	Test Step - 8 - Recipient alt phone number is not matched with customer phonenumber2 on phone order page recipient section expected [956-444-0756] but found []
	at org.testng.asserts.SoftAssert.assertAll(SoftAssert.java:46)
	at org.testng.asserts.SoftAssert.assertAll(SoftAssert.java:30)
	at com.hanapos.OrderEntry_Alais_PickUp_PhoneOrderTest.Hana_T151_Pickup_RecipientSection_ViewMap_FT.Validate_Hana_T151_Pickup_RecipientSection_ViewMap_Functionality_Test(Hana_T151_Pickup_RecipientSection_ViewMap_FT.java:162)
	at java.base/jdk.internal.reflect.DirectMethodHandleAccessor.invoke(DirectMethodHandleAccessor.java:103)
	at java.base/java.lang.reflect.Method.invoke(Method.java:580)
	at org.testng.internal.invokers.MethodInvocationHelper.invokeMethod(MethodInvocationHelper.java:141)
	at org.testng.internal.invokers.TestInvoker.invokeMethod(TestInvoker.java:686)
	at org.testng.internal.invokers.TestInvoker.invokeTestMethod(TestInvoker.java:230)
	at org.testng.internal.invokers.MethodRunner.runInSequence(MethodRunner.java:63)
	at org.testng.internal.invokers.TestInvoker$MethodInvocationAgent.invoke(TestInvoker.java:992)
	at org.testng.internal.invokers.TestInvoker.invokeTestMethods(TestInvoker.java:203)
	at org.testng.internal.invokers.TestMethodWorker.invokeTestMethods(TestMethodWorker.java:154)
	at org.testng.internal.invokers.TestMethodWorker.run(TestMethodWorker.java:134)
	at java.base/java.util.concurrent.Executors$RunnableAdapter.call(Executors.java:572)
	at java.base/java.util.concurrent.FutureTask.run(FutureTask.java:317)
	at org.testng.internal.thread.graph.TestNGFutureTask.run(TestNGFutureTask.java:22)
	at java.base/java.util.concurrent.ThreadPoolExecutor.runWorker(ThreadPoolExecutor.java:1144)
	at java.base/java.util.concurrent.ThreadPoolExecutor$Worker.run(ThreadPoolExecutor.java:642)
	at java.base/java.lang.Thread.run(Thread.java:1583)
</pre></div></td>
<td>91</td>
<td>com.hanapos.OrderEntry_Alais_PickUp_PhoneOrderTest.Hana_T151_Pickup_RecipientSection_ViewMap_FT@1e44b638</td></tr>
<tr>
<td title='com.hanapos.OrderEntry_Alais_PickUp_PhoneOrderTest.Hana_T103_Pickup_CustomerSection_Edit_Customer_CustomerDetails_Preferences_FT.Validate_Hana_T103_Pickup_CustomerSection_Edit_Customer_CustomerDetails_Preferences_FT_Test()'><b>Validate_Hana_T103_Pickup_CustomerSection_Edit_Customer_CustomerDetails_Preferences_FT_Test</b><br>Test class: com.hanapos.OrderEntry_Alais_PickUp_PhoneOrderTest.Hana_T103_Pickup_CustomerSection_Edit_Customer_CustomerDetails_Preferences_FT</td>
<td><div><pre>java.lang.AssertionError: The following asserts failed:
	*** Test Step - 22 - Unwanted this confirmation alert is displayed ***,
	Test Step - 29 - Delivery fee of phone order page and customer details popup at preference tab updated delivery fee fields are not matched expected [30.00] but found [0.00]
	at org.testng.asserts.SoftAssert.assertAll(SoftAssert.java:46)
	at org.testng.asserts.SoftAssert.assertAll(SoftAssert.java:30)
	at com.hanapos.OrderEntry_Alais_PickUp_PhoneOrderTest.Hana_T103_Pickup_CustomerSection_Edit_Customer_CustomerDetails_Preferences_FT.Validate_Hana_T103_Pickup_CustomerSection_Edit_Customer_CustomerDetails_Preferences_FT_Test(Hana_T103_Pickup_CustomerSection_Edit_Customer_CustomerDetails_Preferences_FT.java:250)
	at java.base/jdk.internal.reflect.DirectMethodHandleAccessor.invoke(DirectMethodHandleAccessor.java:103)
	at java.base/java.lang.reflect.Method.invoke(Method.java:580)
	at org.testng.internal.invokers.MethodInvocationHelper.invokeMethod(MethodInvocationHelper.java:141)
	at org.testng.internal.invokers.TestInvoker.invokeMethod(TestInvoker.java:686)
	at org.testng.internal.invokers.TestInvoker.invokeTestMethod(TestInvoker.java:230)
	at org.testng.internal.invokers.MethodRunner.runInSequence(MethodRunner.java:63)
	at org.testng.internal.invokers.TestInvoker$MethodInvocationAgent.invoke(TestInvoker.java:992)
	at org.testng.internal.invokers.TestInvoker.invokeTestMethods(TestInvoker.java:203)
	at org.testng.internal.invokers.TestMethodWorker.invokeTestMethods(TestMethodWorker.java:154)
	at org.testng.internal.invokers.TestMethodWorker.run(TestMethodWorker.java:134)
	at java.base/java.util.concurrent.Executors$RunnableAdapter.call(Executors.java:572)
	at java.base/java.util.concurrent.FutureTask.run(FutureTask.java:317)
	at org.testng.internal.thread.graph.TestNGFutureTask.run(TestNGFutureTask.java:22)
	at java.base/java.util.concurrent.ThreadPoolExecutor.runWorker(ThreadPoolExecutor.java:1144)
	at java.base/java.util.concurrent.ThreadPoolExecutor$Worker.run(ThreadPoolExecutor.java:642)
	at java.base/java.lang.Thread.run(Thread.java:1583)
</pre></div><a href='#' onClick='toggleBox("stack-trace1863459360", this, "Click to show all stack frames", "Click to hide stack frames")'>Click to show all stack frames</a>
<div class='stack-trace' id='stack-trace1863459360'><pre>java.lang.AssertionError: The following asserts failed:
	*** Test Step - 22 - Unwanted this confirmation alert is displayed ***,
	Test Step - 29 - Delivery fee of phone order page and customer details popup at preference tab updated delivery fee fields are not matched expected [30.00] but found [0.00]
	at org.testng.asserts.SoftAssert.assertAll(SoftAssert.java:46)
	at org.testng.asserts.SoftAssert.assertAll(SoftAssert.java:30)
	at com.hanapos.OrderEntry_Alais_PickUp_PhoneOrderTest.Hana_T103_Pickup_CustomerSection_Edit_Customer_CustomerDetails_Preferences_FT.Validate_Hana_T103_Pickup_CustomerSection_Edit_Customer_CustomerDetails_Preferences_FT_Test(Hana_T103_Pickup_CustomerSection_Edit_Customer_CustomerDetails_Preferences_FT.java:250)
	at java.base/jdk.internal.reflect.DirectMethodHandleAccessor.invoke(DirectMethodHandleAccessor.java:103)
	at java.base/java.lang.reflect.Method.invoke(Method.java:580)
	at org.testng.internal.invokers.MethodInvocationHelper.invokeMethod(MethodInvocationHelper.java:141)
	at org.testng.internal.invokers.TestInvoker.invokeMethod(TestInvoker.java:686)
	at org.testng.internal.invokers.TestInvoker.invokeTestMethod(TestInvoker.java:230)
	at org.testng.internal.invokers.MethodRunner.runInSequence(MethodRunner.java:63)
	at org.testng.internal.invokers.TestInvoker$MethodInvocationAgent.invoke(TestInvoker.java:992)
	at org.testng.internal.invokers.TestInvoker.invokeTestMethods(TestInvoker.java:203)
	at org.testng.internal.invokers.TestMethodWorker.invokeTestMethods(TestMethodWorker.java:154)
	at org.testng.internal.invokers.TestMethodWorker.run(TestMethodWorker.java:134)
	at java.base/java.util.concurrent.Executors$RunnableAdapter.call(Executors.java:572)
	at java.base/java.util.concurrent.FutureTask.run(FutureTask.java:317)
	at org.testng.internal.thread.graph.TestNGFutureTask.run(TestNGFutureTask.java:22)
	at java.base/java.util.concurrent.ThreadPoolExecutor.runWorker(ThreadPoolExecutor.java:1144)
	at java.base/java.util.concurrent.ThreadPoolExecutor$Worker.run(ThreadPoolExecutor.java:642)
	at java.base/java.lang.Thread.run(Thread.java:1583)
</pre></div></td>
<td>168</td>
<td>com.hanapos.OrderEntry_Alais_PickUp_PhoneOrderTest.Hana_T103_Pickup_CustomerSection_Edit_Customer_CustomerDetails_Preferences_FT@20f5281c</td></tr>
<tr>
<td title='com.hanapos.OrderEntry_Alais_PickUp_PhoneOrderTest.Hana_T154_Pickup_RecipientSection_FrequentAddress_FT.Validate_Hana_T154_Pickup_RecipientSection_FrequentAddress_Functionality_Test()'><b>Validate_Hana_T154_Pickup_RecipientSection_FrequentAddress_Functionality_Test</b><br>Test class: com.hanapos.OrderEntry_Alais_PickUp_PhoneOrderTest.Hana_T154_Pickup_RecipientSection_FrequentAddress_FT</td>
<td><div><pre>java.lang.AssertionError: The following asserts failed:
	Test Step - 7 - Recipient phone number is not matched with customer phonenumber 1 field on phone order page recipient section expected [956-444-0756] but found [],
	Test Step - 7 - Recipient alt phone number is not matched with customer phonenumber2 on phone order page recipient section expected [956-444-0756] but found [],
	Test Step - 17 - Recipient address 1 field is not displayed on order entry menu common address management section expected [true] but found [false],
	Test Step - 18 - Displayed address1 in configuration settings page on common address management page is not matched with recipient address1 field expected [1160 W 5th St] but found [8505 W Irlo Bronson Memorial Hwy]
	at org.testng.asserts.SoftAssert.assertAll(SoftAssert.java:46)
	at org.testng.asserts.SoftAssert.assertAll(SoftAssert.java:30)
	at com.hanapos.OrderEntry_Alais_PickUp_PhoneOrderTest.Hana_T154_Pickup_RecipientSection_FrequentAddress_FT.Validate_Hana_T154_Pickup_RecipientSection_FrequentAddress_Functionality_Test(Hana_T154_Pickup_RecipientSection_FrequentAddress_FT.java:163)
	at java.base/jdk.internal.reflect.DirectMethodHandleAccessor.invoke(DirectMethodHandleAccessor.java:103)
	at java.base/java.lang.reflect.Method.invoke(Method.java:580)
	at org.testng.internal.invokers.MethodInvocationHelper.invokeMethod(MethodInvocationHelper.java:141)
	at org.testng.internal.invokers.TestInvoker.invokeMethod(TestInvoker.java:686)
	at org.testng.internal.invokers.TestInvoker.invokeTestMethod(TestInvoker.java:230)
	at org.testng.internal.invokers.MethodRunner.runInSequence(MethodRunner.java:63)
	at org.testng.internal.invokers.TestInvoker$MethodInvocationAgent.invoke(TestInvoker.java:992)
	at org.testng.internal.invokers.TestInvoker.invokeTestMethods(TestInvoker.java:203)
	at org.testng.internal.invokers.TestMethodWorker.invokeTestMethods(TestMethodWorker.java:154)
	at org.testng.internal.invokers.TestMethodWorker.run(TestMethodWorker.java:134)
	at java.base/java.util.concurrent.Executors$RunnableAdapter.call(Executors.java:572)
	at java.base/java.util.concurrent.FutureTask.run(FutureTask.java:317)
	at org.testng.internal.thread.graph.TestNGFutureTask.run(TestNGFutureTask.java:22)
	at java.base/java.util.concurrent.ThreadPoolExecutor.runWorker(ThreadPoolExecutor.java:1144)
	at java.base/java.util.concurrent.ThreadPoolExecutor$Worker.run(ThreadPoolExecutor.java:642)
	at java.base/java.lang.Thread.run(Thread.java:1583)
</pre></div><a href='#' onClick='toggleBox("stack-trace1846586020", this, "Click to show all stack frames", "Click to hide stack frames")'>Click to show all stack frames</a>
<div class='stack-trace' id='stack-trace1846586020'><pre>java.lang.AssertionError: The following asserts failed:
	Test Step - 7 - Recipient phone number is not matched with customer phonenumber 1 field on phone order page recipient section expected [956-444-0756] but found [],
	Test Step - 7 - Recipient alt phone number is not matched with customer phonenumber2 on phone order page recipient section expected [956-444-0756] but found [],
	Test Step - 17 - Recipient address 1 field is not displayed on order entry menu common address management section expected [true] but found [false],
	Test Step - 18 - Displayed address1 in configuration settings page on common address management page is not matched with recipient address1 field expected [1160 W 5th St] but found [8505 W Irlo Bronson Memorial Hwy]
	at org.testng.asserts.SoftAssert.assertAll(SoftAssert.java:46)
	at org.testng.asserts.SoftAssert.assertAll(SoftAssert.java:30)
	at com.hanapos.OrderEntry_Alais_PickUp_PhoneOrderTest.Hana_T154_Pickup_RecipientSection_FrequentAddress_FT.Validate_Hana_T154_Pickup_RecipientSection_FrequentAddress_Functionality_Test(Hana_T154_Pickup_RecipientSection_FrequentAddress_FT.java:163)
	at java.base/jdk.internal.reflect.DirectMethodHandleAccessor.invoke(DirectMethodHandleAccessor.java:103)
	at java.base/java.lang.reflect.Method.invoke(Method.java:580)
	at org.testng.internal.invokers.MethodInvocationHelper.invokeMethod(MethodInvocationHelper.java:141)
	at org.testng.internal.invokers.TestInvoker.invokeMethod(TestInvoker.java:686)
	at org.testng.internal.invokers.TestInvoker.invokeTestMethod(TestInvoker.java:230)
	at org.testng.internal.invokers.MethodRunner.runInSequence(MethodRunner.java:63)
	at org.testng.internal.invokers.TestInvoker$MethodInvocationAgent.invoke(TestInvoker.java:992)
	at org.testng.internal.invokers.TestInvoker.invokeTestMethods(TestInvoker.java:203)
	at org.testng.internal.invokers.TestMethodWorker.invokeTestMethods(TestMethodWorker.java:154)
	at org.testng.internal.invokers.TestMethodWorker.run(TestMethodWorker.java:134)
	at java.base/java.util.concurrent.Executors$RunnableAdapter.call(Executors.java:572)
	at java.base/java.util.concurrent.FutureTask.run(FutureTask.java:317)
	at org.testng.internal.thread.graph.TestNGFutureTask.run(TestNGFutureTask.java:22)
	at java.base/java.util.concurrent.ThreadPoolExecutor.runWorker(ThreadPoolExecutor.java:1144)
	at java.base/java.util.concurrent.ThreadPoolExecutor$Worker.run(ThreadPoolExecutor.java:642)
	at java.base/java.lang.Thread.run(Thread.java:1583)
</pre></div></td>
<td>101</td>
<td>com.hanapos.OrderEntry_Alais_PickUp_PhoneOrderTest.Hana_T154_Pickup_RecipientSection_FrequentAddress_FT@d278d2b</td></tr>
<tr>
<td title='com.hanapos.OrderEntry_Alais_PickUp_PhoneOrderTest.Hana_T149_Pickup_RecipientSection_ClearTime_FT.Validate_Hana_T149_Pickup_RecipientSection_ClearTime_Functionality_Test()'><b>Validate_Hana_T149_Pickup_RecipientSection_ClearTime_Functionality_Test</b><br>Test class: com.hanapos.OrderEntry_Alais_PickUp_PhoneOrderTest.Hana_T149_Pickup_RecipientSection_ClearTime_FT</td>
<td><div><pre>java.lang.AssertionError: The following asserts failed:
	Test Step - 8 - Recipient phone number is not matched with customer phonenumber 1 field on phone order page recipient section expected [956-444-0756] but found [],
	Test Step - 8 - Recipient alt phone number is not matched with customer phonenumber2 on phone order page recipient section expected [956-444-0756] but found []
	at org.testng.asserts.SoftAssert.assertAll(SoftAssert.java:46)
	at org.testng.asserts.SoftAssert.assertAll(SoftAssert.java:30)
	at com.hanapos.OrderEntry_Alais_PickUp_PhoneOrderTest.Hana_T149_Pickup_RecipientSection_ClearTime_FT.Validate_Hana_T149_Pickup_RecipientSection_ClearTime_Functionality_Test(Hana_T149_Pickup_RecipientSection_ClearTime_FT.java:114)
	at java.base/jdk.internal.reflect.DirectMethodHandleAccessor.invoke(DirectMethodHandleAccessor.java:103)
	at java.base/java.lang.reflect.Method.invoke(Method.java:580)
	at org.testng.internal.invokers.MethodInvocationHelper.invokeMethod(MethodInvocationHelper.java:141)
	at org.testng.internal.invokers.TestInvoker.invokeMethod(TestInvoker.java:686)
	at org.testng.internal.invokers.TestInvoker.invokeTestMethod(TestInvoker.java:230)
	at org.testng.internal.invokers.MethodRunner.runInSequence(MethodRunner.java:63)
	at org.testng.internal.invokers.TestInvoker$MethodInvocationAgent.invoke(TestInvoker.java:992)
	at org.testng.internal.invokers.TestInvoker.invokeTestMethods(TestInvoker.java:203)
	at org.testng.internal.invokers.TestMethodWorker.invokeTestMethods(TestMethodWorker.java:154)
	at org.testng.internal.invokers.TestMethodWorker.run(TestMethodWorker.java:134)
	at java.base/java.util.concurrent.Executors$RunnableAdapter.call(Executors.java:572)
	at java.base/java.util.concurrent.FutureTask.run(FutureTask.java:317)
	at org.testng.internal.thread.graph.TestNGFutureTask.run(TestNGFutureTask.java:22)
	at java.base/java.util.concurrent.ThreadPoolExecutor.runWorker(ThreadPoolExecutor.java:1144)
	at java.base/java.util.concurrent.ThreadPoolExecutor$Worker.run(ThreadPoolExecutor.java:642)
	at java.base/java.lang.Thread.run(Thread.java:1583)
</pre></div><a href='#' onClick='toggleBox("stack-trace825056212", this, "Click to show all stack frames", "Click to hide stack frames")'>Click to show all stack frames</a>
<div class='stack-trace' id='stack-trace825056212'><pre>java.lang.AssertionError: The following asserts failed:
	Test Step - 8 - Recipient phone number is not matched with customer phonenumber 1 field on phone order page recipient section expected [956-444-0756] but found [],
	Test Step - 8 - Recipient alt phone number is not matched with customer phonenumber2 on phone order page recipient section expected [956-444-0756] but found []
	at org.testng.asserts.SoftAssert.assertAll(SoftAssert.java:46)
	at org.testng.asserts.SoftAssert.assertAll(SoftAssert.java:30)
	at com.hanapos.OrderEntry_Alais_PickUp_PhoneOrderTest.Hana_T149_Pickup_RecipientSection_ClearTime_FT.Validate_Hana_T149_Pickup_RecipientSection_ClearTime_Functionality_Test(Hana_T149_Pickup_RecipientSection_ClearTime_FT.java:114)
	at java.base/jdk.internal.reflect.DirectMethodHandleAccessor.invoke(DirectMethodHandleAccessor.java:103)
	at java.base/java.lang.reflect.Method.invoke(Method.java:580)
	at org.testng.internal.invokers.MethodInvocationHelper.invokeMethod(MethodInvocationHelper.java:141)
	at org.testng.internal.invokers.TestInvoker.invokeMethod(TestInvoker.java:686)
	at org.testng.internal.invokers.TestInvoker.invokeTestMethod(TestInvoker.java:230)
	at org.testng.internal.invokers.MethodRunner.runInSequence(MethodRunner.java:63)
	at org.testng.internal.invokers.TestInvoker$MethodInvocationAgent.invoke(TestInvoker.java:992)
	at org.testng.internal.invokers.TestInvoker.invokeTestMethods(TestInvoker.java:203)
	at org.testng.internal.invokers.TestMethodWorker.invokeTestMethods(TestMethodWorker.java:154)
	at org.testng.internal.invokers.TestMethodWorker.run(TestMethodWorker.java:134)
	at java.base/java.util.concurrent.Executors$RunnableAdapter.call(Executors.java:572)
	at java.base/java.util.concurrent.FutureTask.run(FutureTask.java:317)
	at org.testng.internal.thread.graph.TestNGFutureTask.run(TestNGFutureTask.java:22)
	at java.base/java.util.concurrent.ThreadPoolExecutor.runWorker(ThreadPoolExecutor.java:1144)
	at java.base/java.util.concurrent.ThreadPoolExecutor$Worker.run(ThreadPoolExecutor.java:642)
	at java.base/java.lang.Thread.run(Thread.java:1583)
</pre></div></td>
<td>42</td>
<td>com.hanapos.OrderEntry_Alais_PickUp_PhoneOrderTest.Hana_T149_Pickup_RecipientSection_ClearTime_FT@68dc098b</td></tr>
<tr>
<td title='com.hanapos.OrderEntry_Alais_PickUp_PhoneOrderTest.Hana_T110_Pickup_CustomerSection_Edit_Customer_CustomerDetails_UnPaidInvoice_Tax_Search_Filter_FT.Validate_Hana_T110_Pickup_CustomerSection_Edit_Customer_CustomerDetails_UnPaidInvoice_Tax_Search_Filter_Test()'><b>Validate_Hana_T110_Pickup_CustomerSection_Edit_Customer_CustomerDetails_UnPaidInvoice_Tax_Search_Filter_Test</b><br>Test class: com.hanapos.OrderEntry_Alais_PickUp_PhoneOrderTest.Hana_T110_Pickup_CustomerSection_Edit_Customer_CustomerDetails_UnPaidInvoice_Tax_Search_Filter_FT</td>
<td><div><pre>java.lang.AssertionError: Test case failed due to exception javascript error: {&quot;status&quot;:60,&quot;value&quot;:&quot;https://hanafloralpos3.com/order/index has no size and location&quot;}
  (Session info: chrome=128.0.6613.84)
Build info: version: &apos;4.22.0&apos;, revision: &apos;c5f3146703*&apos;
System info: os.name: &apos;Windows 11&apos;, os.arch: &apos;amd64&apos;, os.version: &apos;10.0&apos;, java.version: &apos;21.0.2&apos;
Driver info: org.openqa.selenium.chrome.ChromeDriver
Command: [f926334045cd4b05dd3829002ee8351a, actions {actions=[org.openqa.selenium.interactions.Sequence@20a1ab73]}]
Capabilities {acceptInsecureCerts: false, browserName: chrome, browserVersion: 128.0.6613.84, chrome: {chromedriverVersion: 128.0.6613.84 (606aa55c7d68..., userDataDir: C:\Users\Balaji\AppData\Loc...}, fedcm:accounts: true, goog:chromeOptions: {debuggerAddress: localhost:59407}, networkConnectionEnabled: false, pageLoadStrategy: normal, platformName: windows, proxy: Proxy(), se:cdp: ws://localhost:59407/devtoo..., se:cdpVersion: 128.0.6613.84, setWindowRect: true, strictFileInteractability: false, timeouts: {implicit: 0, pageLoad: 300000, script: 30000}, unhandledPromptBehavior: dismiss and notify, webauthn:extension:credBlob: true, webauthn:extension:largeBlob: true, webauthn:extension:minPinLength: true, webauthn:extension:prf: true, webauthn:virtualAuthenticators: true}
Session ID: f926334045cd4b05dd3829002ee8351a
	at org.testng.Assert.fail(Assert.java:111)
	at com.hanapos.OrderEntry_Alais_PickUp_PhoneOrderTest.Hana_T110_Pickup_CustomerSection_Edit_Customer_CustomerDetails_UnPaidInvoice_Tax_Search_Filter_FT.Validate_Hana_T110_Pickup_CustomerSection_Edit_Customer_CustomerDetails_UnPaidInvoice_Tax_Search_Filter_Test(Hana_T110_Pickup_CustomerSection_Edit_Customer_CustomerDetails_UnPaidInvoice_Tax_Search_Filter_FT.java:158)
	at java.base/jdk.internal.reflect.DirectMethodHandleAccessor.invoke(DirectMethodHandleAccessor.java:103)
	at java.base/java.lang.reflect.Method.invoke(Method.java:580)
	at org.testng.internal.invokers.MethodInvocationHelper.invokeMethod(MethodInvocationHelper.java:141)
	at org.testng.internal.invokers.TestInvoker.invokeMethod(TestInvoker.java:686)
	at org.testng.internal.invokers.TestInvoker.invokeTestMethod(TestInvoker.java:230)
	at org.testng.internal.invokers.MethodRunner.runInSequence(MethodRunner.java:63)
	at org.testng.internal.invokers.TestInvoker$MethodInvocationAgent.invoke(TestInvoker.java:992)
	at org.testng.internal.invokers.TestInvoker.invokeTestMethods(TestInvoker.java:203)
	at org.testng.internal.invokers.TestMethodWorker.invokeTestMethods(TestMethodWorker.java:154)
	at org.testng.internal.invokers.TestMethodWorker.run(TestMethodWorker.java:134)
	at java.base/java.util.concurrent.Executors$RunnableAdapter.call(Executors.java:572)
	at java.base/java.util.concurrent.FutureTask.run(FutureTask.java:317)
	at org.testng.internal.thread.graph.TestNGFutureTask.run(TestNGFutureTask.java:22)
	at java.base/java.util.concurrent.ThreadPoolExecutor.runWorker(ThreadPoolExecutor.java:1144)
	at java.base/java.util.concurrent.ThreadPoolExecutor$Worker.run(ThreadPoolExecutor.java:642)
	at java.base/java.lang.Thread.run(Thread.java:1583)
</pre></div><a href='#' onClick='toggleBox("stack-trace1570423968", this, "Click to show all stack frames", "Click to hide stack frames")'>Click to show all stack frames</a>
<div class='stack-trace' id='stack-trace1570423968'><pre>java.lang.AssertionError: Test case failed due to exception javascript error: {&quot;status&quot;:60,&quot;value&quot;:&quot;https://hanafloralpos3.com/order/index has no size and location&quot;}
  (Session info: chrome=128.0.6613.84)
Build info: version: &apos;4.22.0&apos;, revision: &apos;c5f3146703*&apos;
System info: os.name: &apos;Windows 11&apos;, os.arch: &apos;amd64&apos;, os.version: &apos;10.0&apos;, java.version: &apos;21.0.2&apos;
Driver info: org.openqa.selenium.chrome.ChromeDriver
Command: [f926334045cd4b05dd3829002ee8351a, actions {actions=[org.openqa.selenium.interactions.Sequence@20a1ab73]}]
Capabilities {acceptInsecureCerts: false, browserName: chrome, browserVersion: 128.0.6613.84, chrome: {chromedriverVersion: 128.0.6613.84 (606aa55c7d68..., userDataDir: C:\Users\Balaji\AppData\Loc...}, fedcm:accounts: true, goog:chromeOptions: {debuggerAddress: localhost:59407}, networkConnectionEnabled: false, pageLoadStrategy: normal, platformName: windows, proxy: Proxy(), se:cdp: ws://localhost:59407/devtoo..., se:cdpVersion: 128.0.6613.84, setWindowRect: true, strictFileInteractability: false, timeouts: {implicit: 0, pageLoad: 300000, script: 30000}, unhandledPromptBehavior: dismiss and notify, webauthn:extension:credBlob: true, webauthn:extension:largeBlob: true, webauthn:extension:minPinLength: true, webauthn:extension:prf: true, webauthn:virtualAuthenticators: true}
Session ID: f926334045cd4b05dd3829002ee8351a
	at org.testng.Assert.fail(Assert.java:111)
	at com.hanapos.OrderEntry_Alais_PickUp_PhoneOrderTest.Hana_T110_Pickup_CustomerSection_Edit_Customer_CustomerDetails_UnPaidInvoice_Tax_Search_Filter_FT.Validate_Hana_T110_Pickup_CustomerSection_Edit_Customer_CustomerDetails_UnPaidInvoice_Tax_Search_Filter_Test(Hana_T110_Pickup_CustomerSection_Edit_Customer_CustomerDetails_UnPaidInvoice_Tax_Search_Filter_FT.java:158)
	at java.base/jdk.internal.reflect.DirectMethodHandleAccessor.invoke(DirectMethodHandleAccessor.java:103)
	at java.base/java.lang.reflect.Method.invoke(Method.java:580)
	at org.testng.internal.invokers.MethodInvocationHelper.invokeMethod(MethodInvocationHelper.java:141)
	at org.testng.internal.invokers.TestInvoker.invokeMethod(TestInvoker.java:686)
	at org.testng.internal.invokers.TestInvoker.invokeTestMethod(TestInvoker.java:230)
	at org.testng.internal.invokers.MethodRunner.runInSequence(MethodRunner.java:63)
	at org.testng.internal.invokers.TestInvoker$MethodInvocationAgent.invoke(TestInvoker.java:992)
	at org.testng.internal.invokers.TestInvoker.invokeTestMethods(TestInvoker.java:203)
	at org.testng.internal.invokers.TestMethodWorker.invokeTestMethods(TestMethodWorker.java:154)
	at org.testng.internal.invokers.TestMethodWorker.run(TestMethodWorker.java:134)
	at java.base/java.util.concurrent.Executors$RunnableAdapter.call(Executors.java:572)
	at java.base/java.util.concurrent.FutureTask.run(FutureTask.java:317)
	at org.testng.internal.thread.graph.TestNGFutureTask.run(TestNGFutureTask.java:22)
	at java.base/java.util.concurrent.ThreadPoolExecutor.runWorker(ThreadPoolExecutor.java:1144)
	at java.base/java.util.concurrent.ThreadPoolExecutor$Worker.run(ThreadPoolExecutor.java:642)
	at java.base/java.lang.Thread.run(Thread.java:1583)
</pre></div></td>
<td>189</td>
<td>com.hanapos.OrderEntry_Alais_PickUp_PhoneOrderTest.Hana_T110_Pickup_CustomerSection_Edit_Customer_CustomerDetails_UnPaidInvoice_Tax_Search_Filter_FT@2d6c53fc</td></tr>
<tr>
<td title='com.hanapos.OrderEntry_Alais_PickUp_PhoneOrderTest.Hana_T082_Pickup_Functionality_with_New_customer_FT.Validate_Hana_T082_Pickup_Functionality_with_New_customer_Test()'><b>Validate_Hana_T082_Pickup_Functionality_with_New_customer_Test</b><br>Test class: com.hanapos.OrderEntry_Alais_PickUp_PhoneOrderTest.Hana_T082_Pickup_Functionality_with_New_customer_FT<br>Parameters: Stuart Markwood, 2715 35th Avenue Greeley, CO, USA, 80634, 956-655-0756, Abish, David, 3402 Park Blvd, PICK UP, 92103, San Diego, United States, 956-655-0756, Church, Birthday, rrd, Cash, Cash Register2</td>
<td><div><pre>java.lang.AssertionError: The following asserts failed:
	Test Step - 17 - Address on customer table is not matched expected [2715 35th Ave] but found [2715 35th Ave Ct],
	Test Step - 19 - Added address 1 field is not properly displayed expected [2715 35th Ave] but found [2715 35th Ave Ct]
	at org.testng.asserts.SoftAssert.assertAll(SoftAssert.java:46)
	at org.testng.asserts.SoftAssert.assertAll(SoftAssert.java:30)
	at com.hanapos.OrderEntry_Alais_PickUp_PhoneOrderTest.Hana_T082_Pickup_Functionality_with_New_customer_FT.Validate_Hana_T082_Pickup_Functionality_with_New_customer_Test(Hana_T082_Pickup_Functionality_with_New_customer_FT.java:252)
	at java.base/jdk.internal.reflect.DirectMethodHandleAccessor.invoke(DirectMethodHandleAccessor.java:103)
	at java.base/java.lang.reflect.Method.invoke(Method.java:580)
	at org.testng.internal.invokers.MethodInvocationHelper.invokeMethod(MethodInvocationHelper.java:141)
	at org.testng.internal.invokers.TestInvoker.invokeMethod(TestInvoker.java:686)
	at org.testng.internal.invokers.TestInvoker.invokeTestMethod(TestInvoker.java:230)
	at org.testng.internal.invokers.MethodRunner.runInSequence(MethodRunner.java:63)
	at org.testng.internal.invokers.TestInvoker$MethodInvocationAgent.invoke(TestInvoker.java:992)
	at org.testng.internal.invokers.TestInvoker.invokeTestMethods(TestInvoker.java:203)
	at org.testng.internal.invokers.TestMethodWorker.invokeTestMethods(TestMethodWorker.java:154)
	at org.testng.internal.invokers.TestMethodWorker.run(TestMethodWorker.java:134)
	at java.base/java.util.concurrent.Executors$RunnableAdapter.call(Executors.java:572)
	at java.base/java.util.concurrent.FutureTask.run(FutureTask.java:317)
	at org.testng.internal.thread.graph.TestNGFutureTask.run(TestNGFutureTask.java:22)
	at java.base/java.util.concurrent.ThreadPoolExecutor.runWorker(ThreadPoolExecutor.java:1144)
	at java.base/java.util.concurrent.ThreadPoolExecutor$Worker.run(ThreadPoolExecutor.java:642)
	at java.base/java.lang.Thread.run(Thread.java:1583)
</pre></div><a href='#' onClick='toggleBox("stack-trace594411158", this, "Click to show all stack frames", "Click to hide stack frames")'>Click to show all stack frames</a>
<div class='stack-trace' id='stack-trace594411158'><pre>java.lang.AssertionError: The following asserts failed:
	Test Step - 17 - Address on customer table is not matched expected [2715 35th Ave] but found [2715 35th Ave Ct],
	Test Step - 19 - Added address 1 field is not properly displayed expected [2715 35th Ave] but found [2715 35th Ave Ct]
	at org.testng.asserts.SoftAssert.assertAll(SoftAssert.java:46)
	at org.testng.asserts.SoftAssert.assertAll(SoftAssert.java:30)
	at com.hanapos.OrderEntry_Alais_PickUp_PhoneOrderTest.Hana_T082_Pickup_Functionality_with_New_customer_FT.Validate_Hana_T082_Pickup_Functionality_with_New_customer_Test(Hana_T082_Pickup_Functionality_with_New_customer_FT.java:252)
	at java.base/jdk.internal.reflect.DirectMethodHandleAccessor.invoke(DirectMethodHandleAccessor.java:103)
	at java.base/java.lang.reflect.Method.invoke(Method.java:580)
	at org.testng.internal.invokers.MethodInvocationHelper.invokeMethod(MethodInvocationHelper.java:141)
	at org.testng.internal.invokers.TestInvoker.invokeMethod(TestInvoker.java:686)
	at org.testng.internal.invokers.TestInvoker.invokeTestMethod(TestInvoker.java:230)
	at org.testng.internal.invokers.MethodRunner.runInSequence(MethodRunner.java:63)
	at org.testng.internal.invokers.TestInvoker$MethodInvocationAgent.invoke(TestInvoker.java:992)
	at org.testng.internal.invokers.TestInvoker.invokeTestMethods(TestInvoker.java:203)
	at org.testng.internal.invokers.TestMethodWorker.invokeTestMethods(TestMethodWorker.java:154)
	at org.testng.internal.invokers.TestMethodWorker.run(TestMethodWorker.java:134)
	at java.base/java.util.concurrent.Executors$RunnableAdapter.call(Executors.java:572)
	at java.base/java.util.concurrent.FutureTask.run(FutureTask.java:317)
	at org.testng.internal.thread.graph.TestNGFutureTask.run(TestNGFutureTask.java:22)
	at java.base/java.util.concurrent.ThreadPoolExecutor.runWorker(ThreadPoolExecutor.java:1144)
	at java.base/java.util.concurrent.ThreadPoolExecutor$Worker.run(ThreadPoolExecutor.java:642)
	at java.base/java.lang.Thread.run(Thread.java:1583)
</pre></div></td>
<td>148</td>
<td>com.hanapos.OrderEntry_Alais_PickUp_PhoneOrderTest.Hana_T082_Pickup_Functionality_with_New_customer_FT@74a6f9c1</td></tr>
<tr>
<td title='com.hanapos.OrderEntry_Alais_PickUp_PhoneOrderTest.Hana_T122_Pickup_CustomerSection_Edit_Customer_CustomerDetails_PaymentDetails_Pay_Date_Search_Filter_FT.Validate_Hana_T122_Pickup_CustomerSection_Edit_Customer_CustomerDetails_PaymentDetails_Pay_Date_Search_Filter_Functionality_Test()'><b>Validate_Hana_T122_Pickup_CustomerSection_Edit_Customer_CustomerDetails_PaymentDetails_Pay_Date_Search_Filter_Functionality_Test</b><br>Test class: com.hanapos.OrderEntry_Alais_PickUp_PhoneOrderTest.Hana_T122_Pickup_CustomerSection_Edit_Customer_CustomerDetails_PaymentDetails_Pay_Date_Search_Filter_FT</td>
<td><div><pre>java.lang.AssertionError: The following asserts failed:
	Test Step - 14 - Entered invalid date value on date picker input box field is not removed expected [] but found [13/32/20200]
	at org.testng.asserts.SoftAssert.assertAll(SoftAssert.java:46)
	at org.testng.asserts.SoftAssert.assertAll(SoftAssert.java:30)
	at com.hanapos.OrderEntry_Alais_PickUp_PhoneOrderTest.Hana_T122_Pickup_CustomerSection_Edit_Customer_CustomerDetails_PaymentDetails_Pay_Date_Search_Filter_FT.Validate_Hana_T122_Pickup_CustomerSection_Edit_Customer_CustomerDetails_PaymentDetails_Pay_Date_Search_Filter_Functionality_Test(Hana_T122_Pickup_CustomerSection_Edit_Customer_CustomerDetails_PaymentDetails_Pay_Date_Search_Filter_FT.java:169)
	at java.base/jdk.internal.reflect.DirectMethodHandleAccessor.invoke(DirectMethodHandleAccessor.java:103)
	at java.base/java.lang.reflect.Method.invoke(Method.java:580)
	at org.testng.internal.invokers.MethodInvocationHelper.invokeMethod(MethodInvocationHelper.java:141)
	at org.testng.internal.invokers.TestInvoker.invokeMethod(TestInvoker.java:686)
	at org.testng.internal.invokers.TestInvoker.invokeTestMethod(TestInvoker.java:230)
	at org.testng.internal.invokers.MethodRunner.runInSequence(MethodRunner.java:63)
	at org.testng.internal.invokers.TestInvoker$MethodInvocationAgent.invoke(TestInvoker.java:992)
	at org.testng.internal.invokers.TestInvoker.invokeTestMethods(TestInvoker.java:203)
	at org.testng.internal.invokers.TestMethodWorker.invokeTestMethods(TestMethodWorker.java:154)
	at org.testng.internal.invokers.TestMethodWorker.run(TestMethodWorker.java:134)
	at java.base/java.util.concurrent.Executors$RunnableAdapter.call(Executors.java:572)
	at java.base/java.util.concurrent.FutureTask.run(FutureTask.java:317)
	at org.testng.internal.thread.graph.TestNGFutureTask.run(TestNGFutureTask.java:22)
	at java.base/java.util.concurrent.ThreadPoolExecutor.runWorker(ThreadPoolExecutor.java:1144)
	at java.base/java.util.concurrent.ThreadPoolExecutor$Worker.run(ThreadPoolExecutor.java:642)
	at java.base/java.lang.Thread.run(Thread.java:1583)
</pre></div><a href='#' onClick='toggleBox("stack-trace1508593812", this, "Click to show all stack frames", "Click to hide stack frames")'>Click to show all stack frames</a>
<div class='stack-trace' id='stack-trace1508593812'><pre>java.lang.AssertionError: The following asserts failed:
	Test Step - 14 - Entered invalid date value on date picker input box field is not removed expected [] but found [13/32/20200]
	at org.testng.asserts.SoftAssert.assertAll(SoftAssert.java:46)
	at org.testng.asserts.SoftAssert.assertAll(SoftAssert.java:30)
	at com.hanapos.OrderEntry_Alais_PickUp_PhoneOrderTest.Hana_T122_Pickup_CustomerSection_Edit_Customer_CustomerDetails_PaymentDetails_Pay_Date_Search_Filter_FT.Validate_Hana_T122_Pickup_CustomerSection_Edit_Customer_CustomerDetails_PaymentDetails_Pay_Date_Search_Filter_Functionality_Test(Hana_T122_Pickup_CustomerSection_Edit_Customer_CustomerDetails_PaymentDetails_Pay_Date_Search_Filter_FT.java:169)
	at java.base/jdk.internal.reflect.DirectMethodHandleAccessor.invoke(DirectMethodHandleAccessor.java:103)
	at java.base/java.lang.reflect.Method.invoke(Method.java:580)
	at org.testng.internal.invokers.MethodInvocationHelper.invokeMethod(MethodInvocationHelper.java:141)
	at org.testng.internal.invokers.TestInvoker.invokeMethod(TestInvoker.java:686)
	at org.testng.internal.invokers.TestInvoker.invokeTestMethod(TestInvoker.java:230)
	at org.testng.internal.invokers.MethodRunner.runInSequence(MethodRunner.java:63)
	at org.testng.internal.invokers.TestInvoker$MethodInvocationAgent.invoke(TestInvoker.java:992)
	at org.testng.internal.invokers.TestInvoker.invokeTestMethods(TestInvoker.java:203)
	at org.testng.internal.invokers.TestMethodWorker.invokeTestMethods(TestMethodWorker.java:154)
	at org.testng.internal.invokers.TestMethodWorker.run(TestMethodWorker.java:134)
	at java.base/java.util.concurrent.Executors$RunnableAdapter.call(Executors.java:572)
	at java.base/java.util.concurrent.FutureTask.run(FutureTask.java:317)
	at org.testng.internal.thread.graph.TestNGFutureTask.run(TestNGFutureTask.java:22)
	at java.base/java.util.concurrent.ThreadPoolExecutor.runWorker(ThreadPoolExecutor.java:1144)
	at java.base/java.util.concurrent.ThreadPoolExecutor$Worker.run(ThreadPoolExecutor.java:642)
	at java.base/java.lang.Thread.run(Thread.java:1583)
</pre></div></td>
<td>80</td>
<td>com.hanapos.OrderEntry_Alais_PickUp_PhoneOrderTest.Hana_T122_Pickup_CustomerSection_Edit_Customer_CustomerDetails_PaymentDetails_Pay_Date_Search_Filter_FT@7d9e8ef7</td></tr>
</table><p>
<table width='100%' border='1' class='invocation-passed'>
<tr><td colspan='4' align='center'><b>PASSED TESTS</b></td></tr>
<tr><td><b>Test method</b></td>
<td><b>Attribute(s)</b></td>
<td width="30%"><b>Exception</b></td>
<td width="10%"><b>Time (seconds)</b></td>
<td><b>Instance</b></td>
</tr>
<tr>
<td title='com.hanapos.OrderEntry_Alais_PickUp_PhoneOrderTest.Hana_T081_Pickup_Functionality_with_Existing_customer_FT.Validate_Hana_T081_Pickup_Functionality_with_Existing_customer()'><b>Validate_Hana_T081_Pickup_Functionality_with_Existing_customer</b><br>Test class: com.hanapos.OrderEntry_Alais_PickUp_PhoneOrderTest.Hana_T081_Pickup_Functionality_with_Existing_customer_FT<br>Parameters: Stuart Markwood, Abish, Abish, David, 3402 Park Blvd, PICK UP, 92103, San Diego, United States, 956-655-0756, Church, Birthday, rrd, Invoice/House Account</td>
<td></td>
<td>113</td>
<td>com.hanapos.OrderEntry_Alais_PickUp_PhoneOrderTest.Hana_T081_Pickup_Functionality_with_Existing_customer_FT@82ea68c</td></tr>
<tr>
<td title='com.hanapos.OrderEntry_Alais_PickUp_PhoneOrderTest.Hana_T113_Pickup_CustomerSection_Edit_Customer_CustomerDetails_UnPaidInvoice_OrderDate_Search_Filter_FT.Validate_Hana_T113_Pickup_CustomerSection_Edit_Customer_CustomerDetails_UnPaidInvoice_OrderDate_Search_Filter_Test()'><b>Validate_Hana_T113_Pickup_CustomerSection_Edit_Customer_CustomerDetails_UnPaidInvoice_OrderDate_Search_Filter_Test</b><br>Test class: com.hanapos.OrderEntry_Alais_PickUp_PhoneOrderTest.Hana_T113_Pickup_CustomerSection_Edit_Customer_CustomerDetails_UnPaidInvoice_OrderDate_Search_Filter_FT</td>
<td></td>
<td>139</td>
<td>com.hanapos.OrderEntry_Alais_PickUp_PhoneOrderTest.Hana_T113_Pickup_CustomerSection_Edit_Customer_CustomerDetails_UnPaidInvoice_OrderDate_Search_Filter_FT@38ba6ce3</td></tr>
<tr>
<td title='com.hanapos.OrderEntry_Alais_PickUp_PhoneOrderTest.Hana_T101_Pickup_CustomerSection_Edit_Customer_CustomerDetails_CreditCard_AddNewCard_FT.Validate_Hana_T101_Pickup_CustomerSection_Edit_Customer_CustomerDetails_CreditCard_AddNewCard_Test()'><b>Validate_Hana_T101_Pickup_CustomerSection_Edit_Customer_CustomerDetails_CreditCard_AddNewCard_Test</b><br>Test class: com.hanapos.OrderEntry_Alais_PickUp_PhoneOrderTest.Hana_T101_Pickup_CustomerSection_Edit_Customer_CustomerDetails_CreditCard_AddNewCard_FT</td>
<td></td>
<td>65</td>
<td>com.hanapos.OrderEntry_Alais_PickUp_PhoneOrderTest.Hana_T101_Pickup_CustomerSection_Edit_Customer_CustomerDetails_CreditCard_AddNewCard_FT@60410cd</td></tr>
<tr>
<td title='com.hanapos.OrderEntry_Alais_PickUp_PhoneOrderTest.Hana_T127_Pickup_CustomerSection_Edit_Customer_CustomerDetails_PaymentDetails_Sorting_FT.Validate_Hana_T127_Pickup_CustomerSection_Edit_Customer_CustomerDetails_PaymentDetails_Sorting_Functionality_Test()'><b>Validate_Hana_T127_Pickup_CustomerSection_Edit_Customer_CustomerDetails_PaymentDetails_Sorting_Functionality_Test</b><br>Test class: com.hanapos.OrderEntry_Alais_PickUp_PhoneOrderTest.Hana_T127_Pickup_CustomerSection_Edit_Customer_CustomerDetails_PaymentDetails_Sorting_FT</td>
<td></td>
<td>120</td>
<td>com.hanapos.OrderEntry_Alais_PickUp_PhoneOrderTest.Hana_T127_Pickup_CustomerSection_Edit_Customer_CustomerDetails_PaymentDetails_Sorting_FT@3081f72c</td></tr>
<tr>
<td title='com.hanapos.OrderEntry_Alais_PickUp_PhoneOrderTest.Hana_T126_Pickup_CustomerSection_Edit_Customer_CustomerDetails_PaymentDetails_Pagination_FT.Validate_Hana_T126_Pickup_CustomerSection_Edit_Customer_CustomerDetails_PaymentDetails_Pagination_Functionality_Test()'><b>Validate_Hana_T126_Pickup_CustomerSection_Edit_Customer_CustomerDetails_PaymentDetails_Pagination_Functionality_Test</b><br>Test class: com.hanapos.OrderEntry_Alais_PickUp_PhoneOrderTest.Hana_T126_Pickup_CustomerSection_Edit_Customer_CustomerDetails_PaymentDetails_Pagination_FT</td>
<td></td>
<td>77</td>
<td>com.hanapos.OrderEntry_Alais_PickUp_PhoneOrderTest.Hana_T126_Pickup_CustomerSection_Edit_Customer_CustomerDetails_PaymentDetails_Pagination_FT@71329995</td></tr>
<tr>
<td title='com.hanapos.OrderEntry_Alais_PickUp_PhoneOrderTest.Hana_T129_Pickup_CustomerSection_Edit_Customer_CustomerDetails_OrderDetails_InvoiceSearchFilter_FT.Validate_Hana_T129_Pickup_CustomerSection_Edit_Customer_CustomerDetails_OrderDetails_InvoiceSearchFilter_FunctionalityTest()'><b>Validate_Hana_T129_Pickup_CustomerSection_Edit_Customer_CustomerDetails_OrderDetails_InvoiceSearchFilter_FunctionalityTest</b><br>Test class: com.hanapos.OrderEntry_Alais_PickUp_PhoneOrderTest.Hana_T129_Pickup_CustomerSection_Edit_Customer_CustomerDetails_OrderDetails_InvoiceSearchFilter_FT</td>
<td></td>
<td>80</td>
<td>com.hanapos.OrderEntry_Alais_PickUp_PhoneOrderTest.Hana_T129_Pickup_CustomerSection_Edit_Customer_CustomerDetails_OrderDetails_InvoiceSearchFilter_FT@79dc5318</td></tr>
<tr>
<td title='com.hanapos.OrderEntry_Alais_PickUp_PhoneOrderTest.Hana_T156_OrderEntryPage_Pickup_RecipientSection_ZoneBasedDeliveryFee_FT.Validate_Hana_T156_OrderEntryPage_Pickup_RecipientSection_ZoneBasedDeliveryFee_Functionality_Test()'><b>Validate_Hana_T156_OrderEntryPage_Pickup_RecipientSection_ZoneBasedDeliveryFee_Functionality_Test</b><br>Test class: com.hanapos.OrderEntry_Alais_PickUp_PhoneOrderTest.Hana_T156_OrderEntryPage_Pickup_RecipientSection_ZoneBasedDeliveryFee_FT</td>
<td></td>
<td>73</td>
<td>com.hanapos.OrderEntry_Alais_PickUp_PhoneOrderTest.Hana_T156_OrderEntryPage_Pickup_RecipientSection_ZoneBasedDeliveryFee_FT@6f7923a5</td></tr>
<tr>
<td title='com.hanapos.OrderEntry_Alais_PickUp_PhoneOrderTest.Hana_T112_Pickup_CustomerSection_Edit_Customer_CustomerDetails_UnPaidInvoice_Total_Search_Filter_FT.Validate_Hana_T112_Pickup_CustomerSection_Edit_Customer_CustomerDetails_UnPaidInvoice_Total_Search_Filter_Test()'><b>Validate_Hana_T112_Pickup_CustomerSection_Edit_Customer_CustomerDetails_UnPaidInvoice_Total_Search_Filter_Test</b><br>Test class: com.hanapos.OrderEntry_Alais_PickUp_PhoneOrderTest.Hana_T112_Pickup_CustomerSection_Edit_Customer_CustomerDetails_UnPaidInvoice_Total_Search_Filter_FT</td>
<td></td>
<td>98</td>
<td>com.hanapos.OrderEntry_Alais_PickUp_PhoneOrderTest.Hana_T112_Pickup_CustomerSection_Edit_Customer_CustomerDetails_UnPaidInvoice_Total_Search_Filter_FT@2d778add</td></tr>
<tr>
<td title='com.hanapos.OrderEntry_Alais_PickUp_PhoneOrderTest.Hana_T179_OrderEntryPage_Pickup_ProductSection_GiftCard_FT.Validate_Hana_T179_OrderEntryPage_Pickup_ProductSection_GiftCard_Functionality_Test()'><b>Validate_Hana_T179_OrderEntryPage_Pickup_ProductSection_GiftCard_Functionality_Test</b><br>Test class: com.hanapos.OrderEntry_Alais_PickUp_PhoneOrderTest.Hana_T179_OrderEntryPage_Pickup_ProductSection_GiftCard_FT</td>
<td></td>
<td>90</td>
<td>com.hanapos.OrderEntry_Alais_PickUp_PhoneOrderTest.Hana_T179_OrderEntryPage_Pickup_ProductSection_GiftCard_FT@341814d3</td></tr>
<tr>
<td title='com.hanapos.OrderEntry_Alais_PickUp_PhoneOrderTest.Hana_T096_Pickup_CustomerSection_ClearCustomer_FT.Validate_Hana_T096_Pickup_CustomerSection_ClearCustomer_Test()'><b>Validate_Hana_T096_Pickup_CustomerSection_ClearCustomer_Test</b><br>Test class: com.hanapos.OrderEntry_Alais_PickUp_PhoneOrderTest.Hana_T096_Pickup_CustomerSection_ClearCustomer_FT</td>
<td></td>
<td>50</td>
<td>com.hanapos.OrderEntry_Alais_PickUp_PhoneOrderTest.Hana_T096_Pickup_CustomerSection_ClearCustomer_FT@babafc2</td></tr>
<tr>
<td title='com.hanapos.OrderEntry_Alais_PickUp_PhoneOrderTest.Hana_T092_Pickup_CustomerSection_LastNameFieldLookup_FT.Validate_Hana_T092_Pickup_CustomerSection_LastNameFieldLookup_Test()'><b>Validate_Hana_T092_Pickup_CustomerSection_LastNameFieldLookup_Test</b><br>Test class: com.hanapos.OrderEntry_Alais_PickUp_PhoneOrderTest.Hana_T092_Pickup_CustomerSection_LastNameFieldLookup_FT<br>Parameters: Stuart Markwood, Jones, Abish David</td>
<td></td>
<td>55</td>
<td>com.hanapos.OrderEntry_Alais_PickUp_PhoneOrderTest.Hana_T092_Pickup_CustomerSection_LastNameFieldLookup_FT@59cba5a</td></tr>
<tr>
<td title='com.hanapos.OrderEntry_Alais_PickUp_PhoneOrderTest.Hana_T137_Pickup_CustomerSection_Edit_Customer_CustomerDetails_Statements_MoreThanOneMonthCustomer_FT.Validate_Hana_T137_Pickup_CustomerSection_Edit_Customer_CustomerDetails_Statements_MoreThanOneMonthCustomer_Functionality_Test()'><b>Validate_Hana_T137_Pickup_CustomerSection_Edit_Customer_CustomerDetails_Statements_MoreThanOneMonthCustomer_Functionality_Test</b><br>Test class: com.hanapos.OrderEntry_Alais_PickUp_PhoneOrderTest.Hana_T137_Pickup_CustomerSection_Edit_Customer_CustomerDetails_Statements_MoreThanOneMonthCustomer_FT</td>
<td></td>
<td>65</td>
<td>com.hanapos.OrderEntry_Alais_PickUp_PhoneOrderTest.Hana_T137_Pickup_CustomerSection_Edit_Customer_CustomerDetails_Statements_MoreThanOneMonthCustomer_FT@571c5681</td></tr>
<tr>
<td title='com.hanapos.OrderEntry_Alais_PickUp_PhoneOrderTest.Hana_T094_Pickup_CustomerSection_PhoneNumberFieldLookup_FT.Validate_Hana_T094_Pickup_CustomerSection_PhoneNumberFieldLookup_Test()'><b>Validate_Hana_T094_Pickup_CustomerSection_PhoneNumberFieldLookup_Test</b><br>Test class: com.hanapos.OrderEntry_Alais_PickUp_PhoneOrderTest.Hana_T094_Pickup_CustomerSection_PhoneNumberFieldLookup_FT<br>Parameters: Stuart Markwood, 9566550756, 13827052 Abish David Hana_Sisterchicks (956-655-0756,956-655-0756)</td>
<td></td>
<td>43</td>
<td>com.hanapos.OrderEntry_Alais_PickUp_PhoneOrderTest.Hana_T094_Pickup_CustomerSection_PhoneNumberFieldLookup_FT@7fcf2fc1</td></tr>
<tr>
<td title='com.hanapos.OrderEntry_Alais_PickUp_PhoneOrderTest.Hana_T104_Pickup_CustomerSection_Edit_Customer_CustomerDetails_UnPaidInvoice_FT.Validate_Hana_T104_Pickup_CustomerSection_Edit_Customer_CustomerDetails_UnPaidInvoice_Test()'><b>Validate_Hana_T104_Pickup_CustomerSection_Edit_Customer_CustomerDetails_UnPaidInvoice_Test</b><br>Test class: com.hanapos.OrderEntry_Alais_PickUp_PhoneOrderTest.Hana_T104_Pickup_CustomerSection_Edit_Customer_CustomerDetails_UnPaidInvoice_FT</td>
<td></td>
<td>67</td>
<td>com.hanapos.OrderEntry_Alais_PickUp_PhoneOrderTest.Hana_T104_Pickup_CustomerSection_Edit_Customer_CustomerDetails_UnPaidInvoice_FT@5b67bb7e</td></tr>
<tr>
<td title='com.hanapos.OrderEntry_Alais_PickUp_PhoneOrderTest.Hana_T187_OrderEntryPage_Pickup_OrderDetailsSection_Priority_FT.Validate_Hana_T187_OrderEntryPage_Pickup_OrderDetailsSection_Priority_Functionality_Test()'><b>Validate_Hana_T187_OrderEntryPage_Pickup_OrderDetailsSection_Priority_Functionality_Test</b><br>Test class: com.hanapos.OrderEntry_Alais_PickUp_PhoneOrderTest.Hana_T187_OrderEntryPage_Pickup_OrderDetailsSection_Priority_FT</td>
<td></td>
<td>195</td>
<td>com.hanapos.OrderEntry_Alais_PickUp_PhoneOrderTest.Hana_T187_OrderEntryPage_Pickup_OrderDetailsSection_Priority_FT@44d52de2</td></tr>
<tr>
<td title='com.hanapos.OrderEntry_Alais_PickUp_PhoneOrderTest.Hana_T124_Pickup_CustomerSection_Edit_Customer_CustomerDetails_PaymentDetails_CheckNo_SearchFilter_FT.Validate_Hana_T124_Pickup_CustomerSection_Edit_Customer_CustomerDetails_PaymentDetails_CheckNo_SearchFilter_Functionality_Test()'><b>Validate_Hana_T124_Pickup_CustomerSection_Edit_Customer_CustomerDetails_PaymentDetails_CheckNo_SearchFilter_Functionality_Test</b><br>Test class: com.hanapos.OrderEntry_Alais_PickUp_PhoneOrderTest.Hana_T124_Pickup_CustomerSection_Edit_Customer_CustomerDetails_PaymentDetails_CheckNo_SearchFilter_FT</td>
<td></td>
<td>128</td>
<td>com.hanapos.OrderEntry_Alais_PickUp_PhoneOrderTest.Hana_T124_Pickup_CustomerSection_Edit_Customer_CustomerDetails_PaymentDetails_CheckNo_SearchFilter_FT@3561c410</td></tr>
<tr>
<td title='com.hanapos.OrderEntry_Alais_PickUp_PhoneOrderTest.Hana_T128_Pickup_CustomerSection_Edit_Customer_CustomerDetails_OrderDetails_ExportToExcel_FT.Validate_Hana_T128_Pickup_CustomerSection_Edit_Customer_CustomerDetails_OrderDetails_ExportToExcel_Functionality_Test()'><b>Validate_Hana_T128_Pickup_CustomerSection_Edit_Customer_CustomerDetails_OrderDetails_ExportToExcel_Functionality_Test</b><br>Test class: com.hanapos.OrderEntry_Alais_PickUp_PhoneOrderTest.Hana_T128_Pickup_CustomerSection_Edit_Customer_CustomerDetails_OrderDetails_ExportToExcel_FT</td>
<td></td>
<td>54</td>
<td>com.hanapos.OrderEntry_Alais_PickUp_PhoneOrderTest.Hana_T128_Pickup_CustomerSection_Edit_Customer_CustomerDetails_OrderDetails_ExportToExcel_FT@73302995</td></tr>
<tr>
<td title='com.hanapos.OrderEntry_Alais_PickUp_PhoneOrderTest.Hana_T136_Pickup_CustomerSection_Edit_Customer_CustomerDetails_OrderDetails_Pagination_FT.Validate_Hana_T136_Pickup_CustomerSection_Edit_Customer_CustomerDetails_OrderDetails_Pagination_Functionality_Test()'><b>Validate_Hana_T136_Pickup_CustomerSection_Edit_Customer_CustomerDetails_OrderDetails_Pagination_Functionality_Test</b><br>Test class: com.hanapos.OrderEntry_Alais_PickUp_PhoneOrderTest.Hana_T136_Pickup_CustomerSection_Edit_Customer_CustomerDetails_OrderDetails_Pagination_FT</td>
<td></td>
<td>71</td>
<td>com.hanapos.OrderEntry_Alais_PickUp_PhoneOrderTest.Hana_T136_Pickup_CustomerSection_Edit_Customer_CustomerDetails_OrderDetails_Pagination_FT@ae3540e</td></tr>
<tr>
<td title='com.hanapos.OrderEntry_Alais_PickUp_PhoneOrderTest.Hana_T174_OrderEntry_Pickup_ProductSection_FT.Validate_Hana_T174_OrderEntry_Pickup_ProductSection_Functionality_Test()'><b>Validate_Hana_T174_OrderEntry_Pickup_ProductSection_Functionality_Test</b><br>Test class: com.hanapos.OrderEntry_Alais_PickUp_PhoneOrderTest.Hana_T174_OrderEntry_Pickup_ProductSection_FT</td>
<td></td>
<td>141</td>
<td>com.hanapos.OrderEntry_Alais_PickUp_PhoneOrderTest.Hana_T174_OrderEntry_Pickup_ProductSection_FT@573906eb</td></tr>
<tr>
<td title='com.hanapos.OrderEntry_Alais_PickUp_PhoneOrderTest.Hana_T109_Pickup_CustomerSection_Edit_Customer_CustomerDetails_UnPaidInvoice_Delivery_Search_Filter_FT.Validate_Hana_T109_Pickup_CustomerSection_Edit_Customer_CustomerDetails_UnPaidInvoice_Delivery_Search_Filter_Test()'><b>Validate_Hana_T109_Pickup_CustomerSection_Edit_Customer_CustomerDetails_UnPaidInvoice_Delivery_Search_Filter_Test</b><br>Test class: com.hanapos.OrderEntry_Alais_PickUp_PhoneOrderTest.Hana_T109_Pickup_CustomerSection_Edit_Customer_CustomerDetails_UnPaidInvoice_Delivery_Search_Filter_FT</td>
<td></td>
<td>65</td>
<td>com.hanapos.OrderEntry_Alais_PickUp_PhoneOrderTest.Hana_T109_Pickup_CustomerSection_Edit_Customer_CustomerDetails_UnPaidInvoice_Delivery_Search_Filter_FT@6c2ed0cd</td></tr>
<tr>
<td title='com.hanapos.OrderEntry_Alais_PickUp_PhoneOrderTest.Hana_T121_Pickup_CustomerSection_Edit_Customer_CustomerDetails_PaymentDetails_PaymentAmountSearchFilter_FT.Validate_Hana_T121_Pickup_CustomerSection_Edit_Customer_CustomerDetails_PaymentDetails_PaymentAmountSearchFilter_Functionality_Test()'><b>Validate_Hana_T121_Pickup_CustomerSection_Edit_Customer_CustomerDetails_PaymentDetails_PaymentAmountSearchFilter_Functionality_Test</b><br>Test class: com.hanapos.OrderEntry_Alais_PickUp_PhoneOrderTest.Hana_T121_Pickup_CustomerSection_Edit_Customer_CustomerDetails_PaymentDetails_PaymentAmountSearchFilter_FT</td>
<td></td>
<td>58</td>
<td>com.hanapos.OrderEntry_Alais_PickUp_PhoneOrderTest.Hana_T121_Pickup_CustomerSection_Edit_Customer_CustomerDetails_PaymentDetails_PaymentAmountSearchFilter_FT@56c4278e</td></tr>
<tr>
<td title='com.hanapos.OrderEntry_Alais_PickUp_PhoneOrderTest.Hana_T118_Pickup_CustomerSection_Edit_Customer_CustomerDetails_UnPaidInvoice_ExportToExcel_FT.Validate_Hana_T118_Pickup_CustomerSection_Edit_Customer_CustomerDetails_UnPaidInvoice_ExportToExcel_Functionality_Test()'><b>Validate_Hana_T118_Pickup_CustomerSection_Edit_Customer_CustomerDetails_UnPaidInvoice_ExportToExcel_Functionality_Test</b><br>Test class: com.hanapos.OrderEntry_Alais_PickUp_PhoneOrderTest.Hana_T118_Pickup_CustomerSection_Edit_Customer_CustomerDetails_UnPaidInvoice_ExportToExcel_FT</td>
<td></td>
<td>54</td>
<td>com.hanapos.OrderEntry_Alais_PickUp_PhoneOrderTest.Hana_T118_Pickup_CustomerSection_Edit_Customer_CustomerDetails_UnPaidInvoice_ExportToExcel_FT@609db546</td></tr>
<tr>
<td title='com.hanapos.OrderEntry_Alais_PickUp_PhoneOrderTest.Hana_T098_Pickup_CustomerSection_Edit_Customer_CustomerDetails_FT.Validate_Hana_T098_Pickup_CustomerSection_Edit_Customer_CustomerDetails_Test()'><b>Validate_Hana_T098_Pickup_CustomerSection_Edit_Customer_CustomerDetails_Test</b><br>Test class: com.hanapos.OrderEntry_Alais_PickUp_PhoneOrderTest.Hana_T098_Pickup_CustomerSection_Edit_Customer_CustomerDetails_FT</td>
<td></td>
<td>208</td>
<td>com.hanapos.OrderEntry_Alais_PickUp_PhoneOrderTest.Hana_T098_Pickup_CustomerSection_Edit_Customer_CustomerDetails_FT@6e005dc9</td></tr>
<tr>
<td title='com.hanapos.OrderEntry_Alais_PickUp_PhoneOrderTest.Hana_T106_Pickup_CustomerSection_Edit_Customer_CustomerDetails_UnPaidInvoice_PaidAmount_Search_Filter_FT.Validate_Hana_T106_Pickup_CustomerSection_Edit_Customer_CustomerDetails_UnPaidInvoice_PaidAmount_Search_Filter_Test()'><b>Validate_Hana_T106_Pickup_CustomerSection_Edit_Customer_CustomerDetails_UnPaidInvoice_PaidAmount_Search_Filter_Test</b><br>Test class: com.hanapos.OrderEntry_Alais_PickUp_PhoneOrderTest.Hana_T106_Pickup_CustomerSection_Edit_Customer_CustomerDetails_UnPaidInvoice_PaidAmount_Search_Filter_FT</td>
<td></td>
<td>137</td>
<td>com.hanapos.OrderEntry_Alais_PickUp_PhoneOrderTest.Hana_T106_Pickup_CustomerSection_Edit_Customer_CustomerDetails_UnPaidInvoice_PaidAmount_Search_Filter_FT@488d1cd7</td></tr>
<tr>
<td title='com.hanapos.OrderEntry_Alais_PickUp_PhoneOrderTest.Hana_T085_Pickup_CustomerSection_SearchExistingCustomer_FT.Validate_Hana_T085_Pickup_CustomerSection_SearchExistingCustomer_Test()'><b>Validate_Hana_T085_Pickup_CustomerSection_SearchExistingCustomer_Test</b><br>Test class: com.hanapos.OrderEntry_Alais_PickUp_PhoneOrderTest.Hana_T085_Pickup_CustomerSection_SearchExistingCustomer_FT<br>Parameters: Stuart Markwood, Abish David, Abish David</td>
<td></td>
<td>51</td>
<td>com.hanapos.OrderEntry_Alais_PickUp_PhoneOrderTest.Hana_T085_Pickup_CustomerSection_SearchExistingCustomer_FT@4ddbbdf8</td></tr>
<tr>
<td title='com.hanapos.OrderEntry_Alais_PickUp_PhoneOrderTest.Hana_T095_Pickup_CustomerSection_AltPhoneNumberFieldLookup_FT.Validate_Hana_T095_Pickup_CustomerSection_AltPhoneNumberFieldLookup_Test()'><b>Validate_Hana_T095_Pickup_CustomerSection_AltPhoneNumberFieldLookup_Test</b><br>Test class: com.hanapos.OrderEntry_Alais_PickUp_PhoneOrderTest.Hana_T095_Pickup_CustomerSection_AltPhoneNumberFieldLookup_FT</td>
<td></td>
<td>41</td>
<td>com.hanapos.OrderEntry_Alais_PickUp_PhoneOrderTest.Hana_T095_Pickup_CustomerSection_AltPhoneNumberFieldLookup_FT@600b9d27</td></tr>
<tr>
<td title='com.hanapos.OrderEntry_Alais_PickUp_PhoneOrderTest.Hana_T091_Pickup_CustomerSection_FirstNameFieldLookup_FT.Validate_Hana_T091_Pickup_CustomerSection_FirstNameFieldLookup_Test()'><b>Validate_Hana_T091_Pickup_CustomerSection_FirstNameFieldLookup_Test</b><br>Test class: com.hanapos.OrderEntry_Alais_PickUp_PhoneOrderTest.Hana_T091_Pickup_CustomerSection_FirstNameFieldLookup_FT<br>Parameters: Stuart Markwood, Mike, Abish David</td>
<td></td>
<td>43</td>
<td>com.hanapos.OrderEntry_Alais_PickUp_PhoneOrderTest.Hana_T091_Pickup_CustomerSection_FirstNameFieldLookup_FT@3688eb5b</td></tr>
<tr>
<td title='com.hanapos.OrderEntry_Alais_PickUp_PhoneOrderTest.Hana_T108_Pickup_CustomerSection_Edit_Customer_CustomerDetails_UnPaidInvoice_ProductTotal_Search_Filter_FT.Validate_Hana_T108_Pickup_CustomerSection_Edit_Customer_CustomerDetails_UnPaidInvoice_ProductTotal_Search_Filter_Test()'><b>Validate_Hana_T108_Pickup_CustomerSection_Edit_Customer_CustomerDetails_UnPaidInvoice_ProductTotal_Search_Filter_Test</b><br>Test class: com.hanapos.OrderEntry_Alais_PickUp_PhoneOrderTest.Hana_T108_Pickup_CustomerSection_Edit_Customer_CustomerDetails_UnPaidInvoice_ProductTotal_Search_Filter_FT</td>
<td></td>
<td>80</td>
<td>com.hanapos.OrderEntry_Alais_PickUp_PhoneOrderTest.Hana_T108_Pickup_CustomerSection_Edit_Customer_CustomerDetails_UnPaidInvoice_ProductTotal_Search_Filter_FT@38604b81</td></tr>
<tr>
<td title='com.hanapos.OrderEntry_Alais_PickUp_PhoneOrderTest.Hana_T186_OrderEntryPage_Pickup_ProductSection_TaxExempt_Functionality.Validate_Hana_T186_OrderEntryPage_Pickup_ProductSection_TaxExempt_Functionality_Test()'><b>Validate_Hana_T186_OrderEntryPage_Pickup_ProductSection_TaxExempt_Functionality_Test</b><br>Test class: com.hanapos.OrderEntry_Alais_PickUp_PhoneOrderTest.Hana_T186_OrderEntryPage_Pickup_ProductSection_TaxExempt_Functionality</td>
<td></td>
<td>121</td>
<td>com.hanapos.OrderEntry_Alais_PickUp_PhoneOrderTest.Hana_T186_OrderEntryPage_Pickup_ProductSection_TaxExempt_Functionality@20c0a64d</td></tr>
<tr>
<td title='com.hanapos.OrderEntry_Alais_PickUp_PhoneOrderTest.Hana_T135_Pickup_CustomerSection_Edit_Customer_CustomerDetails_OrderDetails_DescriptionSearchFilter_FT.Validate_Hana_T135_Pickup_CustomerSection_Edit_Customer_CustomerDetails_OrderDetails_DescriptionSearchFilter_Functionality_Test()'><b>Validate_Hana_T135_Pickup_CustomerSection_Edit_Customer_CustomerDetails_OrderDetails_DescriptionSearchFilter_Functionality_Test</b><br>Test class: com.hanapos.OrderEntry_Alais_PickUp_PhoneOrderTest.Hana_T135_Pickup_CustomerSection_Edit_Customer_CustomerDetails_OrderDetails_DescriptionSearchFilter_FT</td>
<td></td>
<td>80</td>
<td>com.hanapos.OrderEntry_Alais_PickUp_PhoneOrderTest.Hana_T135_Pickup_CustomerSection_Edit_Customer_CustomerDetails_OrderDetails_DescriptionSearchFilter_FT@4397ad89</td></tr>
<tr>
<td title='com.hanapos.OrderEntry_Alais_PickUp_PhoneOrderTest.Hana_T164_OrderEntry_Pickup_OrderDetailsSection_PrintTicket_FT.Validate_Hana_T163_OrderEntry_Pickup_OrderDetailsSection_SendRemainderEmail__Functionality_Test()'><b>Validate_Hana_T163_OrderEntry_Pickup_OrderDetailsSection_SendRemainderEmail__Functionality_Test</b><br>Test class: com.hanapos.OrderEntry_Alais_PickUp_PhoneOrderTest.Hana_T164_OrderEntry_Pickup_OrderDetailsSection_PrintTicket_FT</td>
<td></td>
<td>67</td>
<td>com.hanapos.OrderEntry_Alais_PickUp_PhoneOrderTest.Hana_T164_OrderEntry_Pickup_OrderDetailsSection_PrintTicket_FT@7922d892</td></tr>
<tr>
<td title='com.hanapos.OrderEntry_Alais_PickUp_PhoneOrderTest.Hana_T093_Pickup_CustomerSection_CompanyNameFieldLookup_FT.Validate_Hana_T093_Pickup_CustomerSection_CompanyNameFieldLookup_Test()'><b>Validate_Hana_T093_Pickup_CustomerSection_CompanyNameFieldLookup_Test</b><br>Test class: com.hanapos.OrderEntry_Alais_PickUp_PhoneOrderTest.Hana_T093_Pickup_CustomerSection_CompanyNameFieldLookup_FT<br>Parameters: Stuart Markwood, Hana_Sisterchicks, Hana_Sisterchicks</td>
<td></td>
<td>48</td>
<td>com.hanapos.OrderEntry_Alais_PickUp_PhoneOrderTest.Hana_T093_Pickup_CustomerSection_CompanyNameFieldLookup_FT@8e50104</td></tr>
<tr>
<td title='com.hanapos.OrderEntry_Alais_PickUp_PhoneOrderTest.Hana_T130_Pickup_CustomerSection_Edit_Customer_CustomerDetails_OrderDetails_TotalSearchFilter_FT.Validate_Hana_T130_Pickup_CustomerSection_Edit_Customer_CustomerDetails_OrderDetails_TotalSearchFilter_Functionality_Test()'><b>Validate_Hana_T130_Pickup_CustomerSection_Edit_Customer_CustomerDetails_OrderDetails_TotalSearchFilter_Functionality_Test</b><br>Test class: com.hanapos.OrderEntry_Alais_PickUp_PhoneOrderTest.Hana_T130_Pickup_CustomerSection_Edit_Customer_CustomerDetails_OrderDetails_TotalSearchFilter_FT</td>
<td></td>
<td>84</td>
<td>com.hanapos.OrderEntry_Alais_PickUp_PhoneOrderTest.Hana_T130_Pickup_CustomerSection_Edit_Customer_CustomerDetails_OrderDetails_TotalSearchFilter_FT@345f69f3</td></tr>
<tr>
<td title='com.hanapos.OrderEntry_Alais_PickUp_PhoneOrderTest.Hana_T116_Pickup_CustomerSection_Edit_Customer_CustomerDetails_UnPaidInvoice_Pagination_FT.Validate_Hana_T116_Pickup_CustomerSection_Edit_Customer_CustomerDetails_UnPaidInvoice_Pagination_Functionality_Test()'><b>Validate_Hana_T116_Pickup_CustomerSection_Edit_Customer_CustomerDetails_UnPaidInvoice_Pagination_Functionality_Test</b><br>Test class: com.hanapos.OrderEntry_Alais_PickUp_PhoneOrderTest.Hana_T116_Pickup_CustomerSection_Edit_Customer_CustomerDetails_UnPaidInvoice_Pagination_FT</td>
<td></td>
<td>68</td>
<td>com.hanapos.OrderEntry_Alais_PickUp_PhoneOrderTest.Hana_T116_Pickup_CustomerSection_Edit_Customer_CustomerDetails_UnPaidInvoice_Pagination_FT@45a37759</td></tr>
<tr>
<td title='com.hanapos.OrderEntry_Alais_PickUp_PhoneOrderTest.Hana_T182_OrderEntryPage_Pickup_ProductSection_GiftCardSale_popup_EditGiftCard_Denominations_Add_Functionality.Validate_Hana_T182_OrderEntryPage_Pickup_ProductSection_GiftCardSale_popup_EditGiftCard_Denominations_Add_Functionality_Test()'><b>Validate_Hana_T182_OrderEntryPage_Pickup_ProductSection_GiftCardSale_popup_EditGiftCard_Denominations_Add_Functionality_Test</b><br>Test class: com.hanapos.OrderEntry_Alais_PickUp_PhoneOrderTest.Hana_T182_OrderEntryPage_Pickup_ProductSection_GiftCardSale_popup_EditGiftCard_Denominations_Add_Functionality</td>
<td></td>
<td>49</td>
<td>com.hanapos.OrderEntry_Alais_PickUp_PhoneOrderTest.Hana_T182_OrderEntryPage_Pickup_ProductSection_GiftCardSale_popup_EditGiftCard_Denominations_Add_Functionality@479ceda0</td></tr>
<tr>
<td title='com.hanapos.OrderEntry_Alais_PickUp_PhoneOrderTest.Hana_T117_Pickup_CustomerSection_Edit_Customer_CustomerDetails_UnPaidInvoice_ColumnReorder_FT.Validate_Hana_T117_Pickup_CustomerSection_Edit_Customer_CustomerDetails_UnPaidInvoice_ColumnReorder_Functionality_Test()'><b>Validate_Hana_T117_Pickup_CustomerSection_Edit_Customer_CustomerDetails_UnPaidInvoice_ColumnReorder_Functionality_Test</b><br>Test class: com.hanapos.OrderEntry_Alais_PickUp_PhoneOrderTest.Hana_T117_Pickup_CustomerSection_Edit_Customer_CustomerDetails_UnPaidInvoice_ColumnReorder_FT</td>
<td></td>
<td>76</td>
<td>com.hanapos.OrderEntry_Alais_PickUp_PhoneOrderTest.Hana_T117_Pickup_CustomerSection_Edit_Customer_CustomerDetails_UnPaidInvoice_ColumnReorder_FT@4ebff610</td></tr>
<tr>
<td title='com.hanapos.OrderEntry_Alais_PickUp_PhoneOrderTest.Hana_T120_Pickup_CustomerSection_Edit_Customer_CustomerDetails_PaymentDetails_InvoiceSearchFilter_FT.Validate_Hana_T120_Pickup_CustomerSection_Edit_Customer_CustomerDetails_PaymentDetails_InvoiceSearchFilter_FunctionalityTest()'><b>Validate_Hana_T120_Pickup_CustomerSection_Edit_Customer_CustomerDetails_PaymentDetails_InvoiceSearchFilter_FunctionalityTest</b><br>Test class: com.hanapos.OrderEntry_Alais_PickUp_PhoneOrderTest.Hana_T120_Pickup_CustomerSection_Edit_Customer_CustomerDetails_PaymentDetails_InvoiceSearchFilter_FT</td>
<td></td>
<td>73</td>
<td>com.hanapos.OrderEntry_Alais_PickUp_PhoneOrderTest.Hana_T120_Pickup_CustomerSection_Edit_Customer_CustomerDetails_PaymentDetails_InvoiceSearchFilter_FT@25f4878b</td></tr>
<tr>
<td title='com.hanapos.OrderEntry_Alais_PickUp_PhoneOrderTest.Hana_T132_Pickup_CustomerSection_Edit_Customer_CustomerDetails_OrderDetails_NameSearchFilter_FT.Validate_Hana_T132_Pickup_CustomerSection_Edit_Customer_CustomerDetails_OrderDetails_NameSearchFilter_Functionality_Test()'><b>Validate_Hana_T132_Pickup_CustomerSection_Edit_Customer_CustomerDetails_OrderDetails_NameSearchFilter_Functionality_Test</b><br>Test class: com.hanapos.OrderEntry_Alais_PickUp_PhoneOrderTest.Hana_T132_Pickup_CustomerSection_Edit_Customer_CustomerDetails_OrderDetails_NameSearchFilter_FT</td>
<td></td>
<td>72</td>
<td>com.hanapos.OrderEntry_Alais_PickUp_PhoneOrderTest.Hana_T132_Pickup_CustomerSection_Edit_Customer_CustomerDetails_OrderDetails_NameSearchFilter_FT@43b9fd5</td></tr>
<tr>
<td title='com.hanapos.OrderEntry_Alais_PickUp_PhoneOrderTest.Hana_T115_Pickup_CustomerSection_Edit_Customer_CustomerDetails_UnPaidInvoice_Sorting_FT.Validate_Hana_T115_Pickup_CustomerSection_Edit_Customer_CustomerDetails_UnPaidInvoice_Sorting_Test()'><b>Validate_Hana_T115_Pickup_CustomerSection_Edit_Customer_CustomerDetails_UnPaidInvoice_Sorting_Test</b><br>Test class: com.hanapos.OrderEntry_Alais_PickUp_PhoneOrderTest.Hana_T115_Pickup_CustomerSection_Edit_Customer_CustomerDetails_UnPaidInvoice_Sorting_FT</td>
<td></td>
<td>114</td>
<td>com.hanapos.OrderEntry_Alais_PickUp_PhoneOrderTest.Hana_T115_Pickup_CustomerSection_Edit_Customer_CustomerDetails_UnPaidInvoice_Sorting_FT@4241e0f4</td></tr>
<tr>
<td title='com.hanapos.OrderEntry_Alais_PickUp_PhoneOrderTest.Hana_T177_OrderEntry_Pickup_PaymentSection_GiftCardPayment_FT.Validate_Hana_T177_OrderEntry_Pickup_PaymentSection_GiftCardPayment_Functionality_Test()'><b>Validate_Hana_T177_OrderEntry_Pickup_PaymentSection_GiftCardPayment_Functionality_Test</b><br>Test class: com.hanapos.OrderEntry_Alais_PickUp_PhoneOrderTest.Hana_T177_OrderEntry_Pickup_PaymentSection_GiftCardPayment_FT</td>
<td></td>
<td>114</td>
<td>com.hanapos.OrderEntry_Alais_PickUp_PhoneOrderTest.Hana_T177_OrderEntry_Pickup_PaymentSection_GiftCardPayment_FT@69f1a286</td></tr>
<tr>
<td title='com.hanapos.OrderEntry_Alais_PickUp_PhoneOrderTest.Hana_T114_Pickup_CustomerSection_Edit_Customer_CustomerDetails_UnPaidInvoice_DeliveryDate_Search_Filter_FT.Validate_Hana_T114_Pickup_CustomerSection_Edit_Customer_CustomerDetails_UnPaidInvoice_DeliveryDate_Search_Filter_Test()'><b>Validate_Hana_T114_Pickup_CustomerSection_Edit_Customer_CustomerDetails_UnPaidInvoice_DeliveryDate_Search_Filter_Test</b><br>Test class: com.hanapos.OrderEntry_Alais_PickUp_PhoneOrderTest.Hana_T114_Pickup_CustomerSection_Edit_Customer_CustomerDetails_UnPaidInvoice_DeliveryDate_Search_Filter_FT</td>
<td></td>
<td>161</td>
<td>com.hanapos.OrderEntry_Alais_PickUp_PhoneOrderTest.Hana_T114_Pickup_CustomerSection_Edit_Customer_CustomerDetails_UnPaidInvoice_DeliveryDate_Search_Filter_FT@301eda63</td></tr>
<tr>
<td title='com.hanapos.OrderEntry_Alais_PickUp_PhoneOrderTest.Hana_T105_Pickup_CustomerSection_Edit_Customer_CustomerDetails_UnPaidInvoice_Invoice_Search_Filter_FT.Validate_Hana_T105_Pickup_CustomerSection_Edit_Customer_CustomerDetails_UnPaidInvoice_Invoice_Search_Filter_Test()'><b>Validate_Hana_T105_Pickup_CustomerSection_Edit_Customer_CustomerDetails_UnPaidInvoice_Invoice_Search_Filter_Test</b><br>Test class: com.hanapos.OrderEntry_Alais_PickUp_PhoneOrderTest.Hana_T105_Pickup_CustomerSection_Edit_Customer_CustomerDetails_UnPaidInvoice_Invoice_Search_Filter_FT</td>
<td></td>
<td>73</td>
<td>com.hanapos.OrderEntry_Alais_PickUp_PhoneOrderTest.Hana_T105_Pickup_CustomerSection_Edit_Customer_CustomerDetails_UnPaidInvoice_Invoice_Search_Filter_FT@119cbf96</td></tr>
<tr>
<td title='com.hanapos.OrderEntry_Alais_PickUp_PhoneOrderTest.Hana_T184_OrderEntryPage_Pickup_ProductSection_TaxableProductLevel_Functionality.Validate_Hana_T184_OrderEntryPage_Pickup_ProductSection_TaxableProductLevel_Functionality_Test()'><b>Validate_Hana_T184_OrderEntryPage_Pickup_ProductSection_TaxableProductLevel_Functionality_Test</b><br>Test class: com.hanapos.OrderEntry_Alais_PickUp_PhoneOrderTest.Hana_T184_OrderEntryPage_Pickup_ProductSection_TaxableProductLevel_Functionality</td>
<td></td>
<td>137</td>
<td>com.hanapos.OrderEntry_Alais_PickUp_PhoneOrderTest.Hana_T184_OrderEntryPage_Pickup_ProductSection_TaxableProductLevel_Functionality@1ab06251</td></tr>
<tr>
<td title='com.hanapos.OrderEntry_Alais_PickUp_PhoneOrderTest.Hana_T090_Pickup_CustomerSection_AddressLookup_FT.Validate_Hana_T090_Pickup_CustomerSection_AddressLookup_Test()'><b>Validate_Hana_T090_Pickup_CustomerSection_AddressLookup_Test</b><br>Test class: com.hanapos.OrderEntry_Alais_PickUp_PhoneOrderTest.Hana_T090_Pickup_CustomerSection_AddressLookup_FT<br>Parameters: Stuart Markwood, Mike, Tyson, Mike tyson ltd, hanaposqateam@gmail.com, Texas Road, Broome Street New York, Broome, Broome Street New York, 1234567890, 10 S Main St Driggs, 10 S Main St Driggs</td>
<td></td>
<td>61</td>
<td>com.hanapos.OrderEntry_Alais_PickUp_PhoneOrderTest.Hana_T090_Pickup_CustomerSection_AddressLookup_FT@59e32960</td></tr>
<tr>
<td title='com.hanapos.OrderEntry_Alais_PickUp_PhoneOrderTest.Hana_T193_OrderEntryPage_Pickup_ProductSection_CreateRecipe_SaveAs_Functionality.Validate_Hana_T193_OrderEntryPage_Pickup_ProductSection_CreateRecipe_SaveAs_Functionality_Test()'><b>Validate_Hana_T193_OrderEntryPage_Pickup_ProductSection_CreateRecipe_SaveAs_Functionality_Test</b><br>Test class: com.hanapos.OrderEntry_Alais_PickUp_PhoneOrderTest.Hana_T193_OrderEntryPage_Pickup_ProductSection_CreateRecipe_SaveAs_Functionality</td>
<td></td>
<td>85</td>
<td>com.hanapos.OrderEntry_Alais_PickUp_PhoneOrderTest.Hana_T193_OrderEntryPage_Pickup_ProductSection_CreateRecipe_SaveAs_Functionality@3148f668</td></tr>
<tr>
<td title='com.hanapos.OrderEntry_Alais_PickUp_PhoneOrderTest.Hana_T185_OrderEntryPage_Pickup_ProductSection_Tax_Functionality.Validate_Hana_T185_OrderEntryPage_Pickup_ProductSection_Tax_Functionality_Test()'><b>Validate_Hana_T185_OrderEntryPage_Pickup_ProductSection_Tax_Functionality_Test</b><br>Test class: com.hanapos.OrderEntry_Alais_PickUp_PhoneOrderTest.Hana_T185_OrderEntryPage_Pickup_ProductSection_Tax_Functionality</td>
<td></td>
<td>137</td>
<td>com.hanapos.OrderEntry_Alais_PickUp_PhoneOrderTest.Hana_T185_OrderEntryPage_Pickup_ProductSection_Tax_Functionality@3af0a9da</td></tr>
<tr>
<td title='com.hanapos.OrderEntry_Alais_PickUp_PhoneOrderTest.Hana_T183_OrderEntryPage_Pickup_ProductSection_GiftCardSale_popup_Edit_GiftCard_Denominations_Edit_Functionality.Validate_Hana_T177_OrderEntry_Pickup_PaymentSection_GiftCardPayment_Functionality_Test()'><b>Validate_Hana_T177_OrderEntry_Pickup_PaymentSection_GiftCardPayment_Functionality_Test</b><br>Test class: com.hanapos.OrderEntry_Alais_PickUp_PhoneOrderTest.Hana_T183_OrderEntryPage_Pickup_ProductSection_GiftCardSale_popup_Edit_GiftCard_Denominations_Edit_Functionality</td>
<td></td>
<td>43</td>
<td>com.hanapos.OrderEntry_Alais_PickUp_PhoneOrderTest.Hana_T183_OrderEntryPage_Pickup_ProductSection_GiftCardSale_popup_Edit_GiftCard_Denominations_Edit_Functionality@5454d35e</td></tr>
<tr>
<td title='com.hanapos.OrderEntry_Alais_PickUp_PhoneOrderTest.Hana_T123_Pickup_CustomerSection_Edit_Customer_CustomerDetails_PaymentDetails_MOPSearchFilter_FT.Validate_Hana_T123_Pickup_CustomerSection_Edit_Customer_CustomerDetails_PaymentDetails_MOPSearchFilter_FT_Functionality_Test()'><b>Validate_Hana_T123_Pickup_CustomerSection_Edit_Customer_CustomerDetails_PaymentDetails_MOPSearchFilter_FT_Functionality_Test</b><br>Test class: com.hanapos.OrderEntry_Alais_PickUp_PhoneOrderTest.Hana_T123_Pickup_CustomerSection_Edit_Customer_CustomerDetails_PaymentDetails_MOPSearchFilter_FT</td>
<td></td>
<td>53</td>
<td>com.hanapos.OrderEntry_Alais_PickUp_PhoneOrderTest.Hana_T123_Pickup_CustomerSection_Edit_Customer_CustomerDetails_PaymentDetails_MOPSearchFilter_FT@51133c06</td></tr>
<tr>
<td title='com.hanapos.OrderEntry_Alais_PickUp_PhoneOrderTest.Hana_T167_OrderEntry_Pickup_OrderDetailsSection_ShortCode_FT.Validate_Hana_T167_OrderEntry_Pickup_OrderDetailsSection_ShortCode_Functionality_Test()'><b>Validate_Hana_T167_OrderEntry_Pickup_OrderDetailsSection_ShortCode_Functionality_Test</b><br>Test class: com.hanapos.OrderEntry_Alais_PickUp_PhoneOrderTest.Hana_T167_OrderEntry_Pickup_OrderDetailsSection_ShortCode_FT</td>
<td></td>
<td>63</td>
<td>com.hanapos.OrderEntry_Alais_PickUp_PhoneOrderTest.Hana_T167_OrderEntry_Pickup_OrderDetailsSection_ShortCode_FT@f107c50</td></tr>
<tr>
<td title='com.hanapos.OrderEntry_Alais_PickUp_PhoneOrderTest.Hana_T119_Pickup_CustomerSection_Edit_Customer_CustomerDetails_PaymentDetails_ExportToExcel_FT.Validate_Hana_T119_Pickup_CustomerSection_Edit_Customer_CustomerDetails_PaymentDetails_ExportToExcel_Functionality_Test()'><b>Validate_Hana_T119_Pickup_CustomerSection_Edit_Customer_CustomerDetails_PaymentDetails_ExportToExcel_Functionality_Test</b><br>Test class: com.hanapos.OrderEntry_Alais_PickUp_PhoneOrderTest.Hana_T119_Pickup_CustomerSection_Edit_Customer_CustomerDetails_PaymentDetails_ExportToExcel_FT</td>
<td></td>
<td>62</td>
<td>com.hanapos.OrderEntry_Alais_PickUp_PhoneOrderTest.Hana_T119_Pickup_CustomerSection_Edit_Customer_CustomerDetails_PaymentDetails_ExportToExcel_FT@768fc0f2</td></tr>
<tr>
<td title='com.hanapos.OrderEntry_Alais_PickUp_PhoneOrderTest.Hana_T194_OrderEntryPage_Pickup_ProductSection_CreateRecipe_SearchRecipe_Functionality.Validate_Hana_T194_OrderEntryPage_Pickup_ProductSection_CreateRecipe_SearchRecipe_Functionality_Test()'><b>Validate_Hana_T194_OrderEntryPage_Pickup_ProductSection_CreateRecipe_SearchRecipe_Functionality_Test</b><br>Test class: com.hanapos.OrderEntry_Alais_PickUp_PhoneOrderTest.Hana_T194_OrderEntryPage_Pickup_ProductSection_CreateRecipe_SearchRecipe_Functionality</td>
<td></td>
<td>87</td>
<td>com.hanapos.OrderEntry_Alais_PickUp_PhoneOrderTest.Hana_T194_OrderEntryPage_Pickup_ProductSection_CreateRecipe_SearchRecipe_Functionality@31add175</td></tr>
<tr>
<td title='com.hanapos.OrderEntry_Alais_PickUp_PhoneOrderTest.Hana_T170_OrderEntry_Pickup_OrderDetailsSection_ShortCode_Delete_FT.Validate_Hana_T170_OrderEntry_Pickup_OrderDetailsSection_ShortCode_Delete_Functionality_Test()'><b>Validate_Hana_T170_OrderEntry_Pickup_OrderDetailsSection_ShortCode_Delete_Functionality_Test</b><br>Test class: com.hanapos.OrderEntry_Alais_PickUp_PhoneOrderTest.Hana_T170_OrderEntry_Pickup_OrderDetailsSection_ShortCode_Delete_FT</td>
<td></td>
<td>49</td>
<td>com.hanapos.OrderEntry_Alais_PickUp_PhoneOrderTest.Hana_T170_OrderEntry_Pickup_OrderDetailsSection_ShortCode_Delete_FT@54eb2b70</td></tr>
</table><p>
</body>
</html>