<?xml version="1.0" encoding="UTF-8"?>
<testng-results ignored="0" total="1" passed="0" failed="1" skipped="0">
  <reporter-output>
  </reporter-output>
  <suite started-at="2024-08-14T17:58:56 IST" name="Suite" finished-at="2024-08-14T18:00:09 IST" duration-ms="72865">
    <groups>
      <group name="Regression">
        <method signature="Hana_T51_Payments_Cash_Payment_Section_FT.Validate_Hana_T51_Payments_Cash_Payment_Test(java.lang.String,java.lang.String,java.lang.String,java.lang.String,java.lang.String)[pri:0, instance:com.hanapos.cashandcarrytest.Hana_T51_Payments_Cash_Payment_Section_FT@31920ade]" name="Validate_Hana_T51_Payments_Cash_Payment_Test" class="com.hanapos.cashandcarrytest.Hana_T51_Payments_Cash_Payment_Section_FT"/>
      </group> <!-- Regression -->
      <group name="Smoke">
        <method signature="Hana_T51_Payments_Cash_Payment_Section_FT.Validate_Hana_T51_Payments_Cash_Payment_Test(java.lang.String,java.lang.String,java.lang.String,java.lang.String,java.lang.String)[pri:0, instance:com.hanapos.cashandcarrytest.Hana_T51_Payments_Cash_Payment_Section_FT@31920ade]" name="Validate_Hana_T51_Payments_Cash_Payment_Test" class="com.hanapos.cashandcarrytest.Hana_T51_Payments_Cash_Payment_Section_FT"/>
      </group> <!-- Smoke -->
    </groups>
    <test started-at="2024-08-14T17:58:56 IST" name="ChromeBrowserTest" finished-at="2024-08-14T18:00:09 IST" duration-ms="72865">
      <class name="com.hanapos.cashandcarrytest.Hana_T51_Payments_Cash_Payment_Section_FT">
        <test-method is-config="true" signature="loadConfig()[pri:0, instance:com.hanapos.cashandcarrytest.Hana_T51_Payments_Cash_Payment_Section_FT@31920ade]" started-at="2024-08-14T17:58:56 IST" name="loadConfig" finished-at="2024-08-14T17:58:56 IST" duration-ms="23" status="PASS">
          <reporter-output>
          </reporter-output>
        </test-method> <!-- loadConfig -->
        <test-method is-config="true" signature="setup(java.lang.String)[pri:0, instance:com.hanapos.cashandcarrytest.Hana_T51_Payments_Cash_Payment_Section_FT@31920ade]" started-at="2024-08-14T17:58:58 IST" name="setup" finished-at="2024-08-14T17:59:04 IST" duration-ms="6088" status="PASS">
          <params>
            <param index="0">
              <value>
                <![CDATA[chrome]]>
              </value>
            </param>
          </params>
          <reporter-output>
          </reporter-output>
        </test-method> <!-- setup -->
        <test-method signature="Validate_Hana_T51_Payments_Cash_Payment_Test(java.lang.String,java.lang.String,java.lang.String,java.lang.String,java.lang.String)[pri:0, instance:com.hanapos.cashandcarrytest.Hana_T51_Payments_Cash_Payment_Section_FT@31920ade]" started-at="2024-08-14T17:59:04 IST" name="Validate_Hana_T51_Payments_Cash_Payment_Test" data-provider="fetch_Excel_Data" finished-at="2024-08-14T18:00:08 IST" duration-ms="63699" status="FAIL">
          <params>
            <param index="0">
              <value>
                <![CDATA[rrd]]>
              </value>
            </param>
            <param index="1">
              <value>
                <![CDATA[abish]]>
              </value>
            </param>
            <param index="2">
              <value>
                <![CDATA[Birthday]]>
              </value>
            </param>
            <param index="3">
              <value>
                <![CDATA[100]]>
              </value>
            </param>
            <param index="4">
              <value>
                <![CDATA[500]]>
              </value>
            </param>
          </params>
          <exception class="java.lang.AssertionError">
            <message>
              <![CDATA[The following asserts failed:
Test step 14 : Process payment button is not disabled expected [false] but found [true]]]>
            </message>
            <full-stacktrace>
              <![CDATA[java.lang.AssertionError: The following asserts failed:
Test step 14 : Process payment button is not disabled expected [false] but found [true]
at org.testng.asserts.SoftAssert.assertAll(SoftAssert.java:46)
at org.testng.asserts.SoftAssert.assertAll(SoftAssert.java:30)
at com.hanapos.cashandcarrytest.Hana_T51_Payments_Cash_Payment_Section_FT.Validate_Hana_T51_Payments_Cash_Payment_Test(Hana_T51_Payments_Cash_Payment_Section_FT.java:200)
at java.base/jdk.internal.reflect.DirectMethodHandleAccessor.invoke(DirectMethodHandleAccessor.java:103)
at java.base/java.lang.reflect.Method.invoke(Method.java:580)
at org.testng.internal.invokers.MethodInvocationHelper.invokeMethod(MethodInvocationHelper.java:141)
at org.testng.internal.invokers.TestInvoker.invokeMethod(TestInvoker.java:686)
at org.testng.internal.invokers.TestInvoker.invokeTestMethod(TestInvoker.java:230)
at org.testng.internal.invokers.MethodRunner.runInSequence(MethodRunner.java:63)
at org.testng.internal.invokers.TestInvoker$MethodInvocationAgent.invoke(TestInvoker.java:992)
at org.testng.internal.invokers.TestInvoker.invokeTestMethods(TestInvoker.java:203)
at org.testng.internal.invokers.TestMethodWorker.invokeTestMethods(TestMethodWorker.java:154)
at org.testng.internal.invokers.TestMethodWorker.run(TestMethodWorker.java:134)
at java.base/java.util.concurrent.Executors$RunnableAdapter.call(Executors.java:572)
at java.base/java.util.concurrent.FutureTask.run(FutureTask.java:317)
at org.testng.internal.thread.graph.TestNGFutureTask.run(TestNGFutureTask.java:22)
at java.base/java.util.concurrent.ThreadPoolExecutor.runWorker(ThreadPoolExecutor.java:1144)
at java.base/java.util.concurrent.ThreadPoolExecutor$Worker.run(ThreadPoolExecutor.java:642)
at java.base/java.lang.Thread.run(Thread.java:1583)
]]>
            </full-stacktrace>
          </exception> <!-- java.lang.AssertionError -->
          <reporter-output>
          </reporter-output>
        </test-method> <!-- Validate_Hana_T51_Payments_Cash_Payment_Test -->
        <test-method is-config="true" signature="tearDown()[pri:0, instance:com.hanapos.cashandcarrytest.Hana_T51_Payments_Cash_Payment_Section_FT@31920ade]" started-at="2024-08-14T18:00:09 IST" name="tearDown" finished-at="2024-08-14T18:00:09 IST" duration-ms="279" status="PASS">
          <reporter-output>
          </reporter-output>
        </test-method> <!-- tearDown -->
      </class> <!-- com.hanapos.cashandcarrytest.Hana_T51_Payments_Cash_Payment_Section_FT -->
    </test> <!-- ChromeBrowserTest -->
  </suite> <!-- Suite -->
</testng-results>
