<?xml version="1.0" encoding="UTF-8"?>
<!-- Generated by org.testng.reporters.JUnitXMLReporter -->
<testsuite ignored="82" hostname="DESKTOP-JEHOL2V" failures="10" tests="17" name="CashAndCarryFunctionalTest" time="721.571" errors="0" timestamp="2024-08-09T08:19:12 IST">
  <testcase classname="com.hanapos.cashandcarrytest.Hana_T14_Add_Product_FT" name="Validate_Hana_T14_Add_Product_Test" time="79.213"/>
  <testcase classname="com.hanapos.cashandcarrytest.Hana_T28_Gift_Card_FT" name="Validate_Hana_T28_GiftCard_Functionality_Test" time="98.814"/>
  <testcase classname="com.hanapos.cashandcarrytest.Hana_T37_Add_New_Customer_FT" name="Validate_Hana_T37_Add_New_Customer_Test" time="142.539"/>
  <testcase classname="com.hanapos.cashandcarrytest.Hana_T16_Delete_Product_FT" name="Validate_Hana_T16_Delete_Product_Test" time="266.932"/>
  <testcase classname="com.hanapos.cashandcarrytest.Hana_T43_Payments_Split_Payment_FT" name="Validate_Hana_T43_Payments_Split_Payment_Test" time="187.022">
    <failure type="java.lang.AssertionError" message="The following asserts failed:
	Grand total amount is not calculated correctly expected [344.60] but found [$344.60],
	***Credit card present toogle button is not displayed***,
	expected [Check] but found [Credit On File],
	cash payment is not displayed expected [Cash] but found [Check],
	expected [Paid Outside Hana] but found [Cash],
	expected [true] but found [false],
	Grand total amount is not calculated correctly expected [354.60] but found [$344.60],
	***Credit card present toogle button is not displayed***">
      <![CDATA[java.lang.AssertionError: The following asserts failed:
Grand total amount is not calculated correctly expected [344.60] but found [$344.60],
***Credit card present toogle button is not displayed***,
expected [Check] but found [Credit On File],
cash payment is not displayed expected [Cash] but found [Check],
expected [Paid Outside Hana] but found [Cash],
expected [true] but found [false],
Grand total amount is not calculated correctly expected [354.60] but found [$344.60],
***Credit card present toogle button is not displayed***
at com.hanapos.cashandcarrytest.Hana_T43_Payments_Split_Payment_FT.Validate_Hana_T43_Payments_Split_Payment_Test(Hana_T43_Payments_Split_Payment_FT.java:438)
at java.base/java.util.concurrent.Executors$RunnableAdapter.call(Executors.java:572)
at java.base/java.util.concurrent.FutureTask.run(FutureTask.java:317)
at java.base/java.util.concurrent.ThreadPoolExecutor.runWorker(ThreadPoolExecutor.java:1144)
at java.base/java.util.concurrent.ThreadPoolExecutor$Worker.run(ThreadPoolExecutor.java:642)
at java.base/java.lang.Thread.run(Thread.java:1583)
... Removed 13 stack frames]]>
    </failure>
  </testcase> <!-- Validate_Hana_T43_Payments_Split_Payment_Test -->
  <testcase classname="com.hanapos.cashandcarrytest.Hana_T15_Edit_Product_FT" name="Validate_Hana_T15_Edit_Product_Test" time="359.62">
    <failure type="java.lang.AssertionError" message="The following asserts failed:
	Test Step:12 - Cash And Carry page is not displayed expected [true] but found [false],
	Test Step:13 - Item code is not matched expected [ballonsYY] but found [],
	Test Step:13 - Item description is not matched expected [Ballons small] but found [],
	Test Step:13 - Item quantity is not matched expected [1] but found [],
	Test Step:13 - Item extended price is not matched expected [$40.00] but found [],
	Test Step:13 - Item price is not matched expected [$40.00] but found [],
	Test Step:13 - Item discount amount is not matched expected [$ 0.00] but found [],
	Test Step:13 - Item discount percentage is not matched expected [0.00] but found []">
      <![CDATA[java.lang.AssertionError: The following asserts failed:
Test Step:12 - Cash And Carry page is not displayed expected [true] but found [false],
Test Step:13 - Item code is not matched expected [ballonsYY] but found [],
Test Step:13 - Item description is not matched expected [Ballons small] but found [],
Test Step:13 - Item quantity is not matched expected [1] but found [],
Test Step:13 - Item extended price is not matched expected [$40.00] but found [],
Test Step:13 - Item price is not matched expected [$40.00] but found [],
Test Step:13 - Item discount amount is not matched expected [$ 0.00] but found [],
Test Step:13 - Item discount percentage is not matched expected [0.00] but found []
at com.hanapos.cashandcarrytest.Hana_T15_Edit_Product_FT.Validate_Hana_T15_Edit_Product_Test(Hana_T15_Edit_Product_FT.java:275)
at java.base/java.util.concurrent.Executors$RunnableAdapter.call(Executors.java:572)
at java.base/java.util.concurrent.FutureTask.run(FutureTask.java:317)
at java.base/java.util.concurrent.ThreadPoolExecutor.runWorker(ThreadPoolExecutor.java:1144)
at java.base/java.util.concurrent.ThreadPoolExecutor$Worker.run(ThreadPoolExecutor.java:642)
at java.base/java.lang.Thread.run(Thread.java:1583)
... Removed 13 stack frames]]>
    </failure>
  </testcase> <!-- Validate_Hana_T15_Edit_Product_Test -->
  <testcase classname="com.hanapos.cashandcarrytest.Hana_T56_Payments_Invoice_Payment_Section_FT" name="Validate_Hana_T56_Payments_Invoice_Payment_Section_Test" time="66.902"/>
  <testcase classname="com.hanapos.cashandcarrytest.Hana_T51_Payments_Cash_Payment_Section_FT" name="Validate_Hana_T51_Payments_Cash_Payment_Test" time="139.984">
    <failure type="java.lang.AssertionError" message="no such element: Unable to locate element: {&amp;quot;method&amp;quot;:&amp;quot;xpath&amp;quot;,&amp;quot;selector&amp;quot;:&amp;quot;//a[@class=&amp;apos;li_Hana navbar-brand&amp;apos;]&amp;quot;}
  (Session info: chrome=127.0.6533.90)
For documentation on this error, please visit: https://www.selenium.dev/documentation/webdriver/troubleshooting/errors#no-such-element-exception
Build info: version: &amp;apos;4.22.0&amp;apos;, revision: &amp;apos;c5f3146703*&amp;apos;
System info: os.name: &amp;apos;Windows 11&amp;apos;, os.arch: &amp;apos;amd64&amp;apos;, os.version: &amp;apos;10.0&amp;apos;, java.version: &amp;apos;21.0.2&amp;apos;
Driver info: org.openqa.selenium.chrome.ChromeDriver
Command: [1309811970148cd30d31c8311d5792cd, findElement {using=xpath, value=//a[@class=&amp;apos;li_Hana navbar-brand&amp;apos;]}]
Capabilities {acceptInsecureCerts: false, browserName: chrome, browserVersion: 127.0.6533.90, chrome: {chromedriverVersion: 127.0.6533.99 (f31af5097d90..., userDataDir: C:\Users\Balaji\AppData\Loc...}, fedcm:accounts: true, goog:chromeOptions: {debuggerAddress: localhost:49364}, networkConnectionEnabled: false, pageLoadStrategy: normal, platformName: windows, proxy: Proxy(), se:cdp: ws://localhost:49364/devtoo..., se:cdpVersion: 127.0.6533.90, setWindowRect: true, strictFileInteractability: false, timeouts: {implicit: 0, pageLoad: 300000, script: 30000}, unhandledPromptBehavior: dismiss and notify, webauthn:extension:credBlob: true, webauthn:extension:largeBlob: true, webauthn:extension:minPinLength: true, webauthn:extension:prf: true, webauthn:virtualAuthenticators: true}
Session ID: 1309811970148cd30d31c8311d5792cd">
      <![CDATA[java.lang.AssertionError: no such element: Unable to locate element: {"method":"xpath","selector":"//a[@class='li_Hana navbar-brand']"}
  (Session info: chrome=127.0.6533.90)
For documentation on this error, please visit: https://www.selenium.dev/documentation/webdriver/troubleshooting/errors#no-such-element-exception
Build info: version: '4.22.0', revision: 'c5f3146703*'
System info: os.name: 'Windows 11', os.arch: 'amd64', os.version: '10.0', java.version: '21.0.2'
Driver info: org.openqa.selenium.chrome.ChromeDriver
Command: [1309811970148cd30d31c8311d5792cd, findElement {using=xpath, value=//a[@class='li_Hana navbar-brand']}]
Capabilities {acceptInsecureCerts: false, browserName: chrome, browserVersion: 127.0.6533.90, chrome: {chromedriverVersion: 127.0.6533.99 (f31af5097d90..., userDataDir: C:\Users\Balaji\AppData\Loc...}, fedcm:accounts: true, goog:chromeOptions: {debuggerAddress: localhost:49364}, networkConnectionEnabled: false, pageLoadStrategy: normal, platformName: windows, proxy: Proxy(), se:cdp: ws://localhost:49364/devtoo..., se:cdpVersion: 127.0.6533.90, setWindowRect: true, strictFileInteractability: false, timeouts: {implicit: 0, pageLoad: 300000, script: 30000}, unhandledPromptBehavior: dismiss and notify, webauthn:extension:credBlob: true, webauthn:extension:largeBlob: true, webauthn:extension:minPinLength: true, webauthn:extension:prf: true, webauthn:virtualAuthenticators: true}
Session ID: 1309811970148cd30d31c8311d5792cd
at com.hanapos.cashandcarrytest.Hana_T51_Payments_Cash_Payment_Section_FT.Validate_Hana_T51_Payments_Cash_Payment_Test(Hana_T51_Payments_Cash_Payment_Section_FT.java:193)
at java.base/java.util.concurrent.Executors$RunnableAdapter.call(Executors.java:572)
at java.base/java.util.concurrent.FutureTask.run(FutureTask.java:317)
at java.base/java.util.concurrent.ThreadPoolExecutor.runWorker(ThreadPoolExecutor.java:1144)
at java.base/java.util.concurrent.ThreadPoolExecutor$Worker.run(ThreadPoolExecutor.java:642)
at java.base/java.lang.Thread.run(Thread.java:1583)
... Removed 12 stack frames]]>
    </failure>
  </testcase> <!-- Validate_Hana_T51_Payments_Cash_Payment_Test -->
  <testcase classname="com.hanapos.cashandcarrytest.Hana_T18_OrderConfirmationPopup_FT" name="Validate_Hana_T18_Order_Confirmation_Popup_Test" time="386.311">
    <failure type="java.lang.AssertionError" message="The following asserts failed:
	Cash And Carry payment page is not displayed expected [true] but found [false],
	******Test Failed: SMS Phone number is not autopopulated from customer details****** expected [9566550756] but found []">
      <![CDATA[java.lang.AssertionError: The following asserts failed:
Cash And Carry payment page is not displayed expected [true] but found [false],
******Test Failed: SMS Phone number is not autopopulated from customer details****** expected [9566550756] but found []
at com.hanapos.cashandcarrytest.Hana_T18_OrderConfirmationPopup_FT.Validate_Hana_T18_Order_Confirmation_Popup_Test(Hana_T18_OrderConfirmationPopup_FT.java:179)
at java.base/java.util.concurrent.Executors$RunnableAdapter.call(Executors.java:572)
at java.base/java.util.concurrent.FutureTask.run(FutureTask.java:317)
at java.base/java.util.concurrent.ThreadPoolExecutor.runWorker(ThreadPoolExecutor.java:1144)
at java.base/java.util.concurrent.ThreadPoolExecutor$Worker.run(ThreadPoolExecutor.java:642)
at java.base/java.lang.Thread.run(Thread.java:1583)
... Removed 13 stack frames]]>
    </failure>
  </testcase> <!-- Validate_Hana_T18_Order_Confirmation_Popup_Test -->
  <testcase classname="com.hanapos.cashandcarrytest.Hana_T53_Payments_Check_Payment_Section_FT" name="Validate_Hana_T53_Payments_Check_Payment_Section_Test" time="127.991">
    <failure type="java.lang.AssertionError" message="no such element: Unable to locate element: {&amp;quot;method&amp;quot;:&amp;quot;xpath&amp;quot;,&amp;quot;selector&amp;quot;:&amp;quot;//a[@class=&amp;apos;li_Hana navbar-brand&amp;apos;]&amp;quot;}
  (Session info: chrome=127.0.6533.90)
For documentation on this error, please visit: https://www.selenium.dev/documentation/webdriver/troubleshooting/errors#no-such-element-exception
Build info: version: &amp;apos;4.22.0&amp;apos;, revision: &amp;apos;c5f3146703*&amp;apos;
System info: os.name: &amp;apos;Windows 11&amp;apos;, os.arch: &amp;apos;amd64&amp;apos;, os.version: &amp;apos;10.0&amp;apos;, java.version: &amp;apos;21.0.2&amp;apos;
Driver info: org.openqa.selenium.chrome.ChromeDriver
Command: [564e512bb92fbd991e592bb579cceb95, findElement {using=xpath, value=//a[@class=&amp;apos;li_Hana navbar-brand&amp;apos;]}]
Capabilities {acceptInsecureCerts: false, browserName: chrome, browserVersion: 127.0.6533.90, chrome: {chromedriverVersion: 127.0.6533.99 (f31af5097d90..., userDataDir: C:\Users\Balaji\AppData\Loc...}, fedcm:accounts: true, goog:chromeOptions: {debuggerAddress: localhost:49408}, networkConnectionEnabled: false, pageLoadStrategy: normal, platformName: windows, proxy: Proxy(), se:cdp: ws://localhost:49408/devtoo..., se:cdpVersion: 127.0.6533.90, setWindowRect: true, strictFileInteractability: false, timeouts: {implicit: 0, pageLoad: 300000, script: 30000}, unhandledPromptBehavior: dismiss and notify, webauthn:extension:credBlob: true, webauthn:extension:largeBlob: true, webauthn:extension:minPinLength: true, webauthn:extension:prf: true, webauthn:virtualAuthenticators: true}
Session ID: 564e512bb92fbd991e592bb579cceb95">
      <![CDATA[java.lang.AssertionError: no such element: Unable to locate element: {"method":"xpath","selector":"//a[@class='li_Hana navbar-brand']"}
  (Session info: chrome=127.0.6533.90)
For documentation on this error, please visit: https://www.selenium.dev/documentation/webdriver/troubleshooting/errors#no-such-element-exception
Build info: version: '4.22.0', revision: 'c5f3146703*'
System info: os.name: 'Windows 11', os.arch: 'amd64', os.version: '10.0', java.version: '21.0.2'
Driver info: org.openqa.selenium.chrome.ChromeDriver
Command: [564e512bb92fbd991e592bb579cceb95, findElement {using=xpath, value=//a[@class='li_Hana navbar-brand']}]
Capabilities {acceptInsecureCerts: false, browserName: chrome, browserVersion: 127.0.6533.90, chrome: {chromedriverVersion: 127.0.6533.99 (f31af5097d90..., userDataDir: C:\Users\Balaji\AppData\Loc...}, fedcm:accounts: true, goog:chromeOptions: {debuggerAddress: localhost:49408}, networkConnectionEnabled: false, pageLoadStrategy: normal, platformName: windows, proxy: Proxy(), se:cdp: ws://localhost:49408/devtoo..., se:cdpVersion: 127.0.6533.90, setWindowRect: true, strictFileInteractability: false, timeouts: {implicit: 0, pageLoad: 300000, script: 30000}, unhandledPromptBehavior: dismiss and notify, webauthn:extension:credBlob: true, webauthn:extension:largeBlob: true, webauthn:extension:minPinLength: true, webauthn:extension:prf: true, webauthn:virtualAuthenticators: true}
Session ID: 564e512bb92fbd991e592bb579cceb95
at com.hanapos.cashandcarrytest.Hana_T53_Payments_Check_Payment_Section_FT.Validate_Hana_T53_Payments_Check_Payment_Section_Test(Hana_T53_Payments_Check_Payment_Section_FT.java:285)
at java.base/java.util.concurrent.Executors$RunnableAdapter.call(Executors.java:572)
at java.base/java.util.concurrent.FutureTask.run(FutureTask.java:317)
at java.base/java.util.concurrent.ThreadPoolExecutor.runWorker(ThreadPoolExecutor.java:1144)
at java.base/java.util.concurrent.ThreadPoolExecutor$Worker.run(ThreadPoolExecutor.java:642)
at java.base/java.lang.Thread.run(Thread.java:1583)
... Removed 12 stack frames]]>
    </failure>
  </testcase> <!-- Validate_Hana_T53_Payments_Check_Payment_Section_Test -->
  <testcase classname="com.hanapos.cashandcarrytest.Hana_T59_Payments_POH_Payment_Section_FT" name="Validate_Hana_T59_Payments_POH_Payment_Section_Test" time="84.627"/>
  <testcase classname="com.hanapos.cashandcarrytest.Hana_T68_Payments_Donation_Payment_Section_FT" name="Validate_Hana_T68_Payments_Donation_Payment_Test" time="90.511"/>
  <testcase classname="com.hanapos.cashandcarrytest.Hana_T61_Payments_GiftCard_Payment_Section_FT" name="Validate_Hana_T61_Payments_GiftCard_Payment_Section_Test" time="165.184">
    <failure type="java.lang.AssertionError" message="Expected condition failed: waiting for visibility of [[ChromeDriver: chrome on windows (9ed1144adfb6819211dbfd4727ad5104)] -&amp;gt; xpath: (//input[@id=&amp;apos;txtCardNumberForGiftCard&amp;apos;])[1]] (tried for 10 second(s) with 500 milliseconds interval)
Build info: version: &amp;apos;4.22.0&amp;apos;, revision: &amp;apos;c5f3146703*&amp;apos;
System info: os.name: &amp;apos;Windows 11&amp;apos;, os.arch: &amp;apos;amd64&amp;apos;, os.version: &amp;apos;10.0&amp;apos;, java.version: &amp;apos;21.0.2&amp;apos;
Driver info: org.openqa.selenium.chrome.ChromeDriver
Capabilities {acceptInsecureCerts: false, browserName: chrome, browserVersion: 127.0.6533.90, chrome: {chromedriverVersion: 127.0.6533.99 (f31af5097d90..., userDataDir: C:\Users\Balaji\AppData\Loc...}, fedcm:accounts: true, goog:chromeOptions: {debuggerAddress: localhost:49542}, networkConnectionEnabled: false, pageLoadStrategy: normal, platformName: windows, proxy: Proxy(), se:cdp: ws://localhost:49542/devtoo..., se:cdpVersion: 127.0.6533.90, setWindowRect: true, strictFileInteractability: false, timeouts: {implicit: 0, pageLoad: 300000, script: 30000}, unhandledPromptBehavior: dismiss and notify, webauthn:extension:credBlob: true, webauthn:extension:largeBlob: true, webauthn:extension:minPinLength: true, webauthn:extension:prf: true, webauthn:virtualAuthenticators: true}
Session ID: 9ed1144adfb6819211dbfd4727ad5104">
      <![CDATA[java.lang.AssertionError: Expected condition failed: waiting for visibility of [[ChromeDriver: chrome on windows (9ed1144adfb6819211dbfd4727ad5104)] -> xpath: (//input[@id='txtCardNumberForGiftCard'])[1]] (tried for 10 second(s) with 500 milliseconds interval)
Build info: version: '4.22.0', revision: 'c5f3146703*'
System info: os.name: 'Windows 11', os.arch: 'amd64', os.version: '10.0', java.version: '21.0.2'
Driver info: org.openqa.selenium.chrome.ChromeDriver
Capabilities {acceptInsecureCerts: false, browserName: chrome, browserVersion: 127.0.6533.90, chrome: {chromedriverVersion: 127.0.6533.99 (f31af5097d90..., userDataDir: C:\Users\Balaji\AppData\Loc...}, fedcm:accounts: true, goog:chromeOptions: {debuggerAddress: localhost:49542}, networkConnectionEnabled: false, pageLoadStrategy: normal, platformName: windows, proxy: Proxy(), se:cdp: ws://localhost:49542/devtoo..., se:cdpVersion: 127.0.6533.90, setWindowRect: true, strictFileInteractability: false, timeouts: {implicit: 0, pageLoad: 300000, script: 30000}, unhandledPromptBehavior: dismiss and notify, webauthn:extension:credBlob: true, webauthn:extension:largeBlob: true, webauthn:extension:minPinLength: true, webauthn:extension:prf: true, webauthn:virtualAuthenticators: true}
Session ID: 9ed1144adfb6819211dbfd4727ad5104
at com.hanapos.cashandcarrytest.Hana_T61_Payments_GiftCard_Payment_Section_FT.Validate_Hana_T61_Payments_GiftCard_Payment_Section_Test(Hana_T61_Payments_GiftCard_Payment_Section_FT.java:203)
at java.base/java.util.concurrent.Executors$RunnableAdapter.call(Executors.java:572)
at java.base/java.util.concurrent.FutureTask.run(FutureTask.java:317)
at java.base/java.util.concurrent.ThreadPoolExecutor.runWorker(ThreadPoolExecutor.java:1144)
at java.base/java.util.concurrent.ThreadPoolExecutor$Worker.run(ThreadPoolExecutor.java:642)
at java.base/java.lang.Thread.run(Thread.java:1583)
... Removed 12 stack frames]]>
    </failure>
  </testcase> <!-- Validate_Hana_T61_Payments_GiftCard_Payment_Section_Test -->
  <testcase classname="com.hanapos.cashandcarrytest.Hana_T33_Purchase_Product_With_Coupon_FT" name="Validate_Hana_T33_Purchase_Product_With_Coupon_Test" time="66.728">
    <failure type="java.lang.AssertionError" message="no such element: Unable to locate element: {&amp;quot;method&amp;quot;:&amp;quot;xpath&amp;quot;,&amp;quot;selector&amp;quot;:&amp;quot;(//div[@class=&amp;apos;col-md-6 col-sm-5 col-xs-6 BoldText text-right hidetax&amp;apos;])[1]//span&amp;quot;}
  (Session info: chrome=127.0.6533.90)
For documentation on this error, please visit: https://www.selenium.dev/documentation/webdriver/troubleshooting/errors#no-such-element-exception
Build info: version: &amp;apos;4.22.0&amp;apos;, revision: &amp;apos;c5f3146703*&amp;apos;
System info: os.name: &amp;apos;Windows 11&amp;apos;, os.arch: &amp;apos;amd64&amp;apos;, os.version: &amp;apos;10.0&amp;apos;, java.version: &amp;apos;21.0.2&amp;apos;
Driver info: org.openqa.selenium.chrome.ChromeDriver
Command: [d8ba1b499a2fc8d9ca669b73d7f1d7ff, findElement {using=xpath, value=(//div[@class=&amp;apos;col-md-6 col-sm-5 col-xs-6 BoldText text-right hidetax&amp;apos;])[1]//span}]
Capabilities {acceptInsecureCerts: false, browserName: chrome, browserVersion: 127.0.6533.90, chrome: {chromedriverVersion: 127.0.6533.99 (f31af5097d90..., userDataDir: C:\Users\Balaji\AppData\Loc...}, fedcm:accounts: true, goog:chromeOptions: {debuggerAddress: localhost:49969}, networkConnectionEnabled: false, pageLoadStrategy: normal, platformName: windows, proxy: Proxy(), se:cdp: ws://localhost:49969/devtoo..., se:cdpVersion: 127.0.6533.90, setWindowRect: true, strictFileInteractability: false, timeouts: {implicit: 0, pageLoad: 300000, script: 30000}, unhandledPromptBehavior: dismiss and notify, webauthn:extension:credBlob: true, webauthn:extension:largeBlob: true, webauthn:extension:minPinLength: true, webauthn:extension:prf: true, webauthn:virtualAuthenticators: true}
Session ID: d8ba1b499a2fc8d9ca669b73d7f1d7ff">
      <![CDATA[java.lang.AssertionError: no such element: Unable to locate element: {"method":"xpath","selector":"(//div[@class='col-md-6 col-sm-5 col-xs-6 BoldText text-right hidetax'])[1]//span"}
  (Session info: chrome=127.0.6533.90)
For documentation on this error, please visit: https://www.selenium.dev/documentation/webdriver/troubleshooting/errors#no-such-element-exception
Build info: version: '4.22.0', revision: 'c5f3146703*'
System info: os.name: 'Windows 11', os.arch: 'amd64', os.version: '10.0', java.version: '21.0.2'
Driver info: org.openqa.selenium.chrome.ChromeDriver
Command: [d8ba1b499a2fc8d9ca669b73d7f1d7ff, findElement {using=xpath, value=(//div[@class='col-md-6 col-sm-5 col-xs-6 BoldText text-right hidetax'])[1]//span}]
Capabilities {acceptInsecureCerts: false, browserName: chrome, browserVersion: 127.0.6533.90, chrome: {chromedriverVersion: 127.0.6533.99 (f31af5097d90..., userDataDir: C:\Users\Balaji\AppData\Loc...}, fedcm:accounts: true, goog:chromeOptions: {debuggerAddress: localhost:49969}, networkConnectionEnabled: false, pageLoadStrategy: normal, platformName: windows, proxy: Proxy(), se:cdp: ws://localhost:49969/devtoo..., se:cdpVersion: 127.0.6533.90, setWindowRect: true, strictFileInteractability: false, timeouts: {implicit: 0, pageLoad: 300000, script: 30000}, unhandledPromptBehavior: dismiss and notify, webauthn:extension:credBlob: true, webauthn:extension:largeBlob: true, webauthn:extension:minPinLength: true, webauthn:extension:prf: true, webauthn:virtualAuthenticators: true}
Session ID: d8ba1b499a2fc8d9ca669b73d7f1d7ff
at com.hanapos.cashandcarrytest.Hana_T33_Purchase_Product_With_Coupon_FT.Validate_Hana_T33_Purchase_Product_With_Coupon_Test(Hana_T33_Purchase_Product_With_Coupon_FT.java:179)
at java.base/java.util.concurrent.Executors$RunnableAdapter.call(Executors.java:572)
at java.base/java.util.concurrent.FutureTask.run(FutureTask.java:317)
at java.base/java.util.concurrent.ThreadPoolExecutor.runWorker(ThreadPoolExecutor.java:1144)
at java.base/java.util.concurrent.ThreadPoolExecutor$Worker.run(ThreadPoolExecutor.java:642)
at java.base/java.lang.Thread.run(Thread.java:1583)
... Removed 12 stack frames]]>
    </failure>
  </testcase> <!-- Validate_Hana_T33_Purchase_Product_With_Coupon_Test -->
  <testcase classname="com.hanapos.cashandcarrytest.Hana_T69_Add_Product_Without_Customer_FT" name="Validate_Hana_T69_Add_Product_Without_Customer_Test" time="176.216">
    <failure type="java.lang.AssertionError" message="An exception occurred: no such element: Unable to locate element: {&amp;quot;method&amp;quot;:&amp;quot;xpath&amp;quot;,&amp;quot;selector&amp;quot;:&amp;quot;//tr[@id=&amp;apos;Row_1&amp;apos;]&amp;quot;}
  (Session info: chrome=127.0.6533.90)
For documentation on this error, please visit: https://www.selenium.dev/documentation/webdriver/troubleshooting/errors#no-such-element-exception
Build info: version: &amp;apos;4.22.0&amp;apos;, revision: &amp;apos;c5f3146703*&amp;apos;
System info: os.name: &amp;apos;Windows 11&amp;apos;, os.arch: &amp;apos;amd64&amp;apos;, os.version: &amp;apos;10.0&amp;apos;, java.version: &amp;apos;21.0.2&amp;apos;
Driver info: org.openqa.selenium.chrome.ChromeDriver
Command: [ffa7ea5e0fd744efdc79c8f0a958594b, findElement {using=xpath, value=//tr[@id=&amp;apos;Row_1&amp;apos;]}]
Capabilities {acceptInsecureCerts: false, browserName: chrome, browserVersion: 127.0.6533.90, chrome: {chromedriverVersion: 127.0.6533.99 (f31af5097d90..., userDataDir: C:\Users\Balaji\AppData\Loc...}, fedcm:accounts: true, goog:chromeOptions: {debuggerAddress: localhost:49754}, networkConnectionEnabled: false, pageLoadStrategy: normal, platformName: windows, proxy: Proxy(), se:cdp: ws://localhost:49754/devtoo..., se:cdpVersion: 127.0.6533.90, setWindowRect: true, strictFileInteractability: false, timeouts: {implicit: 0, pageLoad: 300000, script: 30000}, unhandledPromptBehavior: dismiss and notify, webauthn:extension:credBlob: true, webauthn:extension:largeBlob: true, webauthn:extension:minPinLength: true, webauthn:extension:prf: true, webauthn:virtualAuthenticators: true}
Session ID: ffa7ea5e0fd744efdc79c8f0a958594b">
      <![CDATA[java.lang.AssertionError: An exception occurred: no such element: Unable to locate element: {"method":"xpath","selector":"//tr[@id='Row_1']"}
  (Session info: chrome=127.0.6533.90)
For documentation on this error, please visit: https://www.selenium.dev/documentation/webdriver/troubleshooting/errors#no-such-element-exception
Build info: version: '4.22.0', revision: 'c5f3146703*'
System info: os.name: 'Windows 11', os.arch: 'amd64', os.version: '10.0', java.version: '21.0.2'
Driver info: org.openqa.selenium.chrome.ChromeDriver
Command: [ffa7ea5e0fd744efdc79c8f0a958594b, findElement {using=xpath, value=//tr[@id='Row_1']}]
Capabilities {acceptInsecureCerts: false, browserName: chrome, browserVersion: 127.0.6533.90, chrome: {chromedriverVersion: 127.0.6533.99 (f31af5097d90..., userDataDir: C:\Users\Balaji\AppData\Loc...}, fedcm:accounts: true, goog:chromeOptions: {debuggerAddress: localhost:49754}, networkConnectionEnabled: false, pageLoadStrategy: normal, platformName: windows, proxy: Proxy(), se:cdp: ws://localhost:49754/devtoo..., se:cdpVersion: 127.0.6533.90, setWindowRect: true, strictFileInteractability: false, timeouts: {implicit: 0, pageLoad: 300000, script: 30000}, unhandledPromptBehavior: dismiss and notify, webauthn:extension:credBlob: true, webauthn:extension:largeBlob: true, webauthn:extension:minPinLength: true, webauthn:extension:prf: true, webauthn:virtualAuthenticators: true}
Session ID: ffa7ea5e0fd744efdc79c8f0a958594b
at com.hanapos.cashandcarrytest.Hana_T69_Add_Product_Without_Customer_FT.Validate_Hana_T69_Add_Product_Without_Customer_Test(Hana_T69_Add_Product_Without_Customer_FT.java:179)
at java.base/java.util.concurrent.Executors$RunnableAdapter.call(Executors.java:572)
at java.base/java.util.concurrent.FutureTask.run(FutureTask.java:317)
at java.base/java.util.concurrent.ThreadPoolExecutor.runWorker(ThreadPoolExecutor.java:1144)
at java.base/java.util.concurrent.ThreadPoolExecutor$Worker.run(ThreadPoolExecutor.java:642)
at java.base/java.lang.Thread.run(Thread.java:1583)
... Removed 12 stack frames]]>
    </failure>
  </testcase> <!-- Validate_Hana_T69_Add_Product_Without_Customer_Test -->
  <testcase classname="com.hanapos.cashandcarrytest.Hana_T79_Add_Product_With_Existing_Customer_FT" name="Validate_Hana_T79_Add_Product_With_Existing_Customer_Test" time="130.512">
    <failure type="java.lang.AssertionError" message="no such element: Unable to locate element: {&amp;quot;method&amp;quot;:&amp;quot;xpath&amp;quot;,&amp;quot;selector&amp;quot;:&amp;quot;//a[@class=&amp;apos;li_Hana navbar-brand&amp;apos;]&amp;quot;}
  (Session info: chrome=127.0.6533.90)
For documentation on this error, please visit: https://www.selenium.dev/documentation/webdriver/troubleshooting/errors#no-such-element-exception
Build info: version: &amp;apos;4.22.0&amp;apos;, revision: &amp;apos;c5f3146703*&amp;apos;
System info: os.name: &amp;apos;Windows 11&amp;apos;, os.arch: &amp;apos;amd64&amp;apos;, os.version: &amp;apos;10.0&amp;apos;, java.version: &amp;apos;21.0.2&amp;apos;
Driver info: org.openqa.selenium.chrome.ChromeDriver
Command: [7938196a88283c06d3731108ed1b23fe, findElement {using=xpath, value=//a[@class=&amp;apos;li_Hana navbar-brand&amp;apos;]}]
Capabilities {acceptInsecureCerts: false, browserName: chrome, browserVersion: 127.0.6533.90, chrome: {chromedriverVersion: 127.0.6533.99 (f31af5097d90..., userDataDir: C:\Users\Balaji\AppData\Loc...}, fedcm:accounts: true, goog:chromeOptions: {debuggerAddress: localhost:49896}, networkConnectionEnabled: false, pageLoadStrategy: normal, platformName: windows, proxy: Proxy(), se:cdp: ws://localhost:49896/devtoo..., se:cdpVersion: 127.0.6533.90, setWindowRect: true, strictFileInteractability: false, timeouts: {implicit: 0, pageLoad: 300000, script: 30000}, unhandledPromptBehavior: dismiss and notify, webauthn:extension:credBlob: true, webauthn:extension:largeBlob: true, webauthn:extension:minPinLength: true, webauthn:extension:prf: true, webauthn:virtualAuthenticators: true}
Session ID: 7938196a88283c06d3731108ed1b23fe">
      <![CDATA[java.lang.AssertionError: no such element: Unable to locate element: {"method":"xpath","selector":"//a[@class='li_Hana navbar-brand']"}
  (Session info: chrome=127.0.6533.90)
For documentation on this error, please visit: https://www.selenium.dev/documentation/webdriver/troubleshooting/errors#no-such-element-exception
Build info: version: '4.22.0', revision: 'c5f3146703*'
System info: os.name: 'Windows 11', os.arch: 'amd64', os.version: '10.0', java.version: '21.0.2'
Driver info: org.openqa.selenium.chrome.ChromeDriver
Command: [7938196a88283c06d3731108ed1b23fe, findElement {using=xpath, value=//a[@class='li_Hana navbar-brand']}]
Capabilities {acceptInsecureCerts: false, browserName: chrome, browserVersion: 127.0.6533.90, chrome: {chromedriverVersion: 127.0.6533.99 (f31af5097d90..., userDataDir: C:\Users\Balaji\AppData\Loc...}, fedcm:accounts: true, goog:chromeOptions: {debuggerAddress: localhost:49896}, networkConnectionEnabled: false, pageLoadStrategy: normal, platformName: windows, proxy: Proxy(), se:cdp: ws://localhost:49896/devtoo..., se:cdpVersion: 127.0.6533.90, setWindowRect: true, strictFileInteractability: false, timeouts: {implicit: 0, pageLoad: 300000, script: 30000}, unhandledPromptBehavior: dismiss and notify, webauthn:extension:credBlob: true, webauthn:extension:largeBlob: true, webauthn:extension:minPinLength: true, webauthn:extension:prf: true, webauthn:virtualAuthenticators: true}
Session ID: 7938196a88283c06d3731108ed1b23fe
at com.hanapos.cashandcarrytest.Hana_T79_Add_Product_With_Existing_Customer_FT.Validate_Hana_T79_Add_Product_With_Existing_Customer_Test(Hana_T79_Add_Product_With_Existing_Customer_FT.java:182)
at java.base/java.util.concurrent.Executors$RunnableAdapter.call(Executors.java:572)
at java.base/java.util.concurrent.FutureTask.run(FutureTask.java:317)
at java.base/java.util.concurrent.ThreadPoolExecutor.runWorker(ThreadPoolExecutor.java:1144)
at java.base/java.util.concurrent.ThreadPoolExecutor$Worker.run(ThreadPoolExecutor.java:642)
at java.base/java.lang.Thread.run(Thread.java:1583)
... Removed 12 stack frames]]>
    </failure>
  </testcase> <!-- Validate_Hana_T79_Add_Product_With_Existing_Customer_Test -->
  <testcase classname="com.hanapos.cashandcarrytest.Hana_T65_Payment_Add_New_Customer_FT" name="Validate_Hana_T65_Payments_Add_New_Customer_Test" time="330.896">
    <failure type="java.lang.AssertionError" message="The following asserts failed:
	Test Step - 24 - New Customer added successfully toast message text is not matched expected [New Customer added successfully] but found [Order payment done successfully],
	expected [true] but found [false],
	customer type on delivery popup is not matched expected [(New Customer)] but found [(Repeat Customer)],
	customer and company name on delivery popup is not matched expected [Test Automation pvt ltd | Test Automation] but found [Hana_Sisterchicks | Abish David],
	customer address on delivery popup is not matched expected [Test Automation Address, India QA Test Automation, Cbe, Tn, India] but found [3402 Park Blvd],
	customer phone number on delivery popup is not matched expected [919-293-9495 /] but found [956-655-0756 /],
	City, State &amp;amp; Zipcode on customer table is not matched expected [Coimbatore Tamilnadu 641004] but found [Coimabtore Tamilnadu 641004],
	Customer details pop up is not displayed expected [true] but found [false],
	expected [Test Automation pvt ltd ] but found [],
	Added credit card field is not displayed expected [100] but found [0]">
      <![CDATA[java.lang.AssertionError: The following asserts failed:
Test Step - 24 - New Customer added successfully toast message text is not matched expected [New Customer added successfully] but found [Order payment done successfully],
expected [true] but found [false],
customer type on delivery popup is not matched expected [(New Customer)] but found [(Repeat Customer)],
customer and company name on delivery popup is not matched expected [Test Automation pvt ltd | Test Automation] but found [Hana_Sisterchicks | Abish David],
customer address on delivery popup is not matched expected [Test Automation Address, India QA Test Automation, Cbe, Tn, India] but found [3402 Park Blvd],
customer phone number on delivery popup is not matched expected [919-293-9495 /] but found [956-655-0756 /],
City, State & Zipcode on customer table is not matched expected [Coimbatore Tamilnadu 641004] but found [Coimabtore Tamilnadu 641004],
Customer details pop up is not displayed expected [true] but found [false],
expected [Test Automation pvt ltd ] but found [],
Added credit card field is not displayed expected [100] but found [0]
at com.hanapos.cashandcarrytest.Hana_T65_Payment_Add_New_Customer_FT.Validate_Hana_T65_Payments_Add_New_Customer_Test(Hana_T65_Payment_Add_New_Customer_FT.java:459)
at java.base/java.util.concurrent.Executors$RunnableAdapter.call(Executors.java:572)
at java.base/java.util.concurrent.FutureTask.run(FutureTask.java:317)
at java.base/java.util.concurrent.ThreadPoolExecutor.runWorker(ThreadPoolExecutor.java:1144)
at java.base/java.util.concurrent.ThreadPoolExecutor$Worker.run(ThreadPoolExecutor.java:642)
at java.base/java.lang.Thread.run(Thread.java:1583)
... Removed 13 stack frames]]>
    </failure>
  </testcase> <!-- Validate_Hana_T65_Payments_Add_New_Customer_Test -->
  <testcase classname="com.hanapos.seleniumProjectBase.TestBaseClass" name="@BeforeSuite loadConfig" time="0.0">
    <ignored/>
  </testcase> <!-- @BeforeSuite loadConfig -->
  <testcase classname="com.hanapos.cashandcarrytest.Hana_T46_Payments_CreditCard_SwipeCard_FT" name="Validate_Hana_T46_Payments_CreditCard_SwipeCard_Test" time="0.0">
    <ignored/>
  </testcase> <!-- Validate_Hana_T46_Payments_CreditCard_SwipeCard_Test -->
  <testcase classname="com.hanapos.cashandcarrytest.Hana_T78_Reconcile_FT" name="Validate_Hana_T78_Reconcile_Test" time="0.0">
    <ignored/>
  </testcase> <!-- Validate_Hana_T78_Reconcile_Test -->
  <testcase classname="com.hanapos.seleniumProjectBase.TestBaseClass" name="@BeforeSuite loadConfig" time="0.0">
    <ignored/>
  </testcase> <!-- @BeforeSuite loadConfig -->
  <testcase classname="com.hanapos.cashandcarrytest.Hana_T86_WalkinsSetting_CashRegistery_Merchant_Copy_Checked_FT" name="Validate_Hana_T86_WalkinsSetting_CashRegistery_Merchant_Copy_Checked_FT" time="0.0">
    <ignored/>
  </testcase> <!-- Validate_Hana_T86_WalkinsSetting_CashRegistery_Merchant_Copy_Checked_FT -->
  <testcase classname="com.hanapos.seleniumProjectBase.TestBaseClass" name="@BeforeSuite loadConfig" time="0.0">
    <ignored/>
  </testcase> <!-- @BeforeSuite loadConfig -->
  <testcase classname="com.hanapos.seleniumProjectBase.TestBaseClass" name="@BeforeSuite loadConfig" time="0.0">
    <ignored/>
  </testcase> <!-- @BeforeSuite loadConfig -->
  <testcase classname="com.hanapos.cashandcarrytest.Hana_T20_OrderConfirmationEmail_FT" name="Validate_Hana_T20_OrderConfirmationEmail_Test" time="0.0">
    <ignored/>
  </testcase> <!-- Validate_Hana_T20_OrderConfirmationEmail_Test -->
  <testcase classname="com.hanapos.seleniumProjectBase.TestBaseClass" name="@BeforeSuite loadConfig" time="0.0">
    <ignored/>
  </testcase> <!-- @BeforeSuite loadConfig -->
  <testcase classname="com.hanapos.cashandcarrytest.Hana_T12_WalkinsSetting_CashRegistery_Customer_Copy_Without_Customer_Copy_Notes_FT" name="Validate_Hana_T12_WalkinsSetting_CashRegistery_Customer_Copy_without_Customer_Copy_Notes_FT" time="0.0">
    <ignored/>
  </testcase> <!-- Validate_Hana_T12_WalkinsSetting_CashRegistery_Customer_Copy_without_Customer_Copy_Notes_FT -->
  <testcase classname="com.hanapos.cashandcarrytest.Hana_T08_WalkingSettings_DeleteCashRegister_FT" name="Validate_Hana_T08_WalkingSetting_Delete_CashRegister_Test" time="0.0">
    <ignored/>
  </testcase> <!-- Validate_Hana_T08_WalkingSetting_Delete_CashRegister_Test -->
  <testcase classname="com.hanapos.cashandcarrytest.Hana_T88_WalkinsSetting_CashRegistery_Customer_Copy_Checked_FT" name="Validate_Hana_T88_CashRegistery_Customer_Copy_Checked_FT" time="0.0">
    <ignored/>
  </testcase> <!-- Validate_Hana_T88_CashRegistery_Customer_Copy_Checked_FT -->
  <testcase classname="com.hanapos.seleniumProjectBase.TestBaseClass" name="@BeforeSuite loadConfig" time="0.0">
    <ignored/>
  </testcase> <!-- @BeforeSuite loadConfig -->
  <testcase classname="com.hanapos.cashandcarrytest.Hana_T35_CashAndCarry_Switching_Between_Shops_FT" name="Validate_Hana_T35_CashAndCarry_Switching_Between_Shops_Test" time="0.0">
    <ignored/>
  </testcase> <!-- Validate_Hana_T35_CashAndCarry_Switching_Between_Shops_Test -->
  <testcase classname="com.hanapos.seleniumProjectBase.TestBaseClass" name="@BeforeSuite loadConfig" time="0.0">
    <ignored/>
  </testcase> <!-- @BeforeSuite loadConfig -->
  <testcase classname="com.hanapos.cashandcarrytest.Hana_T25_ChooseDefaultvalues_OrderEntryAliasPhoneOrder_FT" name="Validate_Hana_T25_Choose_Default_Values_OrderEntryAliasPhoneOrderPage_Test" time="0.0">
    <ignored/>
  </testcase> <!-- Validate_Hana_T25_Choose_Default_Values_OrderEntryAliasPhoneOrderPage_Test -->
  <testcase classname="com.hanapos.seleniumProjectBase.TestBaseClass" name="@BeforeSuite loadConfig" time="0.0">
    <ignored/>
  </testcase> <!-- @BeforeSuite loadConfig -->
  <testcase classname="com.hanapos.seleniumProjectBase.TestBaseClass" name="@BeforeSuite loadConfig" time="0.0">
    <ignored/>
  </testcase> <!-- @BeforeSuite loadConfig -->
  <testcase classname="com.hanapos.seleniumProjectBase.TestBaseClass" name="@BeforeSuite loadConfig" time="0.0">
    <ignored/>
  </testcase> <!-- @BeforeSuite loadConfig -->
  <testcase classname="com.hanapos.seleniumProjectBase.TestBaseClass" name="@BeforeSuite loadConfig" time="0.0">
    <ignored/>
  </testcase> <!-- @BeforeSuite loadConfig -->
  <testcase classname="com.hanapos.seleniumProjectBase.TestBaseClass" name="@BeforeSuite loadConfig" time="0.0">
    <ignored/>
  </testcase> <!-- @BeforeSuite loadConfig -->
  <testcase classname="com.hanapos.cashandcarrytest.Hana_T10_WalkinsSetting_CashRegistery_Merchant_Copy_Without_Merchant_Copy_Notes_FT" name="Validate_Hana_T10_WalkinsSetting_CashRegistery_Merchant_Copy_without_Merchant_Copy_Notes_FT" time="0.0">
    <ignored/>
  </testcase> <!-- Validate_Hana_T10_WalkinsSetting_CashRegistery_Merchant_Copy_without_Merchant_Copy_Notes_FT -->
  <testcase classname="com.hanapos.seleniumProjectBase.TestBaseClass" name="@BeforeSuite loadConfig" time="0.0">
    <ignored/>
  </testcase> <!-- @BeforeSuite loadConfig -->
  <testcase classname="com.hanapos.seleniumProjectBase.TestBaseClass" name="@BeforeSuite loadConfig" time="0.0">
    <ignored/>
  </testcase> <!-- @BeforeSuite loadConfig -->
  <testcase classname="com.hanapos.cashandcarrytest.Hana_T49_Payments_CreditCard_Validation" name="Validate_Hana_T49_Payments_CreditCard_Validation_Test" time="0.0">
    <ignored/>
  </testcase> <!-- Validate_Hana_T49_Payments_CreditCard_Validation_Test -->
  <testcase classname="com.hanapos.seleniumProjectBase.TestBaseClass" name="@BeforeSuite loadConfig" time="0.0">
    <ignored/>
  </testcase> <!-- @BeforeSuite loadConfig -->
  <testcase classname="com.hanapos.seleniumProjectBase.TestBaseClass" name="@BeforeSuite loadConfig" time="0.0">
    <ignored/>
  </testcase> <!-- @BeforeSuite loadConfig -->
  <testcase classname="com.hanapos.seleniumProjectBase.TestBaseClass" name="@BeforeSuite loadConfig" time="0.0">
    <ignored/>
  </testcase> <!-- @BeforeSuite loadConfig -->
  <testcase classname="com.hanapos.cashandcarrytest.Hana_T72_Open_Drawer_FT" name="Validate_Hana_T72_Open_Drawer_Test" time="0.0">
    <ignored/>
  </testcase> <!-- Validate_Hana_T72_Open_Drawer_Test -->
  <testcase classname="com.hanapos.seleniumProjectBase.TestBaseClass" name="@BeforeSuite loadConfig" time="0.0">
    <ignored/>
  </testcase> <!-- @BeforeSuite loadConfig -->
  <testcase classname="com.hanapos.seleniumProjectBase.TestBaseClass" name="@BeforeSuite loadConfig" time="0.0">
    <ignored/>
  </testcase> <!-- @BeforeSuite loadConfig -->
  <testcase classname="com.hanapos.seleniumProjectBase.TestBaseClass" name="@BeforeSuite loadConfig" time="0.0">
    <ignored/>
  </testcase> <!-- @BeforeSuite loadConfig -->
  <testcase classname="com.hanapos.cashandcarrytest.Hana_T09_WalkinsSetting_CashRegistery_Merchant_Copy_with_Merchant_Copy_Notes_FT" name="Validate_Hana_T09_WalkinsSetting_CashRegistery_Merchant_Copy_with_Merchant_Copy_Notes_FT" time="0.0">
    <ignored/>
  </testcase> <!-- Validate_Hana_T09_WalkinsSetting_CashRegistery_Merchant_Copy_with_Merchant_Copy_Notes_FT -->
  <testcase classname="com.hanapos.seleniumProjectBase.TestBaseClass" name="@BeforeSuite loadConfig" time="0.0">
    <ignored/>
  </testcase> <!-- @BeforeSuite loadConfig -->
  <testcase classname="com.hanapos.seleniumProjectBase.TestBaseClass" name="@BeforeSuite loadConfig" time="0.0">
    <ignored/>
  </testcase> <!-- @BeforeSuite loadConfig -->
  <testcase classname="com.hanapos.seleniumProjectBase.TestBaseClass" name="@BeforeSuite loadConfig" time="0.0">
    <ignored/>
  </testcase> <!-- @BeforeSuite loadConfig -->
  <testcase classname="com.hanapos.seleniumProjectBase.TestBaseClass" name="@BeforeSuite loadConfig" time="0.0">
    <ignored/>
  </testcase> <!-- @BeforeSuite loadConfig -->
  <testcase classname="com.hanapos.seleniumProjectBase.TestBaseClass" name="@BeforeSuite loadConfig" time="0.0">
    <ignored/>
  </testcase> <!-- @BeforeSuite loadConfig -->
  <testcase classname="com.hanapos.cashandcarrytest.Hana_T05_WalkingSettings_AddNewPopup_UI_Test" name="Validate_Hana_T05_WalkingSetting_AddNewBtn_UIElement_Test" time="0.0">
    <ignored/>
  </testcase> <!-- Validate_Hana_T05_WalkingSetting_AddNewBtn_UIElement_Test -->
  <testcase classname="com.hanapos.seleniumProjectBase.TestBaseClass" name="@BeforeSuite loadConfig" time="0.0">
    <ignored/>
  </testcase> <!-- @BeforeSuite loadConfig -->
  <testcase classname="com.hanapos.seleniumProjectBase.TestBaseClass" name="@BeforeSuite loadConfig" time="0.0">
    <ignored/>
  </testcase> <!-- @BeforeSuite loadConfig -->
  <testcase classname="com.hanapos.seleniumProjectBase.TestBaseClass" name="@BeforeSuite loadConfig" time="0.0">
    <ignored/>
  </testcase> <!-- @BeforeSuite loadConfig -->
  <testcase classname="com.hanapos.seleniumProjectBase.TestBaseClass" name="@BeforeSuite loadConfig" time="0.0">
    <ignored/>
  </testcase> <!-- @BeforeSuite loadConfig -->
  <testcase classname="com.hanapos.seleniumProjectBase.TestBaseClass" name="@BeforeSuite loadConfig" time="0.0">
    <ignored/>
  </testcase> <!-- @BeforeSuite loadConfig -->
  <testcase classname="com.hanapos.seleniumProjectBase.TestBaseClass" name="@BeforeSuite loadConfig" time="0.0">
    <ignored/>
  </testcase> <!-- @BeforeSuite loadConfig -->
  <testcase classname="com.hanapos.seleniumProjectBase.TestBaseClass" name="@BeforeSuite loadConfig" time="0.0">
    <ignored/>
  </testcase> <!-- @BeforeSuite loadConfig -->
  <testcase classname="com.hanapos.cashandcarrytest.Hana_T06_WalkingSettings_AddNewCashRegister_FT" name="Validate_Hana_T06_WalkingSetting_AddNew_CashRegister_Test" time="0.0">
    <ignored/>
  </testcase> <!-- Validate_Hana_T06_WalkingSetting_AddNew_CashRegister_Test -->
  <testcase classname="com.hanapos.seleniumProjectBase.TestBaseClass" name="@BeforeSuite loadConfig" time="0.0">
    <ignored/>
  </testcase> <!-- @BeforeSuite loadConfig -->
  <testcase classname="com.hanapos.seleniumProjectBase.TestBaseClass" name="@BeforeSuite loadConfig" time="0.0">
    <ignored/>
  </testcase> <!-- @BeforeSuite loadConfig -->
  <testcase classname="com.hanapos.cashandcarrytest.Hana_T01_UI_Elements_Test" name="Validate_Hana_T01_CashAndCarryPage_UI_ElementsTest" time="0.0">
    <ignored/>
  </testcase> <!-- Validate_Hana_T01_CashAndCarryPage_UI_ElementsTest -->
  <testcase classname="com.hanapos.cashandcarrytest.Hana_T03_UpdateDiscountOrderLevel_FT" name="Validate_Hana_T03_Update_DiscountOrder_LevelTest" time="0.0">
    <ignored/>
  </testcase> <!-- Validate_Hana_T03_Update_DiscountOrder_LevelTest -->
  <testcase classname="com.hanapos.seleniumProjectBase.TestBaseClass" name="@BeforeSuite loadConfig" time="0.0">
    <ignored/>
  </testcase> <!-- @BeforeSuite loadConfig -->
  <testcase classname="com.hanapos.cashandcarrytest.Hana_T75_Payout_FT" name="Validate_Hana_T75_Payout_Test" time="0.0">
    <ignored/>
  </testcase> <!-- Validate_Hana_T75_Payout_Test -->
  <testcase classname="com.hanapos.cashandcarrytest.Hana_T22_ChooseDefaultvalues_Cash_and_Carry_FT" name="Validate_Hana_T22_Choose_Default_Values_Page_Test" time="0.0">
    <ignored/>
  </testcase> <!-- Validate_Hana_T22_Choose_Default_Values_Page_Test -->
  <testcase classname="com.hanapos.seleniumProjectBase.TestBaseClass" name="@BeforeSuite loadConfig" time="0.0">
    <ignored/>
  </testcase> <!-- @BeforeSuite loadConfig -->
  <testcase classname="com.hanapos.seleniumProjectBase.TestBaseClass" name="@BeforeSuite loadConfig" time="0.0">
    <ignored/>
  </testcase> <!-- @BeforeSuite loadConfig -->
  <testcase classname="com.hanapos.cashandcarrytest.Hana_T89_WalkinsSetting_CashRegistery_Customer_Copy_UnChecked_FT" name="Validate_Hana_T89_CashRegistery_Customer_Copy_UnChecked_FT" time="0.0">
    <ignored/>
  </testcase> <!-- Validate_Hana_T89_CashRegistery_Customer_Copy_UnChecked_FT -->
  <testcase classname="com.hanapos.seleniumProjectBase.TestBaseClass" name="@BeforeSuite loadConfig" time="0.0">
    <ignored/>
  </testcase> <!-- @BeforeSuite loadConfig -->
  <testcase classname="com.hanapos.seleniumProjectBase.TestBaseClass" name="@BeforeSuite loadConfig" time="0.0">
    <ignored/>
  </testcase> <!-- @BeforeSuite loadConfig -->
  <testcase classname="com.hanapos.cashandcarrytest.Hana_T63_Payments_GiftCard_Payment_Section_Swipe_Card_FT" name="Validate_Hana_T63_Payments_GiftCard_Payment_Section_Swipe_Card_Test" time="0.0">
    <ignored/>
  </testcase> <!-- Validate_Hana_T63_Payments_GiftCard_Payment_Section_Swipe_Card_Test -->
  <testcase classname="com.hanapos.seleniumProjectBase.TestBaseClass" name="@BeforeSuite loadConfig" time="0.0">
    <ignored/>
  </testcase> <!-- @BeforeSuite loadConfig -->
  <testcase classname="com.hanapos.cashandcarrytest.Hana_T40_Split_Payment_FT" name="Validate_Hana_T40_Split_Payment_Test" time="0.0">
    <ignored/>
  </testcase> <!-- Validate_Hana_T40_Split_Payment_Test -->
  <testcase classname="com.hanapos.seleniumProjectBase.TestBaseClass" name="@BeforeSuite loadConfig" time="0.0">
    <ignored/>
  </testcase> <!-- @BeforeSuite loadConfig -->
  <testcase classname="com.hanapos.cashandcarrytest.Hana_T70_Sales_History_FT" name="Validate_Hana_T70_Sales_History_Test" time="0.0">
    <ignored/>
  </testcase> <!-- Validate_Hana_T70_Sales_History_Test -->
  <testcase classname="com.hanapos.seleniumProjectBase.TestBaseClass" name="@BeforeSuite loadConfig" time="0.0">
    <ignored/>
  </testcase> <!-- @BeforeSuite loadConfig -->
  <testcase classname="com.hanapos.seleniumProjectBase.TestBaseClass" name="@BeforeSuite loadConfig" time="0.0">
    <ignored/>
  </testcase> <!-- @BeforeSuite loadConfig -->
  <testcase classname="com.hanapos.cashandcarrytest.Hana_T07_WalkingSettings_EditCashRegister_FT" name="Validate_Hana_T07_WalkingSetting_Edit_CashRegister_Test" time="0.0">
    <ignored/>
  </testcase> <!-- Validate_Hana_T07_WalkingSetting_Edit_CashRegister_Test -->
  <testcase classname="com.hanapos.cashandcarrytest.Hana_T11_WalkinsSetting_CashRegistery_Customer_Copy_With_Customer_Copy_Notes_FT" name="Validate_Hana_T11_WalkinsSetting_CashRegistery_Customer_Copy_with_Customer_Copy_Notes_FT" time="0.0">
    <ignored/>
  </testcase> <!-- Validate_Hana_T11_WalkinsSetting_CashRegistery_Customer_Copy_with_Customer_Copy_Notes_FT -->
  <testcase classname="com.hanapos.cashandcarrytest.Hana_T32_GiftCardSalepopup_Edit_Gift_Card_Denominations_Edit_FT" name="Validate_Hana_T32_GiftCardSalesPopup_EditGiftCardDenomination_AddFunctionality_Test" time="0.0">
    <ignored/>
  </testcase> <!-- Validate_Hana_T32_GiftCardSalesPopup_EditGiftCardDenomination_AddFunctionality_Test -->
  <testcase classname="com.hanapos.seleniumProjectBase.TestBaseClass" name="@BeforeSuite loadConfig" time="0.0">
    <ignored/>
  </testcase> <!-- @BeforeSuite loadConfig -->
  <testcase classname="com.hanapos.cashandcarrytest.Hana_T48_Payments_CreditCard_Manually_Entering_CreditCard_Details_ExistingCard_Functionality_FT" name="Validate_Hana_T48_Payments_CreditCard_Manually_Entering_CreditCard_Details_ExistingCard_Functionality_Test" time="0.0">
    <ignored/>
  </testcase> <!-- Validate_Hana_T48_Payments_CreditCard_Manually_Entering_CreditCard_Details_ExistingCard_Functionality_Test -->
  <testcase classname="com.hanapos.cashandcarrytest.Hana_T02_AddProductWithDiscount_FT" name="Validate_Hana_T02_Add_Product_With_Discount_Test" time="0.0">
    <ignored/>
  </testcase> <!-- Validate_Hana_T02_Add_Product_With_Discount_Test -->
  <testcase classname="com.hanapos.cashandcarrytest.Hana_T04_WalkingSettings_UI_Test" name="Validate_Hana_T04_WalkingSetting_UIElement_Test" time="0.0">
    <ignored/>
  </testcase> <!-- Validate_Hana_T04_WalkingSetting_UIElement_Test -->
  <testcase classname="com.hanapos.seleniumProjectBase.TestBaseClass" name="@BeforeSuite loadConfig" time="0.0">
    <ignored/>
  </testcase> <!-- @BeforeSuite loadConfig -->
  <testcase classname="com.hanapos.seleniumProjectBase.TestBaseClass" name="@BeforeSuite loadConfig" time="0.0">
    <ignored/>
  </testcase> <!-- @BeforeSuite loadConfig -->
  <testcase classname="com.hanapos.seleniumProjectBase.TestBaseClass" name="@BeforeSuite loadConfig" time="0.0">
    <ignored/>
  </testcase> <!-- @BeforeSuite loadConfig -->
  <testcase classname="com.hanapos.seleniumProjectBase.TestBaseClass" name="@BeforeSuite loadConfig" time="0.0">
    <ignored/>
  </testcase> <!-- @BeforeSuite loadConfig -->
  <testcase classname="com.hanapos.cashandcarrytest.Hana_T42_Payment_Convert_Delivery_FT" name="Validate_Hana_T42_Payment_Convert_Delivery_Test" time="0.0">
    <ignored/>
  </testcase> <!-- Validate_Hana_T42_Payment_Convert_Delivery_Test -->
  <testcase classname="com.hanapos.cashandcarrytest.Hana_T31_GiftCardSalepopup_Edit_Gift_Card_Denominations_Add_FT" name="Validate_Hana_T31_GiftCardSalesPopup_EditGiftCardDenomination_AddFunctionalityTest" time="0.0">
    <ignored/>
  </testcase> <!-- Validate_Hana_T31_GiftCardSalesPopup_EditGiftCardDenomination_AddFunctionalityTest -->
  <testcase classname="com.hanapos.cashandcarrytest.Hana_T87_WalkinsSetting_CashRegistery_Merchant_Copy_UnChecked_FT" name="Validate_Hana_T87_WalkinsSetting_CashRegistery_Merchant_Copy_UnChecked_FT" time="0.0">
    <ignored/>
  </testcase> <!-- Validate_Hana_T87_WalkinsSetting_CashRegistery_Merchant_Copy_UnChecked_FT -->
  <testcase classname="com.hanapos.seleniumProjectBase.TestBaseClass" name="@BeforeSuite loadConfig" time="0.0">
    <ignored/>
  </testcase> <!-- @BeforeSuite loadConfig -->
  <testcase classname="com.hanapos.cashandcarrytest.Hana_T47_Payments_CreditCard_Manually_Entering_CreditCard_Details_AddNewCard_Functionality_FT" name="Validate_Hana_T47_Payments_CreditCard_Manually_Entering_CreditCard_Details_AddNewCard_Test" time="0.0">
    <ignored/>
  </testcase> <!-- Validate_Hana_T47_Payments_CreditCard_Manually_Entering_CreditCard_Details_AddNewCard_Test -->
</testsuite> <!-- CashAndCarryFunctionalTest -->
