<?xml version="1.0" encoding="UTF-8"?>
<!-- Generated by org.testng.reporters.JUnitReportReporter -->
<testsuite hostname="DESKTOP-JEHOL2V" failures="1" tests="1" name="com.hanapos.OrderEntry_Alais_PickUp_PhoneOrderTest.Hana_T133_Pickup_CustomerSection_Edit_Customer_CustomerDetails_OrderDetails_AddressSearchFilter_FT" time="266.560" errors="0" timestamp="2024-08-26T14:12:07 IST" skipped="0">
  <testcase classname="com.hanapos.OrderEntry_Alais_PickUp_PhoneOrderTest.Hana_T133_Pickup_CustomerSection_Edit_Customer_CustomerDetails_OrderDetails_AddressSearchFilter_FT" name="Validate_Hana_T133_Pickup_CustomerSection_Edit_Customer_CustomerDetails_OrderDetails_AddressSearchFilter_Functionality_Test" time="266.560">
    <failure message="Unable to click the element using js click method" type="java.lang.AssertionError">
      <![CDATA[java.lang.AssertionError: Unable to click the element using js click method
at org.testng.Assert.fail(Assert.java:111)
at com.hanapos.seleniumProjectBase.TestBaseClass.jsClick(TestBaseClass.java:358)
at com.hanapos.pageObjects.OrderEntry_Alais_PhoneOrderPage.Click_CustEditIcon(OrderEntry_Alais_PhoneOrderPage.java:2448)
at com.hanapos.OrderEntry_Alais_PickUp_PhoneOrderTest.Hana_T133_Pickup_CustomerSection_Edit_Customer_CustomerDetails_OrderDetails_AddressSearchFilter_FT.Validate_Hana_T133_Pickup_CustomerSection_Edit_Customer_CustomerDetails_OrderDetails_AddressSearchFilter_Functionality_Test(Hana_T133_Pickup_CustomerSection_Edit_Customer_CustomerDetails_OrderDetails_AddressSearchFilter_FT.java:74)
at java.base/jdk.internal.reflect.DirectMethodHandleAccessor.invoke(DirectMethodHandleAccessor.java:103)
at java.base/java.lang.reflect.Method.invoke(Method.java:580)
at org.testng.internal.invokers.MethodInvocationHelper.invokeMethod(MethodInvocationHelper.java:141)
at org.testng.internal.invokers.TestInvoker.invokeMethod(TestInvoker.java:686)
at org.testng.internal.invokers.TestInvoker.invokeTestMethod(TestInvoker.java:230)
at org.testng.internal.invokers.MethodRunner.runInSequence(MethodRunner.java:63)
at org.testng.internal.invokers.TestInvoker$MethodInvocationAgent.invoke(TestInvoker.java:992)
at org.testng.internal.invokers.TestInvoker.invokeTestMethods(TestInvoker.java:203)
at org.testng.internal.invokers.TestMethodWorker.invokeTestMethods(TestMethodWorker.java:154)
at org.testng.internal.invokers.TestMethodWorker.run(TestMethodWorker.java:134)
at java.base/java.util.concurrent.Executors$RunnableAdapter.call(Executors.java:572)
at java.base/java.util.concurrent.FutureTask.run(FutureTask.java:317)
at org.testng.internal.thread.graph.TestNGFutureTask.run(TestNGFutureTask.java:22)
at java.base/java.util.concurrent.ThreadPoolExecutor.runWorker(ThreadPoolExecutor.java:1144)
at java.base/java.util.concurrent.ThreadPoolExecutor$Worker.run(ThreadPoolExecutor.java:642)
at java.base/java.lang.Thread.run(Thread.java:1583)
]]>
    </failure>
  </testcase> <!-- Validate_Hana_T133_Pickup_CustomerSection_Edit_Customer_CustomerDetails_OrderDetails_AddressSearchFilter_Functionality_Test -->
</testsuite> <!-- com.hanapos.OrderEntry_Alais_PickUp_PhoneOrderTest.Hana_T133_Pickup_CustomerSection_Edit_Customer_CustomerDetails_OrderDetails_AddressSearchFilter_FT -->
