<?xml version="1.0" encoding="UTF-8"?>
<!-- Generated by org.testng.reporters.JUnitReportReporter -->
<testsuite hostname="DESKTOP-JEHOL2V" failures="1" tests="1" name="com.hanapos.OrderEntry_Alais_PickUp_PhoneOrderTest.Hana_T110_Pickup_CustomerSection_Edit_Customer_CustomerDetails_UnPaidInvoice_Tax_Search_Filter_FT" time="195.336" errors="0" timestamp="2024-08-26T14:12:07 IST" skipped="0">
  <testcase classname="com.hanapos.OrderEntry_Alais_PickUp_PhoneOrderTest.Hana_T110_Pickup_CustomerSection_Edit_Customer_CustomerDetails_UnPaidInvoice_Tax_Search_Filter_FT" name="Validate_Hana_T110_Pickup_CustomerSection_Edit_Customer_CustomerDetails_UnPaidInvoice_Tax_Search_Filter_Test" time="195.336">
    <failure message="Test case failed due to exception javascript error: {&quot;status&quot;:60,&quot;value&quot;:&quot;https://hanafloralpos3.com/order/index has no size and location&quot;}
  (Session info: chrome=128.0.6613.84)
Build info: version: &#039;4.22.0&#039;, revision: &#039;c5f3146703*&#039;
System info: os.name: &#039;Windows 11&#039;, os.arch: &#039;amd64&#039;, os.version: &#039;10.0&#039;, java.version: &#039;21.0.2&#039;
Driver info: org.openqa.selenium.chrome.ChromeDriver
Command: [f926334045cd4b05dd3829002ee8351a, actions {actions=[org.openqa.selenium.interactions.Sequence@20a1ab73]}]
Capabilities {acceptInsecureCerts: false, browserName: chrome, browserVersion: 128.0.6613.84, chrome: {chromedriverVersion: 128.0.6613.84 (606aa55c7d68..., userDataDir: C:\Users\Balaji\AppData\Loc...}, fedcm:accounts: true, goog:chromeOptions: {debuggerAddress: localhost:59407}, networkConnectionEnabled: false, pageLoadStrategy: normal, platformName: windows, proxy: Proxy(), se:cdp: ws://localhost:59407/devtoo..., se:cdpVersion: 128.0.6613.84, setWindowRect: true, strictFileInteractability: false, timeouts: {implicit: 0, pageLoad: 300000, script: 30000}, unhandledPromptBehavior: dismiss and notify, webauthn:extension:credBlob: true, webauthn:extension:largeBlob: true, webauthn:extension:minPinLength: true, webauthn:extension:prf: true, webauthn:virtualAuthenticators: true}
Session ID: f926334045cd4b05dd3829002ee8351a" type="java.lang.AssertionError">
      <![CDATA[java.lang.AssertionError: Test case failed due to exception javascript error: {"status":60,"value":"https://hanafloralpos3.com/order/index has no size and location"}
  (Session info: chrome=128.0.6613.84)
Build info: version: '4.22.0', revision: 'c5f3146703*'
System info: os.name: 'Windows 11', os.arch: 'amd64', os.version: '10.0', java.version: '21.0.2'
Driver info: org.openqa.selenium.chrome.ChromeDriver
Command: [f926334045cd4b05dd3829002ee8351a, actions {actions=[org.openqa.selenium.interactions.Sequence@20a1ab73]}]
Capabilities {acceptInsecureCerts: false, browserName: chrome, browserVersion: 128.0.6613.84, chrome: {chromedriverVersion: 128.0.6613.84 (606aa55c7d68..., userDataDir: C:\Users\Balaji\AppData\Loc...}, fedcm:accounts: true, goog:chromeOptions: {debuggerAddress: localhost:59407}, networkConnectionEnabled: false, pageLoadStrategy: normal, platformName: windows, proxy: Proxy(), se:cdp: ws://localhost:59407/devtoo..., se:cdpVersion: 128.0.6613.84, setWindowRect: true, strictFileInteractability: false, timeouts: {implicit: 0, pageLoad: 300000, script: 30000}, unhandledPromptBehavior: dismiss and notify, webauthn:extension:credBlob: true, webauthn:extension:largeBlob: true, webauthn:extension:minPinLength: true, webauthn:extension:prf: true, webauthn:virtualAuthenticators: true}
Session ID: f926334045cd4b05dd3829002ee8351a
at org.testng.Assert.fail(Assert.java:111)
at com.hanapos.OrderEntry_Alais_PickUp_PhoneOrderTest.Hana_T110_Pickup_CustomerSection_Edit_Customer_CustomerDetails_UnPaidInvoice_Tax_Search_Filter_FT.Validate_Hana_T110_Pickup_CustomerSection_Edit_Customer_CustomerDetails_UnPaidInvoice_Tax_Search_Filter_Test(Hana_T110_Pickup_CustomerSection_Edit_Customer_CustomerDetails_UnPaidInvoice_Tax_Search_Filter_FT.java:158)
at java.base/jdk.internal.reflect.DirectMethodHandleAccessor.invoke(DirectMethodHandleAccessor.java:103)
at java.base/java.lang.reflect.Method.invoke(Method.java:580)
at org.testng.internal.invokers.MethodInvocationHelper.invokeMethod(MethodInvocationHelper.java:141)
at org.testng.internal.invokers.TestInvoker.invokeMethod(TestInvoker.java:686)
at org.testng.internal.invokers.TestInvoker.invokeTestMethod(TestInvoker.java:230)
at org.testng.internal.invokers.MethodRunner.runInSequence(MethodRunner.java:63)
at org.testng.internal.invokers.TestInvoker$MethodInvocationAgent.invoke(TestInvoker.java:992)
at org.testng.internal.invokers.TestInvoker.invokeTestMethods(TestInvoker.java:203)
at org.testng.internal.invokers.TestMethodWorker.invokeTestMethods(TestMethodWorker.java:154)
at org.testng.internal.invokers.TestMethodWorker.run(TestMethodWorker.java:134)
at java.base/java.util.concurrent.Executors$RunnableAdapter.call(Executors.java:572)
at java.base/java.util.concurrent.FutureTask.run(FutureTask.java:317)
at org.testng.internal.thread.graph.TestNGFutureTask.run(TestNGFutureTask.java:22)
at java.base/java.util.concurrent.ThreadPoolExecutor.runWorker(ThreadPoolExecutor.java:1144)
at java.base/java.util.concurrent.ThreadPoolExecutor$Worker.run(ThreadPoolExecutor.java:642)
at java.base/java.lang.Thread.run(Thread.java:1583)
]]>
    </failure>
  </testcase> <!-- Validate_Hana_T110_Pickup_CustomerSection_Edit_Customer_CustomerDetails_UnPaidInvoice_Tax_Search_Filter_Test -->
</testsuite> <!-- com.hanapos.OrderEntry_Alais_PickUp_PhoneOrderTest.Hana_T110_Pickup_CustomerSection_Edit_Customer_CustomerDetails_UnPaidInvoice_Tax_Search_Filter_FT -->
