<?xml version="1.0" encoding="UTF-8"?>
<!-- Generated by org.testng.reporters.JUnitReportReporter -->
<testsuite hostname="DESKTOP-JEHOL2V" failures="1" tests="1" name="com.hanapos.cashandcarrytest.Hana_T43_Payments_Split_Payment_FT" time="214.239" errors="0" timestamp="2024-08-13T19:38:22 IST" skipped="0">
  <testcase classname="com.hanapos.cashandcarrytest.Hana_T43_Payments_Split_Payment_FT" name="Validate_Hana_T43_Payments_Split_Payment_Test" time="214.239">
    <failure message="The following asserts failed:
	Test Step - 15 - Grand total amount is not calculated correctly expected [$359.47] but found [$356.47],
	***Credit card present toogle button is not displayed***,
	expected [Check] but found [Credit On File],
	cash payment is not displayed expected [Cash] but found [Check],
	expected [Paid Outside Hana] but found [Cash],
	expected [true] but found [false],
	***Credit card present toogle button is not displayed***" type="java.lang.AssertionError">
      <![CDATA[java.lang.AssertionError: The following asserts failed:
Test Step - 15 - Grand total amount is not calculated correctly expected [$359.47] but found [$356.47],
***Credit card present toogle button is not displayed***,
expected [Check] but found [Credit On File],
cash payment is not displayed expected [Cash] but found [Check],
expected [Paid Outside Hana] but found [Cash],
expected [true] but found [false],
***Credit card present toogle button is not displayed***
at org.testng.asserts.SoftAssert.assertAll(SoftAssert.java:46)
at org.testng.asserts.SoftAssert.assertAll(SoftAssert.java:30)
at com.hanapos.cashandcarrytest.Hana_T43_Payments_Split_Payment_FT.Validate_Hana_T43_Payments_Split_Payment_Test(Hana_T43_Payments_Split_Payment_FT.java:473)
at java.base/jdk.internal.reflect.DirectMethodHandleAccessor.invoke(DirectMethodHandleAccessor.java:103)
at java.base/java.lang.reflect.Method.invoke(Method.java:580)
at org.testng.internal.invokers.MethodInvocationHelper.invokeMethod(MethodInvocationHelper.java:141)
at org.testng.internal.invokers.TestInvoker.invokeMethod(TestInvoker.java:686)
at org.testng.internal.invokers.TestInvoker.invokeTestMethod(TestInvoker.java:230)
at org.testng.internal.invokers.MethodRunner.runInSequence(MethodRunner.java:63)
at org.testng.internal.invokers.TestInvoker$MethodInvocationAgent.invoke(TestInvoker.java:992)
at org.testng.internal.invokers.TestInvoker.invokeTestMethods(TestInvoker.java:203)
at org.testng.internal.invokers.TestMethodWorker.invokeTestMethods(TestMethodWorker.java:154)
at org.testng.internal.invokers.TestMethodWorker.run(TestMethodWorker.java:134)
at java.base/java.util.concurrent.Executors$RunnableAdapter.call(Executors.java:572)
at java.base/java.util.concurrent.FutureTask.run(FutureTask.java:317)
at org.testng.internal.thread.graph.TestNGFutureTask.run(TestNGFutureTask.java:22)
at java.base/java.util.concurrent.ThreadPoolExecutor.runWorker(ThreadPoolExecutor.java:1144)
at java.base/java.util.concurrent.ThreadPoolExecutor$Worker.run(ThreadPoolExecutor.java:642)
at java.base/java.lang.Thread.run(Thread.java:1583)
]]>
    </failure>
  </testcase> <!-- Validate_Hana_T43_Payments_Split_Payment_Test -->
</testsuite> <!-- com.hanapos.cashandcarrytest.Hana_T43_Payments_Split_Payment_FT -->
