<?xml version="1.0" encoding="UTF-8"?>
<!-- Generated by org.testng.reporters.JUnitReportReporter -->
<testsuite hostname="DESKTOP-JEHOL2V" failures="1" tests="1" name="com.hanapos.OrderEntry_Alais_WireOut_PhoneOrderTest.Hana_T520_OrderEntryPage_WireOut_Functionality_with_New_customer_FT" time="158.222" errors="0" timestamp="2024-08-22T18:39:52 IST" skipped="0">
  <testcase classname="com.hanapos.OrderEntry_Alais_WireOut_PhoneOrderTest.Hana_T520_OrderEntryPage_WireOut_Functionality_with_New_customer_FT" name="Validate_Hana_T520_OrderEntryPage_WireOut_Functionality_with_New_customer_Functionality_Test" time="158.222">
    <failure message="The following asserts failed:
	Test Step - 19 - Added on first name field are not properly displayed expected [true] but found [false],
	Test Step - 19 - Added on first name field are not properly displayed expected [true] but found [false],
	Test Step - 19 - Added on phone number field are not properly displayed expected [956-655-0756] but found [],
	Test Step - 19 - Added address 1 field is not properly displayed expected [2715 35th Ave] but found []" type="java.lang.AssertionError">
      <![CDATA[java.lang.AssertionError: The following asserts failed:
Test Step - 19 - Added on first name field are not properly displayed expected [true] but found [false],
Test Step - 19 - Added on first name field are not properly displayed expected [true] but found [false],
Test Step - 19 - Added on phone number field are not properly displayed expected [956-655-0756] but found [],
Test Step - 19 - Added address 1 field is not properly displayed expected [2715 35th Ave] but found []
at org.testng.asserts.SoftAssert.assertAll(SoftAssert.java:46)
at org.testng.asserts.SoftAssert.assertAll(SoftAssert.java:30)
at com.hanapos.OrderEntry_Alais_WireOut_PhoneOrderTest.Hana_T520_OrderEntryPage_WireOut_Functionality_with_New_customer_FT.Validate_Hana_T520_OrderEntryPage_WireOut_Functionality_with_New_customer_Functionality_Test(Hana_T520_OrderEntryPage_WireOut_Functionality_with_New_customer_FT.java:246)
at java.base/jdk.internal.reflect.DirectMethodHandleAccessor.invoke(DirectMethodHandleAccessor.java:103)
at java.base/java.lang.reflect.Method.invoke(Method.java:580)
at org.testng.internal.invokers.MethodInvocationHelper.invokeMethod(MethodInvocationHelper.java:141)
at org.testng.internal.invokers.TestInvoker.invokeMethod(TestInvoker.java:686)
at org.testng.internal.invokers.TestInvoker.invokeTestMethod(TestInvoker.java:230)
at org.testng.internal.invokers.MethodRunner.runInSequence(MethodRunner.java:63)
at org.testng.internal.invokers.TestInvoker$MethodInvocationAgent.invoke(TestInvoker.java:992)
at org.testng.internal.invokers.TestInvoker.invokeTestMethods(TestInvoker.java:203)
at org.testng.internal.invokers.TestMethodWorker.invokeTestMethods(TestMethodWorker.java:154)
at org.testng.internal.invokers.TestMethodWorker.run(TestMethodWorker.java:134)
at java.base/java.util.concurrent.Executors$RunnableAdapter.call(Executors.java:572)
at java.base/java.util.concurrent.FutureTask.run(FutureTask.java:317)
at org.testng.internal.thread.graph.TestNGFutureTask.run(TestNGFutureTask.java:22)
at java.base/java.util.concurrent.ThreadPoolExecutor.runWorker(ThreadPoolExecutor.java:1144)
at java.base/java.util.concurrent.ThreadPoolExecutor$Worker.run(ThreadPoolExecutor.java:642)
at java.base/java.lang.Thread.run(Thread.java:1583)
]]>
    </failure>
  </testcase> <!-- Validate_Hana_T520_OrderEntryPage_WireOut_Functionality_with_New_customer_Functionality_Test -->
</testsuite> <!-- com.hanapos.OrderEntry_Alais_WireOut_PhoneOrderTest.Hana_T520_OrderEntryPage_WireOut_Functionality_with_New_customer_FT -->
