<?xml version="1.0" encoding="UTF-8"?>
<!-- Generated by org.testng.reporters.JUnitReportReporter -->
<testsuite hostname="DESKTOP-JEHOL2V" failures="1" tests="1" name="com.hanapos.OrderEntry_Alais_PhoneOrderTest.Hana_T090_Pickup_CustomerSection_AddressLookup_FT" time="56.206" errors="0" timestamp="2024-07-29T14:36:30 IST" skipped="0">
  <testcase classname="com.hanapos.OrderEntry_Alais_PhoneOrderTest.Hana_T090_Pickup_CustomerSection_AddressLookup_FT" name="Validate_Hana_T090_Pickup_CustomerSection_AddressLookup_Test" time="56.206">
    <failure message="The following asserts failed:
	Test Step - 12 - address 1 is not displayed on phone order page expected [Broome St] but found [Broome],
	Test Step - 12 - city is not displayed on phone order page expected [New York] but found [],
	Test Step - 12 - state is not displayed on phone order page expected [NY] but found [],
	Test Step - 12 - address 1 is not displayed on phone order page expected [10 S Main St] but found [10 S Main St Driggs],
	Test Step - 12 - Zipcode is not displayed on phone order page expected [83422] but found [],
	Test Step - 12 - city is not displayed on phone order page expected [Driggs] but found [Calvert],
	Test Step - 12 - state is not displayed on phone order page expected [ID] but found [MD]" type="java.lang.AssertionError">
      <![CDATA[java.lang.AssertionError: The following asserts failed:
Test Step - 12 - address 1 is not displayed on phone order page expected [Broome St] but found [Broome],
Test Step - 12 - city is not displayed on phone order page expected [New York] but found [],
Test Step - 12 - state is not displayed on phone order page expected [NY] but found [],
Test Step - 12 - address 1 is not displayed on phone order page expected [10 S Main St] but found [10 S Main St Driggs],
Test Step - 12 - Zipcode is not displayed on phone order page expected [83422] but found [],
Test Step - 12 - city is not displayed on phone order page expected [Driggs] but found [Calvert],
Test Step - 12 - state is not displayed on phone order page expected [ID] but found [MD]
at org.testng.asserts.SoftAssert.assertAll(SoftAssert.java:46)
at org.testng.asserts.SoftAssert.assertAll(SoftAssert.java:30)
at com.hanapos.OrderEntry_Alais_PhoneOrderTest.Hana_T090_Pickup_CustomerSection_AddressLookup_FT.Validate_Hana_T090_Pickup_CustomerSection_AddressLookup_Test(Hana_T090_Pickup_CustomerSection_AddressLookup_FT.java:109)
at java.base/jdk.internal.reflect.DirectMethodHandleAccessor.invoke(DirectMethodHandleAccessor.java:103)
at java.base/java.lang.reflect.Method.invoke(Method.java:580)
at org.testng.internal.invokers.MethodInvocationHelper.invokeMethod(MethodInvocationHelper.java:141)
at org.testng.internal.invokers.TestInvoker.invokeMethod(TestInvoker.java:686)
at org.testng.internal.invokers.TestInvoker.invokeTestMethod(TestInvoker.java:230)
at org.testng.internal.invokers.MethodRunner.runInSequence(MethodRunner.java:63)
at org.testng.internal.invokers.TestInvoker$MethodInvocationAgent.invoke(TestInvoker.java:992)
at org.testng.internal.invokers.TestInvoker.invokeTestMethods(TestInvoker.java:203)
at org.testng.internal.invokers.TestMethodWorker.invokeTestMethods(TestMethodWorker.java:154)
at org.testng.internal.invokers.TestMethodWorker.run(TestMethodWorker.java:134)
at java.base/java.util.concurrent.Executors$RunnableAdapter.call(Executors.java:572)
at java.base/java.util.concurrent.FutureTask.run(FutureTask.java:317)
at org.testng.internal.thread.graph.TestNGFutureTask.run(TestNGFutureTask.java:22)
at java.base/java.util.concurrent.ThreadPoolExecutor.runWorker(ThreadPoolExecutor.java:1144)
at java.base/java.util.concurrent.ThreadPoolExecutor$Worker.run(ThreadPoolExecutor.java:642)
at java.base/java.lang.Thread.run(Thread.java:1583)
]]>
    </failure>
  </testcase> <!-- Validate_Hana_T090_Pickup_CustomerSection_AddressLookup_Test -->
</testsuite> <!-- com.hanapos.OrderEntry_Alais_PhoneOrderTest.Hana_T090_Pickup_CustomerSection_AddressLookup_FT -->
