<?xml version="1.0" encoding="UTF-8"?>
<!-- Generated by org.testng.reporters.JUnitReportReporter -->
<testsuite hostname="DESKTOP-JEHOL2V" failures="1" tests="1" name="com.hanapos.OrderEntry_Alais_PhoneOrderTest.Hana_T158_Pickup_RecipientSection_SelectOptionMultipleSelect_FT" time="211.772" errors="0" timestamp="2024-08-06T17:30:18 IST" skipped="0">
  <testcase classname="com.hanapos.OrderEntry_Alais_PhoneOrderTest.Hana_T158_Pickup_RecipientSection_SelectOptionMultipleSelect_FT" name="Validate_Hana_T158_Pickup_RecipientSection_SelectOptionMultipleSelect_Functionality_Test" time="211.772">
    <failure message="The following asserts failed:
	Test Step - 23 - Delivery Date Compared with recipient section saved information is not displayed on configuration order entry menu funeral log submenu expected [08/06/2024] but found [08/06/2024          ]" type="java.lang.AssertionError">
      <![CDATA[java.lang.AssertionError: The following asserts failed:
Test Step - 23 - Delivery Date Compared with recipient section saved information is not displayed on configuration order entry menu funeral log submenu expected [08/06/2024] but found [08/06/2024          ]
at org.testng.asserts.SoftAssert.assertAll(SoftAssert.java:46)
at org.testng.asserts.SoftAssert.assertAll(SoftAssert.java:30)
at com.hanapos.OrderEntry_Alais_PhoneOrderTest.Hana_T158_Pickup_RecipientSection_SelectOptionMultipleSelect_FT.Validate_Hana_T158_Pickup_RecipientSection_SelectOptionMultipleSelect_Functionality_Test(Hana_T158_Pickup_RecipientSection_SelectOptionMultipleSelect_FT.java:242)
at java.base/jdk.internal.reflect.DirectMethodHandleAccessor.invoke(DirectMethodHandleAccessor.java:103)
at java.base/java.lang.reflect.Method.invoke(Method.java:580)
at org.testng.internal.invokers.MethodInvocationHelper.invokeMethod(MethodInvocationHelper.java:141)
at org.testng.internal.invokers.TestInvoker.invokeMethod(TestInvoker.java:686)
at org.testng.internal.invokers.TestInvoker.invokeTestMethod(TestInvoker.java:230)
at org.testng.internal.invokers.MethodRunner.runInSequence(MethodRunner.java:63)
at org.testng.internal.invokers.TestInvoker$MethodInvocationAgent.invoke(TestInvoker.java:992)
at org.testng.internal.invokers.TestInvoker.invokeTestMethods(TestInvoker.java:203)
at org.testng.internal.invokers.TestMethodWorker.invokeTestMethods(TestMethodWorker.java:154)
at org.testng.internal.invokers.TestMethodWorker.run(TestMethodWorker.java:134)
at java.base/java.util.ArrayList.forEach(ArrayList.java:1596)
at org.testng.TestRunner.privateRun(TestRunner.java:739)
at org.testng.TestRunner.run(TestRunner.java:614)
at org.testng.SuiteRunner.runTest(SuiteRunner.java:421)
at org.testng.SuiteRunner.runSequentially(SuiteRunner.java:413)
at org.testng.SuiteRunner.privateRun(SuiteRunner.java:373)
at org.testng.SuiteRunner.run(SuiteRunner.java:312)
at org.testng.SuiteRunnerWorker.runSuite(SuiteRunnerWorker.java:52)
at org.testng.SuiteRunnerWorker.run(SuiteRunnerWorker.java:95)
at org.testng.TestNG.runSuitesSequentially(TestNG.java:1274)
at org.testng.TestNG.runSuitesLocally(TestNG.java:1208)
at org.testng.TestNG.runSuites(TestNG.java:1112)
at org.testng.TestNG.run(TestNG.java:1079)
at org.testng.remote.AbstractRemoteTestNG.run(AbstractRemoteTestNG.java:115)
at org.testng.remote.RemoteTestNG.initAndRun(RemoteTestNG.java:293)
at org.testng.remote.RemoteTestNG.main(RemoteTestNG.java:91)
]]>
    </failure>
  </testcase> <!-- Validate_Hana_T158_Pickup_RecipientSection_SelectOptionMultipleSelect_Functionality_Test -->
</testsuite> <!-- com.hanapos.OrderEntry_Alais_PhoneOrderTest.Hana_T158_Pickup_RecipientSection_SelectOptionMultipleSelect_FT -->
