<?xml version="1.0" encoding="UTF-8"?>
<!-- Generated by org.testng.reporters.JUnitReportReporter -->
<testsuite hostname="DESKTOP-JEHOL2V" failures="1" tests="1" name="com.hanapos.OrderEntry_Alais_PickUp_PhoneOrderTest.Hana_T195_OrderEntryPage_Pickup_ProductSection_CreateRecipe_ItemGallery_Functionality" time="229.277" errors="0" timestamp="2024-08-26T14:12:07 IST" skipped="0">
  <testcase classname="com.hanapos.OrderEntry_Alais_PickUp_PhoneOrderTest.Hana_T195_OrderEntryPage_Pickup_ProductSection_CreateRecipe_ItemGallery_Functionality" name="Validate_Hana_T195_OrderEntryPage_Pickup_ProductSection_CreateRecipe_ItemGallery_Functionality_Test" time="229.277">
    <failure message="The following asserts failed:
	Test Step - 7 - First name is not displayed on phone order page expected [Abish] but found [David],
	Test Step - 7 - Last name is not displayed on phone order page expected [David] but found [Abish],
	Test Step - 7 - Company name is not displayed on phone order page expected [Hana_Sisterchicks] but found [Hana_Sister],
	Test Step - 7 - email id is not displayed on phone order page expected [hanaposqateam@gmail.com] but found [hanaposqa@gmail.com],
	Test Step - 7 - address 1 is not displayed on phone order page expected [3402 Park Blvd] but found [3402 Park Blvd 1]" type="java.lang.AssertionError">
      <![CDATA[java.lang.AssertionError: The following asserts failed:
Test Step - 7 - First name is not displayed on phone order page expected [Abish] but found [David],
Test Step - 7 - Last name is not displayed on phone order page expected [David] but found [Abish],
Test Step - 7 - Company name is not displayed on phone order page expected [Hana_Sisterchicks] but found [Hana_Sister],
Test Step - 7 - email id is not displayed on phone order page expected [hanaposqateam@gmail.com] but found [hanaposqa@gmail.com],
Test Step - 7 - address 1 is not displayed on phone order page expected [3402 Park Blvd] but found [3402 Park Blvd 1]
at org.testng.asserts.SoftAssert.assertAll(SoftAssert.java:46)
at org.testng.asserts.SoftAssert.assertAll(SoftAssert.java:30)
at com.hanapos.OrderEntry_Alais_PickUp_PhoneOrderTest.Hana_T195_OrderEntryPage_Pickup_ProductSection_CreateRecipe_ItemGallery_Functionality.Validate_Hana_T195_OrderEntryPage_Pickup_ProductSection_CreateRecipe_ItemGallery_Functionality_Test(Hana_T195_OrderEntryPage_Pickup_ProductSection_CreateRecipe_ItemGallery_Functionality.java:157)
at java.base/jdk.internal.reflect.DirectMethodHandleAccessor.invoke(DirectMethodHandleAccessor.java:103)
at java.base/java.lang.reflect.Method.invoke(Method.java:580)
at org.testng.internal.invokers.MethodInvocationHelper.invokeMethod(MethodInvocationHelper.java:141)
at org.testng.internal.invokers.TestInvoker.invokeMethod(TestInvoker.java:686)
at org.testng.internal.invokers.TestInvoker.invokeTestMethod(TestInvoker.java:230)
at org.testng.internal.invokers.MethodRunner.runInSequence(MethodRunner.java:63)
at org.testng.internal.invokers.TestInvoker$MethodInvocationAgent.invoke(TestInvoker.java:992)
at org.testng.internal.invokers.TestInvoker.invokeTestMethods(TestInvoker.java:203)
at org.testng.internal.invokers.TestMethodWorker.invokeTestMethods(TestMethodWorker.java:154)
at org.testng.internal.invokers.TestMethodWorker.run(TestMethodWorker.java:134)
at java.base/java.util.concurrent.Executors$RunnableAdapter.call(Executors.java:572)
at java.base/java.util.concurrent.FutureTask.run(FutureTask.java:317)
at org.testng.internal.thread.graph.TestNGFutureTask.run(TestNGFutureTask.java:22)
at java.base/java.util.concurrent.ThreadPoolExecutor.runWorker(ThreadPoolExecutor.java:1144)
at java.base/java.util.concurrent.ThreadPoolExecutor$Worker.run(ThreadPoolExecutor.java:642)
at java.base/java.lang.Thread.run(Thread.java:1583)
]]>
    </failure>
  </testcase> <!-- Validate_Hana_T195_OrderEntryPage_Pickup_ProductSection_CreateRecipe_ItemGallery_Functionality_Test -->
</testsuite> <!-- com.hanapos.OrderEntry_Alais_PickUp_PhoneOrderTest.Hana_T195_OrderEntryPage_Pickup_ProductSection_CreateRecipe_ItemGallery_Functionality -->
